#
# A fatal error has been detected by the Java Runtime Environment:
#
#  EXCEPTION_ACCESS_VIOLATION (0xc0000005) at pc=0x0000000062c2d6c0, pid=17864, tid=26628
#
# JRE version: Java(TM) SE Runtime Environment (9.0+11) (build 9.0.4+11)
# Java VM: Java HotSpot(TM) 64-Bit Server VM (9.0.4+11, mixed mode, tiered, compressed oops, g1 gc, windows-amd64)
# Problematic frame:
# V  [jvm.dll+0x22d6c0]
#
# No core dump will be written. Minidumps are not enabled by default on client versions of Windows
#
# If you would like to submit a bug report, please visit:
#   http://bugreport.java.com/bugreport/crash.jsp
#

---------------  S U M M A R Y ------------

Command Line: -Dsun.java2d.pmoffscreen=false -Dsun.java2d.xrender=false -Dsun.java2d.d3d=false -Dsun.awt.nopixfmt=true -Dsun.java2d.dpiaware=true -Dsun.java2d.uiScale.enabled=false -Xverify:none -Dswing.aatext=true -XX:-UsePerfData -Djdk.map.althashing.threshold=512 -XX:StringTableSize=4072 --add-opens=java.base/java.nio=ALL-UNNAMED --add-opens=java.desktop/sun.swing=ALL-UNNAMED --add-opens=java.desktop/javax.swing=ALL-UNNAMED --add-opens=java.desktop/javax.swing.tree=ALL-UNNAMED --add-opens=java.desktop/javax.swing.plaf.basic=ALL-UNNAMED --add-opens=java.desktop/javax.swing.plaf.synth=ALL-UNNAMED --add-opens=java.desktop/com.sun.awt=ALL-UNNAMED -XX:NewSize=60m -XX:MaxNewSize=60m -Xms128m -Xmx3072m -Xss5m 

Host: Intel(R) Core(TM) i5-10300H CPU @ 2.50GHz, 8 cores, 7G,  Windows 10 , 64 bit Build 22000 (10.0.22000.708)
Time: Sun Sep 04 18:50:11 2022 Hora estándar, América Central elapsed time: 1860 seconds (0d 0h 31m 0s)

---------------  T H R E A D  ---------------

Current thread (0x00000217a8327000):  JavaThread "Sweeper thread" daemon [_thread_in_vm, id=26628, stack(0x000000a735b00000,0x000000a736000000)]

Stack: [0x000000a735b00000,0x000000a736000000],  sp=0x000000a735fff410,  free space=5117k
Native frames: (J=compiled Java code, j=interpreted, Vv=VM code, C=native code)
V  [jvm.dll+0x22d6c0]
V  [jvm.dll+0x32cdea]
V  [jvm.dll+0x5670b3]
V  [jvm.dll+0x568011]
V  [jvm.dll+0x639c85]
V  [jvm.dll+0x63a0eb]
V  [jvm.dll+0x639a0e]
V  [jvm.dll+0x63a4c2]
V  [jvm.dll+0x66b44f]
V  [jvm.dll+0x586490]
C  [MSVCR120.dll+0x24f7f]
C  [MSVCR120.dll+0x25126]
C  [KERNEL32.DLL+0x154e0]
C  [ntdll.dll+0x485b]


siginfo: EXCEPTION_ACCESS_VIOLATION (0xc0000005), reading address 0x0000000f00000170


Register to memory mapping:

RIP=0x0000000062c2d6c0 jvm.dll
RAX=0x00000007c04fcc48 is pointing into metadata
RBX=0x0000000f00000170 is an unknown value
RCX=0x000000a735fff480 is pointing into the stack for thread: 0x00000217a8327000
RDX=0x00000217b0013410 is at entry_point+-1072 in (nmethod*)0x00000217b0013410
RSP=0x000000a735fff410 is pointing into the stack for thread: 0x00000217a8327000
RBP=0x0000000000000003 is an unknown value
RSI=0x000000a735fff480 is pointing into the stack for thread: 0x00000217a8327000
RDI=0x00000217b066b310 is at entry_point+-592 in (nmethod*)0x00000217b066b310
R8 =0x00000007c04fcb01 is pointing into metadata
R9 =0x0000000000000001 is an unknown value
R10=0x000002179a0f0000 is an unknown value
R11=0x000000a735fff370 is pointing into the stack for thread: 0x00000217a8327000
R12=0x0000000000000021 is an unknown value
R13=0x0000000000000047 is an unknown value
R14=0x0000000000000001 is an unknown value
R15=0x00000217a8810501 is an unknown value


Registers:
RAX=0x00000007c04fcc48, RBX=0x0000000f00000170, RCX=0x000000a735fff480, RDX=0x00000217b0013410
RSP=0x000000a735fff410, RBP=0x0000000000000003, RSI=0x000000a735fff480, RDI=0x00000217b066b310
R8 =0x00000007c04fcb01, R9 =0x0000000000000001, R10=0x000002179a0f0000, R11=0x000000a735fff370
R12=0x0000000000000021, R13=0x0000000000000047, R14=0x0000000000000001, R15=0x00000217a8810501
RIP=0x0000000062c2d6c0, EFLAGS=0x0000000000010202

Top of Stack: (sp=0x000000a735fff410)
0x000000a735fff410:   00000217b0013840 0000000062f683e8
0x000000a735fff420:   00000217b0015300 000000a735fff480
0x000000a735fff430:   00000217b0015300 00000217b00154f0
0x000000a735fff440:   00000217b0013410 0000000062d2cdea
0x000000a735fff450:   0000000000000003 00000007c04fcb00
0x000000a735fff460:   00000217b0013410 0000000000000000
0x000000a735fff470:   0000000000000000 0000000062f670b3
0x000000a735fff480:   00000007c04fcc48 00000217b0013410
0x000000a735fff490:   00000217b0013410 0000000062cb1e24
0x000000a735fff4a0:   00000217b0013410 0000000000000000
0x000000a735fff4b0:   00000217b0015c68 0000000000000004
0x000000a735fff4c0:   0000000e00000002 00000217a1b8c8c0
0x000000a735fff4d0:   00000217b0013410 0000c638351ef8c0
0x000000a735fff4e0:   00000217b8cf9c20 0000000062f68011
0x000000a735fff4f0:   00000217a8810510 00000217b0010060
0x000000a735fff500:   00000217a8810510 0000000000000008 

Instructions: (pc=0x0000000062c2d6c0)
0x0000000062c2d6a0:   56 48 83 ec 30 48 8b 01 33 ff 45 0f b6 f0 48 8b
0x0000000062c2d6b0:   18 48 8b f1 48 83 e3 fe 74 17 66 0f 1f 44 00 00
0x0000000062c2d6c0:   48 3b 13 74 38 48 8b fb 48 8b 5b 10 48 85 db 75
0x0000000062c2d6d0:   ef 48 8d 0d c0 d1 55 00 ba 9b 00 00 00 e8 4e f9 



---------------  P R O C E S S  ---------------

Java Threads: ( => current thread )
  0x000002183f70c000 JavaThread "Relaunch Simulation" [_thread_in_native, id=21884, stack(0x000000a740700000,0x000000a740c00000)]
  0x000002183f70b000 JavaThread "Swing-Shell" daemon [_thread_blocked, id=16972, stack(0x000000a73f500000,0x000000a73fa00000)]
  0x00000217a1f2a800 JavaThread "SyntheticaAnimation 50" daemon [_thread_blocked, id=25028, stack(0x000000a73e600000,0x000000a73eb00000)]
  0x00000217a1f26000 JavaThread "Monitor File Timestamp Swing Worker" [_thread_blocked, id=24884, stack(0x000000a73f000000,0x000000a73f500000)]
  0x00000217a1f23000 JavaThread "Timer-5" [_thread_blocked, id=16776, stack(0x000000a73eb00000,0x000000a73f000000)]
  0x00000217a1f27000 JavaThread "Monitor File Timestamp Swing Worker" [_thread_blocked, id=28880, stack(0x000000a73e100000,0x000000a73e600000)]
  0x00000217a1f24800 JavaThread "Timer-4" [_thread_blocked, id=26020, stack(0x000000a73dc00000,0x000000a73e100000)]
  0x00000217a1f22800 JavaThread "Monitor File Timestamp Swing Worker" [_thread_blocked, id=25564, stack(0x000000a73c800000,0x000000a73cd00000)]
  0x00000217a1f1f800 JavaThread "Timer-3" [_thread_blocked, id=10864, stack(0x000000a73af00000,0x000000a73b400000)]
  0x00000217a1f1b800 JavaThread "Update Runs Swing Worker" [_thread_blocked, id=29264, stack(0x000000a73ce00000,0x000000a73d300000)]
  0x00000217a1f1d000 JavaThread "Refresh Filesets Swing Worker" [_thread_blocked, id=30116, stack(0x000000a73be00000,0x000000a73c300000)]
  0x00000217a1f21800 JavaThread "SwingWorker-pool-2-thread-1" daemon [_thread_blocked, id=23684, stack(0x000000a73b900000,0x000000a73be00000)]
  0x00000217a1f1e800 JavaThread "Image Animator 3" daemon [_thread_blocked, id=30676, stack(0x000000a73d700000,0x000000a73dc00000)]
  0x00000217a1f21000 JavaThread "SyntheticaAnimation 50" daemon [_thread_blocked, id=18472, stack(0x000000a73c300000,0x000000a73c800000)]
  0x00000217a1f1c800 JavaThread "hw_ila_monitor" [_thread_blocked, id=11040, stack(0x000000a73b400000,0x000000a73b900000)]
  0x00000217a8321800 JavaThread "SyntheticaAnimation 70" daemon [_thread_blocked, id=29624, stack(0x000000a739300000,0x000000a739800000)]
  0x00000217a8323000 JavaThread "SyntheticaAnimation 25" daemon [_thread_blocked, id=10788, stack(0x000000a73aa00000,0x000000a73af00000)]
  0x00000217a8325800 JavaThread "SyntheticaAnimation 50" daemon [_thread_blocked, id=24820, stack(0x000000a73a500000,0x000000a73aa00000)]
  0x00000217a8322800 JavaThread "Monitor HEventQueue" [_thread_blocked, id=28260, stack(0x000000a73a000000,0x000000a73a500000)]
  0x00000217a8324800 JavaThread "SyntheticaCleanerThread" daemon [_thread_blocked, id=25176, stack(0x000000a739800000,0x000000a739d00000)]
  0x00000217a8328800 JavaThread "Batik CleanerThread" daemon [_thread_blocked, id=26652, stack(0x000000a738400000,0x000000a738900000)]
  0x00000217c6103800 JavaThread "AWT-EventQueue-1" [_thread_blocked, id=8072, stack(0x000000a738e00000,0x000000a739300000)]
  0x00000217c6103000 JavaThread "Process Messages" [_thread_blocked, id=19504, stack(0x000000a738900000,0x000000a738e00000)]
  0x00000217c5ae4000 JavaThread "Thread-1" [_thread_in_native, id=12748, stack(0x000000a731700000,0x000000a732b00000)]
  0x00000217c723b000 JavaThread "TimerQueue" daemon [_thread_blocked, id=6720, stack(0x000000a737a00000,0x000000a737f00000)]
  0x00000217a4ffe800 JavaThread "AWT-Windows" daemon [_thread_in_native, id=21188, stack(0x000000a737500000,0x000000a737a00000)]
  0x00000217a4ffd800 JavaThread "AWT-Shutdown" [_thread_blocked, id=30068, stack(0x000000a737000000,0x000000a737500000)]
  0x00000217a215e000 JavaThread "Java2D Disposer" daemon [_thread_blocked, id=16984, stack(0x000000a736b00000,0x000000a737000000)]
  0x00000217a1eba000 JavaThread "Service Thread" daemon [_thread_blocked, id=488, stack(0x000000a736500000,0x000000a736a00000)]
  0x000002179dace000 JavaThread "Common-Cleaner" daemon [_thread_blocked, id=1804, stack(0x000000a736000000,0x000000a736500000)]
=>0x00000217a8327000 JavaThread "Sweeper thread" daemon [_thread_in_vm, id=26628, stack(0x000000a735b00000,0x000000a736000000)]
  0x00000217a831c800 JavaThread "C1 CompilerThread3" daemon [_thread_blocked, id=29740, stack(0x000000a735a00000,0x000000a735b00000)]
  0x00000217a831c000 JavaThread "C2 CompilerThread2" daemon [_thread_blocked, id=26336, stack(0x000000a735900000,0x000000a735a00000)]
  0x00000217a86ff000 JavaThread "C2 CompilerThread1" daemon [_thread_in_vm, id=6984, stack(0x000000a735800000,0x000000a735900000)]
  0x00000217a86fe800 JavaThread "C2 CompilerThread0" daemon [_thread_blocked, id=9112, stack(0x000000a735700000,0x000000a735800000)]
  0x00000217a4249800 JavaThread "Attach Listener" daemon [_thread_blocked, id=27044, stack(0x000000a735200000,0x000000a735700000)]
  0x00000217a832a800 JavaThread "Signal Dispatcher" daemon [_thread_blocked, id=15856, stack(0x000000a734d00000,0x000000a735200000)]
  0x00000217a8329800 JavaThread "Finalizer" daemon [_thread_blocked, id=21292, stack(0x000000a734800000,0x000000a734d00000)]
  0x00000217a1c50000 JavaThread "Reference Handler" daemon [_thread_blocked, id=3012, stack(0x000000a734300000,0x000000a734800000)]
  0x00000217a87a1000 JavaThread "main" [_thread_blocked, id=28240, stack(0x000000a732d00000,0x000000a732e00000)]

Other Threads:
  0x00000217a887d000 VMThread "VM Thread" [stack: 0x000000a734200000,0x000000a734300000] [id=26696]
  0x00000217a1fb5800 WatcherThread [stack: 0x000000a736a00000,0x000000a736b00000] [id=11204]
  0x00000217a8314800 GCTaskThread "GC Thread#0" [stack: 0x000000a732e00000,0x000000a732f00000] [id=29528]
  0x00000217a8317000 GCTaskThread "GC Thread#1" [stack: 0x000000a732f00000,0x000000a733000000] [id=23524]
  0x00000217a8315800 GCTaskThread "GC Thread#2" [stack: 0x000000a733000000,0x000000a733100000] [id=24144]
  0x00000217a8314000 GCTaskThread "GC Thread#3" [stack: 0x000000a733100000,0x000000a733200000] [id=23620]
  0x00000217a8311800 GCTaskThread "GC Thread#4" [stack: 0x000000a733200000,0x000000a733300000] [id=15336]
  0x00000217a8316000 GCTaskThread "GC Thread#5" [stack: 0x000000a733300000,0x000000a733400000] [id=18688]
  0x00000217a8316800 GCTaskThread "GC Thread#6" [stack: 0x000000a733400000,0x000000a733500000] [id=25880]
  0x00000217a8318000 GCTaskThread "GC Thread#7" [stack: 0x000000a733500000,0x000000a733600000] [id=29680]
  0x00000217a1bf5000 ConcurrentGCThread "G1 Main Marker" [stack: 0x000000a733f00000,0x000000a734000000] [id=12300]
  0x00000217a8318800 ConcurrentGCThread "G1 Marker#0" [stack: 0x000000a734000000,0x000000a734100000] [id=2660]
  0x00000217a8312000 ConcurrentGCThread "G1 Marker#1" [stack: 0x000000a734100000,0x000000a734200000] [id=18164]
  0x00000217a8549800 ConcurrentGCThread "G1 Refine#0" [stack: 0x000000a733d00000,0x000000a733e00000] [id=17232]
  0x00000217a4d83000 ConcurrentGCThread "G1 Refine#1" [stack: 0x000000a733c00000,0x000000a733d00000] [id=25016]
  0x00000217a4d82800 ConcurrentGCThread "G1 Refine#2" [stack: 0x000000a733b00000,0x000000a733c00000] [id=18424]
  0x00000217a8752800 ConcurrentGCThread "G1 Refine#3" [stack: 0x000000a733a00000,0x000000a733b00000] [id=20020]
  0x00000217a88c7000 ConcurrentGCThread "G1 Refine#4" [stack: 0x000000a733900000,0x000000a733a00000] [id=14436]
  0x00000217a88c6800 ConcurrentGCThread "G1 Refine#5" [stack: 0x000000a733800000,0x000000a733900000] [id=29788]
  0x00000217a8949800 ConcurrentGCThread "G1 Refine#6" [stack: 0x000000a733700000,0x000000a733800000] [id=19416]
  0x00000217a8118000 ConcurrentGCThread "G1 Refine#7" [stack: 0x000000a733600000,0x000000a733700000] [id=19908]
  0x00000217a87e9000 ConcurrentGCThread "G1 Young RemSet Sampling" [stack: 0x000000a733e00000,0x000000a733f00000] [id=1900]

Threads with active compile tasks:
C2 CompilerThread127678       4       ui.data.o.b.c.a.d::<init> (169 bytes)

VM state:synchronizing (normal execution)

VM Mutex/Monitor currently owned by a thread:  ([mutex/lock_event])
[0x00000217a8810510] CodeCache_lock - owner thread: 0x00000217a8327000
[0x00000217a8811680] Threads_lock - owner thread: 0x00000217a887d000
[0x00000217a8811170] Heap_lock - owner thread: 0x00000217a1bf5000

Heap address: 0x0000000700000000, size: 3072 MB, Compressed Oops mode: Zero based, Oop shift amount: 3
Narrow klass base: 0x0000000000000000, Narrow klass shift: 3
Compressed class space size: 1073741824 Address: 0x00000007c0000000

Heap:
 garbage-first heap   total 248832K, used 131727K [0x0000000700000000, 0x0000000700100798, 0x00000007c0000000)
  region size 1024K, 2 young (2048K), 1 survivors (1024K)
 Metaspace       used 104056K, capacity 111589K, committed 111692K, reserved 1144832K
  class space    used 15180K, capacity 16467K, committed 16512K, reserved 1048576K
Heap Regions: E=young(eden), S=young(survivor), O=old, HS=humongous(starts), HC=humongous(continues), CS=collection set, F=free, A=archive, TS=gc time stamp, AC=allocation context, TAMS=top-at-mark-start (previous, next)
|   0|0x0000000700000000, 0x00000007000f3bd8, 0x0000000700100000| 95%| O|  |TS  0|AC  0|TAMS 0x0000000700000000, 0x00000007000f3bd8|
|   1|0x0000000700100000, 0x0000000700200000, 0x0000000700200000|100%|HS|  |TS  0|AC  0|TAMS 0x0000000700100000, 0x0000000700200000|
|   2|0x0000000700200000, 0x0000000700300000, 0x0000000700300000|100%|HC|  |TS  0|AC  0|TAMS 0x0000000700200000, 0x0000000700300000|
|   3|0x0000000700300000, 0x0000000700400000, 0x0000000700400000|100%|HS|  |TS  0|AC  0|TAMS 0x0000000700300000, 0x0000000700400000|
|   4|0x0000000700400000, 0x00000007004fe2b8, 0x0000000700500000| 99%| O|  |TS  0|AC  0|TAMS 0x0000000700400000, 0x00000007004fe2b8|
|   5|0x0000000700500000, 0x00000007005fffe8, 0x0000000700600000| 99%| O|  |TS  0|AC  0|TAMS 0x0000000700500000, 0x00000007005fffe8|
|   6|0x0000000700600000, 0x00000007006ffff0, 0x0000000700700000| 99%| O|  |TS  0|AC  0|TAMS 0x0000000700600000, 0x00000007006ffff0|
|   7|0x0000000700700000, 0x0000000700800000, 0x0000000700800000|100%| O|  |TS  0|AC  0|TAMS 0x0000000700700000, 0x0000000700800000|
|   8|0x0000000700800000, 0x00000007008ffff8, 0x0000000700900000| 99%| O|  |TS  0|AC  0|TAMS 0x0000000700800000, 0x00000007008ffff8|
|   9|0x0000000700900000, 0x00000007009ffff8, 0x0000000700a00000| 99%| O|  |TS  0|AC  0|TAMS 0x0000000700900000, 0x00000007009ffff8|
|  10|0x0000000700a00000, 0x0000000700afd4e8, 0x0000000700b00000| 98%| O|  |TS  0|AC  0|TAMS 0x0000000700a00000, 0x0000000700afd4e8|
|  11|0x0000000700b00000, 0x0000000700c00000, 0x0000000700c00000|100%|HS|  |TS  0|AC  0|TAMS 0x0000000700b00000, 0x0000000700c00000|
|  12|0x0000000700c00000, 0x0000000700ccb970, 0x0000000700d00000| 79%| O|  |TS  0|AC  0|TAMS 0x0000000700c00000, 0x0000000700ccb970|
|  13|0x0000000700d00000, 0x0000000700ddb100, 0x0000000700e00000| 85%| O|  |TS  0|AC  0|TAMS 0x0000000700d00000, 0x0000000700ddb100|
|  14|0x0000000700e00000, 0x0000000700ef78e8, 0x0000000700f00000| 96%| O|  |TS  0|AC  0|TAMS 0x0000000700e00000, 0x0000000700ef78e8|
|  15|0x0000000700f00000, 0x0000000700ff47c0, 0x0000000701000000| 95%| O|  |TS  0|AC  0|TAMS 0x0000000700f00000, 0x0000000700ff47c0|
|  16|0x0000000701000000, 0x00000007010da158, 0x0000000701100000| 85%| O|  |TS  0|AC  0|TAMS 0x0000000701000000, 0x00000007010da158|
|  17|0x0000000701100000, 0x00000007011fff40, 0x0000000701200000| 99%| O|  |TS  0|AC  0|TAMS 0x0000000701100000, 0x00000007011fff40|
|  18|0x0000000701200000, 0x0000000701300000, 0x0000000701300000|100%| O|  |TS  0|AC  0|TAMS 0x0000000701200000, 0x0000000701300000|
|  19|0x0000000701300000, 0x00000007013fffe8, 0x0000000701400000| 99%| O|  |TS  0|AC  0|TAMS 0x0000000701300000, 0x00000007013fffe8|
|  20|0x0000000701400000, 0x00000007014ffed0, 0x0000000701500000| 99%| O|  |TS  0|AC  0|TAMS 0x0000000701400000, 0x00000007014ffed0|
|  21|0x0000000701500000, 0x00000007015ffff8, 0x0000000701600000| 99%| O|  |TS  0|AC  0|TAMS 0x0000000701500000, 0x00000007015ffff8|
|  22|0x0000000701600000, 0x00000007016fee80, 0x0000000701700000| 99%| O|  |TS  0|AC  0|TAMS 0x0000000701600000, 0x00000007016fee80|
|  23|0x0000000701700000, 0x00000007017ffff0, 0x0000000701800000| 99%| O|  |TS  0|AC  0|TAMS 0x0000000701700000, 0x00000007017ffff0|
|  24|0x0000000701800000, 0x0000000701900000, 0x0000000701900000|100%| O|  |TS  0|AC  0|TAMS 0x0000000701800000, 0x0000000701900000|
|  25|0x0000000701900000, 0x00000007019fffd8, 0x0000000701a00000| 99%| O|  |TS  0|AC  0|TAMS 0x0000000701900000, 0x00000007019fffd8|
|  26|0x0000000701a00000, 0x0000000701affff8, 0x0000000701b00000| 99%| O|  |TS  0|AC  0|TAMS 0x0000000701a00000, 0x0000000701affff8|
|  27|0x0000000701b00000, 0x0000000701bfffe8, 0x0000000701c00000| 99%| O|  |TS  0|AC  0|TAMS 0x0000000701b00000, 0x0000000701bfffe8|
|  28|0x0000000701c00000, 0x0000000701cfffe8, 0x0000000701d00000| 99%| O|  |TS  0|AC  0|TAMS 0x0000000701c00000, 0x0000000701cfffe8|
|  29|0x0000000701d00000, 0x0000000701dffff8, 0x0000000701e00000| 99%| O|  |TS  0|AC  0|TAMS 0x0000000701d00000, 0x0000000701dffff8|
|  30|0x0000000701e00000, 0x0000000701effff8, 0x0000000701f00000| 99%| O|  |TS  0|AC  0|TAMS 0x0000000701e00000, 0x0000000701effff8|
|  31|0x0000000701f00000, 0x0000000701fffe60, 0x0000000702000000| 99%| O|  |TS  0|AC  0|TAMS 0x0000000701f00000, 0x0000000701fffe60|
|  32|0x0000000702000000, 0x0000000702100000, 0x0000000702100000|100%| O|  |TS  0|AC  0|TAMS 0x0000000702000000, 0x0000000702100000|
|  33|0x0000000702100000, 0x00000007021fffd8, 0x0000000702200000| 99%| O|  |TS  0|AC  0|TAMS 0x0000000702100000, 0x00000007021fffd8|
|  34|0x0000000702200000, 0x00000007022ffff0, 0x0000000702300000| 99%| O|  |TS  0|AC  0|TAMS 0x0000000702200000, 0x00000007022ffff0|
|  35|0x0000000702300000, 0x00000007023fffd8, 0x0000000702400000| 99%| O|  |TS  0|AC  0|TAMS 0x0000000702300000, 0x00000007023fffd8|
|  36|0x0000000702400000, 0x00000007024ffff8, 0x0000000702500000| 99%| O|  |TS  0|AC  0|TAMS 0x0000000702400000, 0x00000007024ffff8|
|  37|0x0000000702500000, 0x0000000702600000, 0x0000000702600000|100%| O|  |TS  0|AC  0|TAMS 0x0000000702500000, 0x0000000702600000|
|  38|0x0000000702600000, 0x00000007026ffff0, 0x0000000702700000| 99%| O|  |TS  0|AC  0|TAMS 0x0000000702600000, 0x00000007026ffff0|
|  39|0x0000000702700000, 0x00000007027ffff0, 0x0000000702800000| 99%| O|  |TS  0|AC  0|TAMS 0x0000000702700000, 0x00000007027ffff0|
|  40|0x0000000702800000, 0x00000007028ffff0, 0x0000000702900000| 99%| O|  |TS  0|AC  0|TAMS 0x0000000702800000, 0x00000007028ffff0|
|  41|0x0000000702900000, 0x00000007029ffff0, 0x0000000702a00000| 99%| O|  |TS  0|AC  0|TAMS 0x0000000702900000, 0x00000007029ffff0|
|  42|0x0000000702a00000, 0x0000000702afffb8, 0x0000000702b00000| 99%| O|  |TS  0|AC  0|TAMS 0x0000000702a00000, 0x0000000702afffb8|
|  43|0x0000000702b00000, 0x0000000702c00000, 0x0000000702c00000|100%| O|  |TS  0|AC  0|TAMS 0x0000000702b00000, 0x0000000702c00000|
|  44|0x0000000702c00000, 0x0000000702cff328, 0x0000000702d00000| 99%| O|  |TS  0|AC  0|TAMS 0x0000000702c00000, 0x0000000702cff328|
|  45|0x0000000702d00000, 0x0000000702dd71d0, 0x0000000702e00000| 84%| O|  |TS  0|AC  0|TAMS 0x0000000702d00000, 0x0000000702dd71d0|
|  46|0x0000000702e00000, 0x0000000702effff8, 0x0000000702f00000| 99%| O|  |TS  0|AC  0|TAMS 0x0000000702e00000, 0x0000000702effff8|
|  47|0x0000000702f00000, 0x0000000702fffff0, 0x0000000703000000| 99%| O|  |TS  0|AC  0|TAMS 0x0000000702f00000, 0x0000000702fffff0|
|  48|0x0000000703000000, 0x00000007030ffff8, 0x0000000703100000| 99%| O|  |TS  0|AC  0|TAMS 0x0000000703000000, 0x00000007030ffff8|
|  49|0x0000000703100000, 0x00000007031ff558, 0x0000000703200000| 99%| O|  |TS  0|AC  0|TAMS 0x0000000703100000, 0x00000007031ff558|
|  50|0x0000000703200000, 0x00000007032ffff8, 0x0000000703300000| 99%| O|  |TS  0|AC  0|TAMS 0x0000000703200000, 0x00000007032ffff8|
|  51|0x0000000703300000, 0x00000007033ffff0, 0x0000000703400000| 99%| O|  |TS  0|AC  0|TAMS 0x0000000703300000, 0x00000007033ffff0|
|  52|0x0000000703400000, 0x00000007034fffd0, 0x0000000703500000| 99%| O|  |TS  0|AC  0|TAMS 0x0000000703400000, 0x00000007034fffd0|
|  53|0x0000000703500000, 0x00000007035ffff0, 0x0000000703600000| 99%| O|  |TS  0|AC  0|TAMS 0x0000000703500000, 0x00000007035ffff0|
|  54|0x0000000703600000, 0x0000000703700000, 0x0000000703700000|100%| O|  |TS  0|AC  0|TAMS 0x0000000703600000, 0x0000000703700000|
|  55|0x0000000703700000, 0x00000007037fffe8, 0x0000000703800000| 99%| O|  |TS  0|AC  0|TAMS 0x0000000703700000, 0x00000007037fffe8|
|  56|0x0000000703800000, 0x00000007038fffc8, 0x0000000703900000| 99%| O|  |TS  0|AC  0|TAMS 0x0000000703800000, 0x00000007038fffc8|
|  57|0x0000000703900000, 0x00000007039fff60, 0x0000000703a00000| 99%| O|  |TS  0|AC  0|TAMS 0x0000000703900000, 0x00000007039fff60|
|  58|0x0000000703a00000, 0x0000000703afffd0, 0x0000000703b00000| 99%| O|  |TS  0|AC  0|TAMS 0x0000000703a00000, 0x0000000703afffd0|
|  59|0x0000000703b00000, 0x0000000703bffff8, 0x0000000703c00000| 99%| O|  |TS  0|AC  0|TAMS 0x0000000703b00000, 0x0000000703bffff8|
|  60|0x0000000703c00000, 0x0000000703d00000, 0x0000000703d00000|100%| O|  |TS  0|AC  0|TAMS 0x0000000703c00000, 0x0000000703d00000|
|  61|0x0000000703d00000, 0x0000000703dff680, 0x0000000703e00000| 99%| O|  |TS  0|AC  0|TAMS 0x0000000703d00000, 0x0000000703dff680|
|  62|0x0000000703e00000, 0x0000000703effab0, 0x0000000703f00000| 99%| O|  |TS  0|AC  0|TAMS 0x0000000703e00000, 0x0000000703effab0|
|  63|0x0000000703f00000, 0x0000000703ffffe8, 0x0000000704000000| 99%| O|  |TS  0|AC  0|TAMS 0x0000000703f00000, 0x0000000703ffffe8|
|  64|0x0000000704000000, 0x00000007040ffff0, 0x0000000704100000| 99%| O|  |TS  0|AC  0|TAMS 0x0000000704000000, 0x00000007040ffff0|
|  65|0x0000000704100000, 0x00000007041ffff8, 0x0000000704200000| 99%| O|  |TS  0|AC  0|TAMS 0x0000000704100000, 0x00000007041ffff8|
|  66|0x0000000704200000, 0x00000007042ffff0, 0x0000000704300000| 99%| O|  |TS  0|AC  0|TAMS 0x0000000704200000, 0x00000007042ffff0|
|  67|0x0000000704300000, 0x0000000704400000, 0x0000000704400000|100%| O|  |TS  0|AC  0|TAMS 0x0000000704300000, 0x0000000704400000|
|  68|0x0000000704400000, 0x00000007044ff110, 0x0000000704500000| 99%| O|  |TS  0|AC  0|TAMS 0x0000000704400000, 0x00000007044ff110|
|  69|0x0000000704500000, 0x00000007045ffff0, 0x0000000704600000| 99%| O|  |TS  0|AC  0|TAMS 0x0000000704500000, 0x00000007045ffff0|
|  70|0x0000000704600000, 0x00000007046ffff0, 0x0000000704700000| 99%| O|  |TS  0|AC  0|TAMS 0x0000000704600000, 0x00000007046ffff0|
|  71|0x0000000704700000, 0x00000007047fe890, 0x0000000704800000| 99%| O|  |TS  0|AC  0|TAMS 0x0000000704700000, 0x00000007047fe890|
|  72|0x0000000704800000, 0x00000007048ff5e8, 0x0000000704900000| 99%| O|  |TS  0|AC  0|TAMS 0x0000000704800000, 0x00000007048ff5e8|
|  73|0x0000000704900000, 0x00000007049f5ac0, 0x0000000704a00000| 95%| O|  |TS  0|AC  0|TAMS 0x0000000704900000, 0x00000007049f5ac0|
|  74|0x0000000704a00000, 0x0000000704affff0, 0x0000000704b00000| 99%| O|  |TS  0|AC  0|TAMS 0x0000000704a00000, 0x0000000704affff0|
|  75|0x0000000704b00000, 0x0000000704bfffe0, 0x0000000704c00000| 99%| O|  |TS  0|AC  0|TAMS 0x0000000704b00000, 0x0000000704bfffe0|
|  76|0x0000000704c00000, 0x0000000704cffff0, 0x0000000704d00000| 99%| O|  |TS  0|AC  0|TAMS 0x0000000704c00000, 0x0000000704cffff0|
|  77|0x0000000704d00000, 0x0000000704dfffe8, 0x0000000704e00000| 99%| O|  |TS  0|AC  0|TAMS 0x0000000704d00000, 0x0000000704dfffe8|
|  78|0x0000000704e00000, 0x0000000704effed8, 0x0000000704f00000| 99%| O|  |TS  0|AC  0|TAMS 0x0000000704e00000, 0x0000000704effed8|
|  79|0x0000000704f00000, 0x0000000705000000, 0x0000000705000000|100%| O|  |TS  0|AC  0|TAMS 0x0000000704f00000, 0x0000000705000000|
|  80|0x0000000705000000, 0x00000007050ff9c0, 0x0000000705100000| 99%| O|  |TS  0|AC  0|TAMS 0x0000000705000000, 0x00000007050ff9c0|
|  81|0x0000000705100000, 0x00000007051ffff8, 0x0000000705200000| 99%| O|  |TS  0|AC  0|TAMS 0x0000000705100000, 0x00000007051ffff8|
|  82|0x0000000705200000, 0x0000000705300000, 0x0000000705300000|100%| O|  |TS  0|AC  0|TAMS 0x0000000705200000, 0x0000000705300000|
|  83|0x0000000705300000, 0x0000000705400000, 0x0000000705400000|100%|HS|  |TS  0|AC  0|TAMS 0x0000000705300000, 0x0000000705400000|
|  84|0x0000000705400000, 0x0000000705500000, 0x0000000705500000|100%|HC|  |TS  0|AC  0|TAMS 0x0000000705400000, 0x0000000705500000|
|  85|0x0000000705500000, 0x0000000705600000, 0x0000000705600000|100%|HC|  |TS  0|AC  0|TAMS 0x0000000705500000, 0x0000000705600000|
|  86|0x0000000705600000, 0x0000000705700000, 0x0000000705700000|100%|HC|  |TS  0|AC  0|TAMS 0x0000000705600000, 0x0000000705700000|
|  87|0x0000000705700000, 0x0000000705800000, 0x0000000705800000|100%|HC|  |TS  0|AC  0|TAMS 0x0000000705700000, 0x0000000705800000|
|  88|0x0000000705800000, 0x0000000705900000, 0x0000000705900000|100%|HC|  |TS  0|AC  0|TAMS 0x0000000705800000, 0x0000000705900000|
|  89|0x0000000705900000, 0x0000000705a00000, 0x0000000705a00000|100%|HC|  |TS  0|AC  0|TAMS 0x0000000705900000, 0x0000000705a00000|
|  90|0x0000000705a00000, 0x0000000705b00000, 0x0000000705b00000|100%|HC|  |TS  0|AC  0|TAMS 0x0000000705a00000, 0x0000000705b00000|
|  91|0x0000000705b00000, 0x0000000705c00000, 0x0000000705c00000|100%| O|  |TS  0|AC  0|TAMS 0x0000000705b00000, 0x0000000705c00000|
|  92|0x0000000705c00000, 0x0000000705cfffe8, 0x0000000705d00000| 99%| O|  |TS  0|AC  0|TAMS 0x0000000705c00000, 0x0000000705cfffe8|
|  93|0x0000000705d00000, 0x0000000705dffce8, 0x0000000705e00000| 99%| O|  |TS  0|AC  0|TAMS 0x0000000705d00000, 0x0000000705dffce8|
|  94|0x0000000705e00000, 0x0000000705efffe8, 0x0000000705f00000| 99%| O|  |TS  0|AC  0|TAMS 0x0000000705e00000, 0x0000000705efffe8|
|  95|0x0000000705f00000, 0x0000000705ffffe8, 0x0000000706000000| 99%| O|  |TS  0|AC  0|TAMS 0x0000000705f00000, 0x0000000705ffffe8|
|  96|0x0000000706000000, 0x00000007060ffff0, 0x0000000706100000| 99%| O|  |TS  0|AC  0|TAMS 0x0000000706000000, 0x00000007060ffff0|
|  97|0x0000000706100000, 0x00000007061fffe0, 0x0000000706200000| 99%| O|  |TS  0|AC  0|TAMS 0x0000000706100000, 0x00000007061fffe0|
|  98|0x0000000706200000, 0x00000007062fffe8, 0x0000000706300000| 99%| O|  |TS  0|AC  0|TAMS 0x0000000706200000, 0x00000007062fffe8|
|  99|0x0000000706300000, 0x0000000706400000, 0x0000000706400000|100%| O|  |TS  0|AC  0|TAMS 0x0000000706300000, 0x0000000706400000|
| 100|0x0000000706400000, 0x00000007064ffff0, 0x0000000706500000| 99%| O|  |TS  0|AC  0|TAMS 0x0000000706400000, 0x00000007064ffff0|
| 101|0x0000000706500000, 0x0000000706600000, 0x0000000706600000|100%| O|  |TS  0|AC  0|TAMS 0x0000000706500000, 0x0000000706600000|
| 102|0x0000000706600000, 0x0000000706700000, 0x0000000706700000|100%| O|  |TS  0|AC  0|TAMS 0x0000000706600000, 0x0000000706700000|
| 103|0x0000000706700000, 0x00000007067fffe8, 0x0000000706800000| 99%| O|  |TS  0|AC  0|TAMS 0x0000000706700000, 0x00000007067fffe8|
| 104|0x0000000706800000, 0x00000007068ffff8, 0x0000000706900000| 99%| O|  |TS  0|AC  0|TAMS 0x0000000706800000, 0x00000007068ffff8|
| 105|0x0000000706900000, 0x00000007069fffe8, 0x0000000706a00000| 99%| O|  |TS  0|AC  0|TAMS 0x0000000706900000, 0x00000007069fffe8|
| 106|0x0000000706a00000, 0x0000000706affff0, 0x0000000706b00000| 99%| O|  |TS  0|AC  0|TAMS 0x0000000706a00000, 0x0000000706affff0|
| 107|0x0000000706b00000, 0x0000000706bffe68, 0x0000000706c00000| 99%| O|  |TS  0|AC  0|TAMS 0x0000000706b00000, 0x0000000706bffe68|
| 108|0x0000000706c00000, 0x0000000706cfeeb0, 0x0000000706d00000| 99%| O|  |TS  0|AC  0|TAMS 0x0000000706c00000, 0x0000000706cfeeb0|
| 109|0x0000000706d00000, 0x0000000706dffff8, 0x0000000706e00000| 99%| O|  |TS  0|AC  0|TAMS 0x0000000706d00000, 0x0000000706dffff8|
| 110|0x0000000706e00000, 0x0000000706efff00, 0x0000000706f00000| 99%| O|  |TS  0|AC  0|TAMS 0x0000000706e00000, 0x0000000706efff00|
| 111|0x0000000706f00000, 0x0000000706fffff8, 0x0000000707000000| 99%| O|  |TS  0|AC  0|TAMS 0x0000000706f00000, 0x0000000706fffff8|
| 112|0x0000000707000000, 0x00000007070fffc8, 0x0000000707100000| 99%| O|  |TS  0|AC  0|TAMS 0x0000000707000000, 0x00000007070fffc8|
| 113|0x0000000707100000, 0x00000007071fffe8, 0x0000000707200000| 99%| O|  |TS  0|AC  0|TAMS 0x0000000707100000, 0x00000007071fffe8|
| 114|0x0000000707200000, 0x00000007072ffff0, 0x0000000707300000| 99%| O|  |TS  0|AC  0|TAMS 0x0000000707200000, 0x00000007072ffff0|
| 115|0x0000000707300000, 0x00000007073fe798, 0x0000000707400000| 99%| O|  |TS  0|AC  0|TAMS 0x0000000707300000, 0x00000007073fe798|
| 116|0x0000000707400000, 0x00000007074ffee0, 0x0000000707500000| 99%| O|  |TS  0|AC  0|TAMS 0x0000000707400000, 0x00000007074ffee0|
| 117|0x0000000707500000, 0x00000007075fff78, 0x0000000707600000| 99%| O|  |TS  0|AC  0|TAMS 0x0000000707500000, 0x00000007075fff78|
| 118|0x0000000707600000, 0x00000007076fffe8, 0x0000000707700000| 99%| O|  |TS  0|AC  0|TAMS 0x0000000707600000, 0x00000007076fffe8|
| 119|0x0000000707700000, 0x00000007077ff7f8, 0x0000000707800000| 99%| O|  |TS  0|AC  0|TAMS 0x0000000707700000, 0x00000007077ff7f8|
| 120|0x0000000707800000, 0x0000000707900000, 0x0000000707900000|100%| O|  |TS  0|AC  0|TAMS 0x0000000707800000, 0x0000000707900000|
| 121|0x0000000707900000, 0x0000000707a00000, 0x0000000707a00000|100%| O|  |TS  0|AC  0|TAMS 0x0000000707900000, 0x0000000707a00000|
| 122|0x0000000707a00000, 0x0000000707a7aef8, 0x0000000707b00000| 48%| O|  |TS  0|AC  0|TAMS 0x0000000707a00000, 0x0000000707a7aef8|
| 123|0x0000000707b00000, 0x0000000707c00000, 0x0000000707c00000|100%|HS|  |TS  0|AC  0|TAMS 0x0000000707b00000, 0x0000000707b00000|
| 124|0x0000000707c00000, 0x0000000707d00000, 0x0000000707d00000|100%|HC|  |TS  0|AC  0|TAMS 0x0000000707c00000, 0x0000000707c00000|
| 125|0x0000000707d00000, 0x0000000707d00000, 0x0000000707e00000|  0%| F|  |TS  0|AC  0|TAMS 0x0000000707d00000, 0x0000000707d00000|
| 126|0x0000000707e00000, 0x0000000707f00000, 0x0000000707f00000|100%|HS|  |TS  0|AC  0|TAMS 0x0000000707e00000, 0x0000000707f00000|
| 127|0x0000000707f00000, 0x0000000708000000, 0x0000000708000000|100%|HC|  |TS  0|AC  0|TAMS 0x0000000707f00000, 0x0000000708000000|
| 128|0x0000000708000000, 0x0000000708100000, 0x0000000708100000|100%|HC|  |TS  0|AC  0|TAMS 0x0000000708000000, 0x0000000708100000|
| 129|0x0000000708100000, 0x0000000708100000, 0x0000000708200000|  0%| F|  |TS  0|AC  0|TAMS 0x0000000708100000, 0x0000000708100000|
| 130|0x0000000708200000, 0x0000000708200000, 0x0000000708300000|  0%| F|  |TS  0|AC  0|TAMS 0x0000000708200000, 0x0000000708200000|
| 131|0x0000000708300000, 0x0000000708400000, 0x0000000708400000|100%|HS|  |TS  0|AC  0|TAMS 0x0000000708300000, 0x0000000708400000|
| 132|0x0000000708400000, 0x0000000708500000, 0x0000000708500000|100%|HC|  |TS  0|AC  0|TAMS 0x0000000708400000, 0x0000000708500000|
| 133|0x0000000708500000, 0x0000000708500000, 0x0000000708600000|  0%| F|  |TS  0|AC  0|TAMS 0x0000000708500000, 0x0000000708500000|
| 134|0x0000000708600000, 0x0000000708600000, 0x0000000708700000|  0%| F|  |TS  0|AC  0|TAMS 0x0000000708600000, 0x0000000708600000|
| 135|0x0000000708700000, 0x0000000708700000, 0x0000000708800000|  0%| F|  |TS  0|AC  0|TAMS 0x0000000708700000, 0x0000000708700000|
| 136|0x0000000708800000, 0x0000000708800000, 0x0000000708900000|  0%| F|  |TS  0|AC  0|TAMS 0x0000000708800000, 0x0000000708800000|
| 137|0x0000000708900000, 0x0000000708900000, 0x0000000708a00000|  0%| F|  |TS  0|AC  0|TAMS 0x0000000708900000, 0x0000000708900000|
| 138|0x0000000708a00000, 0x0000000708a00000, 0x0000000708b00000|  0%| F|  |TS  0|AC  0|TAMS 0x0000000708a00000, 0x0000000708a00000|
| 139|0x0000000708b00000, 0x0000000708b00000, 0x0000000708c00000|  0%| F|  |TS  0|AC  0|TAMS 0x0000000708b00000, 0x0000000708b00000|
| 140|0x0000000708c00000, 0x0000000708c00000, 0x0000000708d00000|  0%| F|  |TS  0|AC  0|TAMS 0x0000000708c00000, 0x0000000708c00000|
| 141|0x0000000708d00000, 0x0000000708d00000, 0x0000000708e00000|  0%| F|  |TS  0|AC  0|TAMS 0x0000000708d00000, 0x0000000708d00000|
| 142|0x0000000708e00000, 0x0000000708e00000, 0x0000000708f00000|  0%| F|  |TS  0|AC  0|TAMS 0x0000000708e00000, 0x0000000708e00000|
| 143|0x0000000708f00000, 0x0000000708f00000, 0x0000000709000000|  0%| F|  |TS  0|AC  0|TAMS 0x0000000708f00000, 0x0000000708f00000|
| 144|0x0000000709000000, 0x0000000709000000, 0x0000000709100000|  0%| F|  |TS  0|AC  0|TAMS 0x0000000709000000, 0x0000000709000000|
| 145|0x0000000709100000, 0x0000000709100000, 0x0000000709200000|  0%| F|  |TS  0|AC  0|TAMS 0x0000000709100000, 0x0000000709100000|
| 146|0x0000000709200000, 0x0000000709200000, 0x0000000709300000|  0%| F|  |TS  0|AC  0|TAMS 0x0000000709200000, 0x0000000709200000|
| 147|0x0000000709300000, 0x0000000709300000, 0x0000000709400000|  0%| F|  |TS  0|AC  0|TAMS 0x0000000709300000, 0x0000000709300000|
| 148|0x0000000709400000, 0x0000000709400000, 0x0000000709500000|  0%| F|  |TS  0|AC  0|TAMS 0x0000000709400000, 0x0000000709400000|
| 149|0x0000000709500000, 0x0000000709500000, 0x0000000709600000|  0%| F|  |TS  0|AC  0|TAMS 0x0000000709500000, 0x0000000709500000|
| 150|0x0000000709600000, 0x0000000709600000, 0x0000000709700000|  0%| F|  |TS  0|AC  0|TAMS 0x0000000709600000, 0x0000000709600000|
| 151|0x0000000709700000, 0x0000000709700000, 0x0000000709800000|  0%| F|  |TS  0|AC  0|TAMS 0x0000000709700000, 0x0000000709700000|
| 152|0x0000000709800000, 0x0000000709800000, 0x0000000709900000|  0%| F|  |TS  0|AC  0|TAMS 0x0000000709800000, 0x0000000709800000|
| 153|0x0000000709900000, 0x0000000709900000, 0x0000000709a00000|  0%| F|  |TS  0|AC  0|TAMS 0x0000000709900000, 0x0000000709900000|
| 154|0x0000000709a00000, 0x0000000709a00000, 0x0000000709b00000|  0%| F|  |TS  0|AC  0|TAMS 0x0000000709a00000, 0x0000000709a00000|
| 155|0x0000000709b00000, 0x0000000709b00000, 0x0000000709c00000|  0%| F|  |TS  0|AC  0|TAMS 0x0000000709b00000, 0x0000000709b00000|
| 156|0x0000000709c00000, 0x0000000709c00000, 0x0000000709d00000|  0%| F|  |TS  0|AC  0|TAMS 0x0000000709c00000, 0x0000000709c00000|
| 157|0x0000000709d00000, 0x0000000709d00000, 0x0000000709e00000|  0%| F|  |TS  0|AC  0|TAMS 0x0000000709d00000, 0x0000000709d00000|
| 158|0x0000000709e00000, 0x0000000709e00000, 0x0000000709f00000|  0%| F|  |TS  0|AC  0|TAMS 0x0000000709e00000, 0x0000000709e00000|
| 159|0x0000000709f00000, 0x0000000709f00000, 0x000000070a000000|  0%| F|  |TS  0|AC  0|TAMS 0x0000000709f00000, 0x0000000709f00000|
| 160|0x000000070a000000, 0x000000070a000000, 0x000000070a100000|  0%| F|  |TS  0|AC  0|TAMS 0x000000070a000000, 0x000000070a000000|
| 161|0x000000070a100000, 0x000000070a100000, 0x000000070a200000|  0%| F|  |TS  0|AC  0|TAMS 0x000000070a100000, 0x000000070a100000|
| 162|0x000000070a200000, 0x000000070a200000, 0x000000070a300000|  0%| F|  |TS  0|AC  0|TAMS 0x000000070a200000, 0x000000070a200000|
| 163|0x000000070a300000, 0x000000070a300000, 0x000000070a400000|  0%| F|  |TS  0|AC  0|TAMS 0x000000070a300000, 0x000000070a300000|
| 164|0x000000070a400000, 0x000000070a400000, 0x000000070a500000|  0%| F|  |TS  0|AC  0|TAMS 0x000000070a400000, 0x000000070a400000|
| 165|0x000000070a500000, 0x000000070a500000, 0x000000070a600000|  0%| F|  |TS  0|AC  0|TAMS 0x000000070a500000, 0x000000070a500000|
| 166|0x000000070a600000, 0x000000070a600000, 0x000000070a700000|  0%| F|  |TS  0|AC  0|TAMS 0x000000070a600000, 0x000000070a600000|
| 167|0x000000070a700000, 0x000000070a700000, 0x000000070a800000|  0%| F|  |TS  0|AC  0|TAMS 0x000000070a700000, 0x000000070a700000|
| 168|0x000000070a800000, 0x000000070a800000, 0x000000070a900000|  0%| F|  |TS  0|AC  0|TAMS 0x000000070a800000, 0x000000070a800000|
| 169|0x000000070a900000, 0x000000070a900000, 0x000000070aa00000|  0%| F|  |TS  0|AC  0|TAMS 0x000000070a900000, 0x000000070a900000|
| 170|0x000000070aa00000, 0x000000070aa00000, 0x000000070ab00000|  0%| F|  |TS  0|AC  0|TAMS 0x000000070aa00000, 0x000000070aa00000|
| 171|0x000000070ab00000, 0x000000070ab00000, 0x000000070ac00000|  0%| F|  |TS  0|AC  0|TAMS 0x000000070ab00000, 0x000000070ab00000|
| 172|0x000000070ac00000, 0x000000070ac00000, 0x000000070ad00000|  0%| F|  |TS  0|AC  0|TAMS 0x000000070ac00000, 0x000000070ac00000|
| 173|0x000000070ad00000, 0x000000070ad00000, 0x000000070ae00000|  0%| F|  |TS  0|AC  0|TAMS 0x000000070ad00000, 0x000000070ad00000|
| 174|0x000000070ae00000, 0x000000070ae00000, 0x000000070af00000|  0%| F|  |TS  0|AC  0|TAMS 0x000000070ae00000, 0x000000070ae00000|
| 175|0x000000070af00000, 0x000000070af00000, 0x000000070b000000|  0%| F|  |TS  0|AC  0|TAMS 0x000000070af00000, 0x000000070af00000|
| 176|0x000000070b000000, 0x000000070b000000, 0x000000070b100000|  0%| F|  |TS  0|AC  0|TAMS 0x000000070b000000, 0x000000070b000000|
| 177|0x000000070b100000, 0x000000070b100000, 0x000000070b200000|  0%| F|  |TS  0|AC  0|TAMS 0x000000070b100000, 0x000000070b100000|
| 178|0x000000070b200000, 0x000000070b200000, 0x000000070b300000|  0%| F|  |TS  0|AC  0|TAMS 0x000000070b200000, 0x000000070b200000|
| 179|0x000000070b300000, 0x000000070b300000, 0x000000070b400000|  0%| F|  |TS  0|AC  0|TAMS 0x000000070b300000, 0x000000070b300000|
| 180|0x000000070b400000, 0x000000070b400000, 0x000000070b500000|  0%| F|  |TS  0|AC  0|TAMS 0x000000070b400000, 0x000000070b400000|
| 181|0x000000070b500000, 0x000000070b500000, 0x000000070b600000|  0%| F|  |TS  0|AC  0|TAMS 0x000000070b500000, 0x000000070b500000|
| 182|0x000000070b600000, 0x000000070b600000, 0x000000070b700000|  0%| F|  |TS  0|AC  0|TAMS 0x000000070b600000, 0x000000070b600000|
| 183|0x000000070b700000, 0x000000070b700000, 0x000000070b800000|  0%| F|  |TS  0|AC  0|TAMS 0x000000070b700000, 0x000000070b700000|
| 184|0x000000070b800000, 0x000000070b800000, 0x000000070b900000|  0%| F|  |TS  0|AC  0|TAMS 0x000000070b800000, 0x000000070b800000|
| 185|0x000000070b900000, 0x000000070b900000, 0x000000070ba00000|  0%| F|  |TS  0|AC  0|TAMS 0x000000070b900000, 0x000000070b900000|
| 186|0x000000070ba00000, 0x000000070ba00000, 0x000000070bb00000|  0%| F|  |TS  0|AC  0|TAMS 0x000000070ba00000, 0x000000070ba00000|
| 187|0x000000070bb00000, 0x000000070bb00000, 0x000000070bc00000|  0%| F|  |TS  0|AC  0|TAMS 0x000000070bb00000, 0x000000070bb00000|
| 188|0x000000070bc00000, 0x000000070bc00000, 0x000000070bd00000|  0%| F|  |TS  0|AC  0|TAMS 0x000000070bc00000, 0x000000070bc00000|
| 189|0x000000070bd00000, 0x000000070bd00000, 0x000000070be00000|  0%| F|  |TS  0|AC  0|TAMS 0x000000070bd00000, 0x000000070bd00000|
| 190|0x000000070be00000, 0x000000070be00000, 0x000000070bf00000|  0%| F|  |TS  0|AC  0|TAMS 0x000000070be00000, 0x000000070be00000|
| 191|0x000000070bf00000, 0x000000070bf00000, 0x000000070c000000|  0%| F|  |TS  0|AC  0|TAMS 0x000000070bf00000, 0x000000070bf00000|
| 192|0x000000070c000000, 0x000000070c000000, 0x000000070c100000|  0%| F|  |TS  0|AC  0|TAMS 0x000000070c000000, 0x000000070c000000|
| 193|0x000000070c100000, 0x000000070c100000, 0x000000070c200000|  0%| F|  |TS  0|AC  0|TAMS 0x000000070c100000, 0x000000070c100000|
| 194|0x000000070c200000, 0x000000070c200000, 0x000000070c300000|  0%| F|  |TS  0|AC  0|TAMS 0x000000070c200000, 0x000000070c200000|
| 195|0x000000070c300000, 0x000000070c300000, 0x000000070c400000|  0%| F|  |TS  0|AC  0|TAMS 0x000000070c300000, 0x000000070c300000|
| 196|0x000000070c400000, 0x000000070c400000, 0x000000070c500000|  0%| F|  |TS  0|AC  0|TAMS 0x000000070c400000, 0x000000070c400000|
| 197|0x000000070c500000, 0x000000070c500000, 0x000000070c600000|  0%| F|  |TS  0|AC  0|TAMS 0x000000070c500000, 0x000000070c500000|
| 198|0x000000070c600000, 0x000000070c600000, 0x000000070c700000|  0%| F|  |TS  0|AC  0|TAMS 0x000000070c600000, 0x000000070c600000|
| 199|0x000000070c700000, 0x000000070c700000, 0x000000070c800000|  0%| F|  |TS  0|AC  0|TAMS 0x000000070c700000, 0x000000070c700000|
| 200|0x000000070c800000, 0x000000070c800000, 0x000000070c900000|  0%| F|  |TS  0|AC  0|TAMS 0x000000070c800000, 0x000000070c800000|
| 201|0x000000070c900000, 0x000000070c900000, 0x000000070ca00000|  0%| F|  |TS  0|AC  0|TAMS 0x000000070c900000, 0x000000070c900000|
| 202|0x000000070ca00000, 0x000000070ca00000, 0x000000070cb00000|  0%| F|  |TS  0|AC  0|TAMS 0x000000070ca00000, 0x000000070ca00000|
| 203|0x000000070cb00000, 0x000000070cb00000, 0x000000070cc00000|  0%| F|  |TS  0|AC  0|TAMS 0x000000070cb00000, 0x000000070cb00000|
| 204|0x000000070cc00000, 0x000000070cc00000, 0x000000070cd00000|  0%| F|  |TS  0|AC  0|TAMS 0x000000070cc00000, 0x000000070cc00000|
| 205|0x000000070cd00000, 0x000000070cd00000, 0x000000070ce00000|  0%| F|  |TS  0|AC  0|TAMS 0x000000070cd00000, 0x000000070cd00000|
| 206|0x000000070ce00000, 0x000000070ce00000, 0x000000070cf00000|  0%| F|  |TS  0|AC  0|TAMS 0x000000070ce00000, 0x000000070ce00000|
| 207|0x000000070cf00000, 0x000000070cf00000, 0x000000070d000000|  0%| F|  |TS  0|AC  0|TAMS 0x000000070cf00000, 0x000000070cf00000|
| 208|0x000000070d000000, 0x000000070d000000, 0x000000070d100000|  0%| F|  |TS  0|AC  0|TAMS 0x000000070d000000, 0x000000070d000000|
| 209|0x000000070d100000, 0x000000070d100000, 0x000000070d200000|  0%| F|  |TS  0|AC  0|TAMS 0x000000070d100000, 0x000000070d100000|
| 210|0x000000070d200000, 0x000000070d200000, 0x000000070d300000|  0%| F|  |TS  0|AC  0|TAMS 0x000000070d200000, 0x000000070d200000|
| 211|0x000000070d300000, 0x000000070d300000, 0x000000070d400000|  0%| F|  |TS  0|AC  0|TAMS 0x000000070d300000, 0x000000070d300000|
| 212|0x000000070d400000, 0x000000070d400000, 0x000000070d500000|  0%| F|  |TS  0|AC  0|TAMS 0x000000070d400000, 0x000000070d400000|
| 213|0x000000070d500000, 0x000000070d500000, 0x000000070d600000|  0%| F|  |TS  0|AC  0|TAMS 0x000000070d500000, 0x000000070d500000|
| 214|0x000000070d600000, 0x000000070d600000, 0x000000070d700000|  0%| F|  |TS  0|AC  0|TAMS 0x000000070d600000, 0x000000070d600000|
| 215|0x000000070d700000, 0x000000070d700000, 0x000000070d800000|  0%| F|  |TS  0|AC  0|TAMS 0x000000070d700000, 0x000000070d700000|
| 216|0x000000070d800000, 0x000000070d800000, 0x000000070d900000|  0%| F|  |TS  0|AC  0|TAMS 0x000000070d800000, 0x000000070d800000|
| 217|0x000000070d900000, 0x000000070d900000, 0x000000070da00000|  0%| F|  |TS  0|AC  0|TAMS 0x000000070d900000, 0x000000070d900000|
| 218|0x000000070da00000, 0x000000070da00000, 0x000000070db00000|  0%| F|  |TS  0|AC  0|TAMS 0x000000070da00000, 0x000000070da00000|
| 219|0x000000070db00000, 0x000000070db00000, 0x000000070dc00000|  0%| F|  |TS  0|AC  0|TAMS 0x000000070db00000, 0x000000070db00000|
| 220|0x000000070dc00000, 0x000000070dc00000, 0x000000070dd00000|  0%| F|  |TS  0|AC  0|TAMS 0x000000070dc00000, 0x000000070dc00000|
| 221|0x000000070dd00000, 0x000000070dd00000, 0x000000070de00000|  0%| F|  |TS  0|AC  0|TAMS 0x000000070dd00000, 0x000000070dd00000|
| 222|0x000000070de00000, 0x000000070de00000, 0x000000070df00000|  0%| F|  |TS  0|AC  0|TAMS 0x000000070de00000, 0x000000070de00000|
| 223|0x000000070df00000, 0x000000070df00000, 0x000000070e000000|  0%| F|  |TS  0|AC  0|TAMS 0x000000070df00000, 0x000000070df00000|
| 224|0x000000070e000000, 0x000000070e000000, 0x000000070e100000|  0%| F|  |TS  0|AC  0|TAMS 0x000000070e000000, 0x000000070e000000|
| 225|0x000000070e100000, 0x000000070e100000, 0x000000070e200000|  0%| F|  |TS  0|AC  0|TAMS 0x000000070e100000, 0x000000070e100000|
| 226|0x000000070e200000, 0x000000070e200000, 0x000000070e300000|  0%| F|  |TS  0|AC  0|TAMS 0x000000070e200000, 0x000000070e200000|
| 227|0x000000070e300000, 0x000000070e300000, 0x000000070e400000|  0%| F|  |TS  0|AC  0|TAMS 0x000000070e300000, 0x000000070e300000|
| 228|0x000000070e400000, 0x000000070e400000, 0x000000070e500000|  0%| F|  |TS  0|AC  0|TAMS 0x000000070e400000, 0x000000070e400000|
| 229|0x000000070e500000, 0x000000070e500000, 0x000000070e600000|  0%| F|  |TS  0|AC  0|TAMS 0x000000070e500000, 0x000000070e500000|
| 230|0x000000070e600000, 0x000000070e600000, 0x000000070e700000|  0%| F|  |TS  0|AC  0|TAMS 0x000000070e600000, 0x000000070e600000|
| 231|0x000000070e700000, 0x000000070e700000, 0x000000070e800000|  0%| F|  |TS  0|AC  0|TAMS 0x000000070e700000, 0x000000070e700000|
| 232|0x000000070e800000, 0x000000070e800000, 0x000000070e900000|  0%| F|  |TS  0|AC  0|TAMS 0x000000070e800000, 0x000000070e800000|
| 233|0x000000070e900000, 0x000000070e900000, 0x000000070ea00000|  0%| F|  |TS  0|AC  0|TAMS 0x000000070e900000, 0x000000070e900000|
| 234|0x000000070ea00000, 0x000000070ea00000, 0x000000070eb00000|  0%| F|  |TS  0|AC  0|TAMS 0x000000070ea00000, 0x000000070ea00000|
| 235|0x000000070eb00000, 0x000000070eb00000, 0x000000070ec00000|  0%| F|  |TS  0|AC  0|TAMS 0x000000070eb00000, 0x000000070eb00000|
| 236|0x000000070ec00000, 0x000000070ec00000, 0x000000070ed00000|  0%| F|  |TS  0|AC  0|TAMS 0x000000070ec00000, 0x000000070ec00000|
| 237|0x000000070ed00000, 0x000000070ed00000, 0x000000070ee00000|  0%| F|  |TS  0|AC  0|TAMS 0x000000070ed00000, 0x000000070ed00000|
| 238|0x000000070ee00000, 0x000000070ee00000, 0x000000070ef00000|  0%| F|  |TS  0|AC  0|TAMS 0x000000070ee00000, 0x000000070ee00000|
| 239|0x000000070ef00000, 0x000000070ef00000, 0x000000070f000000|  0%| F|  |TS  0|AC  0|TAMS 0x000000070ef00000, 0x000000070ef00000|
| 240|0x000000070f000000, 0x000000070f00b3f8, 0x000000070f100000|  4%| S|CS|TS  1|AC  0|TAMS 0x000000070f000000, 0x000000070f000000|
| 241|0x000000070f100000, 0x000000070f100000, 0x000000070f200000|  0%| F|  |TS  1|AC  0|TAMS 0x000000070f100000, 0x000000070f100000|
| 242|0x000000070f200000, 0x000000070f28e4c8, 0x000000070f300000| 55%| E|  |TS  1|AC  0|TAMS 0x000000070f200000, 0x000000070f200000|

Card table byte_map: [0x00000217a3680000,0x00000217a3c80000] byte_map_base: 0x000002179fe80000

Marking Bits (Prev, Next): (CMBitMap*) 0x00000217a4ec3650, (CMBitMap*) 0x00000217a4ec3688
 Prev Bits: [0x00000217be930000, 0x00000217c1930000)
 Next Bits: [0x00000217c1930000, 0x00000217c4930000)

Polling page: 0x000002179bc70000

CodeHeap 'non-profiled nmethods': size=120000Kb used=25044Kb max_used=26438Kb free=94955Kb
 bounds [0x00000217b7400000, 0x00000217b8de0000, 0x00000217be930000]
CodeHeap 'profiled nmethods': size=120000Kb used=50223Kb max_used=50426Kb free=69776Kb
 bounds [0x00000217afed0000, 0x00000217b3190000, 0x00000217b7400000]
CodeHeap 'non-nmethods': size=5760Kb used=1882Kb max_used=1938Kb free=3877Kb
 bounds [0x00000217af930000, 0x00000217afba0000, 0x00000217afed0000]
 total_blobs=40884 nmethods=20402 adapters=1256
 compilation: enabled

Compilation events (10 events):
Event: 1847.188 Thread 0x00000217a831c000 nmethod 27674 0x00000217b7e92910 code [0x00000217b7e92ac0, 0x00000217b7e92c28]
Event: 1849.218 Thread 0x00000217a831c800 27675       3       ui.views.waveform.executive.protobuf.WVNameValue$WVNode::<init> (7 bytes)
Event: 1849.218 Thread 0x00000217a831c800 nmethod 27675 0x00000217b1e78b90 code [0x00000217b1e78d40, 0x00000217b1e78ed0]
Event: 1853.660 Thread 0x00000217a86ff000 27676       4       com.jidesoft.document.c::a (692 bytes)
Event: 1853.724 Thread 0x00000217a86ff000 nmethod 27676 0x00000217b8274110 code [0x00000217b8274640, 0x00000217b8278158]
Event: 1854.296 Thread 0x00000217a86fe800 27677   !   4       ui.data.o.d.bm::<init> (449 bytes)
Event: 1854.345 Thread 0x00000217a86fe800 nmethod 27677 0x00000217b829fc10 code [0x00000217b82a0160, 0x00000217b82a2490]
Event: 1860.430 Thread 0x00000217a86ff000 27678       4       ui.data.o.b.c.a.d::<init> (169 bytes)
Event: 1860.433 Thread 0x00000217a831c000 27679       4       ui.utils.i.j.ab::q (109 bytes)
Event: 1860.444 Thread 0x00000217a831c000 nmethod 27679 0x00000217b80d1010 code [0x00000217b80d1200, 0x00000217b80d1948]

GC Heap History (10 events):
Event: 1856.363 GC heap before
{Heap before GC invocations=510 (full 203):
 garbage-first heap   total 248832K, used 133799K [0x0000000700000000, 0x0000000700100798, 0x00000007c0000000)
  region size 1024K, 2 young (2048K), 1 survivors (1024K)
 Metaspace       used 104056K, capacity 111589K, committed 111692K, reserved 1144832K
  class space    used 15180K, capacity 16467K, committed 16512K, reserved 1048576K
}
Event: 1856.666 GC heap after
{Heap after GC invocations=511 (full 204):
 garbage-first heap   total 248832K, used 129635K [0x0000000700000000, 0x0000000700100798, 0x00000007c0000000)
  region size 1024K, 0 young (0K), 0 survivors (0K)
 Metaspace       used 104056K, capacity 111589K, committed 111692K, reserved 1144832K
  class space    used 15180K, capacity 16467K, committed 16512K, reserved 1048576K
}
Event: 1858.391 GC heap before
{Heap before GC invocations=511 (full 204):
 garbage-first heap   total 248832K, used 131683K [0x0000000700000000, 0x0000000700100798, 0x00000007c0000000)
  region size 1024K, 3 young (3072K), 0 survivors (0K)
 Metaspace       used 104056K, capacity 111589K, committed 111692K, reserved 1144832K
  class space    used 15180K, capacity 16467K, committed 16512K, reserved 1048576K
}
Event: 1858.393 GC heap after
{Heap after GC invocations=512 (full 204):
 garbage-first heap   total 248832K, used 129683K [0x0000000700000000, 0x0000000700100798, 0x00000007c0000000)
  region size 1024K, 1 young (1024K), 1 survivors (1024K)
 Metaspace       used 104056K, capacity 111589K, committed 111692K, reserved 1144832K
  class space    used 15180K, capacity 16467K, committed 16512K, reserved 1048576K
}
Event: 1859.416 GC heap before
{Heap before GC invocations=513 (full 204):
 garbage-first heap   total 248832K, used 132755K [0x0000000700000000, 0x0000000700100798, 0x00000007c0000000)
  region size 1024K, 3 young (3072K), 1 survivors (1024K)
 Metaspace       used 104056K, capacity 111589K, committed 111692K, reserved 1144832K
  class space    used 15180K, capacity 16467K, committed 16512K, reserved 1048576K
}
Event: 1859.418 GC heap after
{Heap after GC invocations=514 (full 204):
 garbage-first heap   total 248832K, used 131737K [0x0000000700000000, 0x0000000700100798, 0x00000007c0000000)
  region size 1024K, 1 young (1024K), 1 survivors (1024K)
 Metaspace       used 104056K, capacity 111589K, committed 111692K, reserved 1144832K
  class space    used 15180K, capacity 16467K, committed 16512K, reserved 1048576K
}
Event: 1859.431 GC heap before
{Heap before GC invocations=514 (full 204):
 garbage-first heap   total 248832K, used 133785K [0x0000000700000000, 0x0000000700100798, 0x00000007c0000000)
  region size 1024K, 2 young (2048K), 1 survivors (1024K)
 Metaspace       used 104056K, capacity 111589K, committed 111692K, reserved 1144832K
  class space    used 15180K, capacity 16467K, committed 16512K, reserved 1048576K
}
Event: 1859.726 GC heap after
{Heap after GC invocations=515 (full 205):
 garbage-first heap   total 248832K, used 129634K [0x0000000700000000, 0x0000000700100798, 0x00000007c0000000)
  region size 1024K, 0 young (0K), 0 survivors (0K)
 Metaspace       used 104056K, capacity 111589K, committed 111692K, reserved 1144832K
  class space    used 15180K, capacity 16467K, committed 16512K, reserved 1048576K
}
Event: 1860.436 GC heap before
{Heap before GC invocations=515 (full 205):
 garbage-first heap   total 248832K, used 130658K [0x0000000700000000, 0x0000000700100798, 0x00000007c0000000)
  region size 1024K, 2 young (2048K), 0 survivors (0K)
 Metaspace       used 104056K, capacity 111589K, committed 111692K, reserved 1144832K
  class space    used 15180K, capacity 16467K, committed 16512K, reserved 1048576K
}
Event: 1860.438 GC heap after
{Heap after GC invocations=516 (full 205):
 garbage-first heap   total 248832K, used 129679K [0x0000000700000000, 0x0000000700100798, 0x00000007c0000000)
  region size 1024K, 1 young (1024K), 1 survivors (1024K)
 Metaspace       used 104056K, capacity 111589K, committed 111692K, reserved 1144832K
  class space    used 15180K, capacity 16467K, committed 16512K, reserved 1048576K
}

Deoptimization events (10 events):
Event: 1781.000 Thread 0x00000217a8321800 Uncommon trap: reason=unstable_if action=reinterpret pc=0x00000217b8995a90 method=de.javasoft.plaf.synthetica.painter.AnimationThreadFactory$AnimationThread.run()V @ 158 c2
Event: 1781.472 Thread 0x00000217c6103800 Uncommon trap: reason=unstable_if action=reinterpret pc=0x00000217b82eb260 method=java.awt.Container.findComponentAtImpl(IIZ)Ljava/awt/Component; @ 103 c2
Event: 1781.920 Thread 0x00000217a215e000 Uncommon trap: reason=class_check action=maybe_recompile pc=0x00000217b77d866c method=sun.java2d.Disposer.run()V @ 11 c2
Event: 1782.084 Thread 0x00000217c6103800 Uncommon trap: reason=unstable_if action=reinterpret pc=0x00000217b8d6b978 method=ui.views.c.x.a.fma()Lui/views/waveform/w; @ 14 c2
Event: 1782.084 Thread 0x00000217c6103800 Uncommon trap: reason=unstable_if action=reinterpret pc=0x00000217b8d2cf94 method=ui.views.c.x.a.fma()Lui/views/waveform/w; @ 14 c2
Event: 1782.084 Thread 0x00000217c6103800 Uncommon trap: reason=unstable_if action=reinterpret pc=0x00000217b7cde25c method=ui.views.c.x.a.fma()Lui/views/waveform/w; @ 14 c2
Event: 1782.292 Thread 0x00000217c6103800 Uncommon trap: reason=unstable_if action=reinterpret pc=0x00000217b8c9f954 method=ui.b.c.b.A.getMaxSelectionIndex()I @ 50 c2
Event: 1787.132 Thread 0x00000217c6103800 Uncommon trap: reason=unstable_if action=reinterpret pc=0x00000217b8d017b4 method=ui.b.c.b.p.tableChanged(Ljavax/swing/event/TableModelEvent;)V @ 35 c2
Event: 1787.132 Thread 0x00000217c6103800 Uncommon trap: reason=bimorphic_or_optimized_type_check action=maybe_recompile pc=0x00000217b8cd1718 method=com.jidesoft.grid.TableModelWrapperImpl.tableChanged(Ljavax/swing/event/TableModelEvent;)V @ 161 c2
Event: 1787.132 Thread 0x00000217c6103800 Uncommon trap: reason=unstable_if action=reinterpret pc=0x00000217b8ca987c method=com.jidesoft.grid.FilterableTableModel.c()Z @ 74 c2

Classes redefined (0 events):
No events

Internal exceptions (10 events):
Event: 1653.224 Thread 0x00000217c6103800 Implicit null exception at 0x00000217b7e14b72 to 0x00000217b7e1534e
Event: 1668.165 Thread 0x00000217c6103800 Implicit null exception at 0x00000217b77984d3 to 0x00000217b77984f1
Event: 1668.165 Thread 0x00000217c6103800 Implicit null exception at 0x00000217b78d9f53 to 0x00000217b78d9f71
Event: 1685.425 Thread 0x00000217a1f29000 Exception <a 'ui/frmwork/CommandFailedException'{0x000000070ea9ffe0}> (0x000000070ea9ffe0) thrown at [t:/workspace/hotspot/src/share/vm/prims/jni.cpp, line 604]
Event: 1737.157 Thread 0x00000217c6103800 Exception <a 'java/lang/NoSuchMethodError'{0x000000070ce31180}: java.lang.invoke.DirectMethodHandle$Holder.invokeSpecial(Ljava/lang/Object;Ljava/lang/Object;IILjava/lang/Object;ILjava/lang/Object;I)Ljava/lang/Object;> (0x000000070ce31180) thrown at [t:/wo
Event: 1737.158 Thread 0x00000217c6103800 Exception <a 'java/lang/NoSuchMethodError'{0x000000070ce34ad8}: java.lang.invoke.DelegatingMethodHandle$Holder.reinvoke_L(Ljava/lang/Object;IILjava/lang/Object;ILjava/lang/Object;I)Ljava/lang/Object;> (0x000000070ce34ad8) thrown at [t:/workspace/hotspot/s
Event: 1737.160 Thread 0x00000217c6103800 Exception <a 'java/lang/NoSuchMethodError'{0x000000070ce647c8}: method resolution failed> (0x000000070ce647c8) thrown at [t:/workspace/hotspot/src/share/vm/prims/methodHandles.cpp, line 1256]
Event: 1781.362 Thread 0x00000217c6103800 Exception <a 'java/lang/NoSuchMethodError'{0x000000070d177668}: java.lang.invoke.DirectMethodHandle$Holder.invokeStaticInit(Ljava/lang/Object;Ljava/lang/Object;)I> (0x000000070d177668) thrown at [t:/workspace/hotspot/src/share/vm/interpreter/linkResolver.
Event: 1781.472 Thread 0x00000217c6103800 Implicit null exception at 0x00000217b82eaf0c to 0x00000217b82eb253
Event: 1782.292 Thread 0x00000217c6103800 Implicit null exception at 0x00000217b8c9f0fb to 0x00000217b8c9f929

Events (10 events):
Event: 1860.452 Thread 0x00000217a8327000 flushing nmethod 0x00000217b8b4f110
Event: 1860.452 Thread 0x00000217a8327000 flushing nmethod 0x00000217b8b50310
Event: 1860.452 Thread 0x00000217a8327000 flushing nmethod 0x00000217b8b84110
Event: 1860.452 Thread 0x00000217a8327000 flushing nmethod 0x00000217b8c00810
Event: 1860.453 Thread 0x00000217a8327000 flushing nmethod 0x00000217afedfb90
Event: 1860.453 Thread 0x00000217a8327000 flushing nmethod 0x00000217aff23990
Event: 1860.453 Thread 0x00000217a8327000 flushing nmethod 0x00000217aff70c90
Event: 1860.453 Thread 0x00000217a8327000 flushing nmethod 0x00000217aff79c10
Event: 1860.453 Thread 0x00000217a8327000 flushing nmethod 0x00000217aff8bc10
Event: 1860.453 Thread 0x00000217a8327000 flushing nmethod 0x00000217affa8090


Dynamic libraries:
0x00007ff7fe8a0000 - 0x00007ff7fe8d0000 	C:\Xilinx\Vivado\2019.1\bin\unwrapped\win64.o\vivado.exe
0x00007ffb675c0000 - 0x00007ffb677c9000 	C:\WINDOWS\SYSTEM32\ntdll.dll
0x00007ffb664f0000 - 0x00007ffb665ad000 	C:\WINDOWS\System32\KERNEL32.DLL
0x00007ffb64ea0000 - 0x00007ffb6521d000 	C:\WINDOWS\System32\KERNELBASE.dll
0x00007ffb64aa0000 - 0x00007ffb64bb1000 	C:\WINDOWS\System32\ucrtbase.dll
0x00007ffb4dc70000 - 0x00007ffb4dcfe000 	C:\WINDOWS\SYSTEM32\MSVCP140.dll
0x00007ffb4dc50000 - 0x00007ffb4dc6b000 	C:\WINDOWS\SYSTEM32\VCRUNTIME140.dll
0x00007ffb4dc40000 - 0x00007ffb4dc4c000 	C:\WINDOWS\SYSTEM32\VCRUNTIME140_1.dll
0x00007ffb52f90000 - 0x00007ffb52fa4000 	C:\Xilinx\Vivado\2019.1\lib\win64.o\libboost_signals.dll
0x00007ffb52f70000 - 0x00007ffb52f84000 	C:\Xilinx\Vivado\2019.1\lib\win64.o\librdi_commonmain.dll
0x00007ffb4f560000 - 0x00007ffb4f586000 	C:\Xilinx\Vivado\2019.1\lib\win64.o\libboost_filesystem.dll
0x00007ffb66770000 - 0x00007ffb6681e000 	C:\WINDOWS\System32\ADVAPI32.dll
0x00007ffb65450000 - 0x00007ffb654f3000 	C:\WINDOWS\System32\msvcrt.dll
0x00007ffb65500000 - 0x00007ffb6559e000 	C:\WINDOWS\System32\sechost.dll
0x00007ffb65690000 - 0x00007ffb657b0000 	C:\WINDOWS\System32\RPCRT4.dll
0x00007ffb5a440000 - 0x00007ffb5a44a000 	C:\Xilinx\Vivado\2019.1\lib\win64.o\librdi_commonversion.dll
0x0000000065490000 - 0x00000000655bb000 	C:\Xilinx\Vivado\2019.1\lib\win64.o\tcl85t.dll
0x00007ffb665c0000 - 0x00007ffb6676d000 	C:\WINDOWS\System32\USER32.dll
0x00007ffb64dd0000 - 0x00007ffb64df6000 	C:\WINDOWS\System32\win32u.dll
0x00007ffb65fc0000 - 0x00007ffb65fe9000 	C:\WINDOWS\System32\GDI32.dll
0x00007ffb64bc0000 - 0x00007ffb64cd8000 	C:\WINDOWS\System32\gdi32full.dll
0x00007ffb64e00000 - 0x00007ffb64e9d000 	C:\WINDOWS\System32\msvcp_win.dll
0x00007ffb65e60000 - 0x00007ffb65ecf000 	C:\WINDOWS\System32\WS2_32.dll
0x00007ffb590c0000 - 0x00007ffb590cb000 	C:\Xilinx\Vivado\2019.1\lib\win64.o\libboost_system.dll
0x00007ffb15a10000 - 0x00007ffb15b31000 	C:\Xilinx\Vivado\2019.1\lib\win64.o\librdi_commonxillic.dll
0x00007ffadbac0000 - 0x00007ffadbd98000 	C:\Xilinx\Vivado\2019.1\lib\win64.o\libXil_lmgr11.dll
0x00007ffb655a0000 - 0x00007ffb6568c000 	C:\WINDOWS\System32\COMDLG32.dll
0x00007ffb67200000 - 0x00007ffb67579000 	C:\WINDOWS\System32\combase.dll
0x00007ffb65c90000 - 0x00007ffb65d7a000 	C:\WINDOWS\System32\shcore.dll
0x00007ffb65ed0000 - 0x00007ffb65f2d000 	C:\WINDOWS\System32\SHLWAPI.dll
0x00007ffb66870000 - 0x00007ffb67028000 	C:\WINDOWS\System32\SHELL32.dll
0x00007ffb65d80000 - 0x00007ffb65e56000 	C:\WINDOWS\System32\OLEAUT32.dll
0x00007ffb65af0000 - 0x00007ffb65c8a000 	C:\WINDOWS\System32\ole32.dll
0x00007ffb64d60000 - 0x00007ffb64dc7000 	C:\WINDOWS\System32\WINTRUST.dll
0x00007ffb652e0000 - 0x00007ffb65442000 	C:\WINDOWS\System32\CRYPT32.dll
0x00007ffb13190000 - 0x00007ffb132a4000 	C:\Xilinx\Vivado\2019.1\lib\win64.o\libboost_regex.dll
0x00007ffb639a0000 - 0x00007ffb639ba000 	C:\WINDOWS\SYSTEM32\NETAPI32.dll
0x00007ffb44840000 - 0x00007ffb448f2000 	C:\WINDOWS\WinSxS\amd64_microsoft.windows.common-controls_6595b64144ccf1df_5.82.22000.1_none_271a8fad6a2d1b1e\COMCTL32.dll
0x00007ffb53d60000 - 0x00007ffb53d69000 	C:\WINDOWS\SYSTEM32\WSOCK32.dll
0x00007ffb5b150000 - 0x00007ffb5b16e000 	C:\WINDOWS\SYSTEM32\dhcpcsvc.DLL
0x00007ffad9510000 - 0x00007ffada3f2000 	C:\Xilinx\Vivado\2019.1\lib\win64.o\librdi_common.dll
0x00007ffb4f6a0000 - 0x00007ffb4f6b4000 	C:\Xilinx\Vivado\2019.1\lib\win64.o\libboost_date_time.dll
0x00007ffb2a260000 - 0x00007ffb2a2df000 	C:\Xilinx\Vivado\2019.1\lib\win64.o\libboost_program_options.dll
0x00007ffb2c1f0000 - 0x00007ffb2c211000 	C:\Xilinx\Vivado\2019.1\lib\win64.o\libboost_thread.dll
0x00007ffadb750000 - 0x00007ffadbabe000 	C:\Xilinx\Vivado\2019.1\lib\win64.o\libCOIN-all.dll
0x00007ffb59050000 - 0x00007ffb5905f000 	C:\Xilinx\Vivado\2019.1\lib\win64.o\libboost_xilinx.dll
0x00007ffb29a50000 - 0x00007ffb29ad2000 	C:\Xilinx\Vivado\2019.1\lib\win64.o\libhdlpsolve.dll
0x00007ffaf0da0000 - 0x00007ffaf0e45000 	C:\Xilinx\Vivado\2019.1\lib\win64.o\libhdxml.dll
0x00007ffad5bf0000 - 0x00007ffad679f400 	C:\Xilinx\Vivado\2019.1\lib\win64.o\libisl_iostreams.dll
0x00007ffb2a430000 - 0x00007ffb2a45e000 	C:\Xilinx\Vivado\2019.1\lib\win64.o\libisl_sysinfo.dll
0x00007ffb2a140000 - 0x00007ffb2a1a5000 	C:\Xilinx\Vivado\2019.1\lib\win64.o\liblmx6.0.dll
0x00007ffb4eb30000 - 0x00007ffb4eb4a000 	C:\Xilinx\Vivado\2019.1\lib\win64.o\pthreadVC2.dll
0x00007ffb49960000 - 0x00007ffb4997c000 	C:\Xilinx\Vivado\2019.1\lib\win64.o\librdiconfig.dll
0x00007ffb4ae50000 - 0x00007ffb4b34a000 	C:\WINDOWS\SYSTEM32\WININET.dll
0x00007ffb5b640000 - 0x00007ffb5b74c000 	C:\WINDOWS\SYSTEM32\WINHTTP.dll
0x00007ffb59530000 - 0x00007ffb5971f000 	C:\WINDOWS\SYSTEM32\urlmon.dll
0x00007ffb2a400000 - 0x00007ffb2a421000 	C:\Xilinx\Vivado\2019.1\lib\win64.o\librdizlib.dll
0x00007ffb29ea0000 - 0x00007ffb29ed1000 	C:\WINDOWS\SYSTEM32\VCOMP140.DLL
0x00007ffb54620000 - 0x00007ffb5462d000 	C:\Xilinx\Vivado\2019.1\lib\win64.o\libboost_chrono.dll
0x00007ffb37ff0000 - 0x00007ffb3800b000 	C:\Xilinx\Vivado\2019.1\lib\win64.o\libboost_iostreams.dll
0x00007ffb59240000 - 0x00007ffb594f3000 	C:\WINDOWS\SYSTEM32\iertutil.dll
0x00007ffb59500000 - 0x00007ffb59528000 	C:\WINDOWS\SYSTEM32\srvcli.dll
0x00007ffb63950000 - 0x00007ffb6395c000 	C:\WINDOWS\SYSTEM32\netutils.dll
0x00007ffb25020000 - 0x00007ffb25045000 	C:\Xilinx\Vivado\2019.1\lib\win64.o\libisl_iosutils.dll
0x00007ffad4d50000 - 0x00007ffad5be1000 	C:\Xilinx\Vivado\2019.1\lib\win64.o\gurobi65.dll
0x0000000012000000 - 0x0000000012270000 	C:\Xilinx\Vivado\2019.1\lib\win64.o\xerces-c_3_1.dll
0x00007ffb66820000 - 0x00007ffb66851000 	C:\WINDOWS\System32\IMM32.DLL
0x00007ffb64360000 - 0x00007ffb64372000 	C:\WINDOWS\SYSTEM32\MSASN1.dll
0x00007ffb63c90000 - 0x00007ffb63ca8000 	C:\WINDOWS\SYSTEM32\kernel.appcore.dll
0x00007ffad7e80000 - 0x00007ffad8397000 	C:\Xilinx\Vivado\2019.1\lib\win64.o\librdi_commontasks.dll
0x00007ffb63960000 - 0x00007ffb6396a000 	C:\WINDOWS\SYSTEM32\VERSION.dll
0x00007ffad9280000 - 0x00007ffad9506000 	C:\Xilinx\Vivado\2019.1\lib\win64.o\librdi_sio.dll
0x00007ffb63540000 - 0x00007ffb6356d000 	C:\WINDOWS\SYSTEM32\IPHLPAPI.DLL
0x0000000062a00000 - 0x0000000063425000 	C:\Xilinx\Vivado\2019.1\tps\win64\jre9.0.4\bin\server\jvm.dll
0x00007ffb66860000 - 0x00007ffb66868000 	C:\WINDOWS\System32\PSAPI.DLL
0x00007ffb59010000 - 0x00007ffb59043000 	C:\WINDOWS\SYSTEM32\WINMM.dll
0x00007ffaf0990000 - 0x00007ffaf0a7f000 	C:\WINDOWS\SYSTEM32\MSVCR120.dll
0x00007ffb640c0000 - 0x00007ffb64127000 	C:\WINDOWS\SYSTEM32\MSWSOCK.DLL
0x00007ffb62a20000 - 0x00007ffb63288000 	C:\WINDOWS\SYSTEM32\windows.storage.dll
0x00007ffb628b0000 - 0x00007ffb62a16000 	C:\WINDOWS\SYSTEM32\wintypes.dll
0x00007ffac9ac0000 - 0x00007ffacbf7c000 	C:\Xilinx\Vivado\2019.1\lib\win64.o\librdi_tcltasks.dll
0x00007ffb15670000 - 0x00007ffb156e8000 	C:\Xilinx\Vivado\2019.1\lib\win64.o\librdi_boarddep.dll
0x00007ffad4940000 - 0x00007ffad4d48000 	C:\Xilinx\Vivado\2019.1\lib\win64.o\librdi_bitstream.dll
0x00007ffad90e0000 - 0x00007ffad9271000 	C:\Xilinx\Vivado\2019.1\lib\win64.o\librdi_board.dll
0x00007ffaee690000 - 0x00007ffaee77b000 	C:\Xilinx\Vivado\2019.1\lib\win64.o\librdi_chipscope.dll
0x00007ffad8590000 - 0x00007ffad874d000 	C:\Xilinx\Vivado\2019.1\lib\win64.o\librdi_chipscopeimpl.dll
0x00007ffaebd60000 - 0x00007ffaebeb6000 	C:\Xilinx\Vivado\2019.1\lib\win64.o\librdi_containers.dll
0x00007ffac5a70000 - 0x00007ffac9ab3000 	C:\Xilinx\Vivado\2019.1\lib\win64.o\librdi_designutils.dll
0x00007ffac2da0000 - 0x00007ffac478a000 	C:\Xilinx\Vivado\2019.1\lib\win64.o\librdi_constraints.dll
0x00007ffad7b60000 - 0x00007ffad7e7e000 	C:\Xilinx\Vivado\2019.1\lib\win64.o\librdi_dlyest.dll
0x00007ffad43a0000 - 0x00007ffad493a000 	C:\Xilinx\Vivado\2019.1\lib\win64.o\librdi_drc.dll
0x00007ffab9e60000 - 0x00007ffabbd11000 	C:\Xilinx\Vivado\2019.1\lib\win64.o\librdi_coregen.dll
0x00007ffaebb40000 - 0x00007ffaebc04000 	C:\Xilinx\Vivado\2019.1\lib\win64.o\librdi_dsp.dll
0x00007ffad09d0000 - 0x00007ffad10aa000 	C:\Xilinx\Vivado\2019.1\lib\win64.o\librdi_coregenipxact.dll
0x00007ffb24340000 - 0x00007ffb243a5000 	C:\Xilinx\Vivado\2019.1\lib\win64.o\librdi_hdf.dll
0x00007ffad40b0000 - 0x00007ffad4393000 	C:\Xilinx\Vivado\2019.1\lib\win64.o\librdi_guitools.dll
0x00007ffad0380000 - 0x00007ffad09cd000 	C:\Xilinx\Vivado\2019.1\lib\win64.o\librdi_filemgmt.dll
0x00007ffac5450000 - 0x00007ffac5a65000 	C:\Xilinx\Vivado\2019.1\lib\win64.o\librdi_memdata.dll
0x00007ffab88a0000 - 0x00007ffab9e60000 	C:\Xilinx\Vivado\2019.1\lib\win64.o\librdi_implflow.dll
0x00007ffb11060000 - 0x00007ffb110d3000 	C:\Xilinx\Vivado\2019.1\lib\win64.o\librdi_memoryarray.dll
0x00007ffa495a0000 - 0x00007ffa5b9cc000 	C:\Xilinx\Vivado\2019.1\lib\win64.o\librdi_device.dll
0x00007ffb15fa0000 - 0x00007ffb15feb000 	C:\Xilinx\Vivado\2019.1\lib\win64.o\librdi_pfi.dll
0x00007ffac4da0000 - 0x00007ffac5442000 	C:\Xilinx\Vivado\2019.1\lib\win64.o\librdi_netlist.dll
0x00007ffab2b00000 - 0x00007ffab57e6000 	C:\Xilinx\Vivado\2019.1\lib\win64.o\librdi_mig.dll
0x00007ffac2650000 - 0x00007ffac2d9a000 	C:\Xilinx\Vivado\2019.1\lib\win64.o\librdi_power.dll
0x00007ffad0070000 - 0x00007ffad037f000 	C:\Xilinx\Vivado\2019.1\lib\win64.o\librdi_platform.dll
0x00007ffac20d0000 - 0x00007ffac264f000 	C:\Xilinx\Vivado\2019.1\lib\win64.o\librdi_project.dll
0x00007ffac11c0000 - 0x00007ffac18c6000 	C:\Xilinx\Vivado\2019.1\lib\win64.o\librdi_rsb.dll
0x00007ffac0ab0000 - 0x00007ffac11b9000 	C:\Xilinx\Vivado\2019.1\lib\win64.o\librdi_psta.dll
0x00007ffab0480000 - 0x00007ffab2af6000 	C:\Xilinx\Vivado\2019.1\lib\win64.o\librdi_place.dll
0x00007ffac4b40000 - 0x00007ffac4d96000 	C:\Xilinx\Vivado\2019.1\lib\win64.o\librdi_simdata.dll
0x00007ffac06b0000 - 0x00007ffac0aa1000 	C:\Xilinx\Vivado\2019.1\lib\win64.o\librdi_runs.dll
0x00007ffae02b0000 - 0x00007ffae03aa000 	C:\Xilinx\Vivado\2019.1\lib\win64.o\librdi_runsbase.dll
0x00007ffb14950000 - 0x00007ffb1499c000 	C:\Xilinx\Vivado\2019.1\lib\win64.o\libboost_serialization.dll
0x00007ffab7a80000 - 0x00007ffab8891000 	C:\Xilinx\Vivado\2019.1\lib\win64.o\librdi_timing.dll
0x00007ffad8410000 - 0x00007ffad8582000 	C:\Xilinx\Vivado\2019.1\lib\win64.o\librdi_advchipscopeimpl.dll
0x00007ffb14640000 - 0x00007ffb14683000 	C:\Xilinx\Vivado\2019.1\lib\win64.o\librdi_noc_frameworks.dll
0x00007ffac49a0000 - 0x00007ffac4b3f000 	C:\Xilinx\Vivado\2019.1\lib\win64.o\librdi_hip_devdesign.dll
0x00007ffab7690000 - 0x00007ffab7a75000 	C:\Xilinx\Vivado\2019.1\lib\win64.o\librdi_hip_config.dll
0x00007ffab7140000 - 0x00007ffab768e000 	C:\Xilinx\Vivado\2019.1\lib\win64.o\librdi_xdm.dll
0x00007ffac48d0000 - 0x00007ffac4992000 	C:\Xilinx\Vivado\2019.1\lib\win64.o\librdi_ipconfig_readwrite.dll
0x00007ffaed080000 - 0x00007ffaed11e000 	C:\Xilinx\Vivado\2019.1\lib\win64.o\libise.dll
0x00007ffb24fe0000 - 0x00007ffb25020000 	C:\Xilinx\Vivado\2019.1\lib\win64.o\librdi_wavedata_SimpleApi.dll
0x00007ffaaf930000 - 0x00007ffab0477000 	C:\Xilinx\Vivado\2019.1\lib\win64.o\libverific.dll
0x00007ffb23390000 - 0x00007ffb233cf000 	C:\Xilinx\Vivado\2019.1\lib\win64.o\librdi_schedmon.dll
0x00007ffa68c20000 - 0x00007ffa69dad000 	C:\Xilinx\Vivado\2019.1\lib\win64.o\librdi_route.dll
0x00007ffa69db0000 - 0x00007ffa6bd7d000 	C:\Xilinx\Vivado\2019.1\lib\win64.o\librdi_synth.dll
0x00007ffac1e70000 - 0x00007ffac20c9000 	C:\Xilinx\Vivado\2019.1\lib\win64.o\librdi_hsm.dll

VM Arguments:
jvm_args: -Dsun.java2d.pmoffscreen=false -Dsun.java2d.xrender=false -Dsun.java2d.d3d=false -Dsun.awt.nopixfmt=true -Dsun.java2d.dpiaware=true -Dsun.java2d.uiScale.enabled=false -Xverify:none -Dswing.aatext=true -XX:-UsePerfData -Djdk.map.althashing.threshold=512 -XX:StringTableSize=4072 --add-opens=java.base/java.nio=ALL-UNNAMED --add-opens=java.desktop/sun.swing=ALL-UNNAMED --add-opens=java.desktop/javax.swing=ALL-UNNAMED --add-opens=java.desktop/javax.swing.tree=ALL-UNNAMED --add-opens=java.desktop/javax.swing.plaf.basic=ALL-UNNAMED --add-opens=java.desktop/javax.swing.plaf.synth=ALL-UNNAMED --add-opens=java.desktop/com.sun.awt=ALL-UNNAMED -XX:NewSize=60m -XX:MaxNewSize=60m -Xms128m -Xmx3072m -Xss5m 
java_command: <unknown>
java_class_path (initial): C:/Xilinx/Vivado/2019.1\lib\classes\alloy.jar;C:/Xilinx/Vivado/2019.1\lib\classes\autopilot.scelaborator.jar;C:/Xilinx/Vivado/2019.1\lib\classes\autopilot.sourceprocessor.jar;C:/Xilinx/Vivado/2019.1\lib\classes\autopilot.tbprocessor.jar;C:/Xilinx/Vivado/2019.1\lib\classes\batik-anim.jar;C:/Xilinx/Vivado/2019.1\lib\classes\batik-awt-util.jar;C:/Xilinx/Vivado/2019.1\lib\classes\batik-bridge.jar;C:/Xilinx/Vivado/2019.1\lib\classes\batik-codec.jar;C:/Xilinx/Vivado/2019.1\lib\classes\batik-css.jar;C:/Xilinx/Vivado/2019.1\lib\classes\batik-dom.jar;C:/Xilinx/Vivado/2019.1\lib\classes\batik-ext.jar;C:/Xilinx/Vivado/2019.1\lib\classes\batik-gui-util.jar;C:/Xilinx/Vivado/2019.1\lib\classes\batik-gvt.jar;C:/Xilinx/Vivado/2019.1\lib\classes\batik-parser.jar;C:/Xilinx/Vivado/2019.1\lib\classes\batik-script.jar;C:/Xilinx/Vivado/2019.1\lib\classes\batik-svg-dom.jar;C:/Xilinx/Vivado/2019.1\lib\classes\batik-swing.jar;C:/Xilinx/Vivado/2019.1\lib\classes\batik-transcoder.jar;C:/Xilinx/Vivado/2019.1\lib\classes\batik-util.jar;C:/Xilinx/Vivado/2019.1\lib\classes\batik-xml.jar;C:/Xilinx/Vivado/2019.1\lib\classes\com.google.gson_2.7.0.v20170129-0911.jar;C:/Xilinx/Vivado/2019.1\lib\classes\com.google.guava_21.0.0.v20170206-1425.jar;C:/Xilinx/Vivado/2019.1\lib\classes\com.google.inject_3.0.0.v201605172100.jar;C:/Xilinx/Vivado/2019.1\lib\classes\com.ibm.icu_4.4.2.v20110208.jar;C:/Xilinx/Vivado/2019.1\lib\classes\com.sigasi.hdt.annotations.runtime_4.3.0.201903071210.jar;C:/Xilinx/Vivado/2019.1\lib\classes\com.sigasi.hdt.blockdiagram.model_4.3.0.201903071210.jar;C:/Xilinx/Vivado/2019.1\lib\classes\com.sigasi.hdt.connection_4.3.0.201903071210.jar;C:/Xilinx/Vivado/2019.1\lib\classes\com.sigasi.hdt.dependencies.model_4.3.0.201903071210.jar;C:/Xilinx/Vivado/2019.1\lib\classes\com.sigasi.hdt.epl_4.3.0.201903071210.jar;C:/Xilinx/Vivado/2019.1\lib\classes\com.sigasi.hdt.graphics.model_4.3.0.201903071210.jar;C:/Xilinx/Vivado/2019.1\lib\classes\com.sigasi.hdt.project_4.3.0
Launcher Type: generic

Logging:
Log output configuration:
#0: stdout all=warning uptime,level,tags
#1: stderr all=off uptime,level,tags

Environment Variables:
PATH=C:/Xilinx/Vivado/2019.1/bin;C:/Xilinx/Vivado/2019.1/lib/win64.o;C:/Xilinx/Vivado/2019.1/tps/win64/jre9.0.4/bin/server;C:/Xilinx/Vivado/2019.1/tps/win64/jre9.0.4/bin;C:/Xilinx/Vivado/2019.1/ids_lite/ISE/bin/nt64;C:/Xilinx/Vivado/2019.1/ids_lite/ISE/lib/nt64;C:\Program Files (x86)\Common Files\Oracle\Java\javapath;C:\Windows\system32;C:\Windows;C:\Windows\System32\Wbem;C:\Windows\System32\WindowsPowerShell\v1.0\;C:\Windows\System32\OpenSSH\;C:\Program Files (x86)\NVIDIA Corporation\PhysX\Common;C:\Program Files\NVIDIA Corporation\NVIDIA NvDLISR;C:\Program Files (x86)\dotnet\;C:\Program Files\dotnet\;C:\Program Files\Git\cmd;C:\Users\Gollo\AppData\Local\Microsoft\WindowsApps;C:\Users\Gollo\AppData\Local\gitkraken\bin;C:/Xilinx/Vivado/2019.1\tps\mingw\6.2.0\win64.o\nt\bin;C:/Xilinx/Vivado/2019.1\tps\mingw\6.2.0\win64.o\nt\libexec\gcc\x86_64-w64-mingw32\6.2.0;C:/Xilinx/Vivado/2019.1\tps\win64\python-2.7.5;C:/Xilinx/Vivado/2019.1\tps\win64\python-2.7.5\lib;C:/Xilinx/Vivado/2019.1\tps\win64\python-2.7.5\Lib\lib-tk;C:/Xilinx/Vivado/2019.1\tps\win64\python-2.7.5\lib\site-packages
USERNAME=Gollo
OS=Windows_NT
PROCESSOR_IDENTIFIER=Intel64 Family 6 Model 165 Stepping 2, GenuineIntel



---------------  S Y S T E M  ---------------

OS: Windows 10 , 64 bit Build 22000 (10.0.22000.708)

CPU:total 8 (initial active 8) (4 cores per cpu, 2 threads per core) family 6 model 165 stepping 2, cmov, cx8, fxsr, mmx, sse, sse2, sse3, ssse3, sse4.1, sse4.2, popcnt, avx, avx2, aes, clmul, erms, 3dnowpref, lzcnt, ht, tsc, tscinvbit, bmi1, bmi2, adx, fma

Memory: 4k page, physical 8177348k(2389892k free), swap 24946656k(2753716k free)

vm_info: Java HotSpot(TM) 64-Bit Server VM (9.0.4+11) for windows-amd64 JRE (9.0.4+11), built on Dec 20 2017 02:18:54 by "mach5one" with MS VC++ 12.0 (VS2013)

END.
