
*** Running vivado
    with args -log top_module_7seg_v2.vds -m64 -product Vivado -mode batch -messageDb vivado.pb -notrace -source top_module_7seg_v2.tcl


****** Vivado v2019.1 (64-bit)
  **** SW Build 2552052 on Fri May 24 14:49:42 MDT 2019
  **** IP Build 2548770 on Fri May 24 18:01:18 MDT 2019
    ** Copyright 1986-2019 Xilinx, Inc. All Rights Reserved.

source top_module_7seg_v2.tcl -notrace
Command: synth_design -top top_module_7seg_v2 -part xc7a100tcsg324-1
Starting synth_design
Attempting to get a license for feature 'Synthesis' and/or device 'xc7a100t'
INFO: [Common 17-349] Got license for feature 'Synthesis' and/or device 'xc7a100t'
INFO: [Device 21-403] Loading part xc7a100tcsg324-1
INFO: Launching helper process for spawning children vivado processes
INFO: Helper process launched with PID 1800 
---------------------------------------------------------------------------------
Starting RTL Elaboration : Time (s): cpu = 00:00:04 ; elapsed = 00:00:04 . Memory (MB): peak = 701.125 ; gain = 177.449
---------------------------------------------------------------------------------
INFO: [Synth 8-6157] synthesizing module 'top_module_7seg_v2' [C:/TDD/lab02-g03/Ejercicios/Ejercicio4/top_module_7seg_v2.sv:23]
	Parameter NUM_BITS bound to: 32 - type: integer 
	Parameter COUNT_CATODO bound to: 20000000 - type: integer 
	Parameter BITS_CATODO bound to: 25 - type: integer 
	Parameter COUNT_ANODO bound to: 10000 - type: integer 
	Parameter BITS_ANODO bound to: 14 - type: integer 
INFO: [Synth 8-6157] synthesizing module 'WCLK' [C:/TDD/lab02-g03/Ejercicios/Proyectos/Ejercicio4/vivido_project.runs/synth_1/.Xil/Vivado-12208-DESKTOP-07VUEC3/realtime/WCLK_stub.v:5]
INFO: [Synth 8-6155] done synthesizing module 'WCLK' (1#1) [C:/TDD/lab02-g03/Ejercicios/Proyectos/Ejercicio4/vivido_project.runs/synth_1/.Xil/Vivado-12208-DESKTOP-07VUEC3/realtime/WCLK_stub.v:5]
INFO: [Synth 8-6157] synthesizing module 'module_clock_divider' [C:/TDD/lab02-g03/Ejercicios/Compartido/module_clock_divider.sv:23]
	Parameter COUNT_CATODO bound to: 20000000 - type: integer 
	Parameter BITS_CATODO bound to: 25 - type: integer 
INFO: [Synth 8-6155] done synthesizing module 'module_clock_divider' (2#1) [C:/TDD/lab02-g03/Ejercicios/Compartido/module_clock_divider.sv:23]
INFO: [Synth 8-6157] synthesizing module 'module_pseudo_random' [C:/TDD/lab02-g03/Ejercicios/Ejercicio4/module_pseudo_random.sv:28]
	Parameter NUM_BITS bound to: 32 - type: integer 
INFO: [Synth 8-6155] done synthesizing module 'module_pseudo_random' (3#1) [C:/TDD/lab02-g03/Ejercicios/Ejercicio4/module_pseudo_random.sv:28]
INFO: [Synth 8-6157] synthesizing module 'module_register_pp' [C:/TDD/lab02-g03/Ejercicios/Ejercicio4/module_register_pp.sv:23]
INFO: [Synth 8-226] default block is never used [C:/TDD/lab02-g03/Ejercicios/Ejercicio4/module_register_pp.sv:42]
INFO: [Synth 8-6155] done synthesizing module 'module_register_pp' (4#1) [C:/TDD/lab02-g03/Ejercicios/Ejercicio4/module_register_pp.sv:23]
INFO: [Synth 8-6157] synthesizing module 'module_seg7_control' [C:/TDD/lab02-g03/Ejercicios/Compartido/module_seg7_control.sv:23]
	Parameter COUNT_ANODO bound to: 10000 - type: integer 
	Parameter BITS_ANODO bound to: 14 - type: integer 
INFO: [Synth 8-6155] done synthesizing module 'module_seg7_control' (5#1) [C:/TDD/lab02-g03/Ejercicios/Compartido/module_seg7_control.sv:23]
INFO: [Synth 8-6155] done synthesizing module 'top_module_7seg_v2' (6#1) [C:/TDD/lab02-g03/Ejercicios/Ejercicio4/top_module_7seg_v2.sv:23]
---------------------------------------------------------------------------------
Finished RTL Elaboration : Time (s): cpu = 00:00:05 ; elapsed = 00:00:06 . Memory (MB): peak = 765.375 ; gain = 241.699
---------------------------------------------------------------------------------

Report Check Netlist: 
+------+------------------+-------+---------+-------+------------------+
|      |Item              |Errors |Warnings |Status |Description       |
+------+------------------+-------+---------+-------+------------------+
|1     |multi_driven_nets |      0|        0|Passed |Multi driven nets |
+------+------------------+-------+---------+-------+------------------+
---------------------------------------------------------------------------------
Start Handling Custom Attributes
---------------------------------------------------------------------------------
---------------------------------------------------------------------------------
Finished Handling Custom Attributes : Time (s): cpu = 00:00:05 ; elapsed = 00:00:06 . Memory (MB): peak = 765.375 ; gain = 241.699
---------------------------------------------------------------------------------
---------------------------------------------------------------------------------
Finished RTL Optimization Phase 1 : Time (s): cpu = 00:00:05 ; elapsed = 00:00:06 . Memory (MB): peak = 765.375 ; gain = 241.699
---------------------------------------------------------------------------------
INFO: [Project 1-570] Preparing netlist for logic optimization

Processing XDC Constraints
Initializing timing engine
Parsing XDC File [c:/TDD/lab02-g03/Ejercicios/Compartido/xci/WCLK/WCLK/WCLK_in_context.xdc] for cell 'generate_clock_10Mhz'
Finished Parsing XDC File [c:/TDD/lab02-g03/Ejercicios/Compartido/xci/WCLK/WCLK/WCLK_in_context.xdc] for cell 'generate_clock_10Mhz'
Parsing XDC File [C:/TDD/lab02-g03/Ejercicios/Constraints/contraints_7seg_v2.xdc]
WARNING: [Vivado 12-508] No pins matched 'generate_clock_10Mhz/clk_10Mhz'. [C:/TDD/lab02-g03/Ejercicios/Constraints/contraints_7seg_v2.xdc:724]
WARNING: [Vivado 12-627] No clocks matched 'pllclk'. [C:/TDD/lab02-g03/Ejercicios/Constraints/contraints_7seg_v2.xdc:725]
INFO: [Vivado 12-626] No clocks found. Please use 'create_clock' or 'create_generated_clock' command to create clocks. [C:/TDD/lab02-g03/Ejercicios/Constraints/contraints_7seg_v2.xdc:725]
Finished Parsing XDC File [C:/TDD/lab02-g03/Ejercicios/Constraints/contraints_7seg_v2.xdc]
WARNING: [Project 1-498] One or more constraints failed evaluation while reading constraint file [C:/TDD/lab02-g03/Ejercicios/Constraints/contraints_7seg_v2.xdc] and the design contains unresolved black boxes. These constraints will be read post-synthesis (as long as their source constraint file is marked as used_in_implementation) and should be applied correctly then. You should review the constraints listed in the file [.Xil/top_module_7seg_v2_propImpl.xdc] and check the run log file to verify that these constraints were correctly applied.
INFO: [Project 1-236] Implementation specific constraints were found while reading constraint file [C:/TDD/lab02-g03/Ejercicios/Constraints/contraints_7seg_v2.xdc]. These constraints will be ignored for synthesis but will be used in implementation. Impacted constraints are listed in the file [.Xil/top_module_7seg_v2_propImpl.xdc].
Resolution: To avoid this warning, move constraints listed in [.Xil/top_module_7seg_v2_propImpl.xdc] to another XDC file and exclude this new file from synthesis with the used_in_synthesis property (File Properties dialog in GUI) and re-run elaboration/synthesis.
Parsing XDC File [C:/TDD/lab02-g03/Ejercicios/Proyectos/Ejercicio4/vivido_project.runs/synth_1/dont_touch.xdc]
Finished Parsing XDC File [C:/TDD/lab02-g03/Ejercicios/Proyectos/Ejercicio4/vivido_project.runs/synth_1/dont_touch.xdc]
Completed Processing XDC Constraints

Netlist sorting complete. Time (s): cpu = 00:00:00 ; elapsed = 00:00:00.001 . Memory (MB): peak = 893.129 ; gain = 0.000
INFO: [Project 1-111] Unisim Transformation Summary:
No Unisim elements were transformed.

Constraint Validation Runtime : Time (s): cpu = 00:00:00 ; elapsed = 00:00:00.005 . Memory (MB): peak = 893.129 ; gain = 0.000
---------------------------------------------------------------------------------
Finished Constraint Validation : Time (s): cpu = 00:00:12 ; elapsed = 00:00:13 . Memory (MB): peak = 893.129 ; gain = 369.453
---------------------------------------------------------------------------------
---------------------------------------------------------------------------------
Start Loading Part and Timing Information
---------------------------------------------------------------------------------
Loading part: xc7a100tcsg324-1
---------------------------------------------------------------------------------
Finished Loading Part and Timing Information : Time (s): cpu = 00:00:12 ; elapsed = 00:00:13 . Memory (MB): peak = 893.129 ; gain = 369.453
---------------------------------------------------------------------------------
---------------------------------------------------------------------------------
Start Applying 'set_property' XDC Constraints
---------------------------------------------------------------------------------
Applied set_property IO_BUFFER_TYPE = NONE for clk_100Mhz_pi. (constraint file  c:/TDD/lab02-g03/Ejercicios/Compartido/xci/WCLK/WCLK/WCLK_in_context.xdc, line 3).
Applied set_property CLOCK_BUFFER_TYPE = NONE for clk_100Mhz_pi. (constraint file  c:/TDD/lab02-g03/Ejercicios/Compartido/xci/WCLK/WCLK/WCLK_in_context.xdc, line 4).
Applied set_property DONT_TOUCH = true for generate_clock_10Mhz. (constraint file  auto generated constraint, line ).
---------------------------------------------------------------------------------
Finished applying 'set_property' XDC Constraints : Time (s): cpu = 00:00:12 ; elapsed = 00:00:13 . Memory (MB): peak = 893.129 ; gain = 369.453
---------------------------------------------------------------------------------
---------------------------------------------------------------------------------
Finished RTL Optimization Phase 2 : Time (s): cpu = 00:00:13 ; elapsed = 00:00:14 . Memory (MB): peak = 893.129 ; gain = 369.453
---------------------------------------------------------------------------------

Report RTL Partitions: 
+-+--------------+------------+----------+
| |RTL Partition |Replication |Instances |
+-+--------------+------------+----------+
+-+--------------+------------+----------+
---------------------------------------------------------------------------------
Start RTL Component Statistics 
---------------------------------------------------------------------------------
Detailed RTL Component Info : 
+---Adders : 
	   2 Input     25 Bit       Adders := 1     
	   2 Input     14 Bit       Adders := 1     
	   2 Input      3 Bit       Adders := 1     
+---XORs : 
	   4 Input      1 Bit         XORs := 1     
+---Registers : 
	               32 Bit    Registers := 2     
	               25 Bit    Registers := 1     
	               14 Bit    Registers := 1     
	                3 Bit    Registers := 1     
	                1 Bit    Registers := 1     
+---Muxes : 
	   2 Input     14 Bit        Muxes := 1     
	   8 Input      8 Bit        Muxes := 1     
	   2 Input      1 Bit        Muxes := 1     
---------------------------------------------------------------------------------
Finished RTL Component Statistics 
---------------------------------------------------------------------------------
---------------------------------------------------------------------------------
Start RTL Hierarchical Component Statistics 
---------------------------------------------------------------------------------
Hierarchical RTL Component report 
Module module_clock_divider 
Detailed RTL Component Info : 
+---Adders : 
	   2 Input     25 Bit       Adders := 1     
+---Registers : 
	               25 Bit    Registers := 1     
	                1 Bit    Registers := 1     
Module module_pseudo_random 
Detailed RTL Component Info : 
+---XORs : 
	   4 Input      1 Bit         XORs := 1     
+---Registers : 
	               32 Bit    Registers := 1     
Module module_register_pp 
Detailed RTL Component Info : 
+---Registers : 
	               32 Bit    Registers := 1     
+---Muxes : 
	   2 Input      1 Bit        Muxes := 1     
Module module_seg7_control 
Detailed RTL Component Info : 
+---Adders : 
	   2 Input     14 Bit       Adders := 1     
	   2 Input      3 Bit       Adders := 1     
+---Registers : 
	               14 Bit    Registers := 1     
	                3 Bit    Registers := 1     
+---Muxes : 
	   2 Input     14 Bit        Muxes := 1     
	   8 Input      8 Bit        Muxes := 1     
---------------------------------------------------------------------------------
Finished RTL Hierarchical Component Statistics
---------------------------------------------------------------------------------
---------------------------------------------------------------------------------
Start Part Resource Summary
---------------------------------------------------------------------------------
Part Resources:
DSPs: 240 (col length:80)
BRAMs: 270 (col length: RAMB18 80 RAMB36 40)
---------------------------------------------------------------------------------
Finished Part Resource Summary
---------------------------------------------------------------------------------
---------------------------------------------------------------------------------
Start Cross Boundary and Area Optimization
---------------------------------------------------------------------------------
Warning: Parallel synthesis criteria is not met 
---------------------------------------------------------------------------------
Finished Cross Boundary and Area Optimization : Time (s): cpu = 00:00:15 ; elapsed = 00:00:17 . Memory (MB): peak = 893.129 ; gain = 369.453
---------------------------------------------------------------------------------

Report RTL Partitions: 
+-+--------------+------------+----------+
| |RTL Partition |Replication |Instances |
+-+--------------+------------+----------+
+-+--------------+------------+----------+
---------------------------------------------------------------------------------
Start Applying XDC Timing Constraints
---------------------------------------------------------------------------------
INFO: [Synth 8-5578] Moved timing constraint from pin 'generate_clock_10Mhz/CLK_10MHZ' to pin 'generate_clock_10Mhz/bbstub_CLK_10MHZ/O'
INFO: [Synth 8-5819] Moved 1 constraints on hierarchical pins to their respective driving/loading pins
---------------------------------------------------------------------------------
Finished Applying XDC Timing Constraints : Time (s): cpu = 00:00:24 ; elapsed = 00:00:25 . Memory (MB): peak = 893.129 ; gain = 369.453
---------------------------------------------------------------------------------
---------------------------------------------------------------------------------
Start Timing Optimization
---------------------------------------------------------------------------------
---------------------------------------------------------------------------------
Finished Timing Optimization : Time (s): cpu = 00:00:24 ; elapsed = 00:00:26 . Memory (MB): peak = 893.129 ; gain = 369.453
---------------------------------------------------------------------------------

Report RTL Partitions: 
+-+--------------+------------+----------+
| |RTL Partition |Replication |Instances |
+-+--------------+------------+----------+
+-+--------------+------------+----------+
---------------------------------------------------------------------------------
Start Technology Mapping
---------------------------------------------------------------------------------
---------------------------------------------------------------------------------
Finished Technology Mapping : Time (s): cpu = 00:00:24 ; elapsed = 00:00:26 . Memory (MB): peak = 893.129 ; gain = 369.453
---------------------------------------------------------------------------------

Report RTL Partitions: 
+-+--------------+------------+----------+
| |RTL Partition |Replication |Instances |
+-+--------------+------------+----------+
+-+--------------+------------+----------+
---------------------------------------------------------------------------------
Start IO Insertion
---------------------------------------------------------------------------------
---------------------------------------------------------------------------------
Start Flattening Before IO Insertion
---------------------------------------------------------------------------------
---------------------------------------------------------------------------------
Finished Flattening Before IO Insertion
---------------------------------------------------------------------------------
---------------------------------------------------------------------------------
Start Final Netlist Cleanup
---------------------------------------------------------------------------------
---------------------------------------------------------------------------------
Finished Final Netlist Cleanup
---------------------------------------------------------------------------------
---------------------------------------------------------------------------------
Finished IO Insertion : Time (s): cpu = 00:00:27 ; elapsed = 00:00:28 . Memory (MB): peak = 893.129 ; gain = 369.453
---------------------------------------------------------------------------------

Report Check Netlist: 
+------+------------------+-------+---------+-------+------------------+
|      |Item              |Errors |Warnings |Status |Description       |
+------+------------------+-------+---------+-------+------------------+
|1     |multi_driven_nets |      0|        0|Passed |Multi driven nets |
+------+------------------+-------+---------+-------+------------------+
---------------------------------------------------------------------------------
Start Renaming Generated Instances
---------------------------------------------------------------------------------
---------------------------------------------------------------------------------
Finished Renaming Generated Instances : Time (s): cpu = 00:00:27 ; elapsed = 00:00:28 . Memory (MB): peak = 893.129 ; gain = 369.453
---------------------------------------------------------------------------------

Report RTL Partitions: 
+-+--------------+------------+----------+
| |RTL Partition |Replication |Instances |
+-+--------------+------------+----------+
+-+--------------+------------+----------+
---------------------------------------------------------------------------------
Start Rebuilding User Hierarchy
---------------------------------------------------------------------------------
---------------------------------------------------------------------------------
Finished Rebuilding User Hierarchy : Time (s): cpu = 00:00:27 ; elapsed = 00:00:28 . Memory (MB): peak = 893.129 ; gain = 369.453
---------------------------------------------------------------------------------
---------------------------------------------------------------------------------
Start Renaming Generated Ports
---------------------------------------------------------------------------------
---------------------------------------------------------------------------------
Finished Renaming Generated Ports : Time (s): cpu = 00:00:27 ; elapsed = 00:00:28 . Memory (MB): peak = 893.129 ; gain = 369.453
---------------------------------------------------------------------------------
---------------------------------------------------------------------------------
Start Handling Custom Attributes
---------------------------------------------------------------------------------
---------------------------------------------------------------------------------
Finished Handling Custom Attributes : Time (s): cpu = 00:00:27 ; elapsed = 00:00:28 . Memory (MB): peak = 893.129 ; gain = 369.453
---------------------------------------------------------------------------------
---------------------------------------------------------------------------------
Start Renaming Generated Nets
---------------------------------------------------------------------------------
---------------------------------------------------------------------------------
Finished Renaming Generated Nets : Time (s): cpu = 00:00:27 ; elapsed = 00:00:28 . Memory (MB): peak = 893.129 ; gain = 369.453
---------------------------------------------------------------------------------
---------------------------------------------------------------------------------
Start Writing Synthesis Report
---------------------------------------------------------------------------------

Report BlackBoxes: 
+------+--------------+----------+
|      |BlackBox name |Instances |
+------+--------------+----------+
|1     |WCLK          |         1|
+------+--------------+----------+

Report Cell Usage: 
+------+-------+------+
|      |Cell   |Count |
+------+-------+------+
|1     |WCLK   |     1|
|2     |CARRY4 |    10|
|3     |LUT1   |     3|
|4     |LUT2   |    14|
|5     |LUT3   |     9|
|6     |LUT4   |    36|
|7     |LUT5   |     1|
|8     |LUT6   |    62|
|9     |FDRE   |    86|
|10    |FDSE   |    21|
|11    |IBUF   |     2|
|12    |OBUF   |    15|
+------+-------+------+

Report Instance Areas: 
+------+-----------------------+---------------------+------+
|      |Instance               |Module               |Cells |
+------+-----------------------+---------------------+------+
|1     |top                    |                     |   261|
|2     |  module_clock_divider |module_clock_divider |    64|
|3     |  random_display       |module_pseudo_random |    33|
|4     |  register_pp          |module_register_pp   |    96|
|5     |  seg7_control         |module_seg7_control  |    49|
+------+-----------------------+---------------------+------+
---------------------------------------------------------------------------------
Finished Writing Synthesis Report : Time (s): cpu = 00:00:27 ; elapsed = 00:00:28 . Memory (MB): peak = 893.129 ; gain = 369.453
---------------------------------------------------------------------------------
Synthesis finished with 0 errors, 0 critical warnings and 0 warnings.
Synthesis Optimization Runtime : Time (s): cpu = 00:00:19 ; elapsed = 00:00:25 . Memory (MB): peak = 893.129 ; gain = 241.699
Synthesis Optimization Complete : Time (s): cpu = 00:00:27 ; elapsed = 00:00:28 . Memory (MB): peak = 893.129 ; gain = 369.453
INFO: [Project 1-571] Translating synthesized netlist
INFO: [Netlist 29-17] Analyzing 10 Unisim elements for replacement
INFO: [Netlist 29-28] Unisim Transformation completed in 0 CPU seconds
INFO: [Project 1-570] Preparing netlist for logic optimization
INFO: [Opt 31-138] Pushed 0 inverter(s) to 0 load pin(s).
Netlist sorting complete. Time (s): cpu = 00:00:00 ; elapsed = 00:00:00 . Memory (MB): peak = 905.398 ; gain = 0.000
INFO: [Project 1-111] Unisim Transformation Summary:
No Unisim elements were transformed.

INFO: [Common 17-83] Releasing license: Synthesis
28 Infos, 3 Warnings, 0 Critical Warnings and 0 Errors encountered.
synth_design completed successfully
synth_design: Time (s): cpu = 00:00:33 ; elapsed = 00:00:36 . Memory (MB): peak = 905.398 ; gain = 613.391
Netlist sorting complete. Time (s): cpu = 00:00:00 ; elapsed = 00:00:00 . Memory (MB): peak = 905.398 ; gain = 0.000
WARNING: [Constraints 18-5210] No constraints selected for write.
Resolution: This message can indicate that there are no constraints for the design, or it can indicate that the used_in flags are set such that the constraints are ignored. This later case is used when running synth_design to not write synthesis constraints to the resulting checkpoint. Instead, project constraints are read when the synthesized design is opened.
INFO: [Common 17-1381] The checkpoint 'C:/TDD/lab02-g03/Ejercicios/Proyectos/Ejercicio4/vivido_project.runs/synth_1/top_module_7seg_v2.dcp' has been generated.
INFO: [runtcl-4] Executing : report_utilization -file top_module_7seg_v2_utilization_synth.rpt -pb top_module_7seg_v2_utilization_synth.pb
INFO: [Common 17-206] Exiting Vivado at Sat Sep  3 02:38:51 2022...
