
*** Running vivado
    with args -log top_module_program_counter.vds -m64 -product Vivado -mode batch -messageDb vivado.pb -notrace -source top_module_program_counter.tcl


****** Vivado v2019.1 (64-bit)
  **** SW Build 2552052 on Fri May 24 14:49:42 MDT 2019
  **** IP Build 2548770 on Fri May 24 18:01:18 MDT 2019
    ** Copyright 1986-2019 Xilinx, Inc. All Rights Reserved.

Sourcing tcl script 'C:/Users/Gollo/AppData/Roaming/Xilinx/Vivado/2019.1/Vivado_init.tcl'
Sourcing tcl script 'C:/Users/Gollo/AppData/Roaming/Xilinx/Vivado/Vivado_init.tcl'
source top_module_program_counter.tcl -notrace
Command: synth_design -top top_module_program_counter -part xc7a100tcsg324-1
Starting synth_design
Attempting to get a license for feature 'Synthesis' and/or device 'xc7a100t'
INFO: [Common 17-349] Got license for feature 'Synthesis' and/or device 'xc7a100t'
INFO: [Device 21-403] Loading part xc7a100tcsg324-1
INFO: Launching helper process for spawning children vivado processes
INFO: Helper process launched with PID 28164 
WARNING: [Synth 8-2611] redeclaration of ansi port pc_op_i is not allowed [D:/VIVADO/PROY2/lab02-g03/Ejercicios/Proyectos/Ejercicio5/src/design/module_program_counter.sv:33]
WARNING: [Synth 8-1082] pc_op_i was previously declared with a range [D:/VIVADO/PROY2/lab02-g03/Ejercicios/Proyectos/Ejercicio5/src/design/module_program_counter.sv:33]
WARNING: [Synth 8-976] pc_op_i has already been declared [D:/VIVADO/PROY2/lab02-g03/Ejercicios/Proyectos/Ejercicio5/src/design/module_program_counter.sv:33]
WARNING: [Synth 8-2654] second declaration of pc_op_i ignored [D:/VIVADO/PROY2/lab02-g03/Ejercicios/Proyectos/Ejercicio5/src/design/module_program_counter.sv:33]
INFO: [Synth 8-994] pc_op_i is declared here [D:/VIVADO/PROY2/lab02-g03/Ejercicios/Proyectos/Ejercicio5/src/design/module_program_counter.sv:27]
WARNING: [Synth 8-2611] redeclaration of ansi port pc_o is not allowed [D:/VIVADO/PROY2/lab02-g03/Ejercicios/Proyectos/Ejercicio5/src/design/module_program_counter.sv:34]
WARNING: [Synth 8-1082] pc_o was previously declared with a range [D:/VIVADO/PROY2/lab02-g03/Ejercicios/Proyectos/Ejercicio5/src/design/module_program_counter.sv:34]
WARNING: [Synth 8-976] pc_o has already been declared [D:/VIVADO/PROY2/lab02-g03/Ejercicios/Proyectos/Ejercicio5/src/design/module_program_counter.sv:34]
WARNING: [Synth 8-2654] second declaration of pc_o ignored [D:/VIVADO/PROY2/lab02-g03/Ejercicios/Proyectos/Ejercicio5/src/design/module_program_counter.sv:34]
INFO: [Synth 8-994] pc_o is declared here [D:/VIVADO/PROY2/lab02-g03/Ejercicios/Proyectos/Ejercicio5/src/design/module_program_counter.sv:28]
WARNING: [Synth 8-2611] redeclaration of ansi port pcinc_o is not allowed [D:/VIVADO/PROY2/lab02-g03/Ejercicios/Proyectos/Ejercicio5/src/design/module_program_counter.sv:35]
WARNING: [Synth 8-1082] pcinc_o was previously declared with a range [D:/VIVADO/PROY2/lab02-g03/Ejercicios/Proyectos/Ejercicio5/src/design/module_program_counter.sv:35]
WARNING: [Synth 8-976] pcinc_o has already been declared [D:/VIVADO/PROY2/lab02-g03/Ejercicios/Proyectos/Ejercicio5/src/design/module_program_counter.sv:35]
WARNING: [Synth 8-2654] second declaration of pcinc_o ignored [D:/VIVADO/PROY2/lab02-g03/Ejercicios/Proyectos/Ejercicio5/src/design/module_program_counter.sv:35]
INFO: [Synth 8-994] pcinc_o is declared here [D:/VIVADO/PROY2/lab02-g03/Ejercicios/Proyectos/Ejercicio5/src/design/module_program_counter.sv:29]
---------------------------------------------------------------------------------
Starting RTL Elaboration : Time (s): cpu = 00:00:04 ; elapsed = 00:00:04 . Memory (MB): peak = 705.762 ; gain = 181.891
---------------------------------------------------------------------------------
INFO: [Synth 8-6157] synthesizing module 'top_module_program_counter' [D:/VIVADO/PROY2/lab02-g03/Ejercicios/Proyectos/Ejercicio5/src/design/top_module_program_counter.sv:23]
	Parameter W bound to: 6 - type: integer 
INFO: [Synth 8-6157] synthesizing module 'WCLK' [D:/VIVADO/PROY2/lab02-g03/Ejercicios/Proyectos/Ejercicio5/vivado_project.runs/synth_1/.Xil/Vivado-24512-DESKTOP-TV0ASU4/realtime/WCLK_stub.v:5]
INFO: [Synth 8-6155] done synthesizing module 'WCLK' (1#1) [D:/VIVADO/PROY2/lab02-g03/Ejercicios/Proyectos/Ejercicio5/vivado_project.runs/synth_1/.Xil/Vivado-24512-DESKTOP-TV0ASU4/realtime/WCLK_stub.v:5]
INFO: [Synth 8-6157] synthesizing module 'module_clock_divisor' [D:/VIVADO/PROY2/lab02-g03/Ejercicios/Proyectos/Ejercicio5/src/design/module_clock_divisor.sv:23]
INFO: [Synth 8-6155] done synthesizing module 'module_clock_divisor' (2#1) [D:/VIVADO/PROY2/lab02-g03/Ejercicios/Proyectos/Ejercicio5/src/design/module_clock_divisor.sv:23]
INFO: [Synth 8-6157] synthesizing module 'module_program_counter' [D:/VIVADO/PROY2/lab02-g03/Ejercicios/Proyectos/Ejercicio5/src/design/module_program_counter.sv:23]
	Parameter W bound to: 6 - type: integer 
WARNING: [Synth 8-6014] Unused sequential element salida_1_ver_reg was removed.  [D:/VIVADO/PROY2/lab02-g03/Ejercicios/Proyectos/Ejercicio5/src/design/module_program_counter.sv:59]
WARNING: [Synth 8-6014] Unused sequential element salida_2_ver_reg was removed.  [D:/VIVADO/PROY2/lab02-g03/Ejercicios/Proyectos/Ejercicio5/src/design/module_program_counter.sv:60]
INFO: [Synth 8-6155] done synthesizing module 'module_program_counter' (3#1) [D:/VIVADO/PROY2/lab02-g03/Ejercicios/Proyectos/Ejercicio5/src/design/module_program_counter.sv:23]
INFO: [Synth 8-6155] done synthesizing module 'top_module_program_counter' (4#1) [D:/VIVADO/PROY2/lab02-g03/Ejercicios/Proyectos/Ejercicio5/src/design/top_module_program_counter.sv:23]
---------------------------------------------------------------------------------
Finished RTL Elaboration : Time (s): cpu = 00:00:05 ; elapsed = 00:00:05 . Memory (MB): peak = 744.574 ; gain = 220.703
---------------------------------------------------------------------------------

Report Check Netlist: 
+------+------------------+-------+---------+-------+------------------+
|      |Item              |Errors |Warnings |Status |Description       |
+------+------------------+-------+---------+-------+------------------+
|1     |multi_driven_nets |      0|        0|Passed |Multi driven nets |
+------+------------------+-------+---------+-------+------------------+
---------------------------------------------------------------------------------
Start Handling Custom Attributes
---------------------------------------------------------------------------------
---------------------------------------------------------------------------------
Finished Handling Custom Attributes : Time (s): cpu = 00:00:05 ; elapsed = 00:00:05 . Memory (MB): peak = 744.574 ; gain = 220.703
---------------------------------------------------------------------------------
---------------------------------------------------------------------------------
Finished RTL Optimization Phase 1 : Time (s): cpu = 00:00:05 ; elapsed = 00:00:05 . Memory (MB): peak = 744.574 ; gain = 220.703
---------------------------------------------------------------------------------
INFO: [Project 1-570] Preparing netlist for logic optimization

Processing XDC Constraints
Initializing timing engine
Parsing XDC File [d:/VIVADO/PROY2/lab02-g03/Ejercicios/Compartido/xci/WCLK/WCLK/WCLK_in_context.xdc] for cell 'clk_10mhz'
Finished Parsing XDC File [d:/VIVADO/PROY2/lab02-g03/Ejercicios/Compartido/xci/WCLK/WCLK/WCLK_in_context.xdc] for cell 'clk_10mhz'
Parsing XDC File [D:/VIVADO/PROY2/lab02-g03/Ejercicios/Proyectos/Ejercicio5/src/constraints/program_counter.xdc]
CRITICAL WARNING: [Constraints 18-1056] Clock 'from_PLL' completely overrides clock 'clk_10mhz/CLK_10MHZ'.
New: create_generated_clock -name from_PLL -source [get_ports clk] -divide_by 10 [get_pins clk_10mhz/CLK_10MHZ], [D:/VIVADO/PROY2/lab02-g03/Ejercicios/Proyectos/Ejercicio5/src/constraints/program_counter.xdc:728]
Previous: create_generated_clock -source [get_ports clk] -edges {1 2 3} -edge_shift {0.000 45.000 90.000} [get_pins clk_10mhz/CLK_10MHZ], [d:/VIVADO/PROY2/lab02-g03/Ejercicios/Compartido/xci/WCLK/WCLK/WCLK_in_context.xdc:2]
Resolution: Review the constraint files and remove the redundant clock definition(s). If the clock constraints are not saved in a file, you can first save the constraints to an XDC file and reload the design once the constraints have been corrected.
Finished Parsing XDC File [D:/VIVADO/PROY2/lab02-g03/Ejercicios/Proyectos/Ejercicio5/src/constraints/program_counter.xdc]
INFO: [Project 1-236] Implementation specific constraints were found while reading constraint file [D:/VIVADO/PROY2/lab02-g03/Ejercicios/Proyectos/Ejercicio5/src/constraints/program_counter.xdc]. These constraints will be ignored for synthesis but will be used in implementation. Impacted constraints are listed in the file [.Xil/top_module_program_counter_propImpl.xdc].
Resolution: To avoid this warning, move constraints listed in [.Xil/top_module_program_counter_propImpl.xdc] to another XDC file and exclude this new file from synthesis with the used_in_synthesis property (File Properties dialog in GUI) and re-run elaboration/synthesis.
Parsing XDC File [D:/VIVADO/PROY2/lab02-g03/Ejercicios/Proyectos/Ejercicio5/vivado_project.runs/synth_1/dont_touch.xdc]
Finished Parsing XDC File [D:/VIVADO/PROY2/lab02-g03/Ejercicios/Proyectos/Ejercicio5/vivado_project.runs/synth_1/dont_touch.xdc]
Completed Processing XDC Constraints

Netlist sorting complete. Time (s): cpu = 00:00:00 ; elapsed = 00:00:00 . Memory (MB): peak = 882.738 ; gain = 0.000
INFO: [Project 1-111] Unisim Transformation Summary:
No Unisim elements were transformed.

Constraint Validation Runtime : Time (s): cpu = 00:00:00 ; elapsed = 00:00:00.006 . Memory (MB): peak = 882.738 ; gain = 0.000
---------------------------------------------------------------------------------
Finished Constraint Validation : Time (s): cpu = 00:00:11 ; elapsed = 00:00:11 . Memory (MB): peak = 882.738 ; gain = 358.867
---------------------------------------------------------------------------------
---------------------------------------------------------------------------------
Start Loading Part and Timing Information
---------------------------------------------------------------------------------
Loading part: xc7a100tcsg324-1
---------------------------------------------------------------------------------
Finished Loading Part and Timing Information : Time (s): cpu = 00:00:11 ; elapsed = 00:00:11 . Memory (MB): peak = 882.738 ; gain = 358.867
---------------------------------------------------------------------------------
---------------------------------------------------------------------------------
Start Applying 'set_property' XDC Constraints
---------------------------------------------------------------------------------
Applied set_property IO_BUFFER_TYPE = NONE for clk. (constraint file  d:/VIVADO/PROY2/lab02-g03/Ejercicios/Compartido/xci/WCLK/WCLK/WCLK_in_context.xdc, line 3).
Applied set_property CLOCK_BUFFER_TYPE = NONE for clk. (constraint file  d:/VIVADO/PROY2/lab02-g03/Ejercicios/Compartido/xci/WCLK/WCLK/WCLK_in_context.xdc, line 4).
Applied set_property DONT_TOUCH = true for clk_10mhz. (constraint file  auto generated constraint, line ).
---------------------------------------------------------------------------------
Finished applying 'set_property' XDC Constraints : Time (s): cpu = 00:00:11 ; elapsed = 00:00:11 . Memory (MB): peak = 882.738 ; gain = 358.867
---------------------------------------------------------------------------------
---------------------------------------------------------------------------------
Finished RTL Optimization Phase 2 : Time (s): cpu = 00:00:11 ; elapsed = 00:00:11 . Memory (MB): peak = 882.738 ; gain = 358.867
---------------------------------------------------------------------------------

Report RTL Partitions: 
+-+--------------+------------+----------+
| |RTL Partition |Replication |Instances |
+-+--------------+------------+----------+
+-+--------------+------------+----------+
---------------------------------------------------------------------------------
Start RTL Component Statistics 
---------------------------------------------------------------------------------
Detailed RTL Component Info : 
+---Adders : 
	   2 Input     24 Bit       Adders := 1     
	   2 Input      6 Bit       Adders := 5     
+---Registers : 
	               24 Bit    Registers := 1     
	                6 Bit    Registers := 2     
	                2 Bit    Registers := 1     
	                1 Bit    Registers := 1     
+---Muxes : 
	   2 Input     24 Bit        Muxes := 2     
	   5 Input      6 Bit        Muxes := 1     
	   2 Input      6 Bit        Muxes := 1     
	   4 Input      6 Bit        Muxes := 1     
	   4 Input      2 Bit        Muxes := 1     
	   2 Input      1 Bit        Muxes := 4     
---------------------------------------------------------------------------------
Finished RTL Component Statistics 
---------------------------------------------------------------------------------
---------------------------------------------------------------------------------
Start RTL Hierarchical Component Statistics 
---------------------------------------------------------------------------------
Hierarchical RTL Component report 
Module module_clock_divisor 
Detailed RTL Component Info : 
+---Adders : 
	   2 Input     24 Bit       Adders := 1     
+---Registers : 
	               24 Bit    Registers := 1     
	                1 Bit    Registers := 1     
+---Muxes : 
	   2 Input     24 Bit        Muxes := 2     
	   2 Input      1 Bit        Muxes := 2     
Module module_program_counter 
Detailed RTL Component Info : 
+---Adders : 
	   2 Input      6 Bit       Adders := 5     
+---Registers : 
	                6 Bit    Registers := 2     
	                2 Bit    Registers := 1     
+---Muxes : 
	   5 Input      6 Bit        Muxes := 1     
	   2 Input      6 Bit        Muxes := 1     
	   4 Input      6 Bit        Muxes := 1     
	   4 Input      2 Bit        Muxes := 1     
	   2 Input      1 Bit        Muxes := 2     
---------------------------------------------------------------------------------
Finished RTL Hierarchical Component Statistics
---------------------------------------------------------------------------------
---------------------------------------------------------------------------------
Start Part Resource Summary
---------------------------------------------------------------------------------
Part Resources:
DSPs: 240 (col length:80)
BRAMs: 270 (col length: RAMB18 80 RAMB36 40)
---------------------------------------------------------------------------------
Finished Part Resource Summary
---------------------------------------------------------------------------------
---------------------------------------------------------------------------------
Start Cross Boundary and Area Optimization
---------------------------------------------------------------------------------
Warning: Parallel synthesis criteria is not met 
INFO: [Synth 8-3333] propagating constant 1 across sequential element (\program_counter_1/flag_ver_reg[0] )
INFO: [Synth 8-3333] propagating constant 0 across sequential element (\program_counter_1/flag_ver_reg[1] )
---------------------------------------------------------------------------------
Finished Cross Boundary and Area Optimization : Time (s): cpu = 00:00:13 ; elapsed = 00:00:13 . Memory (MB): peak = 882.738 ; gain = 358.867
---------------------------------------------------------------------------------

Report RTL Partitions: 
+-+--------------+------------+----------+
| |RTL Partition |Replication |Instances |
+-+--------------+------------+----------+
+-+--------------+------------+----------+
---------------------------------------------------------------------------------
Start Applying XDC Timing Constraints
---------------------------------------------------------------------------------
INFO: [Synth 8-5578] Moved timing constraint from pin 'clk_10mhz/CLK_10MHZ' to pin 'clk_10mhz/bbstub_CLK_10MHZ/O'
INFO: [Synth 8-5819] Moved 1 constraints on hierarchical pins to their respective driving/loading pins
---------------------------------------------------------------------------------
Finished Applying XDC Timing Constraints : Time (s): cpu = 00:00:20 ; elapsed = 00:00:20 . Memory (MB): peak = 882.738 ; gain = 358.867
---------------------------------------------------------------------------------
---------------------------------------------------------------------------------
Start Timing Optimization
---------------------------------------------------------------------------------
---------------------------------------------------------------------------------
Finished Timing Optimization : Time (s): cpu = 00:00:20 ; elapsed = 00:00:21 . Memory (MB): peak = 883.699 ; gain = 359.828
---------------------------------------------------------------------------------

Report RTL Partitions: 
+-+--------------+------------+----------+
| |RTL Partition |Replication |Instances |
+-+--------------+------------+----------+
+-+--------------+------------+----------+
---------------------------------------------------------------------------------
Start Technology Mapping
---------------------------------------------------------------------------------
---------------------------------------------------------------------------------
Finished Technology Mapping : Time (s): cpu = 00:00:20 ; elapsed = 00:00:21 . Memory (MB): peak = 883.699 ; gain = 359.828
---------------------------------------------------------------------------------

Report RTL Partitions: 
+-+--------------+------------+----------+
| |RTL Partition |Replication |Instances |
+-+--------------+------------+----------+
+-+--------------+------------+----------+
---------------------------------------------------------------------------------
Start IO Insertion
---------------------------------------------------------------------------------
---------------------------------------------------------------------------------
Start Flattening Before IO Insertion
---------------------------------------------------------------------------------
---------------------------------------------------------------------------------
Finished Flattening Before IO Insertion
---------------------------------------------------------------------------------
---------------------------------------------------------------------------------
Start Final Netlist Cleanup
---------------------------------------------------------------------------------
---------------------------------------------------------------------------------
Finished Final Netlist Cleanup
---------------------------------------------------------------------------------
---------------------------------------------------------------------------------
Finished IO Insertion : Time (s): cpu = 00:00:22 ; elapsed = 00:00:23 . Memory (MB): peak = 891.398 ; gain = 367.527
---------------------------------------------------------------------------------

Report Check Netlist: 
+------+------------------+-------+---------+-------+------------------+
|      |Item              |Errors |Warnings |Status |Description       |
+------+------------------+-------+---------+-------+------------------+
|1     |multi_driven_nets |      0|        0|Passed |Multi driven nets |
+------+------------------+-------+---------+-------+------------------+
---------------------------------------------------------------------------------
Start Renaming Generated Instances
---------------------------------------------------------------------------------
---------------------------------------------------------------------------------
Finished Renaming Generated Instances : Time (s): cpu = 00:00:22 ; elapsed = 00:00:23 . Memory (MB): peak = 891.398 ; gain = 367.527
---------------------------------------------------------------------------------

Report RTL Partitions: 
+-+--------------+------------+----------+
| |RTL Partition |Replication |Instances |
+-+--------------+------------+----------+
+-+--------------+------------+----------+
---------------------------------------------------------------------------------
Start Rebuilding User Hierarchy
---------------------------------------------------------------------------------
---------------------------------------------------------------------------------
Finished Rebuilding User Hierarchy : Time (s): cpu = 00:00:22 ; elapsed = 00:00:23 . Memory (MB): peak = 891.398 ; gain = 367.527
---------------------------------------------------------------------------------
---------------------------------------------------------------------------------
Start Renaming Generated Ports
---------------------------------------------------------------------------------
---------------------------------------------------------------------------------
Finished Renaming Generated Ports : Time (s): cpu = 00:00:22 ; elapsed = 00:00:23 . Memory (MB): peak = 891.398 ; gain = 367.527
---------------------------------------------------------------------------------
---------------------------------------------------------------------------------
Start Handling Custom Attributes
---------------------------------------------------------------------------------
---------------------------------------------------------------------------------
Finished Handling Custom Attributes : Time (s): cpu = 00:00:22 ; elapsed = 00:00:23 . Memory (MB): peak = 891.398 ; gain = 367.527
---------------------------------------------------------------------------------
---------------------------------------------------------------------------------
Start Renaming Generated Nets
---------------------------------------------------------------------------------
---------------------------------------------------------------------------------
Finished Renaming Generated Nets : Time (s): cpu = 00:00:22 ; elapsed = 00:00:23 . Memory (MB): peak = 891.398 ; gain = 367.527
---------------------------------------------------------------------------------
---------------------------------------------------------------------------------
Start Writing Synthesis Report
---------------------------------------------------------------------------------

Report BlackBoxes: 
+------+--------------+----------+
|      |BlackBox name |Instances |
+------+--------------+----------+
|1     |WCLK          |         1|
+------+--------------+----------+

Report Cell Usage: 
+------+-------+------+
|      |Cell   |Count |
+------+-------+------+
|1     |WCLK   |     1|
|2     |CARRY4 |     6|
|3     |LUT1   |     1|
|4     |LUT2   |    10|
|5     |LUT4   |    13|
|6     |LUT5   |    10|
|7     |LUT6   |     9|
|8     |FDRE   |    37|
|9     |IBUF   |     8|
|10    |OBUF   |    14|
+------+-------+------+

Report Instance Areas: 
+------+--------------------+-----------------------+------+
|      |Instance            |Module                 |Cells |
+------+--------------------+-----------------------+------+
|1     |top                 |                       |   110|
|2     |  clock_2hz         |module_clock_divisor   |    53|
|3     |  program_counter_1 |module_program_counter |    33|
+------+--------------------+-----------------------+------+
---------------------------------------------------------------------------------
Finished Writing Synthesis Report : Time (s): cpu = 00:00:22 ; elapsed = 00:00:23 . Memory (MB): peak = 891.398 ; gain = 367.527
---------------------------------------------------------------------------------
Synthesis finished with 0 errors, 0 critical warnings and 0 warnings.
Synthesis Optimization Runtime : Time (s): cpu = 00:00:16 ; elapsed = 00:00:20 . Memory (MB): peak = 891.398 ; gain = 229.363
Synthesis Optimization Complete : Time (s): cpu = 00:00:23 ; elapsed = 00:00:23 . Memory (MB): peak = 891.398 ; gain = 367.527
INFO: [Project 1-571] Translating synthesized netlist
INFO: [Netlist 29-17] Analyzing 6 Unisim elements for replacement
INFO: [Netlist 29-28] Unisim Transformation completed in 0 CPU seconds
INFO: [Project 1-570] Preparing netlist for logic optimization
INFO: [Opt 31-138] Pushed 0 inverter(s) to 0 load pin(s).
Netlist sorting complete. Time (s): cpu = 00:00:00 ; elapsed = 00:00:00 . Memory (MB): peak = 907.770 ; gain = 0.000
INFO: [Project 1-111] Unisim Transformation Summary:
No Unisim elements were transformed.

INFO: [Common 17-83] Releasing license: Synthesis
27 Infos, 14 Warnings, 1 Critical Warnings and 0 Errors encountered.
synth_design completed successfully
synth_design: Time (s): cpu = 00:00:28 ; elapsed = 00:00:29 . Memory (MB): peak = 907.770 ; gain = 606.586
Netlist sorting complete. Time (s): cpu = 00:00:00 ; elapsed = 00:00:00 . Memory (MB): peak = 907.770 ; gain = 0.000
WARNING: [Constraints 18-5210] No constraints selected for write.
Resolution: This message can indicate that there are no constraints for the design, or it can indicate that the used_in flags are set such that the constraints are ignored. This later case is used when running synth_design to not write synthesis constraints to the resulting checkpoint. Instead, project constraints are read when the synthesized design is opened.
INFO: [Common 17-1381] The checkpoint 'D:/VIVADO/PROY2/lab02-g03/Ejercicios/Proyectos/Ejercicio5/vivado_project.runs/synth_1/top_module_program_counter.dcp' has been generated.
INFO: [runtcl-4] Executing : report_utilization -file top_module_program_counter_utilization_synth.rpt -pb top_module_program_counter_utilization_synth.pb
INFO: [Common 17-206] Exiting Vivado at Sun Sep  4 19:11:46 2022...
