Copyright 1986-2019 Xilinx, Inc. All Rights Reserved.
-----------------------------------------------------------------------------------------------------
| Tool Version : Vivado v.2019.1 (win64) Build 2552052 Fri May 24 14:49:42 MDT 2019
| Date         : Mon Aug 22 22:35:08 2022
| Host         : Andrey-PC running 64-bit major release  (build 9200)
| Command      : report_control_sets -verbose -file top_module_contador_7seg_control_sets_placed.rpt
| Design       : top_module_contador_7seg
| Device       : xc7a100t
-----------------------------------------------------------------------------------------------------

Control Set Information

Table of Contents
-----------------
1. Summary
2. Histogram
3. Flip-Flop Distribution
4. Detailed Control Set Information

1. Summary
----------

+----------------------------------------------------------+-------+
|                          Status                          | Count |
+----------------------------------------------------------+-------+
| Total control sets                                       |    10 |
|    Minimum number of control sets                        |    10 |
|    Addition due to synthesis replication                 |     0 |
|    Addition due to physical synthesis replication        |     0 |
| Unused register locations in slices containing registers |    42 |
+----------------------------------------------------------+-------+
* Control sets can be merged at opt_design using control_set_merge or merge_equivalent_drivers
** Run report_qor_suggestions for automated merging and remapping suggestions


2. Histogram
------------

+--------------------+-------+
|       Fanout       | Count |
+--------------------+-------+
| Total control sets |    10 |
| >= 0 to < 4        |     0 |
| >= 4 to < 6        |     8 |
| >= 6 to < 8        |     0 |
| >= 8 to < 10       |     0 |
| >= 10 to < 12      |     0 |
| >= 12 to < 14      |     0 |
| >= 14 to < 16      |     0 |
| >= 16              |     2 |
+--------------------+-------+
* Control sets can be remapped at either synth_design or opt_design


3. Flip-Flop Distribution
-------------------------

+--------------+-----------------------+------------------------+-----------------+--------------+
| Clock Enable | Synchronous Set/Reset | Asynchronous Set/Reset | Total Registers | Total Slices |
+--------------+-----------------------+------------------------+-----------------+--------------+
| No           | No                    | No                     |               0 |            0 |
| No           | No                    | Yes                    |              18 |            6 |
| No           | Yes                   | No                     |               0 |            0 |
| Yes          | No                    | No                     |               0 |            0 |
| Yes          | No                    | Yes                    |              52 |           22 |
| Yes          | Yes                   | No                     |               0 |            0 |
+--------------+-----------------------+------------------------+-----------------+--------------+


4. Detailed Control Set Information
-----------------------------------

+-------------------------------+-------------------------------+------------------+------------------+----------------+
|          Clock Signal         |         Enable Signal         | Set/Reset Signal | Slice Load Count | Bel Load Count |
+-------------------------------+-------------------------------+------------------+------------------+----------------+
|  instance_name/inst/CLK_10MHZ | module_clock_catodo/E[0]      | reset_pi_IBUF    |                2 |              4 |
|  instance_name/inst/CLK_10MHZ | digitos/cen_millar[3]_i_1_n_0 | reset_pi_IBUF    |                3 |              4 |
|  instance_name/inst/CLK_10MHZ | digitos/decenas[3]_i_1_n_0    | reset_pi_IBUF    |                1 |              4 |
|  instance_name/inst/CLK_10MHZ | digitos/dec_millar[3]_i_1_n_0 | reset_pi_IBUF    |                2 |              4 |
|  instance_name/inst/CLK_10MHZ | digitos/centenas[3]_i_1_n_0   | reset_pi_IBUF    |                2 |              4 |
|  instance_name/inst/CLK_10MHZ | digitos/dec_millon[3]_i_1_n_0 | reset_pi_IBUF    |                1 |              4 |
|  instance_name/inst/CLK_10MHZ | digitos/uni_millon[3]_i_1_n_0 | reset_pi_IBUF    |                1 |              4 |
|  instance_name/inst/CLK_10MHZ | digitos/uni_millar[3]_i_1_n_0 | reset_pi_IBUF    |                2 |              4 |
|  instance_name/inst/CLK_10MHZ |                               | reset_pi_IBUF    |                6 |             18 |
|  instance_name/inst/CLK_10MHZ | module_clock_catodo/counter_0 | reset_pi_IBUF    |                8 |             20 |
+-------------------------------+-------------------------------+------------------+------------------+----------------+


