Vivado Simulator 2019.1
Copyright 1986-1999, 2001-2019 Xilinx, Inc. All Rights Reserved.
Running: C:/Xilinx/Vivado/2019.1/bin/unwrapped/win64.o/xelab.exe -wto d78030db21144584b1ed9372a1b8debb --incr --debug typical --relax --mt 2 -L xil_defaultlib -L unisims_ver -L secureip --snapshot tb_7seg_v2_func_impl xil_defaultlib.tb_7seg_v2 xil_defaultlib.glbl -log elaborate.log 
Using 2 slave threads.
Starting static elaboration
Completed static elaboration
Starting simulation data flow analysis
Completed simulation data flow analysis
Time Resolution for simulation is 1ps
Compiling module unisims_ver.BUFG
Compiling module unisims_ver.IBUF
Compiling module unisims_ver.PLLE2_ADV(CLKFBOUT_MULT=41,CLKIN...
Compiling module xil_defaultlib.WCLK__WCLK_clk_wiz
Compiling module xil_defaultlib.WCLK
Compiling module xil_defaultlib.module_register_pp
Compiling module xil_defaultlib.module_seg7_control(COUNT_ANODO=...
Compiling module xil_defaultlib.top_simulate_7seg_v2
Compiling module xil_defaultlib.tb_7seg_v2
Compiling module xil_defaultlib.glbl
Built simulation snapshot tb_7seg_v2_func_impl
