#-----------------------------------------------------------
# Vivado v2019.1 (64-bit)
# SW Build 2552052 on Fri May 24 14:49:42 MDT 2019
# IP Build 2548770 on Fri May 24 18:01:18 MDT 2019
# Start of session at: Tue Sep  6 02:50:34 2022
# Process ID: 9876
# Current directory: C:/Users/carlo/Andrey/TEC/Semestre_II_2022/Taller_Digitales/Laboratorios/Laboratorio_2/Repositorio/lab02-g03/Ejercicios/Proyectos/Ejercicio7/Ej7_tecl
# Command line: vivado.exe -gui_launcher_event rodinguilauncherevent18112 C:\Users\carlo\Andrey\TEC\Semestre_II_2022\Taller_Digitales\Laboratorios\Laboratorio_2\Repositorio\lab02-g03\Ejercicios\Proyectos\Ejercicio7\Ej7_tecl\vivado_project.xpr
# Log file: C:/Users/carlo/Andrey/TEC/Semestre_II_2022/Taller_Digitales/Laboratorios/Laboratorio_2/Repositorio/lab02-g03/Ejercicios/Proyectos/Ejercicio7/Ej7_tecl/vivado.log
# Journal file: C:/Users/carlo/Andrey/TEC/Semestre_II_2022/Taller_Digitales/Laboratorios/Laboratorio_2/Repositorio/lab02-g03/Ejercicios/Proyectos/Ejercicio7/Ej7_tecl\vivado.jou
#-----------------------------------------------------------
Sourcing tcl script 'C:/Users/carlo/AppData/Roaming/Xilinx/Vivado/Vivado_init.tcl'
start_gui
open_project C:/Users/carlo/Andrey/TEC/Semestre_II_2022/Taller_Digitales/Laboratorios/Laboratorio_2/Repositorio/lab02-g03/Ejercicios/Proyectos/Ejercicio7/Ej7_tecl/vivado_project.xpr
INFO: [ProjectBase 1-489] The host OS only allows 260 characters in a normal path. The project is stored in a path with more than 80 characters. If you experience issues with IP, Block Designs, or files not being found, please consider moving the project to a location with a shorter path. Alternately consider using the OS subst command to map part of the path to a drive letter.
Current project path is 'C:/Users/carlo/Andrey/TEC/Semestre_II_2022/Taller_Digitales/Laboratorios/Laboratorio_2/Repositorio/lab02-g03/Ejercicios/Proyectos/Ejercicio7/Ej7_tecl'
INFO: [Project 1-313] Project file moved from 'C:/Users/carlo/Andrey/TEC/Semestre_II_2022/Taller_Digitales/Laboratorios/Laboratorio_2/Repositorio/lab02-g03/Ejercicios/Proyectos/Ejercicio7/Ej7_teclado' since last save.
Scanning sources...
Finished scanning sources
INFO: [IP_Flow 19-234] Refreshing IP repositories
INFO: [IP_Flow 19-1704] No user IP repositories specified
INFO: [IP_Flow 19-2313] Loaded Vivado IP repository 'C:/Xilinx/Vivado/2019.1/data/ip'.
open_project: Time (s): cpu = 00:00:22 ; elapsed = 00:00:12 . Memory (MB): peak = 706.121 ; gain = 46.570
update_compile_order -fileset sources_1
launch_runs impl_1 -jobs 4
INFO: [Vivado 12-4149] The synthesis checkpoint for IP 'C:/Users/carlo/Andrey/TEC/Semestre_II_2022/Taller_Digitales/Laboratorios/Laboratorio_2/Repositorio/lab02-g03/Ejercicios/Compartido/xci/WCLK/WCLK.xci' is already up-to-date
[Tue Sep  6 02:52:43 2022] Launched impl_1...
Run output will be captured here: C:/Users/carlo/Andrey/TEC/Semestre_II_2022/Taller_Digitales/Laboratorios/Laboratorio_2/Repositorio/lab02-g03/Ejercicios/Proyectos/Ejercicio7/Ej7_tecl/vivado_project.runs/impl_1/runme.log
launch_runs impl_1 -to_step write_bitstream -jobs 4
INFO: [Vivado 12-4149] The synthesis checkpoint for IP 'C:/Users/carlo/Andrey/TEC/Semestre_II_2022/Taller_Digitales/Laboratorios/Laboratorio_2/Repositorio/lab02-g03/Ejercicios/Compartido/xci/WCLK/WCLK.xci' is already up-to-date
[Tue Sep  6 02:54:27 202exit
INFO: [Common 17-206] Exiting Vivado at Tue Sep  6 03:04:51 2022...
drey/TEC/Semestre_II_2022/Taller_Digitales/Laboratorios/Laboratorio_2/Repositorio/lab02-g03/Ejercicios/Proyectos/Ejercicio7/Ej7_tecl/vivado_project.runs/impl_1/runme.log
reorder_files -fileset constrs_1 -after C:/Users/carlo/Andrey/TEC/Semestre_II_2022/Taller_Digitales/Laboratorios/Laboratorio_2/Repositorio/lab02-g03/Ejercicios/Constraints/contraints_calculadora__con_teclado.xdc C:/Users/carlo/Andrey/TEC/Semestre_II_2022/Taller_Digitales/Laboratorios/Laboratorio_2/Repositorio/lab02-g03/Ejercicios/Constraints/contraints_calculadora__con_teclado.xdc
reset_run synth_1
WARNING: [Vivado 12-1017] Problems encountered:
1. Failed to delete one or more files in run directory C:/Users/carlo/Andrey/TEC/Semestre_II_2022/Taller_Digitales/Laboratorios/Laboratorio_2/Repositorio/lab02-g03/Ejercicios/Proyectos/Ejercicio7/Ej7_tecl/vivado_project.runs/synth_1

launch_runs impl_1 -to_step write_bitstream -jobs 4
INFO: [Vivado 12-4149] The synthesis checkpoint for IP 'C:/Users/carlo/Andrey/TEC/Semestre_II_2022/Taller_Digitales/Laboratorios/Laboratorio_2/Repositorio/lab02-g03/Ejercicios/Compartido/xci/WCLK/WCLK.xci' is already up-to-date
[Tue Sep  6 02:57:44 2022] Launched synth_1...
Run output will be captured here: C:/Users/carlo/Andrey/TEC/Semestre_II_2022/Taller_Digitales/Laboratorios/Laboratorio_2/Repositorio/lab02-g03/Ejercicios/Proyectos/Ejercicio7/Ej7_tecl/vivado_project.runs/synth_1/runme.log
[Tue Sep  6 02:57:45 2022] Launched impl_1...
Run output will be captured here: C:/Users/carlo/Andrey/TEC/Semestre_II_2022/Taller_Digitales/Laboratorios/Laboratorio_2/Repositorio/lab02-g03/Ejercicios/Proyectos/Ejercicio7/Ej7_tecl/vivado_project.runs/impl_1/runme.log
save_project_as Ejercicio7_teclado C:/Users/carlo/Andrey/TEC/Semestre_II_2022/Taller_Digitales/Laboratorios/Laboratorio_2 -force
INFO: [ProjectBase 1-489] The host OS only allows 260 characters in a normal path. The project is stored in a path with more than 80 characters. If you experience issues with IP, Block Designs, or files not being found, please consider moving the project to a location with a shorter path. Alternately consider using the OS subst command to map part of the path to a drive letter.
Current project path is 'C:/Users/carlo/Andrey/TEC/Semestre_II_2022/Taller_Digitales/Laboratorios/Laboratorio_2'
close_project
open_project C:/Users/carlo/Andrey/TEC/Semestre_II_2022/Taller_Digitales/Laboratorios/Laboratorio_2/Repositorio/lab02-g03/Ejercicios/Proyectos/Ejercicio7/Ej7_tecl/vivado_project.xpr
INFO: [ProjectBase 1-489] The host OS only allows 260 characters in a normal path. The project is stored in a path with more than 80 characters. If you experience issues with IP, Block Designs, or files not being found, please consider moving the project to a location with a shorter path. Alternately consider using the OS subst command to map part of the path to a drive letter.
Current project path is 'C:/Users/carlo/Andrey/TEC/Semestre_II_2022/Taller_Digitales/Laboratorios/Laboratorio_2/Repositorio/lab02-g03/Ejercicios/Proyectos/Ejercicio7/Ej7_tecl'
Scanning sources...
Finished scanning sources
INFO: [IP_Flow 19-234] Refreshing IP repositories
INFO: [IP_Flow 19-1704] No user IP repositories specified
INFO: [IP_Flow 19-2313] Loaded Vivado IP repository 'C:/Xilinx/Vivado/2019.1/data/ip'.
update_compile_order -fileset sources_1
save_project_as Ejercicio7 C:/Users/carlo/Andrey/TEC/Semestre_II_2022/Taller_Digitales/Laboratorios/Laboratorio_2/Ejercicio7 -force
INFO: [ProjectBase 1-489] The host OS only allows 260 characters in a normal path. The project is stored in a path with more than 80 characters. If you experience issues with IP, Block Designs, or files not being found, please consider moving the project to a location with a shorter path. Alternately consider using the OS subst command to map part of the path to a drive letter.
Current project path is 'C:/Users/carlo/Andrey/TEC/Semestre_II_2022/Taller_Digitales/Laboratorios/Laboratorio_2/Ejercicio7'
reset_run synth_1
launch_runs impl_1 -to_step write_bitstream -jobs 4
INFO: [Vivado 12-4149] The synthesis checkpoint for IP 'C:/Users/carlo/Andrey/TEC/Semestre_II_2022/Taller_Digitales/Laboratorios/Laboratorio_2/Repositorio/lab02-g03/Ejercicios/Compartido/xci/WCLK/WCLK.xci' is already up-to-date
[Tue Sep  6 03:05:46 2022] Launched synth_1...
Run output will be captured here: C:/Users/carlo/Andrey/TEC/Semestre_II_2022/Taller_Digitales/Laboratorios/Laboratorio_2/Ejercicio7/Ejercicio7.runs/synth_1/runme.log
[Tue Sep  6 03:05:46 2022] Launched impl_1...
Run output will be captured here: C:/Users/carlo/Andrey/TEC/Semestre_II_2022/Taller_Digitales/Laboratorios/Laboratorio_2/Ejercicio7/Ejercicio7.runs/impl_1/runme.log
reset_run synth_1
launch_runs impl_1 -to_step write_bitstream -jobs 4
INFO: [Vivado 12-4149] The synthesis checkpoint for IP 'C:/Users/carlo/Andrey/TEC/Semestre_II_2022/Taller_Digitales/Laboratorios/Laboratorio_2/Repositorio/lab02-g03/Ejercicios/Compartido/xci/WCLK/WCLK.xci' is already up-to-date
[Tue Sep  6 03:09:32 2022] Launched synth_1...
Run output will be captured here: C:/Users/carlo/Andrey/TEC/Semestre_II_2022/Taller_Digitales/Laboratorios/Laboratorio_2/Ejercicio7/Ejercicio7.runs/synth_1/runme.log
[Tue Sep  6 03:09:32 2022] Launched impl_1...
Run output will be captured here: C:/Users/carlo/Andrey/TEC/Semestre_II_2022/Taller_Digitales/Laboratorios/Laboratorio_2/Ejercicio7/Ejercicio7.runs/impl_1/runme.log
close_project
open_project C:/Users/carlo/Andrey/TEC/Semestre_II_2022/Taller_Digitales/Laboratorios/Laboratorio_2/Repositorio/lab02-g03/Ejercicios/Proyectos/Ejercicio7/Ej7_tecl/vivado_project.xpr
INFO: [ProjectBase 1-489] The host OS only allows 260 characters in a normal path. The project is stored in a path with more than 80 characters. If you experience issues with IP, Block Designs, or files not being found, please consider moving the project to a location with a shorter path. Alternately consider using the OS subst command to map part of the path to a drive letter.
Current project path is 'C:/Users/carlo/Andrey/TEC/Semestre_II_2022/Taller_Digitales/Laboratorios/Laboratorio_2/Repositorio/lab02-g03/Ejercicios/Proyectos/Ejercicio7/Ej7_tecl'
Scanning sources...
Finished scanning sources
INFO: [IP_Flow 19-234] Refreshing IP repositories
INFO: [IP_Flow 19-1704] No user IP repositories specified
INFO: [IP_Flow 19-2313] Loaded Vivado IP repository 'C:/Xilinx/Vivado/2019.1/data/ip'.
update_compile_order -fileset sources_1
close_project
open_project C:/Users/carlo/Andrey/TEC/Semestre_II_2022/Taller_Digitales/Laboratorios/Laboratorio_2/Repositorio/lab02-g03/Ejercicios/Proyectos/Ejercicio7/Ej7/vivado_project.xpr
INFO: [ProjectBase 1-489] The host OS only allows 260 characters in a normal path. The project is stored in a path with more than 80 characters. If you experience issues with IP, Block Designs, or files not being found, please consider moving the project to a location with a shorter path. Alternately consider using the OS subst command to map part of the path to a drive letter.
Current project path is 'C:/Users/carlo/Andrey/TEC/Semestre_II_2022/Taller_Digitales/Laboratorios/Laboratorio_2/Repositorio/lab02-g03/Ejercicios/Proyectos/Ejercicio7/Ej7'
INFO: [Project 1-313] Project file moved from 'C:/Users/carlo/Andrey/TEC/Semestre_II_2022/Taller_Digitales/Laboratorios/Laboratorio_2/Repositorio/lab02-g03/Ejercicios/Proyectos/Ejercicio7/Ejercicio7_sin_teclado' since last save.
Scanning sources...
Finished scanning sources
INFO: [IP_Flow 19-234] Refreshing IP repositories
INFO: [IP_Flow 19-1704] No user IP repositories specified
INFO: [IP_Flow 19-2313] Loaded Vivado IP repository 'C:/Xilinx/Vivado/2019.1/data/ip'.
update_compile_order -fileset sources_1
reset_run synth_1
launch_runs synth_1 -jobs 4
INFO: [Vivado 12-4149] The synthesis checkpoint for IP 'C:/Users/carlo/Andrey/TEC/Semestre_II_2022/Taller_Digitales/Laboratorios/Laboratorio_2/Repositorio/lab02-g03/Ejercicios/Compartido/xci/WCLK/WCLK.xci' is already up-to-date
[Tue Sep  6 03:13:56 2022] Launched synth_1...
Run output will be captured here: C:/Users/carlo/Andrey/TEC/Semestre_II_2022/Taller_Digitales/Laboratorios/Laboratorio_2/Repositorio/lab02-g03/Ejercicios/Proyectos/Ejercicio7/Ej7/vivado_project.runs/synth_1/runme.log
exit
INFO: [Common 17-206] Exiting Vivado at Tue Sep  6 08:23:56 2022...
