#-----------------------------------------------------------
# Vivado v2019.1 (64-bit)
# SW Build 2552052 on Fri May 24 14:49:42 MDT 2019
# IP Build 2548770 on Fri May 24 18:01:18 MDT 2019
# Start of session at: Tue Sep  6 02:47:14 2022
# Process ID: 1440
# Current directory: C:/Users/carlo/Andrey/TEC/Semestre_II_2022/Taller_Digitales/Laboratorios/Laboratorio_2/Repositorio/lab02-g03/Ejercicios/Proyectos/Ejercicio7/Ej7_teclado
# Command line: vivado.exe -gui_launcher_event rodinguilauncherevent7768 C:\Users\carlo\Andrey\TEC\Semestre_II_2022\Taller_Digitales\Laboratorios\Laboratorio_2\Repositorio\lab02-g03\Ejercicios\Proyectos\Ejercicio7\Ej7_teclado\vivado_project.xpr
# Log file: C:/Users/carlo/Andrey/TEC/Semestre_II_2022/Taller_Digitales/Laboratorios/Laboratorio_2/Repositorio/lab02-g03/Ejercicios/Proyectos/Ejercicio7/Ej7_teclado/vivado.log
# Journal file: C:/Users/carlo/Andrey/TEC/Semestre_II_2022/Taller_Digitales/Laboratorios/Laboratorio_2/Repositorio/lab02-g03/Ejercicios/Proyectos/Ejercicio7/Ej7_teclado\vivado.jou
#-----------------------------------------------------------
Sourcing tcl script 'C:/Users/carlo/AppData/Roaming/Xilinx/Vivado/Vivado_init.tcl'
start_gui
open_project C:/Users/carlo/Andrey/TEC/Semestre_II_2022/Taller_Digitales/Laboratorios/Laboratorio_2/Repositorio/lab02-g03/Ejercicios/Proyectos/Ejercicio7/Ej7_teclado/vivado_project.xpr
INFO: [ProjectBase 1-489] The host OS only allows 260 characters in a normal path. The project is stored in a path with more than 80 characters. If you experience issues with IP, Block Designs, or files not being found, please consider moving the project to a location with a shorter path. Alternately consider using the OS subst command to map part of the path to a drive letter.
Current project path is 'C:/Users/carlo/Andrey/TEC/Semestre_II_2022/Taller_Digitales/Laboratorios/Laboratorio_2/Repositorio/lab02-g03/Ejercicios/Proyectos/Ejercicio7/Ej7_teclado'
INFO: [Project 1-313] Project file moved from 'C:/Users/carlo/Andrey/TEC/Semestre_II_2022/Taller_Digitales/Laboratorios/Laboratorio_2/Repositorio/lab02-g03/Ejercicios/Proyectos/Ejercicio7/Ejercicio7_con_teclado' since last save.
Scanning sources...
Finished scanning sources
INFO: [IP_Flow 19-234] Refreshing IP repositories
INFO: [IP_Flow 19-1704] No user IP repositories specified
INFO: [IP_Flow 19-2313] Loaded Vivado IP repository 'C:/Xilinx/Vivado/2019.1/data/ip'.
update_compile_order -fileset sources_1
reset_run synth_1
launch_runs synth_1 -jobs 4
INFO: [Vivado 12-4149] The synthesis checkpoint for IP 'C:/Users/carlo/Andrey/TEC/Semestre_II_2022/Taller_Digitales/Laboratorios/Laboratorio_2/Repositorio/lab02-g03/Ejercicios/Compartido/xci/WCLK/WCLK.xci' is already up-to-date
[Tue Sep  6 02:47:50 2022] Launched synth_1...
Run output will be captured here: C:/Users/carlo/Andrey/TEC/Semestre_II_2022/Taller_Digitales/Laboratorios/Laboratorio_2/Repositorio/lab02-g03/Ejercicios/Proyectos/Ejercicio7/Ej7_teclado/vivado_project.runs/synth_1/runme.log
exit
INFO: [Common 17-206] Exiting Vivado at Tue Sep  6 02:49:02 2022...
