#
# A fatal error has been detected by the Java Runtime Environment:
#
#  EXCEPTION_ACCESS_VIOLATION (0xc0000005) at pc=0x0000000000000020, pid=14284, tid=4316
#
# JRE version: Java(TM) SE Runtime Environment (9.0+11) (build 9.0.4+11)
# Java VM: Java HotSpot(TM) 64-Bit Server VM (9.0.4+11, mixed mode, tiered, compressed oops, g1 gc, windows-amd64)
# Problematic frame:
# C  0x0000000000000020
#
# No core dump will be written. Minidumps are not enabled by default on client versions of Windows
#
# If you would like to submit a bug report, please visit:
#   http://bugreport.java.com/bugreport/crash.jsp
# The crash happened outside the Java Virtual Machine in native code.
# See problematic frame for where to report the bug.
#

---------------  S U M M A R Y ------------

Command Line: -Dsun.java2d.pmoffscreen=false -Dsun.java2d.xrender=false -Dsun.java2d.d3d=false -Dsun.awt.nopixfmt=true -Dsun.java2d.dpiaware=true -Dsun.java2d.uiScale.enabled=false -Xverify:none -Dswing.aatext=true -XX:-UsePerfData -Djdk.map.althashing.threshold=512 -XX:StringTableSize=4072 --add-opens=java.base/java.nio=ALL-UNNAMED --add-opens=java.desktop/sun.swing=ALL-UNNAMED --add-opens=java.desktop/javax.swing=ALL-UNNAMED --add-opens=java.desktop/javax.swing.tree=ALL-UNNAMED --add-opens=java.desktop/javax.swing.plaf.basic=ALL-UNNAMED --add-opens=java.desktop/javax.swing.plaf.synth=ALL-UNNAMED --add-opens=java.desktop/com.sun.awt=ALL-UNNAMED -XX:NewSize=60m -XX:MaxNewSize=60m -Xms128m -Xmx3072m -Xss5m 

Host: Intel(R) Core(TM) i5-10210U CPU @ 1.60GHz, 8 cores, 7G,  Windows 10 , 64 bit Build 22000 (10.0.22000.708)
Time: Sun Sep 04 10:29:43 2022 Hora estándar, América Central elapsed time: 7499 seconds (0d 2h 4m 59s)

---------------  T H R E A D  ---------------

Current thread (0x000001c45da46800):  JavaThread "AWT-EventQueue-1" [_thread_in_native, id=4316, stack(0x000000ac3a800000,0x000000ac3ad00000)]

Stack: [0x000000ac3a800000,0x000000ac3ad00000],  sp=0x000000ac3acf49a8,  free space=5074k
Native frames: (J=compiled Java code, j=interpreted, Vv=VM code, C=native code)
C  0x0000000000000020

Java frames: (J=compiled Java code, j=interpreted, Vv=VM code)
j  ui.views.waveform.waveformi.WVExecutive_getGraphicsDataSize(J)J+0
j  ui.views.waveform.executive.a.gEt()Ljava/io/ByteArrayInputStream;+8
j  ui.views.waveform.b.a.gEf()V+7
j  ui.views.waveform.b.a.fOl()V+1
j  ui.views.waveform.m.gDo()V+4
j  ui.views.waveform.m.cRi()V+11
j  ui.views.waveform.w.cRi()V+29
j  ui.views.waveform.c.b.j(Lui/frmwork/b/i;)V+92
j  ui.views.waveform.w.a(Lui/frmwork/b/i;)V+13
J 22332 c2 ui.frmwork.HTclEventBroker.i(JZ)V (471 bytes) @ 0x000001c44e105a58 [0x000001c44e105360+0x00000000000006f8]
J 27337 c1 ui.frmwork.HTclEventBroker.fireTclEvent(J)I (113 bytes) @ 0x000001c447ef337c [0x000001c447ef2ba0+0x00000000000007dc]
v  ~StubRoutines::call_stub
j  ui.views.waveform.waveformi.WVExecutive_processModelEvent(JJ)V+0
j  ui.views.waveform.executive.a.eE(J)V+5
j  ui.views.waveform.c.b.eD(J)V+8
j  ui.views.waveform.c.b.j(Lui/frmwork/b/i;)V+133
j  ui.views.waveform.w.a(Lui/frmwork/b/i;)V+13
J 22332 c2 ui.frmwork.HTclEventBroker.i(JZ)V (471 bytes) @ 0x000001c44e105a58 [0x000001c44e105360+0x00000000000006f8]
J 27337 c1 ui.frmwork.HTclEventBroker.fireTclEvent(J)I (113 bytes) @ 0x000001c447ef337c [0x000001c447ef2ba0+0x00000000000007dc]
v  ~StubRoutines::call_stub
j  ui.views.waveform.waveformi.WVExecutive_processModelEvent(JJ)V+0
j  ui.views.waveform.executive.a.eE(J)V+5
j  ui.views.waveform.c.b.eD(J)V+8
j  ui.views.waveform.c.e.actionPerformed(Ljava/awt/event/ActionEvent;)V+8
J 15861 c2 javax.swing.Timer.fireActionPerformed(Ljava/awt/event/ActionEvent;)V java.desktop@9.0.4 (46 bytes) @ 0x000001c44dad6c60 [0x000001c44dad6b40+0x0000000000000120]
J 21918 c2 javax.swing.Timer$DoPostEvent.run()V java.desktop@9.0.4 (82 bytes) @ 0x000001c44deb06ec [0x000001c44deb03e0+0x000000000000030c]
J 14534 c2 java.awt.EventQueue$3.run()Ljava/lang/Object; java.desktop@9.0.4 (5 bytes) @ 0x000001c44d89c84c [0x000001c44d89c300+0x000000000000054c]
v  ~StubRoutines::call_stub
J 3854  java.security.AccessController.doPrivileged(Ljava/security/PrivilegedAction;Ljava/security/AccessControlContext;)Ljava/lang/Object; java.base@9.0.4 (0 bytes) @ 0x000001c44cf118c6 [0x000001c44cf11860+0x0000000000000066]
J 19850 c2 java.awt.EventQueue.dispatchEvent(Ljava/awt/AWTEvent;)V java.desktop@9.0.4 (80 bytes) @ 0x000001c44cffd498 [0x000001c44cffcf40+0x0000000000000558]
J 19917 c2 ui.frmwork.b.d.dispatchEvent(Ljava/awt/AWTEvent;)V (34 bytes) @ 0x000001c44d11925c [0x000001c44d119160+0x00000000000000fc]
J 28283 c2 java.awt.EventDispatchThread.pumpOneEventForFilters(I)V java.desktop@9.0.4 (218 bytes) @ 0x000001c44e84a0bc [0x000001c44e849c80+0x000000000000043c]
J 21452 c2 java.awt.EventDispatchThread.pumpEventsForFilter(ILjava/awt/Conditional;Ljava/awt/EventFilter;)V java.desktop@9.0.4 (47 bytes) @ 0x000001c44dd7828c [0x000001c44dd780e0+0x00000000000001ac]
j  java.awt.EventDispatchThread.pumpEventsForFilter(Ljava/awt/Conditional;Ljava/awt/EventFilter;)V+4 java.desktop@9.0.4
j  java.awt.WaitDispatchSupport$2.run()V+59 java.desktop@9.0.4
j  java.awt.WaitDispatchSupport$4.run()Ljava/lang/Void;+4 java.desktop@9.0.4
j  java.awt.WaitDispatchSupport$4.run()Ljava/lang/Object;+1 java.desktop@9.0.4
v  ~StubRoutines::call_stub
J 1036  java.security.AccessController.doPrivileged(Ljava/security/PrivilegedAction;)Ljava/lang/Object; java.base@9.0.4 (0 bytes) @ 0x000001c44cd5af32 [0x000001c44cd5aee0+0x0000000000000052]
j  java.awt.WaitDispatchSupport.enter()Z+260 java.desktop@9.0.4
j  java.awt.Dialog.show()V+225 java.desktop@9.0.4
J 27157 c1 java.awt.Window.setVisible(Z)V java.desktop@9.0.4 (6 bytes) @ 0x000001c447032e84 [0x000001c447032c60+0x0000000000000224]
j  java.awt.Dialog.setVisible(Z)V+2 java.desktop@9.0.4
j  ui.b.c.g.setVisible(Z)V+2
j  ui.b.c.by.showDialog()V+64
j  ui.b.c.bF.actionPerformed(Ljava/awt/event/ActionEvent;)V+8
j  ui.b.c.by.cJI()V+396
j  ui.views.c.t.b.a.run()V+60
j  ui.frmwork.a.dWF()Z+66
j  ui.frmwork.V.dYl()V+42
j  ui.bk.actionPerformed(Ljava/awt/event/ActionEvent;)V+25
j  javax.swing.AbstractButton.fireActionPerformed(Ljava/awt/event/ActionEvent;)V+84 java.desktop@9.0.4
j  ui.utils.o.b.B.fireActionPerformed(Ljava/awt/event/ActionEvent;)V+7
j  javax.swing.AbstractButton$Handler.actionPerformed(Ljava/awt/event/ActionEvent;)V+5 java.desktop@9.0.4
j  javax.swing.DefaultButtonModel.fireActionPerformed(Ljava/awt/event/ActionEvent;)V+34 java.desktop@9.0.4
J 25618 c1 javax.swing.DefaultButtonModel.setPressed(Z)V java.desktop@9.0.4 (125 bytes) @ 0x000001c446642e44 [0x000001c446641f80+0x0000000000000ec4]
j  javax.swing.plaf.basic.BasicButtonListener.mouseReleased(Ljava/awt/event/MouseEvent;)V+35 java.desktop@9.0.4
j  com.jidesoft.plaf.basic.BasicJideButtonListener.mouseReleased(Ljava/awt/event/MouseEvent;)V+61
J 25456 c2 java.awt.AWTEventMulticaster.mouseReleased(Ljava/awt/event/MouseEvent;)V java.desktop@9.0.4 (27 bytes) @ 0x000001c44d861e34 [0x000001c44d861dc0+0x0000000000000074]
J 25456 c2 java.awt.AWTEventMulticaster.mouseReleased(Ljava/awt/event/MouseEvent;)V java.desktop@9.0.4 (27 bytes) @ 0x000001c44d861e34 [0x000001c44d861dc0+0x0000000000000074]
J 25456 c2 java.awt.AWTEventMulticaster.mouseReleased(Ljava/awt/event/MouseEvent;)V java.desktop@9.0.4 (27 bytes) @ 0x000001c44d861e34 [0x000001c44d861dc0+0x0000000000000074]
J 21885 c2 javax.swing.JComponent.processMouseEvent(Ljava/awt/event/MouseEvent;)V java.desktop@9.0.4 (27 bytes) @ 0x000001c44de83f90 [0x000001c44de83da0+0x00000000000001f0]
J 13273 c2 java.awt.Container.processEvent(Ljava/awt/AWTEvent;)V java.desktop@9.0.4 (22 bytes) @ 0x000001c44d7b6b40 [0x000001c44d7b6a20+0x0000000000000120]
J 25666 c2 java.awt.Component.dispatchEventImpl(Ljava/awt/AWTEvent;)V java.desktop@9.0.4 (739 bytes) @ 0x000001c44dd69628 [0x000001c44dd68640+0x0000000000000fe8]
J 25113 c2 java.awt.Container.dispatchEventImpl(Ljava/awt/AWTEvent;)V java.desktop@9.0.4 (129 bytes) @ 0x000001c44e7a5b24 [0x000001c44e7a5a60+0x00000000000000c4]
J 25008 c2 java.awt.LightweightDispatcher.retargetMouseEvent(Ljava/awt/Component;ILjava/awt/event/MouseEvent;)V java.desktop@9.0.4 (350 bytes) @ 0x000001c44e6ffe54 [0x000001c44e6ff8a0+0x00000000000005b4]
J 15946 c2 java.awt.LightweightDispatcher.processMouseEvent(Ljava/awt/event/MouseEvent;)Z java.desktop@9.0.4 (265 bytes) @ 0x000001c44db16428 [0x000001c44db15ca0+0x0000000000000788]
J 25149 c2 java.awt.Window.dispatchEventImpl(Ljava/awt/AWTEvent;)V java.desktop@9.0.4 (23 bytes) @ 0x000001c44d0be3b8 [0x000001c44d0be080+0x0000000000000338]
J 14534 c2 java.awt.EventQueue$3.run()Ljava/lang/Object; java.desktop@9.0.4 (5 bytes) @ 0x000001c44d89c8fc [0x000001c44d89c300+0x00000000000005fc]
v  ~StubRoutines::call_stub
J 3854  java.security.AccessController.doPrivileged(Ljava/security/PrivilegedAction;Ljava/security/AccessControlContext;)Ljava/lang/Object; java.base@9.0.4 (0 bytes) @ 0x000001c44cf118c6 [0x000001c44cf11860+0x0000000000000066]
J 14997 c2 java.awt.EventQueue$4.run()Ljava/lang/Object; java.desktop@9.0.4 (5 bytes) @ 0x000001c44cf822c0 [0x000001c44cf82060+0x0000000000000260]
v  ~StubRoutines::call_stub
J 3854  java.security.AccessController.doPrivileged(Ljava/security/PrivilegedAction;Ljava/security/AccessControlContext;)Ljava/lang/Object; java.base@9.0.4 (0 bytes) @ 0x000001c44cf118c6 [0x000001c44cf11860+0x0000000000000066]
J 19850 c2 java.awt.EventQueue.dispatchEvent(Ljava/awt/AWTEvent;)V java.desktop@9.0.4 (80 bytes) @ 0x000001c44cffd2c0 [0x000001c44cffcf40+0x0000000000000380]
J 19917 c2 ui.frmwork.b.d.dispatchEvent(Ljava/awt/AWTEvent;)V (34 bytes) @ 0x000001c44d11925c [0x000001c44d119160+0x00000000000000fc]
J 28283 c2 java.awt.EventDispatchThread.pumpOneEventForFilters(I)V java.desktop@9.0.4 (218 bytes) @ 0x000001c44e84a0bc [0x000001c44e849c80+0x000000000000043c]
J 17132% c2 java.awt.EventDispatchThread.pumpEventsForFilter(ILjava/awt/Conditional;Ljava/awt/EventFilter;)V java.desktop@9.0.4 (47 bytes) @ 0x000001c44ce5fbc0 [0x000001c44ce5fac0+0x0000000000000100]
j  java.awt.EventDispatchThread.pumpEventsForHierarchy(ILjava/awt/Conditional;Ljava/awt/Component;)V+11 java.desktop@9.0.4
j  java.awt.EventDispatchThread.pumpEvents(ILjava/awt/Conditional;)V+4 java.desktop@9.0.4
j  java.awt.EventDispatchThread.pumpEvents(Ljava/awt/Conditional;)V+3 java.desktop@9.0.4
j  java.awt.EventDispatchThread.run()V+9 java.desktop@9.0.4
v  ~StubRoutines::call_stub

siginfo: EXCEPTION_ACCESS_VIOLATION (0xc0000005), data execution prevention violation at address 0x0000000000000020


Register to memory mapping:

RIP=0x0000000000000020 is an unknown value
RAX=0x00007ffd39dab888 librdi_common.dll
RBX=0x000000ac3acf4ae0 is pointing into the stack for thread: 0x000001c45da46800
RCX=0x000001c43c6d41f0 is an unknown value
RDX=0x000001c43c6d41f0 is an unknown value
RSP=0x000000ac3acf49a8 is pointing into the stack for thread: 0x000001c45da46800
RBP=0x000000ac3acf4a29 is pointing into the stack for thread: 0x000001c45da46800
RSI=0x000001c4679eefe0 is an unknown value
RDI=0x000000ac3acf4af8 is pointing into the stack for thread: 0x000001c45da46800
R8 =0x000000ac3acf4af8 is pointing into the stack for thread: 0x000001c45da46800
R9 =0x000000ac3acf4ae0 is pointing into the stack for thread: 0x000001c45da46800
R10=0x00007ffd6d340000 VCRUNTIME140.dll
R11=0xdffdbfff7ff7ffdf is an unknown value
R12=0x0000000000000000 is an unknown value
R13=0x0000000000000000 is an unknown value
R14=0x000001c43c6d41f0 is an unknown value
R15=0x0000000000000001 is an unknown value


Registers:
RAX=0x00007ffd39dab888, RBX=0x000000ac3acf4ae0, RCX=0x000001c43c6d41f0, RDX=0x000001c43c6d41f0
RSP=0x000000ac3acf49a8, RBP=0x000000ac3acf4a29, RSI=0x000001c4679eefe0, RDI=0x000000ac3acf4af8
R8 =0x000000ac3acf4af8, R9 =0x000000ac3acf4ae0, R10=0x00007ffd6d340000, R11=0xdffdbfff7ff7ffdf
R12=0x0000000000000000, R13=0x0000000000000000, R14=0x000001c43c6d41f0, R15=0x0000000000000001
RIP=0x0000000000000020, EFLAGS=0x0000000000010206

Top of Stack: (sp=0x000000ac3acf49a8)
0x000000ac3acf49a8:   00007ffce5f15f48 000000000000004f
0x000000ac3acf49b8:   0000000000000000 0000000764589e70
0x000000ac3acf49c8:   00007ffce6392a53 fffffffffffffffe
0x000000ac3acf49d8:   000001c42f415040 00007ffce6392a48
0x000000ac3acf49e8:   00007ffd399b53a0 000001c463aa6690
0x000000ac3acf49f8:   000001c42f4102b0 000001c42f410cf0
0x000000ac3acf4a08:   000001c463ca2410 0000000000000004
0x000000ac3acf4a18:   00007ffce5fef757 0000000000989680
0x000000ac3acf4a28:   0000000000000001 0000000000000000
0x000000ac3acf4a38:   0000000000004801 0000000000000000
0x000000ac3acf4a48:   00000000000003e8 000001c4679eefe0
0x000000ac3acf4a58:   00007ffd8e8d00a6 0000d555541d85e4
0x000000ac3acf4a68:   0000000000000008 000001c45ee952a8
0x000000ac3acf4a78:   000000ac3acf4b88 000000ac3acf4b10
0x000000ac3acf4a88:   00007ffce5f15dfd 0000000000000008
0x000000ac3acf4a98:   000000ac3acf4b70 000001c466068160 

Instructions: (pc=0x0000000000000020)
0x0000000000000000:   
[error occurred during error reporting (printing registers, top of stack, instructions near pc), id 0xc0000005]


---------------  P R O C E S S  ---------------

Java Threads: ( => current thread )
  0x000001c43dc03000 JavaThread "Relaunch Simulation" [_thread_blocked, id=5572, stack(0x000000ac3c900000,0x000000ac3ce00000)]
  0x000001c45e649800 JavaThread "Thread-8421" [_thread_in_native, id=5512, stack(0x000000ac32e00000,0x000000ac32f00000)]
  0x000001c45e63e800 JavaThread "Thread-8420" [_thread_in_native, id=15636, stack(0x000000ac32d00000,0x000000ac32e00000)]
  0x000001c45e642000 JavaThread "SyntheticaAnimation 50" daemon [_thread_blocked, id=10972, stack(0x000000ac3e000000,0x000000ac3e500000)]
  0x000001c45e640800 JavaThread "Swing-Shell" daemon [_thread_blocked, id=18924, stack(0x000000ac39900000,0x000000ac39e00000)]
  0x000001c45e648000 JavaThread "Image Animator 3" daemon [_thread_blocked, id=10856, stack(0x000000ac3f100000,0x000000ac3f600000)]
  0x000001c45e646800 JavaThread "SyntheticaAnimation 50" daemon [_thread_blocked, id=11580, stack(0x000000ac3ec00000,0x000000ac3f100000)]
  0x000001c45e645000 JavaThread "Update Runs Swing Worker" [_thread_blocked, id=5004, stack(0x000000ac3e700000,0x000000ac3ec00000)]
  0x000001c45e63d000 JavaThread "hw_ila_monitor" [_thread_blocked, id=184, stack(0x000000ac3d300000,0x000000ac3d800000)]
  0x000001c45e63c000 JavaThread "Refresh Filesets Swing Worker" [_thread_blocked, id=4784, stack(0x000000ac3ad00000,0x000000ac3b200000)]
  0x000001c45e63f000 JavaThread "SyntheticaAnimation 70" daemon [_thread_blocked, id=13260, stack(0x000000ac3ce00000,0x000000ac3d300000)]
  0x000001c43dc03800 JavaThread "SyntheticaAnimation 25" daemon [_thread_blocked, id=16064, stack(0x000000ac3c400000,0x000000ac3c900000)]
  0x000001c43dc01800 JavaThread "SyntheticaAnimation 50" daemon [_thread_blocked, id=11464, stack(0x000000ac3bf00000,0x000000ac3c400000)]
  0x000001c43dbff000 JavaThread "Monitor HEventQueue" [_thread_blocked, id=17860, stack(0x000000ac3ba00000,0x000000ac3bf00000)]
  0x000001c43dbfd800 JavaThread "SyntheticaCleanerThread" daemon [_thread_blocked, id=19188, stack(0x000000ac3b200000,0x000000ac3b700000)]
  0x000001c43dc04800 JavaThread "Batik CleanerThread" daemon [_thread_blocked, id=16644, stack(0x000000ac39e00000,0x000000ac3a300000)]
=>0x000001c45da46800 JavaThread "AWT-EventQueue-1" [_thread_in_native, id=4316, stack(0x000000ac3a800000,0x000000ac3ad00000)]
  0x000001c45d2cf000 JavaThread "Process Messages" [_thread_blocked, id=3504, stack(0x000000ac3a300000,0x000000ac3a800000)]
  0x000001c45da57000 JavaThread "Thread-1" [_thread_in_native, id=15320, stack(0x000000ac33100000,0x000000ac34500000)]
  0x000001c433bb4000 JavaThread "TimerQueue" daemon [_thread_blocked, id=1120, stack(0x000000ac39400000,0x000000ac39900000)]
  0x000001c43be36000 JavaThread "AWT-Windows" daemon [_thread_in_native, id=15616, stack(0x000000ac38f00000,0x000000ac39400000)]
  0x000001c43bb9b000 JavaThread "AWT-Shutdown" [_thread_blocked, id=17552, stack(0x000000ac38a00000,0x000000ac38f00000)]
  0x000001c43bb98800 JavaThread "Java2D Disposer" daemon [_thread_blocked, id=13964, stack(0x000000ac38500000,0x000000ac38a00000)]
  0x000001c433d70800 JavaThread "Service Thread" daemon [_thread_blocked, id=11632, stack(0x000000ac37f00000,0x000000ac38400000)]
  0x000001c43de89800 JavaThread "Common-Cleaner" daemon [_thread_blocked, id=14240, stack(0x000000ac37a00000,0x000000ac37f00000)]
  0x000001c43dc00800 JavaThread "Sweeper thread" daemon [_thread_blocked, id=9824, stack(0x000000ac37500000,0x000000ac37a00000)]
  0x000001c43b25e800 JavaThread "C1 CompilerThread3" daemon [_thread_blocked, id=17748, stack(0x000000ac37400000,0x000000ac37500000)]
  0x000001c43b25c800 JavaThread "C2 CompilerThread2" daemon [_thread_blocked, id=20156, stack(0x000000ac37300000,0x000000ac37400000)]
  0x000001c43b25a800 JavaThread "C2 CompilerThread1" daemon [_thread_blocked, id=2836, stack(0x000000ac37200000,0x000000ac37300000)]
  0x000001c43b258800 JavaThread "C2 CompilerThread0" daemon [_thread_blocked, id=17820, stack(0x000000ac37100000,0x000000ac37200000)]
  0x000001c433aed000 JavaThread "Attach Listener" daemon [_thread_blocked, id=19636, stack(0x000000ac36c00000,0x000000ac37100000)]
  0x000001c433aec800 JavaThread "Signal Dispatcher" daemon [_thread_blocked, id=19072, stack(0x000000ac36700000,0x000000ac36c00000)]
  0x000001c43e044800 JavaThread "Finalizer" daemon [_thread_blocked, id=18832, stack(0x000000ac36200000,0x000000ac36700000)]
  0x000001c43e042800 JavaThread "Reference Handler" daemon [_thread_blocked, id=9612, stack(0x000000ac35d00000,0x000000ac36200000)]
  0x000001c43df3f800 JavaThread "main" [_thread_blocked, id=2740, stack(0x000000ac33000000,0x000000ac33100000)]

Other Threads:
  0x000001c43de76000 VMThread "VM Thread" [stack: 0x000000ac35c00000,0x000000ac35d00000] [id=8156]
  0x000001c43b273800 WatcherThread [stack: 0x000000ac38400000,0x000000ac38500000] [id=3640]
  0x000001c43dcf7800 GCTaskThread "GC Thread#0" [stack: 0x000000ac34800000,0x000000ac34900000] [id=17816]
  0x000001c43dfb2800 GCTaskThread "GC Thread#1" [stack: 0x000000ac34900000,0x000000ac34a00000] [id=11240]
  0x000001c43dfaf000 GCTaskThread "GC Thread#2" [stack: 0x000000ac34a00000,0x000000ac34b00000] [id=3028]
  0x000001c43dfb5000 GCTaskThread "GC Thread#3" [stack: 0x000000ac34b00000,0x000000ac34c00000] [id=11248]
  0x000001c43dfb1800 GCTaskThread "GC Thread#4" [stack: 0x000000ac34c00000,0x000000ac34d00000] [id=9324]
  0x000001c43dfb3800 GCTaskThread "GC Thread#5" [stack: 0x000000ac34d00000,0x000000ac34e00000] [id=7420]
  0x000001c43dfb2000 GCTaskThread "GC Thread#6" [stack: 0x000000ac34e00000,0x000000ac34f00000] [id=19224]
  0x000001c43dfb4000 GCTaskThread "GC Thread#7" [stack: 0x000000ac34f00000,0x000000ac35000000] [id=8264]
  0x000001c43dc05800 ConcurrentGCThread "G1 Main Marker" [stack: 0x000000ac35900000,0x000000ac35a00000] [id=12952]
  0x000001c43dfb4800 ConcurrentGCThread "G1 Marker#0" [stack: 0x000000ac35a00000,0x000000ac35b00000] [id=19220]
  0x000001c43dfae800 ConcurrentGCThread "G1 Marker#1" [stack: 0x000000ac35b00000,0x000000ac35c00000] [id=10804]
  0x000001c43b19f800 ConcurrentGCThread "G1 Refine#0" [stack: 0x000000ac35700000,0x000000ac35800000] [id=3100]
  0x000001c43e2bb800 ConcurrentGCThread "G1 Refine#1" [stack: 0x000000ac35600000,0x000000ac35700000] [id=992]
  0x000001c43e2ba800 ConcurrentGCThread "G1 Refine#2" [stack: 0x000000ac35500000,0x000000ac35600000] [id=13300]
  0x000001c43e2b9800 ConcurrentGCThread "G1 Refine#3" [stack: 0x000000ac35400000,0x000000ac35500000] [id=4972]
  0x000001c43b135800 ConcurrentGCThread "G1 Refine#4" [stack: 0x000000ac35300000,0x000000ac35400000] [id=20368]
  0x000001c43e08c800 ConcurrentGCThread "G1 Refine#5" [stack: 0x000000ac35200000,0x000000ac35300000] [id=8428]
  0x000001c43e08b800 ConcurrentGCThread "G1 Refine#6" [stack: 0x000000ac35100000,0x000000ac35200000] [id=10948]
  0x000001c43b1b5000 ConcurrentGCThread "G1 Refine#7" [stack: 0x000000ac35000000,0x000000ac35100000] [id=12984]
  0x000001c43dbf2000 ConcurrentGCThread "G1 Young RemSet Sampling" [stack: 0x000000ac35800000,0x000000ac35900000] [id=19524]

Threads with active compile tasks:

VM state:not at safepoint (normal execution)

VM Mutex/Monitor currently owned by a thread: None

Heap address: 0x0000000700000000, size: 3072 MB, Compressed Oops mode: Zero based, Oop shift amount: 3
Narrow klass base: 0x0000000000000000, Narrow klass shift: 3
Compressed class space size: 1073741824 Address: 0x00000007c0000000

Heap:
 garbage-first heap   total 302080K, used 139757K [0x0000000700000000, 0x0000000700100938, 0x00000007c0000000)
  region size 1024K, 23 young (23552K), 1 survivors (1024K)
 Metaspace       used 90378K, capacity 93711K, committed 96972K, reserved 1132544K
  class space    used 11931K, capacity 12570K, committed 13260K, reserved 1048576K
Heap Regions: E=young(eden), S=young(survivor), O=old, HS=humongous(starts), HC=humongous(continues), CS=collection set, F=free, A=archive, TS=gc time stamp, AC=allocation context, TAMS=top-at-mark-start (previous, next)
|   0|0x0000000700000000, 0x00000007000f1df0, 0x0000000700100000| 94%| O|  |TS  0|AC  0|TAMS 0x0000000700000000, 0x0000000700000000|
|   1|0x0000000700100000, 0x0000000700200000, 0x0000000700200000|100%|HS|  |TS  0|AC  0|TAMS 0x0000000700100000, 0x0000000700100000|
|   2|0x0000000700200000, 0x0000000700300000, 0x0000000700300000|100%|HC|  |TS  0|AC  0|TAMS 0x0000000700200000, 0x0000000700200000|
|   3|0x0000000700300000, 0x0000000700400000, 0x0000000700400000|100%|HS|  |TS  0|AC  0|TAMS 0x0000000700300000, 0x0000000700300000|
|   4|0x0000000700400000, 0x00000007004ffa78, 0x0000000700500000| 99%| O|  |TS  0|AC  0|TAMS 0x0000000700400000, 0x0000000700400000|
|   5|0x0000000700500000, 0x00000007005ff198, 0x0000000700600000| 99%| O|  |TS  0|AC  0|TAMS 0x0000000700500000, 0x0000000700500000|
|   6|0x0000000700600000, 0x00000007006ffff8, 0x0000000700700000| 99%| O|  |TS  0|AC  0|TAMS 0x0000000700600000, 0x0000000700600000|
|   7|0x0000000700700000, 0x0000000700800000, 0x0000000700800000|100%| O|  |TS  0|AC  0|TAMS 0x0000000700700000, 0x0000000700700000|
|   8|0x0000000700800000, 0x00000007008ffff0, 0x0000000700900000| 99%| O|  |TS  0|AC  0|TAMS 0x0000000700800000, 0x0000000700800000|
|   9|0x0000000700900000, 0x00000007009ffff0, 0x0000000700a00000| 99%| O|  |TS  0|AC  0|TAMS 0x0000000700900000, 0x0000000700900000|
|  10|0x0000000700a00000, 0x0000000700afffe0, 0x0000000700b00000| 99%| O|  |TS  0|AC  0|TAMS 0x0000000700a00000, 0x0000000700a00000|
|  11|0x0000000700b00000, 0x0000000700bf5010, 0x0000000700c00000| 95%| O|  |TS  0|AC  0|TAMS 0x0000000700b00000, 0x0000000700b00000|
|  12|0x0000000700c00000, 0x0000000700d00000, 0x0000000700d00000|100%|HS|  |TS  0|AC  0|TAMS 0x0000000700c00000, 0x0000000700c00000|
|  13|0x0000000700d00000, 0x0000000700df6b20, 0x0000000700e00000| 96%| O|  |TS  0|AC  0|TAMS 0x0000000700d00000, 0x0000000700d00000|
|  14|0x0000000700e00000, 0x0000000700ef8f38, 0x0000000700f00000| 97%| O|  |TS  0|AC  0|TAMS 0x0000000700e00000, 0x0000000700e00000|
|  15|0x0000000700f00000, 0x0000000700fe29b0, 0x0000000701000000| 88%| O|  |TS  0|AC  0|TAMS 0x0000000700f00000, 0x0000000700f00000|
|  16|0x0000000701000000, 0x00000007010edd08, 0x0000000701100000| 92%| O|  |TS  0|AC  0|TAMS 0x0000000701000000, 0x0000000701000000|
|  17|0x0000000701100000, 0x00000007011ffff8, 0x0000000701200000| 99%| O|  |TS  0|AC  0|TAMS 0x0000000701100000, 0x0000000701100000|
|  18|0x0000000701200000, 0x00000007012fffe8, 0x0000000701300000| 99%| O|  |TS  0|AC  0|TAMS 0x0000000701200000, 0x0000000701200000|
|  19|0x0000000701300000, 0x00000007013fffe8, 0x0000000701400000| 99%| O|  |TS  0|AC  0|TAMS 0x0000000701300000, 0x0000000701300000|
|  20|0x0000000701400000, 0x0000000701500000, 0x0000000701500000|100%|HS|  |TS  0|AC  0|TAMS 0x0000000701400000, 0x0000000701400000|
|  21|0x0000000701500000, 0x0000000701600000, 0x0000000701600000|100%|HC|  |TS  0|AC  0|TAMS 0x0000000701500000, 0x0000000701500000|
|  22|0x0000000701600000, 0x0000000701700000, 0x0000000701700000|100%|HS|  |TS  0|AC  0|TAMS 0x0000000701600000, 0x0000000701600000|
|  23|0x0000000701700000, 0x0000000701800000, 0x0000000701800000|100%|HC|  |TS  0|AC  0|TAMS 0x0000000701700000, 0x0000000701700000|
|  24|0x0000000701800000, 0x0000000701900000, 0x0000000701900000|100%| O|  |TS  0|AC  0|TAMS 0x0000000701800000, 0x0000000701800000|
|  25|0x0000000701900000, 0x00000007019ffff0, 0x0000000701a00000| 99%| O|  |TS  0|AC  0|TAMS 0x0000000701900000, 0x0000000701900000|
|  26|0x0000000701a00000, 0x0000000701affd40, 0x0000000701b00000| 99%| O|  |TS  0|AC  0|TAMS 0x0000000701a00000, 0x0000000701a00000|
|  27|0x0000000701b00000, 0x0000000701bffff0, 0x0000000701c00000| 99%| O|  |TS  0|AC  0|TAMS 0x0000000701b00000, 0x0000000701b00000|
|  28|0x0000000701c00000, 0x0000000701d00000, 0x0000000701d00000|100%| O|  |TS  0|AC  0|TAMS 0x0000000701c00000, 0x0000000701c00000|
|  29|0x0000000701d00000, 0x0000000701e00000, 0x0000000701e00000|100%| O|  |TS  0|AC  0|TAMS 0x0000000701d00000, 0x0000000701d00000|
|  30|0x0000000701e00000, 0x0000000701effff8, 0x0000000701f00000| 99%| O|  |TS  0|AC  0|TAMS 0x0000000701e00000, 0x0000000701e00000|
|  31|0x0000000701f00000, 0x0000000701fffd48, 0x0000000702000000| 99%| O|  |TS  0|AC  0|TAMS 0x0000000701f00000, 0x0000000701f00000|
|  32|0x0000000702000000, 0x00000007020fff20, 0x0000000702100000| 99%| O|  |TS  0|AC  0|TAMS 0x0000000702000000, 0x0000000702000000|
|  33|0x0000000702100000, 0x00000007021ffff8, 0x0000000702200000| 99%| O|  |TS  0|AC  0|TAMS 0x0000000702100000, 0x0000000702100000|
|  34|0x0000000702200000, 0x00000007022fffe8, 0x0000000702300000| 99%| O|  |TS  0|AC  0|TAMS 0x0000000702200000, 0x0000000702200000|
|  35|0x0000000702300000, 0x00000007023ff920, 0x0000000702400000| 99%| O|  |TS  0|AC  0|TAMS 0x0000000702300000, 0x0000000702300000|
|  36|0x0000000702400000, 0x00000007024fffe8, 0x0000000702500000| 99%| O|  |TS  0|AC  0|TAMS 0x0000000702400000, 0x0000000702400000|
|  37|0x0000000702500000, 0x00000007025ffff0, 0x0000000702600000| 99%| O|  |TS  0|AC  0|TAMS 0x0000000702500000, 0x0000000702500000|
|  38|0x0000000702600000, 0x00000007026ffff8, 0x0000000702700000| 99%| O|  |TS  0|AC  0|TAMS 0x0000000702600000, 0x0000000702600000|
|  39|0x0000000702700000, 0x0000000702800000, 0x0000000702800000|100%| O|  |TS  0|AC  0|TAMS 0x0000000702700000, 0x0000000702700000|
|  40|0x0000000702800000, 0x00000007028ffff8, 0x0000000702900000| 99%| O|  |TS  0|AC  0|TAMS 0x0000000702800000, 0x0000000702800000|
|  41|0x0000000702900000, 0x00000007029ffff8, 0x0000000702a00000| 99%| O|  |TS  0|AC  0|TAMS 0x0000000702900000, 0x0000000702900000|
|  42|0x0000000702a00000, 0x0000000702afffe8, 0x0000000702b00000| 99%| O|  |TS  0|AC  0|TAMS 0x0000000702a00000, 0x0000000702a00000|
|  43|0x0000000702b00000, 0x0000000702c00000, 0x0000000702c00000|100%| O|  |TS  0|AC  0|TAMS 0x0000000702b00000, 0x0000000702b00000|
|  44|0x0000000702c00000, 0x0000000702cffff8, 0x0000000702d00000| 99%| O|  |TS  0|AC  0|TAMS 0x0000000702c00000, 0x0000000702c00000|
|  45|0x0000000702d00000, 0x0000000702dfffc8, 0x0000000702e00000| 99%| O|  |TS  0|AC  0|TAMS 0x0000000702d00000, 0x0000000702d00000|
|  46|0x0000000702e00000, 0x0000000702f00000, 0x0000000702f00000|100%| O|  |TS  0|AC  0|TAMS 0x0000000702e00000, 0x0000000702e00000|
|  47|0x0000000702f00000, 0x0000000702ffffe8, 0x0000000703000000| 99%| O|  |TS  0|AC  0|TAMS 0x0000000702f00000, 0x0000000702f00000|
|  48|0x0000000703000000, 0x0000000703100000, 0x0000000703100000|100%| O|  |TS  0|AC  0|TAMS 0x0000000703000000, 0x0000000703000000|
|  49|0x0000000703100000, 0x00000007031fff98, 0x0000000703200000| 99%| O|  |TS  0|AC  0|TAMS 0x0000000703100000, 0x0000000703100000|
|  50|0x0000000703200000, 0x0000000703300000, 0x0000000703300000|100%|HS|  |TS  0|AC  0|TAMS 0x0000000703200000, 0x0000000703200000|
|  51|0x0000000703300000, 0x0000000703400000, 0x0000000703400000|100%|HC|  |TS  0|AC  0|TAMS 0x0000000703300000, 0x0000000703300000|
|  52|0x0000000703400000, 0x0000000703500000, 0x0000000703500000|100%|HC|  |TS  0|AC  0|TAMS 0x0000000703400000, 0x0000000703400000|
|  53|0x0000000703500000, 0x0000000703600000, 0x0000000703600000|100%|HC|  |TS  0|AC  0|TAMS 0x0000000703500000, 0x0000000703500000|
|  54|0x0000000703600000, 0x0000000703700000, 0x0000000703700000|100%|HC|  |TS  0|AC  0|TAMS 0x0000000703600000, 0x0000000703600000|
|  55|0x0000000703700000, 0x0000000703800000, 0x0000000703800000|100%|HC|  |TS  0|AC  0|TAMS 0x0000000703700000, 0x0000000703700000|
|  56|0x0000000703800000, 0x0000000703900000, 0x0000000703900000|100%|HC|  |TS  0|AC  0|TAMS 0x0000000703800000, 0x0000000703800000|
|  57|0x0000000703900000, 0x0000000703a00000, 0x0000000703a00000|100%|HC|  |TS  0|AC  0|TAMS 0x0000000703900000, 0x0000000703900000|
|  58|0x0000000703a00000, 0x0000000703b00000, 0x0000000703b00000|100%|HC|  |TS  0|AC  0|TAMS 0x0000000703a00000, 0x0000000703a00000|
|  59|0x0000000703b00000, 0x0000000703c00000, 0x0000000703c00000|100%|HC|  |TS  0|AC  0|TAMS 0x0000000703b00000, 0x0000000703b00000|
|  60|0x0000000703c00000, 0x0000000703d00000, 0x0000000703d00000|100%|HC|  |TS  0|AC  0|TAMS 0x0000000703c00000, 0x0000000703c00000|
|  61|0x0000000703d00000, 0x0000000703e00000, 0x0000000703e00000|100%|HC|  |TS  0|AC  0|TAMS 0x0000000703d00000, 0x0000000703d00000|
|  62|0x0000000703e00000, 0x0000000703f00000, 0x0000000703f00000|100%|HC|  |TS  0|AC  0|TAMS 0x0000000703e00000, 0x0000000703e00000|
|  63|0x0000000703f00000, 0x0000000704000000, 0x0000000704000000|100%|HC|  |TS  0|AC  0|TAMS 0x0000000703f00000, 0x0000000703f00000|
|  64|0x0000000704000000, 0x0000000704100000, 0x0000000704100000|100%|HC|  |TS  0|AC  0|TAMS 0x0000000704000000, 0x0000000704000000|
|  65|0x0000000704100000, 0x0000000704200000, 0x0000000704200000|100%|HC|  |TS  0|AC  0|TAMS 0x0000000704100000, 0x0000000704100000|
|  66|0x0000000704200000, 0x0000000704300000, 0x0000000704300000|100%|HC|  |TS  0|AC  0|TAMS 0x0000000704200000, 0x0000000704200000|
|  67|0x0000000704300000, 0x00000007043fffe0, 0x0000000704400000| 99%| O|  |TS  0|AC  0|TAMS 0x0000000704300000, 0x0000000704300000|
|  68|0x0000000704400000, 0x0000000704500000, 0x0000000704500000|100%| O|  |TS  0|AC  0|TAMS 0x0000000704400000, 0x0000000704400000|
|  69|0x0000000704500000, 0x0000000704600000, 0x0000000704600000|100%| O|  |TS  0|AC  0|TAMS 0x0000000704500000, 0x0000000704500000|
|  70|0x0000000704600000, 0x00000007046fffe8, 0x0000000704700000| 99%| O|  |TS  0|AC  0|TAMS 0x0000000704600000, 0x0000000704600000|
|  71|0x0000000704700000, 0x00000007047fffd8, 0x0000000704800000| 99%| O|  |TS  0|AC  0|TAMS 0x0000000704700000, 0x0000000704700000|
|  72|0x0000000704800000, 0x00000007048fffd8, 0x0000000704900000| 99%| O|  |TS  0|AC  0|TAMS 0x0000000704800000, 0x0000000704800000|
|  73|0x0000000704900000, 0x0000000704a00000, 0x0000000704a00000|100%|HS|  |TS  0|AC  0|TAMS 0x0000000704900000, 0x0000000704900000|
|  74|0x0000000704a00000, 0x0000000704afffd0, 0x0000000704b00000| 99%| O|  |TS  0|AC  0|TAMS 0x0000000704a00000, 0x0000000704a00000|
|  75|0x0000000704b00000, 0x0000000704bf6108, 0x0000000704c00000| 96%| O|  |TS  0|AC  0|TAMS 0x0000000704b00000, 0x0000000704b00000|
|  76|0x0000000704c00000, 0x0000000704d00000, 0x0000000704d00000|100%|HS|  |TS  0|AC  0|TAMS 0x0000000704c00000, 0x0000000704c00000|
|  77|0x0000000704d00000, 0x0000000704dfffe0, 0x0000000704e00000| 99%| O|  |TS  0|AC  0|TAMS 0x0000000704d00000, 0x0000000704d00000|
|  78|0x0000000704e00000, 0x0000000704effe40, 0x0000000704f00000| 99%| O|  |TS  0|AC  0|TAMS 0x0000000704e00000, 0x0000000704e00000|
|  79|0x0000000704f00000, 0x0000000705000000, 0x0000000705000000|100%| O|  |TS  0|AC  0|TAMS 0x0000000704f00000, 0x0000000704f00000|
|  80|0x0000000705000000, 0x00000007050ffff8, 0x0000000705100000| 99%| O|  |TS  0|AC  0|TAMS 0x0000000705000000, 0x0000000705000000|
|  81|0x0000000705100000, 0x00000007051ffff8, 0x0000000705200000| 99%| O|  |TS  0|AC  0|TAMS 0x0000000705100000, 0x0000000705100000|
|  82|0x0000000705200000, 0x00000007052fffe8, 0x0000000705300000| 99%| O|  |TS  0|AC  0|TAMS 0x0000000705200000, 0x0000000705200000|
|  83|0x0000000705300000, 0x00000007053fe340, 0x0000000705400000| 99%| O|  |TS  0|AC  0|TAMS 0x0000000705300000, 0x0000000705300000|
|  84|0x0000000705400000, 0x0000000705500000, 0x0000000705500000|100%|HS|  |TS  0|AC  0|TAMS 0x0000000705400000, 0x0000000705400000|
|  85|0x0000000705500000, 0x00000007055fffd8, 0x0000000705600000| 99%| O|  |TS  0|AC  0|TAMS 0x0000000705500000, 0x0000000705500000|
|  86|0x0000000705600000, 0x00000007056ffff8, 0x0000000705700000| 99%| O|  |TS  0|AC  0|TAMS 0x0000000705600000, 0x0000000705600000|
|  87|0x0000000705700000, 0x0000000705800000, 0x0000000705800000|100%| O|  |TS  0|AC  0|TAMS 0x0000000705700000, 0x0000000705700000|
|  88|0x0000000705800000, 0x00000007058ffcb8, 0x0000000705900000| 99%| O|  |TS  0|AC  0|TAMS 0x0000000705800000, 0x0000000705800000|
|  89|0x0000000705900000, 0x00000007059fffe8, 0x0000000705a00000| 99%| O|  |TS  0|AC  0|TAMS 0x0000000705900000, 0x0000000705900000|
|  90|0x0000000705a00000, 0x0000000705afffe8, 0x0000000705b00000| 99%| O|  |TS  0|AC  0|TAMS 0x0000000705a00000, 0x0000000705a00000|
|  91|0x0000000705b00000, 0x0000000705c00000, 0x0000000705c00000|100%| O|  |TS  0|AC  0|TAMS 0x0000000705b00000, 0x0000000705b00000|
|  92|0x0000000705c00000, 0x0000000705d00000, 0x0000000705d00000|100%| O|  |TS  0|AC  0|TAMS 0x0000000705c00000, 0x0000000705c00000|
|  93|0x0000000705d00000, 0x0000000705e00000, 0x0000000705e00000|100%| O|  |TS  0|AC  0|TAMS 0x0000000705d00000, 0x0000000705d00000|
|  94|0x0000000705e00000, 0x0000000705f00000, 0x0000000705f00000|100%| O|  |TS  0|AC  0|TAMS 0x0000000705e00000, 0x0000000705e00000|
|  95|0x0000000705f00000, 0x0000000705fffff0, 0x0000000706000000| 99%| O|  |TS  0|AC  0|TAMS 0x0000000705f00000, 0x0000000705f00000|
|  96|0x0000000706000000, 0x00000007060fff08, 0x0000000706100000| 99%| O|  |TS  0|AC  0|TAMS 0x0000000706000000, 0x0000000706000000|
|  97|0x0000000706100000, 0x00000007061ffec0, 0x0000000706200000| 99%| O|  |TS  0|AC  0|TAMS 0x0000000706100000, 0x0000000706100000|
|  98|0x0000000706200000, 0x00000007062ffff8, 0x0000000706300000| 99%| O|  |TS  0|AC  0|TAMS 0x0000000706200000, 0x0000000706200000|
|  99|0x0000000706300000, 0x00000007063fffd8, 0x0000000706400000| 99%| O|  |TS  0|AC  0|TAMS 0x0000000706300000, 0x0000000706300000|
| 100|0x0000000706400000, 0x00000007064ffff8, 0x0000000706500000| 99%| O|  |TS  0|AC  0|TAMS 0x0000000706400000, 0x0000000706400000|
| 101|0x0000000706500000, 0x00000007065ffff8, 0x0000000706600000| 99%| O|  |TS  0|AC  0|TAMS 0x0000000706500000, 0x0000000706500000|
| 102|0x0000000706600000, 0x00000007066ffff0, 0x0000000706700000| 99%| O|  |TS  0|AC  0|TAMS 0x0000000706600000, 0x0000000706600000|
| 103|0x0000000706700000, 0x00000007067ffff8, 0x0000000706800000| 99%| O|  |TS  0|AC  0|TAMS 0x0000000706700000, 0x0000000706700000|
| 104|0x0000000706800000, 0x0000000706900000, 0x0000000706900000|100%| O|  |TS  0|AC  0|TAMS 0x0000000706800000, 0x0000000706800000|
| 105|0x0000000706900000, 0x00000007069fffe8, 0x0000000706a00000| 99%| O|  |TS  0|AC  0|TAMS 0x0000000706900000, 0x0000000706900000|
| 106|0x0000000706a00000, 0x0000000706afffe0, 0x0000000706b00000| 99%| O|  |TS  0|AC  0|TAMS 0x0000000706a00000, 0x0000000706a00000|
| 107|0x0000000706b00000, 0x0000000706c00000, 0x0000000706c00000|100%|HS|  |TS  0|AC  0|TAMS 0x0000000706b00000, 0x0000000706b00000|
| 108|0x0000000706c00000, 0x0000000706d00000, 0x0000000706d00000|100%|HC|  |TS  0|AC  0|TAMS 0x0000000706c00000, 0x0000000706c00000|
| 109|0x0000000706d00000, 0x0000000706e00000, 0x0000000706e00000|100%|HC|  |TS  0|AC  0|TAMS 0x0000000706d00000, 0x0000000706d00000|
| 110|0x0000000706e00000, 0x0000000706f00000, 0x0000000706f00000|100%|HC|  |TS  0|AC  0|TAMS 0x0000000706e00000, 0x0000000706e00000|
| 111|0x0000000706f00000, 0x0000000706f13df0, 0x0000000707000000|  7%| O|  |TS  0|AC  0|TAMS 0x0000000706f00000, 0x0000000706f00000|
| 112|0x0000000707000000, 0x0000000707100000, 0x0000000707100000|100%|HS|  |TS  0|AC  0|TAMS 0x0000000707000000, 0x0000000707000000|
| 113|0x0000000707100000, 0x0000000707200000, 0x0000000707200000|100%|HC|  |TS  0|AC  0|TAMS 0x0000000707100000, 0x0000000707100000|
| 114|0x0000000707200000, 0x0000000707300000, 0x0000000707300000|100%|HC|  |TS  0|AC  0|TAMS 0x0000000707200000, 0x0000000707200000|
| 115|0x0000000707300000, 0x0000000707400000, 0x0000000707400000|100%|HC|  |TS  0|AC  0|TAMS 0x0000000707300000, 0x0000000707300000|
| 116|0x0000000707400000, 0x0000000707428e00, 0x0000000707500000| 15%| O|  |TS 35|AC  0|TAMS 0x0000000707400000, 0x0000000707400000|
| 117|0x0000000707500000, 0x0000000707500000, 0x0000000707600000|  0%| F|  |TS  0|AC  0|TAMS 0x0000000707500000, 0x0000000707500000|
| 118|0x0000000707600000, 0x0000000707600000, 0x0000000707700000|  0%| F|  |TS  0|AC  0|TAMS 0x0000000707600000, 0x0000000707600000|
| 119|0x0000000707700000, 0x0000000707700000, 0x0000000707800000|  0%| F|  |TS  0|AC  0|TAMS 0x0000000707700000, 0x0000000707700000|
| 120|0x0000000707800000, 0x0000000707800000, 0x0000000707900000|  0%| F|  |TS  0|AC  0|TAMS 0x0000000707800000, 0x0000000707800000|
| 121|0x0000000707900000, 0x0000000707900000, 0x0000000707a00000|  0%| F|  |TS  0|AC  0|TAMS 0x0000000707900000, 0x0000000707900000|
| 122|0x0000000707a00000, 0x0000000707a00000, 0x0000000707b00000|  0%| F|  |TS  0|AC  0|TAMS 0x0000000707a00000, 0x0000000707a00000|
| 123|0x0000000707b00000, 0x0000000707b00000, 0x0000000707c00000|  0%| F|  |TS  0|AC  0|TAMS 0x0000000707b00000, 0x0000000707b00000|
| 124|0x0000000707c00000, 0x0000000707c00000, 0x0000000707d00000|  0%| F|  |TS  0|AC  0|TAMS 0x0000000707c00000, 0x0000000707c00000|
| 125|0x0000000707d00000, 0x0000000707d00000, 0x0000000707e00000|  0%| F|  |TS  0|AC  0|TAMS 0x0000000707d00000, 0x0000000707d00000|
| 126|0x0000000707e00000, 0x0000000707e00000, 0x0000000707f00000|  0%| F|  |TS  0|AC  0|TAMS 0x0000000707e00000, 0x0000000707e00000|
| 127|0x0000000707f00000, 0x0000000707f00000, 0x0000000708000000|  0%| F|  |TS  0|AC  0|TAMS 0x0000000707f00000, 0x0000000707f00000|
| 128|0x0000000708000000, 0x0000000708000000, 0x0000000708100000|  0%| F|  |TS  0|AC  0|TAMS 0x0000000708000000, 0x0000000708000000|
| 129|0x0000000708100000, 0x0000000708100000, 0x0000000708200000|  0%| F|  |TS  0|AC  0|TAMS 0x0000000708100000, 0x0000000708100000|
| 130|0x0000000708200000, 0x0000000708200000, 0x0000000708300000|  0%| F|  |TS  0|AC  0|TAMS 0x0000000708200000, 0x0000000708200000|
| 131|0x0000000708300000, 0x0000000708300000, 0x0000000708400000|  0%| F|  |TS  0|AC  0|TAMS 0x0000000708300000, 0x0000000708300000|
| 132|0x0000000708400000, 0x0000000708400000, 0x0000000708500000|  0%| F|  |TS  0|AC  0|TAMS 0x0000000708400000, 0x0000000708400000|
| 133|0x0000000708500000, 0x0000000708500000, 0x0000000708600000|  0%| F|  |TS  0|AC  0|TAMS 0x0000000708500000, 0x0000000708500000|
| 134|0x0000000708600000, 0x0000000708600000, 0x0000000708700000|  0%| F|  |TS  0|AC  0|TAMS 0x0000000708600000, 0x0000000708600000|
| 135|0x0000000708700000, 0x0000000708700000, 0x0000000708800000|  0%| F|  |TS  0|AC  0|TAMS 0x0000000708700000, 0x0000000708700000|
| 136|0x0000000708800000, 0x0000000708800000, 0x0000000708900000|  0%| F|  |TS  0|AC  0|TAMS 0x0000000708800000, 0x0000000708800000|
| 137|0x0000000708900000, 0x0000000708900000, 0x0000000708a00000|  0%| F|  |TS  0|AC  0|TAMS 0x0000000708900000, 0x0000000708900000|
| 138|0x0000000708a00000, 0x0000000708a00000, 0x0000000708b00000|  0%| F|  |TS  0|AC  0|TAMS 0x0000000708a00000, 0x0000000708a00000|
| 139|0x0000000708b00000, 0x0000000708b00000, 0x0000000708c00000|  0%| F|  |TS  0|AC  0|TAMS 0x0000000708b00000, 0x0000000708b00000|
| 140|0x0000000708c00000, 0x0000000708c00000, 0x0000000708d00000|  0%| F|  |TS  0|AC  0|TAMS 0x0000000708c00000, 0x0000000708c00000|
| 141|0x0000000708d00000, 0x0000000708d00000, 0x0000000708e00000|  0%| F|  |TS  0|AC  0|TAMS 0x0000000708d00000, 0x0000000708d00000|
| 142|0x0000000708e00000, 0x0000000708e00000, 0x0000000708f00000|  0%| F|  |TS  0|AC  0|TAMS 0x0000000708e00000, 0x0000000708e00000|
| 143|0x0000000708f00000, 0x0000000708f00000, 0x0000000709000000|  0%| F|  |TS  0|AC  0|TAMS 0x0000000708f00000, 0x0000000708f00000|
| 144|0x0000000709000000, 0x0000000709000000, 0x0000000709100000|  0%| F|  |TS  0|AC  0|TAMS 0x0000000709000000, 0x0000000709000000|
| 145|0x0000000709100000, 0x0000000709100000, 0x0000000709200000|  0%| F|  |TS  0|AC  0|TAMS 0x0000000709100000, 0x0000000709100000|
| 146|0x0000000709200000, 0x0000000709200000, 0x0000000709300000|  0%| F|  |TS  0|AC  0|TAMS 0x0000000709200000, 0x0000000709200000|
| 147|0x0000000709300000, 0x0000000709300000, 0x0000000709400000|  0%| F|  |TS  0|AC  0|TAMS 0x0000000709300000, 0x0000000709300000|
| 148|0x0000000709400000, 0x0000000709400000, 0x0000000709500000|  0%| F|  |TS  0|AC  0|TAMS 0x0000000709400000, 0x0000000709400000|
| 149|0x0000000709500000, 0x0000000709500000, 0x0000000709600000|  0%| F|  |TS  0|AC  0|TAMS 0x0000000709500000, 0x0000000709500000|
| 150|0x0000000709600000, 0x0000000709600000, 0x0000000709700000|  0%| F|  |TS  0|AC  0|TAMS 0x0000000709600000, 0x0000000709600000|
| 151|0x0000000709700000, 0x0000000709700000, 0x0000000709800000|  0%| F|  |TS  0|AC  0|TAMS 0x0000000709700000, 0x0000000709700000|
| 152|0x0000000709800000, 0x0000000709800000, 0x0000000709900000|  0%| F|  |TS  0|AC  0|TAMS 0x0000000709800000, 0x0000000709800000|
| 153|0x0000000709900000, 0x0000000709900000, 0x0000000709a00000|  0%| F|  |TS  0|AC  0|TAMS 0x0000000709900000, 0x0000000709900000|
| 154|0x0000000709a00000, 0x0000000709a00000, 0x0000000709b00000|  0%| F|  |TS  0|AC  0|TAMS 0x0000000709a00000, 0x0000000709a00000|
| 155|0x0000000709b00000, 0x0000000709b00000, 0x0000000709c00000|  0%| F|  |TS  0|AC  0|TAMS 0x0000000709b00000, 0x0000000709b00000|
| 156|0x0000000709c00000, 0x0000000709c00000, 0x0000000709d00000|  0%| F|  |TS  0|AC  0|TAMS 0x0000000709c00000, 0x0000000709c00000|
| 157|0x0000000709d00000, 0x0000000709d00000, 0x0000000709e00000|  0%| F|  |TS  0|AC  0|TAMS 0x0000000709d00000, 0x0000000709d00000|
| 158|0x0000000709e00000, 0x0000000709e00000, 0x0000000709f00000|  0%| F|  |TS  0|AC  0|TAMS 0x0000000709e00000, 0x0000000709e00000|
| 159|0x0000000709f00000, 0x0000000709f00000, 0x000000070a000000|  0%| F|  |TS  0|AC  0|TAMS 0x0000000709f00000, 0x0000000709f00000|
| 160|0x000000070a000000, 0x000000070a000000, 0x000000070a100000|  0%| F|  |TS  0|AC  0|TAMS 0x000000070a000000, 0x000000070a000000|
| 161|0x000000070a100000, 0x000000070a100000, 0x000000070a200000|  0%| F|  |TS  0|AC  0|TAMS 0x000000070a100000, 0x000000070a100000|
| 162|0x000000070a200000, 0x000000070a200000, 0x000000070a300000|  0%| F|  |TS  0|AC  0|TAMS 0x000000070a200000, 0x000000070a200000|
| 163|0x000000070a300000, 0x000000070a300000, 0x000000070a400000|  0%| F|  |TS  0|AC  0|TAMS 0x000000070a300000, 0x000000070a300000|
| 164|0x000000070a400000, 0x000000070a400000, 0x000000070a500000|  0%| F|  |TS  0|AC  0|TAMS 0x000000070a400000, 0x000000070a400000|
| 165|0x000000070a500000, 0x000000070a500000, 0x000000070a600000|  0%| F|  |TS  0|AC  0|TAMS 0x000000070a500000, 0x000000070a500000|
| 166|0x000000070a600000, 0x000000070a600000, 0x000000070a700000|  0%| F|  |TS  0|AC  0|TAMS 0x000000070a600000, 0x000000070a600000|
| 167|0x000000070a700000, 0x000000070a700000, 0x000000070a800000|  0%| F|  |TS  0|AC  0|TAMS 0x000000070a700000, 0x000000070a700000|
| 168|0x000000070a800000, 0x000000070a800000, 0x000000070a900000|  0%| F|  |TS  0|AC  0|TAMS 0x000000070a800000, 0x000000070a800000|
| 169|0x000000070a900000, 0x000000070a900000, 0x000000070aa00000|  0%| F|  |TS  0|AC  0|TAMS 0x000000070a900000, 0x000000070a900000|
| 170|0x000000070aa00000, 0x000000070aa00000, 0x000000070ab00000|  0%| F|  |TS  0|AC  0|TAMS 0x000000070aa00000, 0x000000070aa00000|
| 171|0x000000070ab00000, 0x000000070ab00000, 0x000000070ac00000|  0%| F|  |TS  0|AC  0|TAMS 0x000000070ab00000, 0x000000070ab00000|
| 172|0x000000070ac00000, 0x000000070ac00000, 0x000000070ad00000|  0%| F|  |TS  0|AC  0|TAMS 0x000000070ac00000, 0x000000070ac00000|
| 173|0x000000070ad00000, 0x000000070ad00000, 0x000000070ae00000|  0%| F|  |TS  0|AC  0|TAMS 0x000000070ad00000, 0x000000070ad00000|
| 174|0x000000070ae00000, 0x000000070ae00000, 0x000000070af00000|  0%| F|  |TS  0|AC  0|TAMS 0x000000070ae00000, 0x000000070ae00000|
| 175|0x000000070af00000, 0x000000070af00000, 0x000000070b000000|  0%| F|  |TS  0|AC  0|TAMS 0x000000070af00000, 0x000000070af00000|
| 176|0x000000070b000000, 0x000000070b000000, 0x000000070b100000|  0%| F|  |TS  0|AC  0|TAMS 0x000000070b000000, 0x000000070b000000|
| 177|0x000000070b100000, 0x000000070b100000, 0x000000070b200000|  0%| F|  |TS  0|AC  0|TAMS 0x000000070b100000, 0x000000070b100000|
| 178|0x000000070b200000, 0x000000070b200000, 0x000000070b300000|  0%| F|  |TS  0|AC  0|TAMS 0x000000070b200000, 0x000000070b200000|
| 179|0x000000070b300000, 0x000000070b300000, 0x000000070b400000|  0%| F|  |TS  0|AC  0|TAMS 0x000000070b300000, 0x000000070b300000|
| 180|0x000000070b400000, 0x000000070b400000, 0x000000070b500000|  0%| F|  |TS  0|AC  0|TAMS 0x000000070b400000, 0x000000070b400000|
| 181|0x000000070b500000, 0x000000070b500000, 0x000000070b600000|  0%| F|  |TS  0|AC  0|TAMS 0x000000070b500000, 0x000000070b500000|
| 182|0x000000070b600000, 0x000000070b600000, 0x000000070b700000|  0%| F|  |TS  0|AC  0|TAMS 0x000000070b600000, 0x000000070b600000|
| 183|0x000000070b700000, 0x000000070b700000, 0x000000070b800000|  0%| F|  |TS  0|AC  0|TAMS 0x000000070b700000, 0x000000070b700000|
| 184|0x000000070b800000, 0x000000070b800000, 0x000000070b900000|  0%| F|  |TS  0|AC  0|TAMS 0x000000070b800000, 0x000000070b800000|
| 185|0x000000070b900000, 0x000000070b900000, 0x000000070ba00000|  0%| F|  |TS  0|AC  0|TAMS 0x000000070b900000, 0x000000070b900000|
| 186|0x000000070ba00000, 0x000000070ba00000, 0x000000070bb00000|  0%| F|  |TS  0|AC  0|TAMS 0x000000070ba00000, 0x000000070ba00000|
| 187|0x000000070bb00000, 0x000000070bb00000, 0x000000070bc00000|  0%| F|  |TS  0|AC  0|TAMS 0x000000070bb00000, 0x000000070bb00000|
| 188|0x000000070bc00000, 0x000000070bc00000, 0x000000070bd00000|  0%| F|  |TS  0|AC  0|TAMS 0x000000070bc00000, 0x000000070bc00000|
| 189|0x000000070bd00000, 0x000000070bd00000, 0x000000070be00000|  0%| F|  |TS  0|AC  0|TAMS 0x000000070bd00000, 0x000000070bd00000|
| 190|0x000000070be00000, 0x000000070be00000, 0x000000070bf00000|  0%| F|  |TS  0|AC  0|TAMS 0x000000070be00000, 0x000000070be00000|
| 191|0x000000070bf00000, 0x000000070bf00000, 0x000000070c000000|  0%| F|  |TS  0|AC  0|TAMS 0x000000070bf00000, 0x000000070bf00000|
| 192|0x000000070c000000, 0x000000070c000000, 0x000000070c100000|  0%| F|  |TS  0|AC  0|TAMS 0x000000070c000000, 0x000000070c000000|
| 193|0x000000070c100000, 0x000000070c100000, 0x000000070c200000|  0%| F|  |TS  0|AC  0|TAMS 0x000000070c100000, 0x000000070c100000|
| 194|0x000000070c200000, 0x000000070c200000, 0x000000070c300000|  0%| F|  |TS  0|AC  0|TAMS 0x000000070c200000, 0x000000070c200000|
| 195|0x000000070c300000, 0x000000070c300000, 0x000000070c400000|  0%| F|  |TS  0|AC  0|TAMS 0x000000070c300000, 0x000000070c300000|
| 196|0x000000070c400000, 0x000000070c400000, 0x000000070c500000|  0%| F|  |TS  0|AC  0|TAMS 0x000000070c400000, 0x000000070c400000|
| 197|0x000000070c500000, 0x000000070c500000, 0x000000070c600000|  0%| F|  |TS  0|AC  0|TAMS 0x000000070c500000, 0x000000070c500000|
| 198|0x000000070c600000, 0x000000070c600000, 0x000000070c700000|  0%| F|  |TS  0|AC  0|TAMS 0x000000070c600000, 0x000000070c600000|
| 199|0x000000070c700000, 0x000000070c700000, 0x000000070c800000|  0%| F|  |TS  0|AC  0|TAMS 0x000000070c700000, 0x000000070c700000|
| 200|0x000000070c800000, 0x000000070c800000, 0x000000070c900000|  0%| F|  |TS  0|AC  0|TAMS 0x000000070c800000, 0x000000070c800000|
| 201|0x000000070c900000, 0x000000070c900000, 0x000000070ca00000|  0%| F|  |TS  0|AC  0|TAMS 0x000000070c900000, 0x000000070c900000|
| 202|0x000000070ca00000, 0x000000070ca00000, 0x000000070cb00000|  0%| F|  |TS  0|AC  0|TAMS 0x000000070ca00000, 0x000000070ca00000|
| 203|0x000000070cb00000, 0x000000070cb00000, 0x000000070cc00000|  0%| F|  |TS  0|AC  0|TAMS 0x000000070cb00000, 0x000000070cb00000|
| 204|0x000000070cc00000, 0x000000070cc00000, 0x000000070cd00000|  0%| F|  |TS  0|AC  0|TAMS 0x000000070cc00000, 0x000000070cc00000|
| 205|0x000000070cd00000, 0x000000070cd00000, 0x000000070ce00000|  0%| F|  |TS  0|AC  0|TAMS 0x000000070cd00000, 0x000000070cd00000|
| 206|0x000000070ce00000, 0x000000070ce00000, 0x000000070cf00000|  0%| F|  |TS  0|AC  0|TAMS 0x000000070ce00000, 0x000000070ce00000|
| 207|0x000000070cf00000, 0x000000070cf00000, 0x000000070d000000|  0%| F|  |TS  0|AC  0|TAMS 0x000000070cf00000, 0x000000070cf00000|
| 208|0x000000070d000000, 0x000000070d000000, 0x000000070d100000|  0%| F|  |TS  0|AC  0|TAMS 0x000000070d000000, 0x000000070d000000|
| 209|0x000000070d100000, 0x000000070d100000, 0x000000070d200000|  0%| F|  |TS  0|AC  0|TAMS 0x000000070d100000, 0x000000070d100000|
| 210|0x000000070d200000, 0x000000070d200000, 0x000000070d300000|  0%| F|  |TS  0|AC  0|TAMS 0x000000070d200000, 0x000000070d200000|
| 211|0x000000070d300000, 0x000000070d300000, 0x000000070d400000|  0%| F|  |TS  0|AC  0|TAMS 0x000000070d300000, 0x000000070d300000|
| 212|0x000000070d400000, 0x000000070d400000, 0x000000070d500000|  0%| F|  |TS  0|AC  0|TAMS 0x000000070d400000, 0x000000070d400000|
| 213|0x000000070d500000, 0x000000070d500000, 0x000000070d600000|  0%| F|  |TS  0|AC  0|TAMS 0x000000070d500000, 0x000000070d500000|
| 214|0x000000070d600000, 0x000000070d600000, 0x000000070d700000|  0%| F|  |TS  0|AC  0|TAMS 0x000000070d600000, 0x000000070d600000|
| 215|0x000000070d700000, 0x000000070d700000, 0x000000070d800000|  0%| F|  |TS  0|AC  0|TAMS 0x000000070d700000, 0x000000070d700000|
| 216|0x000000070d800000, 0x000000070d800000, 0x000000070d900000|  0%| F|  |TS  0|AC  0|TAMS 0x000000070d800000, 0x000000070d800000|
| 217|0x000000070d900000, 0x000000070d900000, 0x000000070da00000|  0%| F|  |TS  0|AC  0|TAMS 0x000000070d900000, 0x000000070d900000|
| 218|0x000000070da00000, 0x000000070da00000, 0x000000070db00000|  0%| F|  |TS  0|AC  0|TAMS 0x000000070da00000, 0x000000070da00000|
| 219|0x000000070db00000, 0x000000070db00000, 0x000000070dc00000|  0%| F|  |TS  0|AC  0|TAMS 0x000000070db00000, 0x000000070db00000|
| 220|0x000000070dc00000, 0x000000070dc00000, 0x000000070dd00000|  0%| F|  |TS  0|AC  0|TAMS 0x000000070dc00000, 0x000000070dc00000|
| 221|0x000000070dd00000, 0x000000070dd00000, 0x000000070de00000|  0%| F|  |TS  0|AC  0|TAMS 0x000000070dd00000, 0x000000070dd00000|
| 222|0x000000070de00000, 0x000000070de00000, 0x000000070df00000|  0%| F|  |TS  0|AC  0|TAMS 0x000000070de00000, 0x000000070de00000|
| 223|0x000000070df00000, 0x000000070df00000, 0x000000070e000000|  0%| F|  |TS  0|AC  0|TAMS 0x000000070df00000, 0x000000070df00000|
| 224|0x000000070e000000, 0x000000070e000000, 0x000000070e100000|  0%| F|  |TS  0|AC  0|TAMS 0x000000070e000000, 0x000000070e000000|
| 225|0x000000070e100000, 0x000000070e100000, 0x000000070e200000|  0%| F|  |TS  0|AC  0|TAMS 0x000000070e100000, 0x000000070e100000|
| 226|0x000000070e200000, 0x000000070e200000, 0x000000070e300000|  0%| F|  |TS  0|AC  0|TAMS 0x000000070e200000, 0x000000070e200000|
| 227|0x000000070e300000, 0x000000070e300000, 0x000000070e400000|  0%| F|  |TS  0|AC  0|TAMS 0x000000070e300000, 0x000000070e300000|
| 228|0x000000070e400000, 0x000000070e400000, 0x000000070e500000|  0%| F|  |TS  0|AC  0|TAMS 0x000000070e400000, 0x000000070e400000|
| 229|0x000000070e500000, 0x000000070e500000, 0x000000070e600000|  0%| F|  |TS  0|AC  0|TAMS 0x000000070e500000, 0x000000070e500000|
| 230|0x000000070e600000, 0x000000070e600000, 0x000000070e700000|  0%| F|  |TS  0|AC  0|TAMS 0x000000070e600000, 0x000000070e600000|
| 231|0x000000070e700000, 0x000000070e700000, 0x000000070e800000|  0%| F|  |TS  0|AC  0|TAMS 0x000000070e700000, 0x000000070e700000|
| 232|0x000000070e800000, 0x000000070e800000, 0x000000070e900000|  0%| F|  |TS  0|AC  0|TAMS 0x000000070e800000, 0x000000070e800000|
| 233|0x000000070e900000, 0x000000070e900000, 0x000000070ea00000|  0%| F|  |TS  0|AC  0|TAMS 0x000000070e900000, 0x000000070e900000|
| 234|0x000000070ea00000, 0x000000070ea00000, 0x000000070eb00000|  0%| F|  |TS 35|AC  0|TAMS 0x000000070ea00000, 0x000000070ea00000|
| 235|0x000000070eb00000, 0x000000070eba6160, 0x000000070ec00000| 64%| S|CS|TS 35|AC  0|TAMS 0x000000070eb00000, 0x000000070eb00000|
| 236|0x000000070ec00000, 0x000000070ec00000, 0x000000070ed00000|  0%| F|  |TS 35|AC  0|TAMS 0x000000070ec00000, 0x000000070ec00000|
| 237|0x000000070ed00000, 0x000000070ed00000, 0x000000070ee00000|  0%| F|  |TS 35|AC  0|TAMS 0x000000070ed00000, 0x000000070ed00000|
| 238|0x000000070ee00000, 0x000000070ee00000, 0x000000070ef00000|  0%| F|  |TS 35|AC  0|TAMS 0x000000070ee00000, 0x000000070ee00000|
| 239|0x000000070ef00000, 0x000000070ef00000, 0x000000070f000000|  0%| F|  |TS 35|AC  0|TAMS 0x000000070ef00000, 0x000000070ef00000|
| 240|0x000000070f000000, 0x000000070f000000, 0x000000070f100000|  0%| F|  |TS 35|AC  0|TAMS 0x000000070f000000, 0x000000070f000000|
| 241|0x000000070f100000, 0x000000070f100000, 0x000000070f200000|  0%| F|  |TS 35|AC  0|TAMS 0x000000070f100000, 0x000000070f100000|
| 242|0x000000070f200000, 0x000000070f200000, 0x000000070f300000|  0%| F|  |TS 35|AC  0|TAMS 0x000000070f200000, 0x000000070f200000|
| 243|0x000000070f300000, 0x000000070f300000, 0x000000070f400000|  0%| F|  |TS 35|AC  0|TAMS 0x000000070f300000, 0x000000070f300000|
| 244|0x000000070f400000, 0x000000070f400000, 0x000000070f500000|  0%| F|  |TS 35|AC  0|TAMS 0x000000070f400000, 0x000000070f400000|
| 245|0x000000070f500000, 0x000000070f500000, 0x000000070f600000|  0%| F|  |TS 35|AC  0|TAMS 0x000000070f500000, 0x000000070f500000|
| 246|0x000000070f600000, 0x000000070f600000, 0x000000070f700000|  0%| F|  |TS 35|AC  0|TAMS 0x000000070f600000, 0x000000070f600000|
| 247|0x000000070f700000, 0x000000070f700000, 0x000000070f800000|  0%| F|  |TS 35|AC  0|TAMS 0x000000070f700000, 0x000000070f700000|
| 248|0x000000070f800000, 0x000000070f800000, 0x000000070f900000|  0%| F|  |TS 35|AC  0|TAMS 0x000000070f800000, 0x000000070f800000|
| 249|0x000000070f900000, 0x000000070f900000, 0x000000070fa00000|  0%| F|  |TS 35|AC  0|TAMS 0x000000070f900000, 0x000000070f900000|
| 250|0x000000070fa00000, 0x000000070fa00000, 0x000000070fb00000|  0%| F|  |TS 35|AC  0|TAMS 0x000000070fa00000, 0x000000070fa00000|
| 251|0x000000070fb00000, 0x000000070fb00000, 0x000000070fc00000|  0%| F|  |TS 35|AC  0|TAMS 0x000000070fb00000, 0x000000070fb00000|
| 252|0x000000070fc00000, 0x000000070fc00000, 0x000000070fd00000|  0%| F|  |TS 35|AC  0|TAMS 0x000000070fc00000, 0x000000070fc00000|
| 253|0x000000070fd00000, 0x000000070fd00000, 0x000000070fe00000|  0%| F|  |TS 35|AC  0|TAMS 0x000000070fd00000, 0x000000070fd00000|
| 254|0x000000070fe00000, 0x000000070fe00000, 0x000000070ff00000|  0%| F|  |TS 35|AC  0|TAMS 0x000000070fe00000, 0x000000070fe00000|
| 255|0x000000070ff00000, 0x000000070ff00000, 0x0000000710000000|  0%| F|  |TS 35|AC  0|TAMS 0x000000070ff00000, 0x000000070ff00000|
| 256|0x0000000710000000, 0x0000000710000000, 0x0000000710100000|  0%| F|  |TS 35|AC  0|TAMS 0x0000000710000000, 0x0000000710000000|
| 257|0x0000000710100000, 0x0000000710100000, 0x0000000710200000|  0%| F|  |TS 35|AC  0|TAMS 0x0000000710100000, 0x0000000710100000|
| 258|0x0000000710200000, 0x0000000710200000, 0x0000000710300000|  0%| F|  |TS 35|AC  0|TAMS 0x0000000710200000, 0x0000000710200000|
| 259|0x0000000710300000, 0x0000000710300000, 0x0000000710400000|  0%| F|  |TS 35|AC  0|TAMS 0x0000000710300000, 0x0000000710300000|
| 260|0x0000000710400000, 0x0000000710400000, 0x0000000710500000|  0%| F|  |TS 35|AC  0|TAMS 0x0000000710400000, 0x0000000710400000|
| 261|0x0000000710500000, 0x0000000710500000, 0x0000000710600000|  0%| F|  |TS 35|AC  0|TAMS 0x0000000710500000, 0x0000000710500000|
| 262|0x0000000710600000, 0x0000000710600000, 0x0000000710700000|  0%| F|  |TS 35|AC  0|TAMS 0x0000000710600000, 0x0000000710600000|
| 263|0x0000000710700000, 0x0000000710700000, 0x0000000710800000|  0%| F|  |TS 35|AC  0|TAMS 0x0000000710700000, 0x0000000710700000|
| 264|0x0000000710800000, 0x0000000710800000, 0x0000000710900000|  0%| F|  |TS 35|AC  0|TAMS 0x0000000710800000, 0x0000000710800000|
| 265|0x0000000710900000, 0x0000000710900000, 0x0000000710a00000|  0%| F|  |TS 35|AC  0|TAMS 0x0000000710900000, 0x0000000710900000|
| 266|0x0000000710a00000, 0x0000000710a00000, 0x0000000710b00000|  0%| F|  |TS 35|AC  0|TAMS 0x0000000710a00000, 0x0000000710a00000|
| 267|0x0000000710b00000, 0x0000000710b00000, 0x0000000710c00000|  0%| F|  |TS 35|AC  0|TAMS 0x0000000710b00000, 0x0000000710b00000|
| 268|0x0000000710c00000, 0x0000000710c00000, 0x0000000710d00000|  0%| F|  |TS 35|AC  0|TAMS 0x0000000710c00000, 0x0000000710c00000|
| 269|0x0000000710d00000, 0x0000000710d00000, 0x0000000710e00000|  0%| F|  |TS 35|AC  0|TAMS 0x0000000710d00000, 0x0000000710d00000|
| 270|0x0000000710e00000, 0x0000000710e00000, 0x0000000710f00000|  0%| F|  |TS 35|AC  0|TAMS 0x0000000710e00000, 0x0000000710e00000|
| 271|0x0000000710f00000, 0x0000000710f00000, 0x0000000711000000|  0%| F|  |TS 35|AC  0|TAMS 0x0000000710f00000, 0x0000000710f00000|
| 272|0x0000000711000000, 0x0000000711000000, 0x0000000711100000|  0%| F|  |TS 35|AC  0|TAMS 0x0000000711000000, 0x0000000711000000|
| 273|0x0000000711100000, 0x0000000711111e28, 0x0000000711200000|  6%| E|  |TS 35|AC  0|TAMS 0x0000000711100000, 0x0000000711100000|
| 274|0x0000000711200000, 0x0000000711300000, 0x0000000711300000|100%| E|CS|TS 35|AC  0|TAMS 0x0000000711200000, 0x0000000711200000|
| 275|0x0000000711300000, 0x0000000711400000, 0x0000000711400000|100%| E|CS|TS 35|AC  0|TAMS 0x0000000711300000, 0x0000000711300000|
| 276|0x0000000711400000, 0x0000000711500000, 0x0000000711500000|100%| E|CS|TS 35|AC  0|TAMS 0x0000000711400000, 0x0000000711400000|
| 277|0x0000000711500000, 0x0000000711600000, 0x0000000711600000|100%| E|CS|TS 35|AC  0|TAMS 0x0000000711500000, 0x0000000711500000|
| 278|0x0000000711600000, 0x0000000711700000, 0x0000000711700000|100%| E|CS|TS 35|AC  0|TAMS 0x0000000711600000, 0x0000000711600000|
| 279|0x0000000711700000, 0x0000000711800000, 0x0000000711800000|100%| E|CS|TS 35|AC  0|TAMS 0x0000000711700000, 0x0000000711700000|
| 280|0x0000000711800000, 0x0000000711900000, 0x0000000711900000|100%| E|CS|TS 35|AC  0|TAMS 0x0000000711800000, 0x0000000711800000|
| 281|0x0000000711900000, 0x0000000711a00000, 0x0000000711a00000|100%| E|CS|TS 35|AC  0|TAMS 0x0000000711900000, 0x0000000711900000|
| 282|0x0000000711a00000, 0x0000000711b00000, 0x0000000711b00000|100%| E|CS|TS 35|AC  0|TAMS 0x0000000711a00000, 0x0000000711a00000|
| 283|0x0000000711b00000, 0x0000000711c00000, 0x0000000711c00000|100%| E|CS|TS 35|AC  0|TAMS 0x0000000711b00000, 0x0000000711b00000|
| 284|0x0000000711c00000, 0x0000000711d00000, 0x0000000711d00000|100%| E|CS|TS 35|AC  0|TAMS 0x0000000711c00000, 0x0000000711c00000|
| 285|0x0000000711d00000, 0x0000000711e00000, 0x0000000711e00000|100%| E|CS|TS 35|AC  0|TAMS 0x0000000711d00000, 0x0000000711d00000|
| 286|0x0000000711e00000, 0x0000000711f00000, 0x0000000711f00000|100%| E|CS|TS 35|AC  0|TAMS 0x0000000711e00000, 0x0000000711e00000|
| 287|0x0000000711f00000, 0x0000000712000000, 0x0000000712000000|100%| E|CS|TS 35|AC  0|TAMS 0x0000000711f00000, 0x0000000711f00000|
| 288|0x0000000712000000, 0x0000000712100000, 0x0000000712100000|100%| E|CS|TS 35|AC  0|TAMS 0x0000000712000000, 0x0000000712000000|
| 289|0x0000000712100000, 0x0000000712200000, 0x0000000712200000|100%| E|CS|TS 35|AC  0|TAMS 0x0000000712100000, 0x0000000712100000|
| 290|0x0000000712200000, 0x0000000712300000, 0x0000000712300000|100%| E|CS|TS 35|AC  0|TAMS 0x0000000712200000, 0x0000000712200000|
| 291|0x0000000712300000, 0x0000000712400000, 0x0000000712400000|100%| E|CS|TS 35|AC  0|TAMS 0x0000000712300000, 0x0000000712300000|
| 292|0x0000000712400000, 0x0000000712500000, 0x0000000712500000|100%| E|CS|TS 35|AC  0|TAMS 0x0000000712400000, 0x0000000712400000|
| 293|0x0000000712500000, 0x0000000712600000, 0x0000000712600000|100%| E|CS|TS 35|AC  0|TAMS 0x0000000712500000, 0x0000000712500000|
| 294|0x0000000712600000, 0x0000000712700000, 0x0000000712700000|100%| E|CS|TS 35|AC  0|TAMS 0x0000000712600000, 0x0000000712600000|

Card table byte_map: [0x000001c4386d0000,0x000001c438cd0000] byte_map_base: 0x000001c434ed0000

Marking Bits (Prev, Next): (CMBitMap*) 0x000001c433a4f088, (CMBitMap*) 0x000001c433a4f050
 Prev Bits: [0x000001c457220000, 0x000001c45a220000)
 Next Bits: [0x000001c454220000, 0x000001c457220000)

Polling page: 0x000001c42f780000

CodeHeap 'non-profiled nmethods': size=120000Kb used=28056Kb max_used=28056Kb free=91943Kb
 bounds [0x000001c44ccf0000, 0x000001c44e870000, 0x000001c454220000]
CodeHeap 'profiled nmethods': size=120000Kb used=45308Kb max_used=46402Kb free=74691Kb
 bounds [0x000001c4457c0000, 0x000001c448580000, 0x000001c44ccf0000]
CodeHeap 'non-nmethods': size=5760Kb used=1827Kb max_used=1954Kb free=3932Kb
 bounds [0x000001c445220000, 0x000001c445490000, 0x000001c4457c0000]
 total_blobs=42508 nmethods=20241 adapters=1183
 compilation: enabled

Compilation events (10 events):
Event: 7498.821 Thread 0x000001c43b25e800 28312       3       javax.swing.SwingPaintEventDispatcher::queueSurfaceDataReplacing (31 bytes)
Event: 7498.822 Thread 0x000001c43b25e800 nmethod 28312 0x000001c4470fa610 code [0x000001c4470fa840, 0x000001c4470fb0c0]
Event: 7498.833 Thread 0x000001c43b25e800 28313       3       javax.swing.RepaintManager$2$1::run (5 bytes)
Event: 7498.833 Thread 0x000001c43b25e800 nmethod 28313 0x000001c446e9bc10 code [0x000001c446e9bde0, 0x000001c446e9c090]
Event: 7498.833 Thread 0x000001c43b25e800 28314       3       javax.swing.RepaintManager$2$1::run (14 bytes)
Event: 7498.833 Thread 0x000001c43b25e800 nmethod 28314 0x000001c446ef7a90 code [0x000001c446ef7c40, 0x000001c446ef7e70]
Event: 7498.842 Thread 0x000001c43b25a800 28315       4       com.jidesoft.grid.FilterableTableModel::prepareFilters (421 bytes)
Event: 7498.862 Thread 0x000001c43b25a800 nmethod 28315 0x000001c44e85cf90 code [0x000001c44e85d1c0, 0x000001c44e85dff8]
Event: 7499.099 Thread 0x000001c43b25c800 28316       4       ui.frmwork.d.d::next (5 bytes)
Event: 7499.114 Thread 0x000001c43b25c800 nmethod 28316 0x000001c44e85e810 code [0x000001c44e85ea60, 0x000001c44e85f760]

GC Heap History (10 events):
Event: 7487.918 GC heap before
{Heap before GC invocations=966 (full 19):
 garbage-first heap   total 302080K, used 178852K [0x0000000700000000, 0x0000000700100938, 0x00000007c0000000)
  region size 1024K, 60 young (61440K), 1 survivors (1024K)
 Metaspace       used 90369K, capacity 93705K, committed 96972K, reserved 1132544K
  class space    used 11930K, capacity 12569K, committed 13260K, reserved 1048576K
}
Event: 7487.921 GC heap after
{Heap after GC invocations=967 (full 19):
 garbage-first heap   total 302080K, used 118050K [0x0000000700000000, 0x0000000700100938, 0x00000007c0000000)
  region size 1024K, 1 young (1024K), 1 survivors (1024K)
 Metaspace       used 90369K, capacity 93705K, committed 96972K, reserved 1132544K
  class space    used 11930K, capacity 12569K, committed 13260K, reserved 1048576K
}
Event: 7488.218 GC heap before
{Heap before GC invocations=967 (full 19):
 garbage-first heap   total 302080K, used 178466K [0x0000000700000000, 0x0000000700100938, 0x00000007c0000000)
  region size 1024K, 60 young (61440K), 1 survivors (1024K)
 Metaspace       used 90369K, capacity 93705K, committed 96972K, reserved 1132544K
  class space    used 11930K, capacity 12569K, committed 13260K, reserved 1048576K
}
Event: 7488.220 GC heap after
{Heap after GC invocations=968 (full 19):
 garbage-first heap   total 302080K, used 118045K [0x0000000700000000, 0x0000000700100938, 0x00000007c0000000)
  region size 1024K, 1 young (1024K), 1 survivors (1024K)
 Metaspace       used 90369K, capacity 93705K, committed 96972K, reserved 1132544K
  class space    used 11930K, capacity 12569K, committed 13260K, reserved 1048576K
}
Event: 7490.323 GC heap before
{Heap before GC invocations=968 (full 19):
 garbage-first heap   total 302080K, used 178461K [0x0000000700000000, 0x0000000700100938, 0x00000007c0000000)
  region size 1024K, 60 young (61440K), 1 survivors (1024K)
 Metaspace       used 90371K, capacity 93705K, committed 96972K, reserved 1132544K
  class space    used 11930K, capacity 12569K, committed 13260K, reserved 1048576K
}
Event: 7490.325 GC heap after
{Heap after GC invocations=969 (full 19):
 garbage-first heap   total 302080K, used 118048K [0x0000000700000000, 0x0000000700100938, 0x00000007c0000000)
  region size 1024K, 1 young (1024K), 1 survivors (1024K)
 Metaspace       used 90371K, capacity 93705K, committed 96972K, reserved 1132544K
  class space    used 11930K, capacity 12569K, committed 13260K, reserved 1048576K
}
Event: 7496.659 GC heap before
{Heap before GC invocations=969 (full 19):
 garbage-first heap   total 302080K, used 178464K [0x0000000700000000, 0x0000000700100938, 0x00000007c0000000)
  region size 1024K, 60 young (61440K), 1 survivors (1024K)
 Metaspace       used 90372K, capacity 93705K, committed 96972K, reserved 1132544K
  class space    used 11930K, capacity 12569K, committed 13260K, reserved 1048576K
}
Event: 7496.662 GC heap after
{Heap after GC invocations=970 (full 19):
 garbage-first heap   total 302080K, used 118081K [0x0000000700000000, 0x0000000700100938, 0x00000007c0000000)
  region size 1024K, 1 young (1024K), 1 survivors (1024K)
 Metaspace       used 90372K, capacity 93705K, committed 96972K, reserved 1132544K
  class space    used 11930K, capacity 12569K, committed 13260K, reserved 1048576K
}
Event: 7497.972 GC heap before
{Heap before GC invocations=970 (full 19):
 garbage-first heap   total 302080K, used 178497K [0x0000000700000000, 0x0000000700100938, 0x00000007c0000000)
  region size 1024K, 60 young (61440K), 1 survivors (1024K)
 Metaspace       used 90376K, capacity 93711K, committed 96972K, reserved 1132544K
  class space    used 11931K, capacity 12570K, committed 13260K, reserved 1048576K
}
Event: 7497.975 GC heap after
{Heap after GC invocations=971 (full 19):
 garbage-first heap   total 302080K, used 118253K [0x0000000700000000, 0x0000000700100938, 0x00000007c0000000)
  region size 1024K, 1 young (1024K), 1 survivors (1024K)
 Metaspace       used 90376K, capacity 93711K, committed 96972K, reserved 1132544K
  class space    used 11931K, capacity 12570K, committed 13260K, reserved 1048576K
}

Deoptimization events (10 events):
Event: 7463.517 Thread 0x000001c45da46800 Uncommon trap: reason=unstable_if action=reinterpret pc=0x000001c44e2131d0 method=ui.views.d.w.paintComponent(Ljava/awt/Graphics;)V @ 252 c2
Event: 7467.377 Thread 0x000001c45da46800 Uncommon trap: reason=bimorphic_or_optimized_type_check action=maybe_recompile pc=0x000001c44e8149b4 method=com.jidesoft.plaf.basic.BasicJideTabbedPaneUI.setVisibleComponent(Ljava/awt/Component;)V @ 50 c2
Event: 7491.744 Thread 0x000001c45da46800 Uncommon trap: reason=class_check action=maybe_recompile pc=0x000001c44e5ca660 method=ui.views.waveform.executive.protobuf.WVTree$WVTreeNode.getColumnValuesCount()I @ 4 c2
Event: 7491.744 Thread 0x000001c45da46800 Uncommon trap: reason=class_check action=maybe_recompile pc=0x000001c44e5ca660 method=ui.views.waveform.executive.protobuf.WVTree$WVTreeNode.getColumnValuesCount()I @ 4 c2
Event: 7491.745 Thread 0x000001c45da46800 Uncommon trap: reason=class_check action=maybe_recompile pc=0x000001c44e5ca660 method=ui.views.waveform.executive.protobuf.WVTree$WVTreeNode.getColumnValuesCount()I @ 4 c2
Event: 7491.745 Thread 0x000001c45da46800 Uncommon trap: reason=class_check action=maybe_recompile pc=0x000001c44e5ca660 method=ui.views.waveform.executive.protobuf.WVTree$WVTreeNode.getColumnValuesCount()I @ 4 c2
Event: 7496.679 Thread 0x000001c45da46800 Uncommon trap: reason=unstable_if action=reinterpret pc=0x000001c44e4a9740 method=ui.data.simulation.c.equals(Ljava/lang/Object;)Z @ 23 c2
Event: 7497.273 Thread 0x000001c45da46800 Uncommon trap: reason=class_check action=maybe_recompile pc=0x000001c44d37b06c method=java.lang.Throwable.<init>()V @ 24 c2
Event: 7497.273 Thread 0x000001c45da46800 Uncommon trap: reason=class_check action=maybe_recompile pc=0x000001c44da2e5f0 method=java.awt.LightweightDispatcher.retargetMouseEnterExit(Ljava/awt/Component;Ljava/awt/event/MouseEvent;Ljava/awt/Component;Z)Ljava/awt/Component; @ 73 c2
Event: 7497.539 Thread 0x000001c45da46800 Uncommon trap: reason=class_check action=maybe_recompile pc=0x000001c44d47db6c method=java.lang.Throwable.<init>()V @ 24 c2

Classes redefined (0 events):
No events

Internal exceptions (10 events):
Event: 6994.153 Thread 0x000001c45da46800 Implicit null exception at 0x000001c44d8333de to 0x000001c44d833b69
Event: 6999.492 Thread 0x000001c45e63e800 Implicit null exception at 0x000001c44d73092d to 0x000001c44d730f15
Event: 7008.725 Thread 0x000001c43dc02000 Exception <a 'java/lang/InterruptedException'{0x00000007119863a0}: sleep interrupted> (0x00000007119863a0) thrown at [t:/workspace/hotspot/src/share/vm/prims/jvm.cpp, line 2984]
Event: 7076.374 Thread 0x000001c43dc02000 Exception <a 'java/lang/InterruptedException'{0x0000000711da4830}: sleep interrupted> (0x0000000711da4830) thrown at [t:/workspace/hotspot/src/share/vm/prims/jvm.cpp, line 3023]
Event: 7088.275 Thread 0x000001c43dc00000 Exception <a 'java/lang/InterruptedException'{0x00000007124004b8}: sleep interrupted> (0x00000007124004b8) thrown at [t:/workspace/hotspot/src/share/vm/prims/jvm.cpp, line 2984]
Event: 7092.125 Thread 0x000001c45da46800 Implicit null exception at 0x000001c44d19f1b6 to 0x000001c44d19fae5
Event: 7418.765 Thread 0x000001c45e63b800 Exception <a 'java/lang/InterruptedException'{0x0000000711f81060}: sleep interrupted> (0x0000000711f81060) thrown at [t:/workspace/hotspot/src/share/vm/prims/jvm.cpp, line 2984]
Event: 7439.920 Thread 0x000001c45da46800 Implicit null exception at 0x000001c44e75e274 to 0x000001c44e7626d5
Event: 7467.320 Thread 0x000001c45e644800 Exception <a 'java/lang/InterruptedException'{0x0000000711c94a20}: sleep interrupted> (0x0000000711c94a20) thrown at [t:/workspace/hotspot/src/share/vm/prims/jvm.cpp, line 3023]
Event: 7469.060 Thread 0x000001c45e640000 Exception <a 'java/lang/InterruptedException'{0x0000000711796cf8}: sleep interrupted> (0x0000000711796cf8) thrown at [t:/workspace/hotspot/src/share/vm/prims/jvm.cpp, line 3023]

Events (10 events):
Event: 7498.575 Thread 0x000001c43dc02000 Thread exited: 0x000001c43dc02000
Event: 7498.814 Thread 0x000001c43dc03000 Thread added: 0x000001c43dc03000
Event: 7498.817 Executing VM operation: RevokeBias
Event: 7498.820 Executing VM operation: RevokeBias done
Event: 7498.822 Executing VM operation: RevokeBias
Event: 7498.822 Executing VM operation: RevokeBias done
Event: 7498.930 Thread 0x000001c43dc02000 Thread added: 0x000001c43dc02000
Event: 7498.936 Thread 0x000001c43dc02000 Thread exited: 0x000001c43dc02000
Event: 7499.933 Thread 0x000001c43dc00000 Thread added: 0x000001c43dc00000
Event: 7499.938 Thread 0x000001c43dc00000 Thread exited: 0x000001c43dc00000


Dynamic libraries:
0x00007ff725d80000 - 0x00007ff725db0000 	C:\Xilinx\Vivado\2019.1\bin\unwrapped\win64.o\vivado.exe
0x00007ffd90b80000 - 0x00007ffd90d89000 	C:\WINDOWS\SYSTEM32\ntdll.dll
0x00007ffd8f390000 - 0x00007ffd8f44d000 	C:\WINDOWS\System32\KERNEL32.DLL
0x00007ffd8e3b0000 - 0x00007ffd8e72d000 	C:\WINDOWS\System32\KERNELBASE.dll
0x00007ffd8e8c0000 - 0x00007ffd8e9d1000 	C:\WINDOWS\System32\ucrtbase.dll
0x00007ffd1e810000 - 0x00007ffd1e89d000 	C:\WINDOWS\SYSTEM32\MSVCP140.dll
0x00007ffd39510000 - 0x00007ffd3a3f2000 	C:\Xilinx\Vivado\2019.1\lib\win64.o\librdi_common.dll
0x00007ffd783b0000 - 0x00007ffd783c4000 	C:\Xilinx\Vivado\2019.1\lib\win64.o\libboost_signals.dll
0x00007ffd78390000 - 0x00007ffd783a4000 	C:\Xilinx\Vivado\2019.1\lib\win64.o\librdi_commonmain.dll
0x00007ffd8f590000 - 0x00007ffd8f73d000 	C:\WINDOWS\System32\USER32.dll
0x00007ffd6d340000 - 0x00007ffd6d35b000 	C:\WINDOWS\SYSTEM32\VCRUNTIME140.dll
0x00007ffd8e210000 - 0x00007ffd8e236000 	C:\WINDOWS\System32\win32u.dll
0x00007ffd909e0000 - 0x00007ffd90a09000 	C:\WINDOWS\System32\GDI32.dll
0x00007ffd5c320000 - 0x00007ffd5c32c000 	C:\WINDOWS\SYSTEM32\VCRUNTIME140_1.dll
0x00007ffd8e0f0000 - 0x00007ffd8e208000 	C:\WINDOWS\System32\gdi32full.dll
0x00007ffd8e730000 - 0x00007ffd8e7cd000 	C:\WINDOWS\System32\msvcp_win.dll
0x00007ffd8f2e0000 - 0x00007ffd8f38e000 	C:\WINDOWS\System32\ADVAPI32.dll
0x00007ffd391a0000 - 0x00007ffd3950e000 	C:\Xilinx\Vivado\2019.1\lib\win64.o\libCOIN-all.dll
0x00007ffd76b80000 - 0x00007ffd76b94000 	C:\Xilinx\Vivado\2019.1\lib\win64.o\libboost_date_time.dll
0x00007ffd90900000 - 0x00007ffd909a3000 	C:\WINDOWS\System32\msvcrt.dll
0x00007ffd768a0000 - 0x00007ffd768c6000 	C:\Xilinx\Vivado\2019.1\lib\win64.o\libboost_filesystem.dll
0x00007ffd8ffe0000 - 0x00007ffd9007e000 	C:\WINDOWS\System32\sechost.dll
0x00007ffd901d0000 - 0x00007ffd902f0000 	C:\WINDOWS\System32\RPCRT4.dll
0x00007ffd737f0000 - 0x00007ffd7386f000 	C:\Xilinx\Vivado\2019.1\lib\win64.o\libboost_program_options.dll
0x00007ffd8f740000 - 0x00007ffd8fef8000 	C:\WINDOWS\System32\SHELL32.dll
0x00007ffd60de0000 - 0x00007ffd60ef4000 	C:\Xilinx\Vivado\2019.1\lib\win64.o\libboost_regex.dll
0x00007ffd83250000 - 0x00007ffd8325a000 	C:\Xilinx\Vivado\2019.1\lib\win64.o\librdi_commonversion.dll
0x00007ffd80dd0000 - 0x00007ffd80ddb000 	C:\Xilinx\Vivado\2019.1\lib\win64.o\libboost_system.dll
0x00007ffd76870000 - 0x00007ffd76891000 	C:\Xilinx\Vivado\2019.1\lib\win64.o\libboost_thread.dll
0x00007ffd65240000 - 0x00007ffd65361000 	C:\Xilinx\Vivado\2019.1\lib\win64.o\librdi_commonxillic.dll
0x00007ffd7fdd0000 - 0x00007ffd7fddf000 	C:\Xilinx\Vivado\2019.1\lib\win64.o\libboost_xilinx.dll
0x00007ffd60d50000 - 0x00007ffd60dd2000 	C:\Xilinx\Vivado\2019.1\lib\win64.o\libhdlpsolve.dll
0x0000000067e10000 - 0x0000000067f3b000 	C:\Xilinx\Vivado\2019.1\lib\win64.o\tcl85t.dll
0x00007ffd60ca0000 - 0x00007ffd60d45000 	C:\Xilinx\Vivado\2019.1\lib\win64.o\libhdxml.dll
0x00007ffd385f0000 - 0x00007ffd3919f400 	C:\Xilinx\Vivado\2019.1\lib\win64.o\libisl_iostreams.dll
0x00007ffd8ff00000 - 0x00007ffd8ff6f000 	C:\WINDOWS\System32\WS2_32.dll
0x00007ffd76030000 - 0x00007ffd7605e000 	C:\Xilinx\Vivado\2019.1\lib\win64.o\libisl_sysinfo.dll
0x00007ffd76170000 - 0x00007ffd7618a000 	C:\Xilinx\Vivado\2019.1\lib\win64.o\pthreadVC2.dll
0x00007ffd6b4e0000 - 0x00007ffd6b545000 	C:\Xilinx\Vivado\2019.1\lib\win64.o\liblmx6.0.dll
0x00007ffd73df0000 - 0x00007ffd73e0c000 	C:\Xilinx\Vivado\2019.1\lib\win64.o\librdiconfig.dll
0x00007ffd73dc0000 - 0x00007ffd73de1000 	C:\Xilinx\Vivado\2019.1\lib\win64.o\librdizlib.dll
0x0000000012000000 - 0x0000000012270000 	C:\Xilinx\Vivado\2019.1\lib\win64.o\xerces-c_3_1.dll
0x00007ffd78360000 - 0x00007ffd7837a000 	C:\WINDOWS\SYSTEM32\NETAPI32.dll
0x00007ffd84c50000 - 0x00007ffd84d5c000 	C:\WINDOWS\SYSTEM32\WINHTTP.dll
0x00007ffd76ff0000 - 0x00007ffd774ea000 	C:\WINDOWS\SYSTEM32\WININET.dll
0x00007ffd82790000 - 0x00007ffd8297f000 	C:\WINDOWS\SYSTEM32\urlmon.dll
0x00007ffd76a00000 - 0x00007ffd76a09000 	C:\WINDOWS\SYSTEM32\WSOCK32.dll
0x00007ffd1c1c0000 - 0x00007ffd1d051000 	C:\Xilinx\Vivado\2019.1\lib\win64.o\gurobi65.dll
0x00007ffd73b80000 - 0x00007ffd73bad000 	C:\WINDOWS\SYSTEM32\VCOMP140.DLL
0x00007ffd7a130000 - 0x00007ffd7a13d000 	C:\Xilinx\Vivado\2019.1\lib\win64.o\libboost_chrono.dll
0x00007ffd4f780000 - 0x00007ffd4fa58000 	C:\Xilinx\Vivado\2019.1\lib\win64.o\libXil_lmgr11.dll
0x00007ffd73ac0000 - 0x00007ffd73adb000 	C:\Xilinx\Vivado\2019.1\lib\win64.o\libboost_iostreams.dll
0x00007ffd737c0000 - 0x00007ffd737e5000 	C:\Xilinx\Vivado\2019.1\lib\win64.o\libisl_iosutils.dll
0x00007ffd90a10000 - 0x00007ffd90afc000 	C:\WINDOWS\System32\COMDLG32.dll
0x00007ffd902f0000 - 0x00007ffd90669000 	C:\WINDOWS\System32\combase.dll
0x00007ffd8f170000 - 0x00007ffd8f25a000 	C:\WINDOWS\System32\shcore.dll
0x00007ffd824d0000 - 0x00007ffd82783000 	C:\WINDOWS\SYSTEM32\iertutil.dll
0x00007ffd824a0000 - 0x00007ffd824c8000 	C:\WINDOWS\SYSTEM32\srvcli.dll
0x00007ffd90670000 - 0x00007ffd906cd000 	C:\WINDOWS\System32\SHLWAPI.dll
0x00007ffd8cd00000 - 0x00007ffd8cd0c000 	C:\WINDOWS\SYSTEM32\netutils.dll
0x00007ffd8f4b0000 - 0x00007ffd8f586000 	C:\WINDOWS\System32\OLEAUT32.dll
0x00007ffd90760000 - 0x00007ffd908fa000 	C:\WINDOWS\System32\ole32.dll
0x00007ffd8e7d0000 - 0x00007ffd8e837000 	C:\WINDOWS\System32\WINTRUST.dll
0x00007ffd64e80000 - 0x00007ffd64f32000 	C:\WINDOWS\WinSxS\amd64_microsoft.windows.common-controls_6595b64144ccf1df_5.82.22000.1_none_271a8fad6a2d1b1e\COMCTL32.dll
0x00007ffd8e240000 - 0x00007ffd8e3a2000 	C:\WINDOWS\System32\CRYPT32.dll
0x00007ffd83c70000 - 0x00007ffd83c8e000 	C:\WINDOWS\SYSTEM32\dhcpcsvc.DLL
0x00007ffd8ee60000 - 0x00007ffd8ee91000 	C:\WINDOWS\System32\IMM32.DLL
0x00007ffd8d8f0000 - 0x00007ffd8d902000 	C:\WINDOWS\SYSTEM32\MSASN1.dll
0x00007ffd8d1f0000 - 0x00007ffd8d208000 	C:\WINDOWS\SYSTEM32\kernel.appcore.dll
0x00007ffd2ddf0000 - 0x00007ffd2e307000 	C:\Xilinx\Vivado\2019.1\lib\win64.o\librdi_commontasks.dll
0x00007ffd80350000 - 0x00007ffd8035a000 	C:\WINDOWS\SYSTEM32\VERSION.dll
0x00007ffd48150000 - 0x00007ffd483d6000 	C:\Xilinx\Vivado\2019.1\lib\win64.o\librdi_sio.dll
0x00007ffd8cd10000 - 0x00007ffd8cd3d000 	C:\WINDOWS\SYSTEM32\IPHLPAPI.DLL
0x00000000673e0000 - 0x0000000067e05000 	C:\Xilinx\Vivado\2019.1\tps\win64\jre9.0.4\bin\server\jvm.dll
0x00007ffd90b00000 - 0x00007ffd90b08000 	C:\WINDOWS\System32\PSAPI.DLL
0x00007ffd83090000 - 0x00007ffd830c3000 	C:\WINDOWS\SYSTEM32\WINMM.dll
0x00007ffd54e70000 - 0x00007ffd54f5f000 	C:\WINDOWS\SYSTEM32\MSVCR120.dll
0x00007ffd8d650000 - 0x00007ffd8d6b7000 	C:\WINDOWS\SYSTEM32\MSWSOCK.DLL
0x00007ffd8c170000 - 0x00007ffd8c9d8000 	C:\WINDOWS\SYSTEM32\windows.storage.dll
0x00007ffd8c000000 - 0x00007ffd8c166000 	C:\WINDOWS\SYSTEM32\wintypes.dll
0x00007ffd19d00000 - 0x00007ffd1c1bc000 	C:\Xilinx\Vivado\2019.1\lib\win64.o\librdi_tcltasks.dll
0x00007ffd50220000 - 0x00007ffd503b1000 	C:\Xilinx\Vivado\2019.1\lib\win64.o\librdi_board.dll
0x00007ffd2d9e0000 - 0x00007ffd2dde8000 	C:\Xilinx\Vivado\2019.1\lib\win64.o\librdi_bitstream.dll
0x00007ffd651c0000 - 0x00007ffd65238000 	C:\Xilinx\Vivado\2019.1\lib\win64.o\librdi_boarddep.dll
0x00007ffd506e0000 - 0x00007ffd507cb000 	C:\Xilinx\Vivado\2019.1\lib\win64.o\librdi_chipscope.dll
0x00007ffd096e0000 - 0x00007ffd0b0ca000 	C:\Xilinx\Vivado\2019.1\lib\win64.o\librdi_constraints.dll
0x00007ffd38430000 - 0x00007ffd385ed000 	C:\Xilinx\Vivado\2019.1\lib\win64.o\librdi_chipscopeimpl.dll
0x00007ffd49cc0000 - 0x00007ffd49e16000 	C:\Xilinx\Vivado\2019.1\lib\win64.o\librdi_containers.dll
0x00007ffd07820000 - 0x00007ffd096d1000 	C:\Xilinx\Vivado\2019.1\lib\win64.o\librdi_coregen.dll
0x00007ffd19620000 - 0x00007ffd19cfa000 	C:\Xilinx\Vivado\2019.1\lib\win64.o\librdi_coregenipxact.dll
0x00007ffd037d0000 - 0x00007ffd07813000 	C:\Xilinx\Vivado\2019.1\lib\win64.o\librdi_designutils.dll
0x00007ffcf13a0000 - 0x00007ffd037cc000 	C:\Xilinx\Vivado\2019.1\lib\win64.o\librdi_device.dll
0x00007ffd2ce10000 - 0x00007ffd2d12e000 	C:\Xilinx\Vivado\2019.1\lib\win64.o\librdi_dlyest.dll
0x00007ffd0e6c0000 - 0x00007ffd0ec5a000 	C:\Xilinx\Vivado\2019.1\lib\win64.o\librdi_drc.dll
0x00007ffd54da0000 - 0x00007ffd54e64000 	C:\Xilinx\Vivado\2019.1\lib\win64.o\librdi_dsp.dll
0x00007ffd0e070000 - 0x00007ffd0e6bd000 	C:\Xilinx\Vivado\2019.1\lib\win64.o\librdi_filemgmt.dll
0x00007ffd37c60000 - 0x00007ffd37f43000 	C:\Xilinx\Vivado\2019.1\lib\win64.o\librdi_guitools.dll
0x00007ffd653f0000 - 0x00007ffd65455000 	C:\Xilinx\Vivado\2019.1\lib\win64.o\librdi_hdf.dll
0x00007ffcefde0000 - 0x00007ffcf13a0000 	C:\Xilinx\Vivado\2019.1\lib\win64.o\librdi_implflow.dll
0x00007ffcef7c0000 - 0x00007ffcefdd5000 	C:\Xilinx\Vivado\2019.1\lib\win64.o\librdi_memdata.dll
0x00007ffcec420000 - 0x00007ffcef106000 	C:\Xilinx\Vivado\2019.1\lib\win64.o\librdi_mig.dll
0x00007ffd52d60000 - 0x00007ffd52dd3000 	C:\Xilinx\Vivado\2019.1\lib\win64.o\librdi_memoryarray.dll
0x00007ffcef110000 - 0x00007ffcef7b2000 	C:\Xilinx\Vivado\2019.1\lib\win64.o\librdi_netlist.dll
0x00007ffd710b0000 - 0x00007ffd710fb000 	C:\Xilinx\Vivado\2019.1\lib\win64.o\librdi_pfi.dll
0x00007ffd19310000 - 0x00007ffd1961f000 	C:\Xilinx\Vivado\2019.1\lib\win64.o\librdi_platform.dll
0x00007ffce9da0000 - 0x00007ffcec416000 	C:\Xilinx\Vivado\2019.1\lib\win64.o\librdi_place.dll
0x00007ffce9650000 - 0x00007ffce9d9a000 	C:\Xilinx\Vivado\2019.1\lib\win64.o\librdi_power.dll
0x00007ffce89c0000 - 0x00007ffce90c9000 	C:\Xilinx\Vivado\2019.1\lib\win64.o\librdi_psta.dll
0x00007ffce90d0000 - 0x00007ffce964f000 	C:\Xilinx\Vivado\2019.1\lib\win64.o\librdi_project.dll
0x00007ffce82b0000 - 0x00007ffce89b6000 	C:\Xilinx\Vivado\2019.1\lib\win64.o\librdi_rsb.dll
0x00007ffd0dc70000 - 0x00007ffd0e061000 	C:\Xilinx\Vivado\2019.1\lib\win64.o\librdi_runs.dll
0x00007ffd4e9e0000 - 0x00007ffd4eada000 	C:\Xilinx\Vivado\2019.1\lib\win64.o\librdi_runsbase.dll
0x00007ffd1df30000 - 0x00007ffd1e186000 	C:\Xilinx\Vivado\2019.1\lib\win64.o\librdi_simdata.dll
0x00007ffce7490000 - 0x00007ffce82a1000 	C:\Xilinx\Vivado\2019.1\lib\win64.o\librdi_timing.dll
0x00007ffd379c0000 - 0x00007ffd37b32000 	C:\Xilinx\Vivado\2019.1\lib\win64.o\librdi_advchipscopeimpl.dll
0x00007ffd68d50000 - 0x00007ffd68d9c000 	C:\Xilinx\Vivado\2019.1\lib\win64.o\libboost_serialization.dll
0x00007ffd485b0000 - 0x00007ffd48672000 	C:\Xilinx\Vivado\2019.1\lib\win64.o\librdi_ipconfig_readwrite.dll
0x00007ffd1d600000 - 0x00007ffd1d79f000 	C:\Xilinx\Vivado\2019.1\lib\win64.o\librdi_hip_devdesign.dll
0x00007ffd60c50000 - 0x00007ffd60c93000 	C:\Xilinx\Vivado\2019.1\lib\win64.o\librdi_noc_frameworks.dll
0x00007ffce63f0000 - 0x00007ffce6f37000 	C:\Xilinx\Vivado\2019.1\lib\win64.o\libverific.dll
0x00007ffd0d690000 - 0x00007ffd0da75000 	C:\Xilinx\Vivado\2019.1\lib\win64.o\librdi_hip_config.dll
0x00007ffce6f40000 - 0x00007ffce748e000 	C:\Xilinx\Vivado\2019.1\lib\win64.o\librdi_xdm.dll
0x00007ffd3a4f0000 - 0x00007ffd3a58e000 	C:\Xilinx\Vivado\2019.1\lib\win64.o\libise.dll
0x00007ffce5df0000 - 0x00007ffce63ec000 	C:\Xilinx\Vivado\2019.1\lib\win64.o\librdi_wavedata.dll
0x00007ffd69ea0000 - 0x00007ffd69ee0000 	C:\Xilinx\Vivado\2019.1\lib\win64.o\librdi_wavedata_SimpleApi.dll
0x00007ffce4c60000 - 0x00007ffce5ded000 	C:\Xilinx\Vivado\2019.1\lib\win64.o\librdi_route.dll
0x00007ffd65490000 - 0x00007ffd654cf000 	C:\Xilinx\Vivado\2019.1\lib\win64.o\librdi_schedmon.dll
0x00007ffce2c90000 - 0x00007ffce4c5d000 	C:\Xilinx\Vivado\2019.1\lib\win64.o\librdi_synth.dll

VM Arguments:
jvm_args: -Dsun.java2d.pmoffscreen=false -Dsun.java2d.xrender=false -Dsun.java2d.d3d=false -Dsun.awt.nopixfmt=true -Dsun.java2d.dpiaware=true -Dsun.java2d.uiScale.enabled=false -Xverify:none -Dswing.aatext=true -XX:-UsePerfData -Djdk.map.althashing.threshold=512 -XX:StringTableSize=4072 --add-opens=java.base/java.nio=ALL-UNNAMED --add-opens=java.desktop/sun.swing=ALL-UNNAMED --add-opens=java.desktop/javax.swing=ALL-UNNAMED --add-opens=java.desktop/javax.swing.tree=ALL-UNNAMED --add-opens=java.desktop/javax.swing.plaf.basic=ALL-UNNAMED --add-opens=java.desktop/javax.swing.plaf.synth=ALL-UNNAMED --add-opens=java.desktop/com.sun.awt=ALL-UNNAMED -XX:NewSize=60m -XX:MaxNewSize=60m -Xms128m -Xmx3072m -Xss5m 
java_command: <unknown>
java_class_path (initial): C:/Xilinx/Vivado/2019.1\lib\classes\alloy.jar;C:/Xilinx/Vivado/2019.1\lib\classes\autopilot.scelaborator.jar;C:/Xilinx/Vivado/2019.1\lib\classes\autopilot.sourceprocessor.jar;C:/Xilinx/Vivado/2019.1\lib\classes\autopilot.tbprocessor.jar;C:/Xilinx/Vivado/2019.1\lib\classes\batik-anim.jar;C:/Xilinx/Vivado/2019.1\lib\classes\batik-awt-util.jar;C:/Xilinx/Vivado/2019.1\lib\classes\batik-bridge.jar;C:/Xilinx/Vivado/2019.1\lib\classes\batik-codec.jar;C:/Xilinx/Vivado/2019.1\lib\classes\batik-css.jar;C:/Xilinx/Vivado/2019.1\lib\classes\batik-dom.jar;C:/Xilinx/Vivado/2019.1\lib\classes\batik-ext.jar;C:/Xilinx/Vivado/2019.1\lib\classes\batik-gui-util.jar;C:/Xilinx/Vivado/2019.1\lib\classes\batik-gvt.jar;C:/Xilinx/Vivado/2019.1\lib\classes\batik-parser.jar;C:/Xilinx/Vivado/2019.1\lib\classes\batik-script.jar;C:/Xilinx/Vivado/2019.1\lib\classes\batik-svg-dom.jar;C:/Xilinx/Vivado/2019.1\lib\classes\batik-swing.jar;C:/Xilinx/Vivado/2019.1\lib\classes\batik-transcoder.jar;C:/Xilinx/Vivado/2019.1\lib\classes\batik-util.jar;C:/Xilinx/Vivado/2019.1\lib\classes\batik-xml.jar;C:/Xilinx/Vivado/2019.1\lib\classes\com.google.gson_2.7.0.v20170129-0911.jar;C:/Xilinx/Vivado/2019.1\lib\classes\com.google.guava_21.0.0.v20170206-1425.jar;C:/Xilinx/Vivado/2019.1\lib\classes\com.google.inject_3.0.0.v201605172100.jar;C:/Xilinx/Vivado/2019.1\lib\classes\com.ibm.icu_4.4.2.v20110208.jar;C:/Xilinx/Vivado/2019.1\lib\classes\com.sigasi.hdt.annotations.runtime_4.3.0.201903071210.jar;C:/Xilinx/Vivado/2019.1\lib\classes\com.sigasi.hdt.blockdiagram.model_4.3.0.201903071210.jar;C:/Xilinx/Vivado/2019.1\lib\classes\com.sigasi.hdt.connection_4.3.0.201903071210.jar;C:/Xilinx/Vivado/2019.1\lib\classes\com.sigasi.hdt.dependencies.model_4.3.0.201903071210.jar;C:/Xilinx/Vivado/2019.1\lib\classes\com.sigasi.hdt.epl_4.3.0.201903071210.jar;C:/Xilinx/Vivado/2019.1\lib\classes\com.sigasi.hdt.graphics.model_4.3.0.201903071210.jar;C:/Xilinx/Vivado/2019.1\lib\classes\com.sigasi.hdt.project_4.3.0
Launcher Type: generic

Logging:
Log output configuration:
#0: stdout all=warning uptime,level,tags
#1: stderr all=off uptime,level,tags

Environment Variables:
PATH=C:/Xilinx/Vivado/2019.1/bin;C:/Xilinx/Vivado/2019.1/lib/win64.o;C:/Xilinx/Vivado/2019.1/tps/win64/jre9.0.4/bin/server;C:/Xilinx/Vivado/2019.1/tps/win64/jre9.0.4/bin;C:/Xilinx/Vivado/2019.1/ids_lite/ISE/bin/nt64;C:/Xilinx/Vivado/2019.1/ids_lite/ISE/lib/nt64;C:\Program Files (x86)\Common Files\Intel\Shared Libraries\redist\intel64\compiler;C:\ProgramData\Oracle\Java\javapath;C:\WINDOWS\system32;C:\WINDOWS;C:\WINDOWS\System32\Wbem;C:\WINDOWS\System32\WindowsPowerShell\v1.0\;C:\WINDOWS\System32\OpenSSH\;C:\Program Files\Polyspace\R2019a\runtime\win64;C:\Program Files\Polyspace\R2019a\bin;C:\Program Files\Polyspace\R2019a\polyspace\bin;C:\Program Files\Git\cmd;C:\Users\carlo\AppData\Local\Microsoft\WindowsApps;C:\Users\carlo\.dotnet\tools;C:\Program Files\Graphviz\bin;C:\Users\carlo\AppData\Local\GitHubDesktop\bin;C:/Xilinx/Vivado/2019.1\tps\mingw\6.2.0\win64.o\nt\bin;C:/Xilinx/Vivado/2019.1\tps\mingw\6.2.0\win64.o\nt\libexec\gcc\x86_64-w64-mingw32\6.2.0;C:/Xilinx/Vivado/2019.1\tps\win64\python-2.7.5;C:/Xilinx/Vivado/2019.1\tps\win64\python-2.7.5\lib;C:/Xilinx/Vivado/2019.1\tps\win64\python-2.7.5\Lib\lib-tk;C:/Xilinx/Vivado/2019.1\tps\win64\python-2.7.5\lib\site-packages
USERNAME=Andrey
OS=Windows_NT
PROCESSOR_IDENTIFIER=Intel64 Family 6 Model 142 Stepping 12, GenuineIntel



---------------  S Y S T E M  ---------------

OS: Windows 10 , 64 bit Build 22000 (10.0.22000.708)

CPU:total 8 (initial active 8) (4 cores per cpu, 2 threads per core) family 6 model 142 stepping 12, cmov, cx8, fxsr, mmx, sse, sse2, sse3, ssse3, sse4.1, sse4.2, popcnt, avx, avx2, aes, clmul, erms, 3dnowpref, lzcnt, ht, tsc, tscinvbit, bmi1, bmi2, adx, fma

Memory: 4k page, physical 8193768k(2552628k free), swap 19938984k(11763368k free)

vm_info: Java HotSpot(TM) 64-Bit Server VM (9.0.4+11) for windows-amd64 JRE (9.0.4+11), built on Dec 20 2017 02:18:54 by "mach5one" with MS VC++ 12.0 (VS2013)

END.
