#
# A fatal error has been detected by the Java Runtime Environment:
#
#  EXCEPTION_ACCESS_VIOLATION (0xc0000005) at pc=0x00007ffce5efd2f0, pid=16600, tid=11128
#
# JRE version: Java(TM) SE Runtime Environment (9.0+11) (build 9.0.4+11)
# Java VM: Java HotSpot(TM) 64-Bit Server VM (9.0.4+11, mixed mode, tiered, compressed oops, g1 gc, windows-amd64)
# Problematic frame:
# C  [librdi_wavedata.dll+0x10d2f0]
#
# No core dump will be written. Minidumps are not enabled by default on client versions of Windows
#
# If you would like to submit a bug report, please visit:
#   http://bugreport.java.com/bugreport/crash.jsp
# The crash happened outside the Java Virtual Machine in native code.
# See problematic frame for where to report the bug.
#

---------------  S U M M A R Y ------------

Command Line: -Dsun.java2d.pmoffscreen=false -Dsun.java2d.xrender=false -Dsun.java2d.d3d=false -Dsun.awt.nopixfmt=true -Dsun.java2d.dpiaware=true -Dsun.java2d.uiScale.enabled=false -Xverify:none -Dswing.aatext=true -XX:-UsePerfData -Djdk.map.althashing.threshold=512 -XX:StringTableSize=4072 --add-opens=java.base/java.nio=ALL-UNNAMED --add-opens=java.desktop/sun.swing=ALL-UNNAMED --add-opens=java.desktop/javax.swing=ALL-UNNAMED --add-opens=java.desktop/javax.swing.tree=ALL-UNNAMED --add-opens=java.desktop/javax.swing.plaf.basic=ALL-UNNAMED --add-opens=java.desktop/javax.swing.plaf.synth=ALL-UNNAMED --add-opens=java.desktop/com.sun.awt=ALL-UNNAMED -XX:NewSize=60m -XX:MaxNewSize=60m -Xms128m -Xmx3072m -Xss5m 

Host: Intel(R) Core(TM) i5-10210U CPU @ 1.60GHz, 8 cores, 7G,  Windows 10 , 64 bit Build 22000 (10.0.22000.708)
Time: Sun Sep 04 18:49:29 2022 Hora estándar, América Central elapsed time: 6330 seconds (0d 1h 45m 30s)

---------------  T H R E A D  ---------------

Current thread (0x000001d77ce0e000):  JavaThread "AWT-EventQueue-1" [_thread_in_native, id=11128, stack(0x00000039f4100000,0x00000039f4600000)]

Stack: [0x00000039f4100000,0x00000039f4600000],  sp=0x00000039f45f3e60,  free space=5071k
Native frames: (J=compiled Java code, j=interpreted, Vv=VM code, C=native code)
C  [librdi_wavedata.dll+0x10d2f0]
C  [librdi_wavedata.dll+0x10d216]
C  [librdi_wavedata.dll+0x12cde1]
C  [librdi_wavedata.dll+0x12ceca]
C  [librdi_wavedata.dll+0x148782]
C  [librdi_wavedata.dll+0x1e1cce]
C  [librdi_wavedata.dll+0x1e1bef]
C  [librdi_wavedata.dll+0x20b1f0]
C  [librdi_wavedata.dll+0x20aed0]
C  [librdi_wavedata.dll+0x26873b]
C  [librdi_wavedata.dll+0x26a153]
C  [librdi_wavedata.dll+0x242ea0]
C  [librdi_wavedata.dll+0x242f1d]
C  [librdi_wavedata.dll+0x242fc1]
C  [librdi_wavedata.dll+0x2695c4]
C  [librdi_wavedata.dll+0x239546]
C  [librdi_wavedata.dll+0x239315]
C  [librdi_wavedata.dll+0x275c1f]
C  0x000001d76dcf603a

Java frames: (J=compiled Java code, j=interpreted, Vv=VM code)
J 23655  ui.views.waveform.waveformi.WVExecutive_getGraphicsDataSize(J)J (0 bytes) @ 0x000001d76dcf5fa1 [0x000001d76dcf5f60+0x0000000000000041]
J 23654 c1 ui.views.waveform.executive.a.gEt()Ljava/io/ByteArrayInputStream; (93 bytes) @ 0x000001d7670533ac [0x000001d7670532c0+0x00000000000000ec]
J 29954 c1 ui.views.waveform.b.a.gEf()V (142 bytes) @ 0x000001d768407d34 [0x000001d768407c20+0x0000000000000114]
J 23505 c1 ui.views.waveform.w.cRi()V (38 bytes) @ 0x000001d76686006c [0x000001d76685f900+0x000000000000076c]
J 21618 c1 ui.views.waveform.c.b.j(Lui/frmwork/b/i;)V (603 bytes) @ 0x000001d767a9a27c [0x000001d767a91120+0x000000000000915c]
J 21617 c1 ui.views.waveform.w.a(Lui/frmwork/b/i;)V (17 bytes) @ 0x000001d7668b6f14 [0x000001d7668b6e40+0x00000000000000d4]
J 30069 c2 ui.frmwork.HTclEventBroker.i(JZ)V (471 bytes) @ 0x000001d76d168708 [0x000001d76d166d80+0x0000000000001988]
J 22759 c2 ui.frmwork.HTclEventBroker.fireTclEvent(J)I (113 bytes) @ 0x000001d76dc61628 [0x000001d76dc605c0+0x0000000000001068]
v  ~StubRoutines::call_stub
J 26397  ui.views.waveform.waveformi.WVExecutive_processModelEvent(JJ)V (0 bytes) @ 0x000001d76e0d0924 [0x000001d76e0d08e0+0x0000000000000044]
J 26585 c1 ui.views.waveform.c.b.eD(J)V (109 bytes) @ 0x000001d7656539c4 [0x000001d765653880+0x0000000000000144]
J 21618 c1 ui.views.waveform.c.b.j(Lui/frmwork/b/i;)V (603 bytes) @ 0x000001d767a9af34 [0x000001d767a91120+0x0000000000009e14]
J 21617 c1 ui.views.waveform.w.a(Lui/frmwork/b/i;)V (17 bytes) @ 0x000001d7668b6f14 [0x000001d7668b6e40+0x00000000000000d4]
J 30069 c2 ui.frmwork.HTclEventBroker.i(JZ)V (471 bytes) @ 0x000001d76d168708 [0x000001d76d166d80+0x0000000000001988]
J 22759 c2 ui.frmwork.HTclEventBroker.fireTclEvent(J)I (113 bytes) @ 0x000001d76dc61628 [0x000001d76dc605c0+0x0000000000001068]
v  ~StubRoutines::call_stub
J 26397  ui.views.waveform.waveformi.WVExecutive_processModelEvent(JJ)V (0 bytes) @ 0x000001d76e0d0924 [0x000001d76e0d08e0+0x0000000000000044]
J 26585 c1 ui.views.waveform.c.b.eD(J)V (109 bytes) @ 0x000001d7656539c4 [0x000001d765653880+0x0000000000000144]
j  ui.views.waveform.c.e.actionPerformed(Ljava/awt/event/ActionEvent;)V+8
J 20654 c2 javax.swing.Timer.fireActionPerformed(Ljava/awt/event/ActionEvent;)V java.desktop@9.0.4 (46 bytes) @ 0x000001d76d719358 [0x000001d76d719240+0x0000000000000118]
J 20653 c2 javax.swing.Timer$DoPostEvent.run()V java.desktop@9.0.4 (82 bytes) @ 0x000001d76d58f388 [0x000001d76d58f1c0+0x00000000000001c8]
J 15787 c2 java.awt.EventQueue$3.run()Ljava/lang/Object; java.desktop@9.0.4 (5 bytes) @ 0x000001d76c8814a4 [0x000001d76c8813a0+0x0000000000000104]
v  ~StubRoutines::call_stub
J 3822  java.security.AccessController.doPrivileged(Ljava/security/PrivilegedAction;Ljava/security/AccessControlContext;)Ljava/lang/Object; java.base@9.0.4 (0 bytes) @ 0x000001d76c9558c6 [0x000001d76c955860+0x0000000000000066]
J 15713 c2 ui.frmwork.b.d.dispatchEvent(Ljava/awt/AWTEvent;)V (34 bytes) @ 0x000001d76d4407a4 [0x000001d76d440180+0x0000000000000624]
J 28430 c2 java.awt.EventDispatchThread.pumpOneEventForFilters(I)V java.desktop@9.0.4 (218 bytes) @ 0x000001d76e2f738c [0x000001d76e2f6f00+0x000000000000048c]
J 23605 c2 java.awt.EventDispatchThread.pumpEventsForFilter(ILjava/awt/Conditional;Ljava/awt/EventFilter;)V java.desktop@9.0.4 (47 bytes) @ 0x000001d76dcd670c [0x000001d76dcd6560+0x00000000000001ac]
j  java.awt.EventDispatchThread.pumpEventsForFilter(Ljava/awt/Conditional;Ljava/awt/EventFilter;)V+4 java.desktop@9.0.4
j  java.awt.WaitDispatchSupport$2.run()V+59 java.desktop@9.0.4
j  java.awt.WaitDispatchSupport$4.run()Ljava/lang/Void;+4 java.desktop@9.0.4
j  java.awt.WaitDispatchSupport$4.run()Ljava/lang/Object;+1 java.desktop@9.0.4
v  ~StubRoutines::call_stub
J 1045  java.security.AccessController.doPrivileged(Ljava/security/PrivilegedAction;)Ljava/lang/Object; java.base@9.0.4 (0 bytes) @ 0x000001d76c7ac7b2 [0x000001d76c7ac760+0x0000000000000052]
j  java.awt.WaitDispatchSupport.enter()Z+260 java.desktop@9.0.4
j  java.awt.Dialog.show()V+225 java.desktop@9.0.4
J 30380 c1 java.awt.Dialog.setVisible(Z)V java.desktop@9.0.4 (6 bytes) @ 0x000001d765e74a84 [0x000001d765e74820+0x0000000000000264]
j  ui.b.c.g.setVisible(Z)V+2
j  ui.b.c.by.showDialog()V+64
j  ui.b.c.bF.actionPerformed(Ljava/awt/event/ActionEvent;)V+8
j  ui.b.c.by.cJI()V+396
j  ui.views.c.t.b.a.run()V+60
j  ui.frmwork.a.dWF()Z+66
j  ui.frmwork.V.dYl()V+42
j  ui.bk.actionPerformed(Ljava/awt/event/ActionEvent;)V+25
J 26742 c1 javax.swing.AbstractButton.fireActionPerformed(Ljava/awt/event/ActionEvent;)V java.desktop@9.0.4 (96 bytes) @ 0x000001d765290fac [0x000001d765290740+0x000000000000086c]
j  ui.utils.o.b.B.fireActionPerformed(Ljava/awt/event/ActionEvent;)V+7
J 26741 c1 javax.swing.AbstractButton$Handler.actionPerformed(Ljava/awt/event/ActionEvent;)V java.desktop@9.0.4 (9 bytes) @ 0x000001d765249344 [0x000001d765249240+0x0000000000000104]
J 26739 c1 javax.swing.DefaultButtonModel.fireActionPerformed(Ljava/awt/event/ActionEvent;)V java.desktop@9.0.4 (46 bytes) @ 0x000001d76525ad14 [0x000001d76525aa60+0x00000000000002b4]
J 24377 c1 javax.swing.DefaultButtonModel.setPressed(Z)V java.desktop@9.0.4 (125 bytes) @ 0x000001d7680673c4 [0x000001d768066500+0x0000000000000ec4]
J 26818 c1 javax.swing.plaf.basic.BasicButtonListener.mouseReleased(Ljava/awt/event/MouseEvent;)V java.desktop@9.0.4 (48 bytes) @ 0x000001d76525d9ac [0x000001d76525d580+0x000000000000042c]
j  com.jidesoft.plaf.basic.BasicJideButtonListener.mouseReleased(Ljava/awt/event/MouseEvent;)V+61
J 30663 c2 java.awt.AWTEventMulticaster.mouseReleased(Ljava/awt/event/MouseEvent;)V java.desktop@9.0.4 (27 bytes) @ 0x000001d76dd4d9b4 [0x000001d76dd4d940+0x0000000000000074]
J 30663 c2 java.awt.AWTEventMulticaster.mouseReleased(Ljava/awt/event/MouseEvent;)V java.desktop@9.0.4 (27 bytes) @ 0x000001d76dd4d9b4 [0x000001d76dd4d940+0x0000000000000074]
J 30663 c2 java.awt.AWTEventMulticaster.mouseReleased(Ljava/awt/event/MouseEvent;)V java.desktop@9.0.4 (27 bytes) @ 0x000001d76dd4d9b4 [0x000001d76dd4d940+0x0000000000000074]
J 25322 c2 javax.swing.JComponent.processMouseEvent(Ljava/awt/event/MouseEvent;)V java.desktop@9.0.4 (27 bytes) @ 0x000001d76d47a990 [0x000001d76d47a7a0+0x00000000000001f0]
J 13499 c2 java.awt.Container.processEvent(Ljava/awt/AWTEvent;)V java.desktop@9.0.4 (22 bytes) @ 0x000001d76d232840 [0x000001d76d232720+0x0000000000000120]
J 28327 c2 java.awt.Component.dispatchEventImpl(Ljava/awt/AWTEvent;)V java.desktop@9.0.4 (739 bytes) @ 0x000001d76e3abf00 [0x000001d76e3ab540+0x00000000000009c0]
J 25452 c2 java.awt.Container.dispatchEventImpl(Ljava/awt/AWTEvent;)V java.desktop@9.0.4 (129 bytes) @ 0x000001d76dc19650 [0x000001d76dc193a0+0x00000000000002b0]
J 23425 c2 java.awt.LightweightDispatcher.retargetMouseEvent(Ljava/awt/Component;ILjava/awt/event/MouseEvent;)V java.desktop@9.0.4 (350 bytes) @ 0x000001d76d6d98f0 [0x000001d76d6d94e0+0x0000000000000410]
J 25450 c2 java.awt.LightweightDispatcher.processMouseEvent(Ljava/awt/event/MouseEvent;)Z java.desktop@9.0.4 (265 bytes) @ 0x000001d76dbfcfe0 [0x000001d76dbfcae0+0x0000000000000500]
J 25452 c2 java.awt.Container.dispatchEventImpl(Ljava/awt/AWTEvent;)V java.desktop@9.0.4 (129 bytes) @ 0x000001d76dc1993c [0x000001d76dc193a0+0x000000000000059c]
J 19304 c2 java.awt.Window.dispatchEventImpl(Ljava/awt/AWTEvent;)V java.desktop@9.0.4 (23 bytes) @ 0x000001d76c807e0c [0x000001d76c807dc0+0x000000000000004c]
J 15787 c2 java.awt.EventQueue$3.run()Ljava/lang/Object; java.desktop@9.0.4 (5 bytes) @ 0x000001d76c881548 [0x000001d76c8813a0+0x00000000000001a8]
v  ~StubRoutines::call_stub
J 3822  java.security.AccessController.doPrivileged(Ljava/security/PrivilegedAction;Ljava/security/AccessControlContext;)Ljava/lang/Object; java.base@9.0.4 (0 bytes) @ 0x000001d76c9558c6 [0x000001d76c955860+0x0000000000000066]
J 18767 c2 java.awt.EventQueue$4.run()Ljava/lang/Object; java.desktop@9.0.4 (5 bytes) @ 0x000001d76d7ef7c0 [0x000001d76d7ef560+0x0000000000000260]
v  ~StubRoutines::call_stub
J 3822  java.security.AccessController.doPrivileged(Ljava/security/PrivilegedAction;Ljava/security/AccessControlContext;)Ljava/lang/Object; java.base@9.0.4 (0 bytes) @ 0x000001d76c9558c6 [0x000001d76c955860+0x0000000000000066]
J 15713 c2 ui.frmwork.b.d.dispatchEvent(Ljava/awt/AWTEvent;)V (34 bytes) @ 0x000001d76d4405cc [0x000001d76d440180+0x000000000000044c]
J 28430 c2 java.awt.EventDispatchThread.pumpOneEventForFilters(I)V java.desktop@9.0.4 (218 bytes) @ 0x000001d76e2f738c [0x000001d76e2f6f00+0x000000000000048c]
J 23224% c2 java.awt.EventDispatchThread.pumpEventsForFilter(ILjava/awt/Conditional;Ljava/awt/EventFilter;)V java.desktop@9.0.4 (47 bytes) @ 0x000001d76dc88558 [0x000001d76dc88440+0x0000000000000118]
j  java.awt.EventDispatchThread.pumpEventsForHierarchy(ILjava/awt/Conditional;Ljava/awt/Component;)V+11 java.desktop@9.0.4
j  java.awt.EventDispatchThread.pumpEvents(ILjava/awt/Conditional;)V+4 java.desktop@9.0.4
j  java.awt.EventDispatchThread.pumpEvents(Ljava/awt/Conditional;)V+3 java.desktop@9.0.4
j  java.awt.EventDispatchThread.run()V+9 java.desktop@9.0.4
v  ~StubRoutines::call_stub

siginfo: EXCEPTION_ACCESS_VIOLATION (0xc0000005), reading address 0x0000000000000000


Register to memory mapping:

RIP=0x00007ffce5efd2f0 librdi_wavedata.dll
RAX=0x0000f6e1d8b56061 is an unknown value
RBX=0x0000000000000000 is an unknown value
RCX=0x000001d7068e6508 is an unknown value
RDX=0x000001d70834bd00 is an unknown value
RSP=0x00000039f45f3e60 is pointing into the stack for thread: 0x000001d77ce0e000
RBP=0x00000039f45f3f60 is pointing into the stack for thread: 0x000001d77ce0e000
RSI=0x000001d70834bd00 is an unknown value
RDI=0x0000000000000000 is an unknown value
R8 =0x00000039f45f4220 is pointing into the stack for thread: 0x000001d77ce0e000
R9 =0x0000000000000000 is an unknown value
R10=0x000001d74f550000 is an unknown value
R11=0x00000039f45f3e60 is pointing into the stack for thread: 0x000001d77ce0e000
R12=0x000001d7068e6508 is an unknown value
R13=0x0000000000000000 is an unknown value
R14=0x000001d7068e6508 is an unknown value
R15=0x00000039f45f4220 is pointing into the stack for thread: 0x000001d77ce0e000


Registers:
RAX=0x0000f6e1d8b56061, RBX=0x0000000000000000, RCX=0x000001d7068e6508, RDX=0x000001d70834bd00
RSP=0x00000039f45f3e60, RBP=0x00000039f45f3f60, RSI=0x000001d70834bd00, RDI=0x0000000000000000
R8 =0x00000039f45f4220, R9 =0x0000000000000000, R10=0x000001d74f550000, R11=0x00000039f45f3e60
R12=0x000001d7068e6508, R13=0x0000000000000000, R14=0x000001d7068e6508, R15=0x00000039f45f4220
RIP=0x00007ffce5efd2f0, EFLAGS=0x0000000000010246

Top of Stack: (sp=0x00000039f45f3e60)
0x00000039f45f3e60:   0000000000000001 0000000000000001
0x00000039f45f3e70:   000001d706c74330 000001d77da86bc0
0x00000039f45f3e80:   000001d700000000 fffffffffffffffe
0x00000039f45f3e90:   000001d70834aff0 000001d74f650000
0x00000039f45f3ea0:   00000039f45f4009 0000000000000000
0x00000039f45f3eb0:   0000000000000000 00007ffd90ba79e1
0x00000039f45f3ec0:   000001d70834b020 00007ffd8e8d218b
0x00000039f45f3ed0:   000001d70834b020 00000039f45f3fe8
0x00000039f45f3ee0:   0000000000000000 00007ffce5efe854
0x00000039f45f3ef0:   000001d70834b000 00007ffce5f1551b
0x00000039f45f3f00:   000001d70834bd10 0000000000000000
0x00000039f45f3f10:   ffffffff00000000 0000000000000000
0x00000039f45f3f20:   0000000000019e00 00007ffce5f1d95e
0x00000039f45f3f30:   0000000000000000 000001d70834bd10
0x00000039f45f3f40:   0000000000000002 0000000000000002
0x00000039f45f3f50:   00000039f45f3fd0 00000039f45f3fe8 

Instructions: (pc=0x00007ffce5efd2f0)
0x00007ffce5efd2d0:   48 8b 05 19 ad 47 00 48 33 c4 48 89 45 60 49 8b
0x00007ffce5efd2e0:   d9 4d 8b f8 48 8b f2 4c 8b f1 33 ff 89 7c 24 20
0x00007ffce5efd2f0:   49 8b 01 49 8b c9 ff 50 20 25 11 00 40 00 48 8b
0x00007ffce5efd300:   cb 3d 11 00 40 00 48 8b 03 75 0a 33 d2 ff 90 08 



---------------  P R O C E S S  ---------------

Java Threads: ( => current thread )
  0x000001d708a0e000 JavaThread "Relaunch Simulation" [_thread_blocked, id=18688, stack(0x00000039f7100000,0x00000039f7600000)]
  0x000001d708a13800 JavaThread "Monitor File Timestamp Swing Worker" [_thread_blocked, id=11092, stack(0x00000039f7600000,0x00000039f7b00000)]
  0x000001d708a10800 JavaThread "Timer-7" [_thread_blocked, id=2044, stack(0x00000039f6c00000,0x00000039f7100000)]
  0x000001d702e27800 JavaThread "SyntheticaAnimation 50" daemon [_thread_blocked, id=4652, stack(0x00000039f9a00000,0x00000039f9f00000)]
  0x000001d702e1e800 JavaThread "Thread-327" [_thread_in_native, id=7652, stack(0x00000039ec600000,0x00000039ec700000)]
  0x000001d702e1f000 JavaThread "Image Animator 0" daemon [_thread_blocked, id=14384, stack(0x00000039f9000000,0x00000039f9500000)]
  0x000001d702e21800 JavaThread "SyntheticaAnimation 50" daemon [_thread_blocked, id=2624, stack(0x00000039f8600000,0x00000039f8b00000)]
  0x000001d702e20800 JavaThread "Update Runs Swing Worker" [_thread_blocked, id=17500, stack(0x00000039f7b00000,0x00000039f8000000)]
  0x000001d77cd6b800 JavaThread "hw_ila_monitor" [_thread_blocked, id=10656, stack(0x00000039f6700000,0x00000039f6c00000)]
  0x000001d77cd6b000 JavaThread "Refresh Filesets Swing Worker" [_thread_blocked, id=2876, stack(0x00000039f3200000,0x00000039f3700000)]
  0x000001d77cd71800 JavaThread "SyntheticaAnimation 70" daemon [_thread_blocked, id=8856, stack(0x00000039f6200000,0x00000039f6700000)]
  0x000001d77cd6e800 JavaThread "SyntheticaAnimation 25" daemon [_thread_blocked, id=14736, stack(0x00000039f5d00000,0x00000039f6200000)]
  0x000001d77cd6d000 JavaThread "SyntheticaAnimation 50" daemon [_thread_blocked, id=15840, stack(0x00000039f5800000,0x00000039f5d00000)]
  0x000001d77cd70000 JavaThread "Monitor HEventQueue" [_thread_blocked, id=12272, stack(0x00000039f5000000,0x00000039f5500000)]
  0x000001d77cd6f800 JavaThread "SyntheticaCleanerThread" daemon [_thread_blocked, id=3152, stack(0x00000039f4b00000,0x00000039f5000000)]
  0x000001d77cd6c800 JavaThread "Batik CleanerThread" daemon [_thread_blocked, id=6916, stack(0x00000039f3700000,0x00000039f3c00000)]
=>0x000001d77ce0e000 JavaThread "AWT-EventQueue-1" [_thread_in_native, id=11128, stack(0x00000039f4100000,0x00000039f4600000)]
  0x000001d77aafc800 JavaThread "Process Messages" [_thread_blocked, id=1340, stack(0x00000039f3c00000,0x00000039f4100000)]
  0x000001d77abbf000 JavaThread "Thread-1" [_thread_in_native, id=15912, stack(0x00000039eca00000,0x00000039ede00000)]
  0x000001d77aa50800 JavaThread "TimerQueue" daemon [_thread_blocked, id=19768, stack(0x00000039f2d00000,0x00000039f3200000)]
  0x000001d77a6e5800 JavaThread "AWT-Windows" daemon [_thread_in_native, id=17464, stack(0x00000039f2800000,0x00000039f2d00000)]
  0x000001d77a6e4000 JavaThread "AWT-Shutdown" [_thread_blocked, id=9616, stack(0x00000039f2300000,0x00000039f2800000)]
  0x000001d77a6e3000 JavaThread "Java2D Disposer" daemon [_thread_blocked, id=16676, stack(0x00000039f1e00000,0x00000039f2300000)]
  0x000001d756ffa800 JavaThread "Service Thread" daemon [_thread_blocked, id=19720, stack(0x00000039f1800000,0x00000039f1d00000)]
  0x000001d75d83a000 JavaThread "Common-Cleaner" daemon [_thread_blocked, id=14560, stack(0x00000039f1300000,0x00000039f1800000)]
  0x000001d75d836000 JavaThread "Sweeper thread" daemon [_thread_blocked, id=19452, stack(0x00000039f0e00000,0x00000039f1300000)]
  0x000001d75d834000 JavaThread "C1 CompilerThread3" daemon [_thread_blocked, id=9840, stack(0x00000039f0d00000,0x00000039f0e00000)]
  0x000001d75d833800 JavaThread "C2 CompilerThread2" daemon [_thread_blocked, id=11576, stack(0x00000039f0c00000,0x00000039f0d00000)]
  0x000001d75d602000 JavaThread "C2 CompilerThread1" daemon [_thread_blocked, id=20372, stack(0x00000039f0b00000,0x00000039f0c00000)]
  0x000001d75d600800 JavaThread "C2 CompilerThread0" daemon [_thread_blocked, id=3284, stack(0x00000039f0a00000,0x00000039f0b00000)]
  0x000001d756dac000 JavaThread "Attach Listener" daemon [_thread_blocked, id=4432, stack(0x00000039f0500000,0x00000039f0a00000)]
  0x000001d756dab800 JavaThread "Signal Dispatcher" daemon [_thread_blocked, id=7544, stack(0x00000039f0000000,0x00000039f0500000)]
  0x000001d75957a800 JavaThread "Finalizer" daemon [_thread_blocked, id=10576, stack(0x00000039efb00000,0x00000039f0000000)]
  0x000001d756d69000 JavaThread "Reference Handler" daemon [_thread_blocked, id=3108, stack(0x00000039ef600000,0x00000039efb00000)]
  0x000001d75db30000 JavaThread "main" [_thread_blocked, id=19836, stack(0x00000039ec900000,0x00000039eca00000)]

Other Threads:
  0x000001d756d68800 VMThread "VM Thread" [stack: 0x00000039ef500000,0x00000039ef600000] [id=11884]
  0x000001d756e9c800 WatcherThread [stack: 0x00000039f1d00000,0x00000039f1e00000] [id=19076]
  0x000001d75db30800 GCTaskThread "GC Thread#0" [stack: 0x00000039ee100000,0x00000039ee200000] [id=11588]
  0x000001d75dc73800 GCTaskThread "GC Thread#1" [stack: 0x00000039ee200000,0x00000039ee300000] [id=1648]
  0x000001d75dc72800 GCTaskThread "GC Thread#2" [stack: 0x00000039ee300000,0x00000039ee400000] [id=14860]
  0x000001d75dc71800 GCTaskThread "GC Thread#3" [stack: 0x00000039ee400000,0x00000039ee500000] [id=15344]
  0x000001d75dc70000 GCTaskThread "GC Thread#4" [stack: 0x00000039ee500000,0x00000039ee600000] [id=2708]
  0x000001d75dc74800 GCTaskThread "GC Thread#5" [stack: 0x00000039ee600000,0x00000039ee700000] [id=18036]
  0x000001d75dc74000 GCTaskThread "GC Thread#6" [stack: 0x00000039ee700000,0x00000039ee800000] [id=15232]
  0x000001d75dc71000 GCTaskThread "GC Thread#7" [stack: 0x00000039ee800000,0x00000039ee900000] [id=5912]
  0x000001d75d1a3800 ConcurrentGCThread "G1 Main Marker" [stack: 0x00000039ef200000,0x00000039ef300000] [id=15308]
  0x000001d75dc6f000 ConcurrentGCThread "G1 Marker#0" [stack: 0x00000039ef300000,0x00000039ef400000] [id=15388]
  0x000001d75dc75000 ConcurrentGCThread "G1 Marker#1" [stack: 0x00000039ef400000,0x00000039ef500000] [id=10360]
  0x000001d758e33800 ConcurrentGCThread "G1 Refine#0" [stack: 0x00000039ef000000,0x00000039ef100000] [id=14176]
  0x000001d753b06000 ConcurrentGCThread "G1 Refine#1" [stack: 0x00000039eef00000,0x00000039ef000000] [id=8468]
  0x000001d753b05800 ConcurrentGCThread "G1 Refine#2" [stack: 0x00000039eee00000,0x00000039eef00000] [id=5876]
  0x000001d758dcd800 ConcurrentGCThread "G1 Refine#3" [stack: 0x00000039eed00000,0x00000039eee00000] [id=14032]
  0x000001d753897800 ConcurrentGCThread "G1 Refine#4" [stack: 0x00000039eec00000,0x00000039eed00000] [id=5532]
  0x000001d75d95f800 ConcurrentGCThread "G1 Refine#5" [stack: 0x00000039eeb00000,0x00000039eec00000] [id=4684]
  0x000001d75419e800 ConcurrentGCThread "G1 Refine#6" [stack: 0x00000039eea00000,0x00000039eeb00000] [id=19844]
  0x000001d753e3d000 ConcurrentGCThread "G1 Refine#7" [stack: 0x00000039ee900000,0x00000039eea00000] [id=19704]
  0x000001d75d98a800 ConcurrentGCThread "G1 Young RemSet Sampling" [stack: 0x00000039ef100000,0x00000039ef200000] [id=17012]

Threads with active compile tasks:

VM state:not at safepoint (normal execution)

VM Mutex/Monitor currently owned by a thread: None

Heap address: 0x0000000700000000, size: 3072 MB, Compressed Oops mode: Zero based, Oop shift amount: 3
Narrow klass base: 0x0000000000000000, Narrow klass shift: 3
Compressed class space size: 1073741824 Address: 0x00000007c0000000

Heap:
 garbage-first heap   total 308224K, used 219332K [0x0000000700000000, 0x0000000700100968, 0x00000007c0000000)
  region size 1024K, 55 young (56320K), 1 survivors (1024K)
 Metaspace       used 92237K, capacity 95161K, committed 101068K, reserved 1136640K
  class space    used 12408K, capacity 13003K, committed 14284K, reserved 1048576K
Heap Regions: E=young(eden), S=young(survivor), O=old, HS=humongous(starts), HC=humongous(continues), CS=collection set, F=free, A=archive, TS=gc time stamp, AC=allocation context, TAMS=top-at-mark-start (previous, next)
|   0|0x0000000700000000, 0x00000007000f5588, 0x0000000700100000| 95%| O|  |TS  0|AC  0|TAMS 0x00000007000f5588, 0x00000007000f5588|
|   1|0x0000000700100000, 0x0000000700200000, 0x0000000700200000|100%|HS|  |TS  0|AC  0|TAMS 0x0000000700200000, 0x0000000700200000|
|   2|0x0000000700200000, 0x0000000700300000, 0x0000000700300000|100%|HC|  |TS  0|AC  0|TAMS 0x0000000700300000, 0x0000000700300000|
|   3|0x0000000700300000, 0x0000000700400000, 0x0000000700400000|100%|HS|  |TS  0|AC  0|TAMS 0x0000000700400000, 0x0000000700400000|
|   4|0x0000000700400000, 0x00000007004d7470, 0x0000000700500000| 84%| O|  |TS  0|AC  0|TAMS 0x00000007004d7470, 0x00000007004d7470|
|   5|0x0000000700500000, 0x00000007005f4718, 0x0000000700600000| 95%| O|  |TS  0|AC  0|TAMS 0x00000007005f4718, 0x00000007005f4718|
|   6|0x0000000700600000, 0x00000007006fffb8, 0x0000000700700000| 99%| O|  |TS  0|AC  0|TAMS 0x00000007006fffb8, 0x00000007006fffb8|
|   7|0x0000000700700000, 0x00000007007ffff8, 0x0000000700800000| 99%| O|  |TS  0|AC  0|TAMS 0x00000007007ffff8, 0x00000007007ffff8|
|   8|0x0000000700800000, 0x00000007008ffff0, 0x0000000700900000| 99%| O|  |TS  0|AC  0|TAMS 0x00000007008ffff0, 0x00000007008ffff0|
|   9|0x0000000700900000, 0x0000000700a00000, 0x0000000700a00000|100%| O|  |TS  0|AC  0|TAMS 0x0000000700a00000, 0x0000000700a00000|
|  10|0x0000000700a00000, 0x0000000700affff8, 0x0000000700b00000| 99%| O|  |TS  0|AC  0|TAMS 0x0000000700affff8, 0x0000000700affff8|
|  11|0x0000000700b00000, 0x0000000700bfaa88, 0x0000000700c00000| 97%| O|  |TS  0|AC  0|TAMS 0x0000000700bfaa88, 0x0000000700bfaa88|
|  12|0x0000000700c00000, 0x0000000700d00000, 0x0000000700d00000|100%|HS|  |TS  0|AC  0|TAMS 0x0000000700d00000, 0x0000000700d00000|
|  13|0x0000000700d00000, 0x0000000700dffd98, 0x0000000700e00000| 99%| O|  |TS  0|AC  0|TAMS 0x0000000700dffd98, 0x0000000700dffd98|
|  14|0x0000000700e00000, 0x0000000700ef99a0, 0x0000000700f00000| 97%| O|  |TS  0|AC  0|TAMS 0x0000000700ef99a0, 0x0000000700ef99a0|
|  15|0x0000000700f00000, 0x0000000700ffc338, 0x0000000701000000| 98%| O|  |TS  0|AC  0|TAMS 0x0000000700ffc338, 0x0000000700ffc338|
|  16|0x0000000701000000, 0x00000007010f0968, 0x0000000701100000| 93%| O|  |TS  0|AC  0|TAMS 0x00000007010f0968, 0x00000007010f0968|
|  17|0x0000000701100000, 0x00000007011ffff0, 0x0000000701200000| 99%| O|  |TS  0|AC  0|TAMS 0x00000007011ffff0, 0x00000007011ffff0|
|  18|0x0000000701200000, 0x00000007012fffe8, 0x0000000701300000| 99%| O|  |TS  0|AC  0|TAMS 0x00000007012fffe8, 0x00000007012fffe8|
|  19|0x0000000701300000, 0x0000000701400000, 0x0000000701400000|100%| O|  |TS  0|AC  0|TAMS 0x0000000701400000, 0x0000000701400000|
|  20|0x0000000701400000, 0x00000007014ffb38, 0x0000000701500000| 99%| O|  |TS  0|AC  0|TAMS 0x00000007014ffb38, 0x00000007014ffb38|
|  21|0x0000000701500000, 0x0000000701600000, 0x0000000701600000|100%|HS|  |TS  0|AC  0|TAMS 0x0000000701600000, 0x0000000701600000|
|  22|0x0000000701600000, 0x0000000701700000, 0x0000000701700000|100%|HC|  |TS  0|AC  0|TAMS 0x0000000701700000, 0x0000000701700000|
|  23|0x0000000701700000, 0x00000007017ffff0, 0x0000000701800000| 99%| O|  |TS  0|AC  0|TAMS 0x00000007017ffff0, 0x00000007017ffff0|
|  24|0x0000000701800000, 0x00000007018ffff0, 0x0000000701900000| 99%| O|  |TS  0|AC  0|TAMS 0x00000007018ffff0, 0x00000007018ffff0|
|  25|0x0000000701900000, 0x00000007019ffff8, 0x0000000701a00000| 99%| O|  |TS  0|AC  0|TAMS 0x00000007019ffff8, 0x00000007019ffff8|
|  26|0x0000000701a00000, 0x0000000701affb20, 0x0000000701b00000| 99%| O|  |TS  0|AC  0|TAMS 0x0000000701affb20, 0x0000000701affb20|
|  27|0x0000000701b00000, 0x0000000701c00000, 0x0000000701c00000|100%|HS|  |TS  0|AC  0|TAMS 0x0000000701c00000, 0x0000000701c00000|
|  28|0x0000000701c00000, 0x0000000701cffe98, 0x0000000701d00000| 99%| O|  |TS  0|AC  0|TAMS 0x0000000701cffe98, 0x0000000701cffe98|
|  29|0x0000000701d00000, 0x0000000701dffff8, 0x0000000701e00000| 99%| O|  |TS  0|AC  0|TAMS 0x0000000701dffff8, 0x0000000701dffff8|
|  30|0x0000000701e00000, 0x0000000701efffe0, 0x0000000701f00000| 99%| O|  |TS  0|AC  0|TAMS 0x0000000701efffe0, 0x0000000701efffe0|
|  31|0x0000000701f00000, 0x0000000701fffff0, 0x0000000702000000| 99%| O|  |TS  0|AC  0|TAMS 0x0000000701fffff0, 0x0000000701fffff0|
|  32|0x0000000702000000, 0x00000007020ffff0, 0x0000000702100000| 99%| O|  |TS  0|AC  0|TAMS 0x00000007020ffff0, 0x00000007020ffff0|
|  33|0x0000000702100000, 0x00000007021ffff8, 0x0000000702200000| 99%| O|  |TS  0|AC  0|TAMS 0x00000007021ffff8, 0x00000007021ffff8|
|  34|0x0000000702200000, 0x00000007022fefd0, 0x0000000702300000| 99%| O|  |TS  0|AC  0|TAMS 0x00000007022fefd0, 0x00000007022fefd0|
|  35|0x0000000702300000, 0x00000007023fffe0, 0x0000000702400000| 99%| O|  |TS  0|AC  0|TAMS 0x00000007023fffe0, 0x00000007023fffe0|
|  36|0x0000000702400000, 0x00000007024fc728, 0x0000000702500000| 98%| O|  |TS  0|AC  0|TAMS 0x00000007024fc728, 0x00000007024fc728|
|  37|0x0000000702500000, 0x00000007025fffc0, 0x0000000702600000| 99%| O|  |TS  0|AC  0|TAMS 0x00000007025fffc0, 0x00000007025fffc0|
|  38|0x0000000702600000, 0x00000007026fffc8, 0x0000000702700000| 99%| O|  |TS  0|AC  0|TAMS 0x00000007026fffc8, 0x00000007026fffc8|
|  39|0x0000000702700000, 0x00000007027ffef8, 0x0000000702800000| 99%| O|  |TS  0|AC  0|TAMS 0x00000007027ffef8, 0x00000007027ffef8|
|  40|0x0000000702800000, 0x00000007028fffc0, 0x0000000702900000| 99%| O|  |TS  0|AC  0|TAMS 0x00000007028fffc0, 0x00000007028fffc0|
|  41|0x0000000702900000, 0x00000007029fffe8, 0x0000000702a00000| 99%| O|  |TS  0|AC  0|TAMS 0x00000007029fffe8, 0x00000007029fffe8|
|  42|0x0000000702a00000, 0x0000000702afd6b8, 0x0000000702b00000| 98%| O|  |TS  0|AC  0|TAMS 0x0000000702afd6b8, 0x0000000702afd6b8|
|  43|0x0000000702b00000, 0x0000000702c00000, 0x0000000702c00000|100%| O|  |TS  0|AC  0|TAMS 0x0000000702c00000, 0x0000000702c00000|
|  44|0x0000000702c00000, 0x0000000702cfffe8, 0x0000000702d00000| 99%| O|  |TS  0|AC  0|TAMS 0x0000000702cfffe8, 0x0000000702cfffe8|
|  45|0x0000000702d00000, 0x0000000702e00000, 0x0000000702e00000|100%| O|  |TS  0|AC  0|TAMS 0x0000000702e00000, 0x0000000702e00000|
|  46|0x0000000702e00000, 0x0000000702efffc0, 0x0000000702f00000| 99%| O|  |TS  0|AC  0|TAMS 0x0000000702efffc0, 0x0000000702efffc0|
|  47|0x0000000702f00000, 0x0000000702fffff0, 0x0000000703000000| 99%| O|  |TS  0|AC  0|TAMS 0x0000000702fffff0, 0x0000000702fffff0|
|  48|0x0000000703000000, 0x0000000703100000, 0x0000000703100000|100%| O|  |TS  0|AC  0|TAMS 0x0000000703100000, 0x0000000703100000|
|  49|0x0000000703100000, 0x00000007031ffff0, 0x0000000703200000| 99%| O|  |TS  0|AC  0|TAMS 0x00000007031ffff0, 0x00000007031ffff0|
|  50|0x0000000703200000, 0x00000007032fffd0, 0x0000000703300000| 99%| O|  |TS  0|AC  0|TAMS 0x00000007032fffd0, 0x00000007032fffd0|
|  51|0x0000000703300000, 0x00000007033ffff8, 0x0000000703400000| 99%| O|  |TS  0|AC  0|TAMS 0x00000007033ffff8, 0x00000007033ffff8|
|  52|0x0000000703400000, 0x00000007034ffff0, 0x0000000703500000| 99%| O|  |TS  0|AC  0|TAMS 0x00000007034ffff0, 0x00000007034ffff0|
|  53|0x0000000703500000, 0x00000007035ffff0, 0x0000000703600000| 99%| O|  |TS  0|AC  0|TAMS 0x00000007035ffff0, 0x00000007035ffff0|
|  54|0x0000000703600000, 0x00000007036ffff0, 0x0000000703700000| 99%| O|  |TS  0|AC  0|TAMS 0x00000007036ffff0, 0x00000007036ffff0|
|  55|0x0000000703700000, 0x00000007037ffff0, 0x0000000703800000| 99%| O|  |TS  0|AC  0|TAMS 0x00000007037ffff0, 0x00000007037ffff0|
|  56|0x0000000703800000, 0x00000007038ffff8, 0x0000000703900000| 99%| O|  |TS  0|AC  0|TAMS 0x00000007038ffff8, 0x00000007038ffff8|
|  57|0x0000000703900000, 0x00000007039ffff8, 0x0000000703a00000| 99%| O|  |TS  0|AC  0|TAMS 0x00000007039ffff8, 0x00000007039ffff8|
|  58|0x0000000703a00000, 0x0000000703afedb0, 0x0000000703b00000| 99%| O|  |TS  0|AC  0|TAMS 0x0000000703afedb0, 0x0000000703afedb0|
|  59|0x0000000703b00000, 0x0000000703bffeb0, 0x0000000703c00000| 99%| O|  |TS  0|AC  0|TAMS 0x0000000703bffeb0, 0x0000000703bffeb0|
|  60|0x0000000703c00000, 0x0000000703d00000, 0x0000000703d00000|100%| O|  |TS  0|AC  0|TAMS 0x0000000703d00000, 0x0000000703d00000|
|  61|0x0000000703d00000, 0x0000000703e00000, 0x0000000703e00000|100%| O|  |TS  0|AC  0|TAMS 0x0000000703e00000, 0x0000000703e00000|
|  62|0x0000000703e00000, 0x0000000703efffe8, 0x0000000703f00000| 99%| O|  |TS  0|AC  0|TAMS 0x0000000703efffe8, 0x0000000703efffe8|
|  63|0x0000000703f00000, 0x0000000703fffff0, 0x0000000704000000| 99%| O|  |TS  0|AC  0|TAMS 0x0000000703fffff0, 0x0000000703fffff0|
|  64|0x0000000704000000, 0x00000007040fffe8, 0x0000000704100000| 99%| O|  |TS  0|AC  0|TAMS 0x00000007040fffe8, 0x00000007040fffe8|
|  65|0x0000000704100000, 0x0000000704200000, 0x0000000704200000|100%| O|  |TS  0|AC  0|TAMS 0x0000000704200000, 0x0000000704200000|
|  66|0x0000000704200000, 0x0000000704300000, 0x0000000704300000|100%| O|  |TS  0|AC  0|TAMS 0x0000000704300000, 0x0000000704300000|
|  67|0x0000000704300000, 0x00000007043fffd8, 0x0000000704400000| 99%| O|  |TS  0|AC  0|TAMS 0x00000007043fffd8, 0x00000007043fffd8|
|  68|0x0000000704400000, 0x00000007044fe010, 0x0000000704500000| 99%| O|  |TS  0|AC  0|TAMS 0x00000007044fe010, 0x00000007044fe010|
|  69|0x0000000704500000, 0x00000007045fc360, 0x0000000704600000| 98%| O|  |TS  0|AC  0|TAMS 0x00000007045fc360, 0x00000007045fc360|
|  70|0x0000000704600000, 0x00000007046ffeb0, 0x0000000704700000| 99%| O|  |TS  0|AC  0|TAMS 0x00000007046ffeb0, 0x00000007046ffeb0|
|  71|0x0000000704700000, 0x00000007047ffed8, 0x0000000704800000| 99%| O|  |TS  0|AC  0|TAMS 0x00000007047ffed8, 0x00000007047ffed8|
|  72|0x0000000704800000, 0x00000007048fffd8, 0x0000000704900000| 99%| O|  |TS  0|AC  0|TAMS 0x00000007048fffd8, 0x00000007048fffd8|
|  73|0x0000000704900000, 0x00000007049fffd8, 0x0000000704a00000| 99%| O|  |TS  0|AC  0|TAMS 0x00000007049fffd8, 0x00000007049fffd8|
|  74|0x0000000704a00000, 0x0000000704b00000, 0x0000000704b00000|100%|HS|  |TS  0|AC  0|TAMS 0x0000000704b00000, 0x0000000704b00000|
|  75|0x0000000704b00000, 0x0000000704c00000, 0x0000000704c00000|100%| O|  |TS  0|AC  0|TAMS 0x0000000704c00000, 0x0000000704c00000|
|  76|0x0000000704c00000, 0x0000000704d00000, 0x0000000704d00000|100%| O|  |TS  0|AC  0|TAMS 0x0000000704d00000, 0x0000000704d00000|
|  77|0x0000000704d00000, 0x0000000704df4f50, 0x0000000704e00000| 95%| O|  |TS  0|AC  0|TAMS 0x0000000704df4f50, 0x0000000704df4f50|
|  78|0x0000000704e00000, 0x0000000704effac0, 0x0000000704f00000| 99%| O|  |TS  0|AC  0|TAMS 0x0000000704effac0, 0x0000000704effac0|
|  79|0x0000000704f00000, 0x0000000704fffff8, 0x0000000705000000| 99%| O|  |TS  0|AC  0|TAMS 0x0000000704fffff8, 0x0000000704fffff8|
|  80|0x0000000705000000, 0x0000000705100000, 0x0000000705100000|100%| O|  |TS  0|AC  0|TAMS 0x0000000705100000, 0x0000000705100000|
|  81|0x0000000705100000, 0x00000007051ff6a8, 0x0000000705200000| 99%| O|  |TS  0|AC  0|TAMS 0x00000007051ff6a8, 0x00000007051ff6a8|
|  82|0x0000000705200000, 0x0000000705300000, 0x0000000705300000|100%| O|  |TS  0|AC  0|TAMS 0x0000000705300000, 0x0000000705300000|
|  83|0x0000000705300000, 0x00000007053fffe8, 0x0000000705400000| 99%| O|  |TS  0|AC  0|TAMS 0x00000007053fffe8, 0x00000007053fffe8|
|  84|0x0000000705400000, 0x00000007054ffff8, 0x0000000705500000| 99%| O|  |TS  0|AC  0|TAMS 0x00000007054ffff8, 0x00000007054ffff8|
|  85|0x0000000705500000, 0x0000000705600000, 0x0000000705600000|100%| O|  |TS  0|AC  0|TAMS 0x0000000705600000, 0x0000000705600000|
|  86|0x0000000705600000, 0x00000007056fffe0, 0x0000000705700000| 99%| O|  |TS  0|AC  0|TAMS 0x00000007056fffe0, 0x00000007056fffe0|
|  87|0x0000000705700000, 0x00000007057ff698, 0x0000000705800000| 99%| O|  |TS  0|AC  0|TAMS 0x00000007057ff698, 0x00000007057ff698|
|  88|0x0000000705800000, 0x00000007058fff10, 0x0000000705900000| 99%| O|  |TS  0|AC  0|TAMS 0x00000007058fff10, 0x00000007058fff10|
|  89|0x0000000705900000, 0x0000000705a00000, 0x0000000705a00000|100%| O|  |TS  0|AC  0|TAMS 0x0000000705a00000, 0x0000000705a00000|
|  90|0x0000000705a00000, 0x0000000705b00000, 0x0000000705b00000|100%| O|  |TS  0|AC  0|TAMS 0x0000000705b00000, 0x0000000705b00000|
|  91|0x0000000705b00000, 0x0000000705bffff0, 0x0000000705c00000| 99%| O|  |TS  0|AC  0|TAMS 0x0000000705bffff0, 0x0000000705bffff0|
|  92|0x0000000705c00000, 0x0000000705d00000, 0x0000000705d00000|100%| O|  |TS  0|AC  0|TAMS 0x0000000705d00000, 0x0000000705d00000|
|  93|0x0000000705d00000, 0x0000000705dffff0, 0x0000000705e00000| 99%| O|  |TS  0|AC  0|TAMS 0x0000000705dffff0, 0x0000000705dffff0|
|  94|0x0000000705e00000, 0x0000000705effff0, 0x0000000705f00000| 99%| O|  |TS  0|AC  0|TAMS 0x0000000705effff0, 0x0000000705effff0|
|  95|0x0000000705f00000, 0x0000000706000000, 0x0000000706000000|100%|HS|  |TS  0|AC  0|TAMS 0x0000000706000000, 0x0000000706000000|
|  96|0x0000000706000000, 0x00000007060ffff8, 0x0000000706100000| 99%| O|  |TS  0|AC  0|TAMS 0x00000007060ffff8, 0x00000007060ffff8|
|  97|0x0000000706100000, 0x00000007061ffff8, 0x0000000706200000| 99%| O|  |TS  0|AC  0|TAMS 0x00000007061ffff8, 0x00000007061ffff8|
|  98|0x0000000706200000, 0x00000007062fffc0, 0x0000000706300000| 99%| O|  |TS  0|AC  0|TAMS 0x00000007062fffc0, 0x00000007062fffc0|
|  99|0x0000000706300000, 0x00000007063fe9f8, 0x0000000706400000| 99%| O|  |TS  0|AC  0|TAMS 0x00000007063fe9f8, 0x00000007063fe9f8|
| 100|0x0000000706400000, 0x00000007064ffff0, 0x0000000706500000| 99%| O|  |TS  0|AC  0|TAMS 0x00000007064ffff0, 0x00000007064ffff0|
| 101|0x0000000706500000, 0x00000007065ffff8, 0x0000000706600000| 99%| O|  |TS  0|AC  0|TAMS 0x00000007065ffff8, 0x00000007065ffff8|
| 102|0x0000000706600000, 0x00000007066ffff0, 0x0000000706700000| 99%| O|  |TS  0|AC  0|TAMS 0x00000007066ffff0, 0x00000007066ffff0|
| 103|0x0000000706700000, 0x00000007067ffff8, 0x0000000706800000| 99%| O|  |TS  0|AC  0|TAMS 0x00000007067ffff8, 0x00000007067ffff8|
| 104|0x0000000706800000, 0x00000007068fffe8, 0x0000000706900000| 99%| O|  |TS  0|AC  0|TAMS 0x00000007068fffe8, 0x00000007068fffe8|
| 105|0x0000000706900000, 0x00000007069ffff8, 0x0000000706a00000| 99%| O|  |TS  0|AC  0|TAMS 0x00000007069ffff8, 0x00000007069ffff8|
| 106|0x0000000706a00000, 0x0000000706affff0, 0x0000000706b00000| 99%| O|  |TS  0|AC  0|TAMS 0x0000000706affff0, 0x0000000706affff0|
| 107|0x0000000706b00000, 0x0000000706bffef0, 0x0000000706c00000| 99%| O|  |TS  0|AC  0|TAMS 0x0000000706bffef0, 0x0000000706bffef0|
| 108|0x0000000706c00000, 0x0000000706cf1090, 0x0000000706d00000| 94%| O|  |TS  0|AC  0|TAMS 0x0000000706cf1090, 0x0000000706cf1090|
| 109|0x0000000706d00000, 0x0000000706dfffe8, 0x0000000706e00000| 99%| O|  |TS  0|AC  0|TAMS 0x0000000706dfffe8, 0x0000000706dfffe8|
| 110|0x0000000706e00000, 0x0000000706efffc0, 0x0000000706f00000| 99%| O|  |TS  0|AC  0|TAMS 0x0000000706efffc0, 0x0000000706efffc0|
| 111|0x0000000706f00000, 0x0000000707000000, 0x0000000707000000|100%| O|  |TS  0|AC  0|TAMS 0x0000000707000000, 0x0000000707000000|
| 112|0x0000000707000000, 0x00000007070fffe8, 0x0000000707100000| 99%| O|  |TS  0|AC  0|TAMS 0x00000007070fffe8, 0x00000007070fffe8|
| 113|0x0000000707100000, 0x0000000707200000, 0x0000000707200000|100%| O|  |TS  0|AC  0|TAMS 0x0000000707200000, 0x0000000707200000|
| 114|0x0000000707200000, 0x00000007072fe368, 0x0000000707300000| 99%| O|  |TS  0|AC  0|TAMS 0x00000007072fe368, 0x00000007072fe368|
| 115|0x0000000707300000, 0x00000007073fffe8, 0x0000000707400000| 99%| O|  |TS  0|AC  0|TAMS 0x00000007073fffe8, 0x00000007073fffe8|
| 116|0x0000000707400000, 0x0000000707500000, 0x0000000707500000|100%| O|  |TS  0|AC  0|TAMS 0x0000000707500000, 0x0000000707500000|
| 117|0x0000000707500000, 0x0000000707600000, 0x0000000707600000|100%| O|  |TS  0|AC  0|TAMS 0x0000000707600000, 0x0000000707600000|
| 118|0x0000000707600000, 0x0000000707700000, 0x0000000707700000|100%| O|  |TS  0|AC  0|TAMS 0x0000000707700000, 0x0000000707700000|
| 119|0x0000000707700000, 0x0000000707800000, 0x0000000707800000|100%| O|  |TS  0|AC  0|TAMS 0x0000000707800000, 0x0000000707800000|
| 120|0x0000000707800000, 0x00000007078ffff8, 0x0000000707900000| 99%| O|  |TS  0|AC  0|TAMS 0x00000007078ffff8, 0x00000007078ffff8|
| 121|0x0000000707900000, 0x0000000707a00000, 0x0000000707a00000|100%| O|  |TS  0|AC  0|TAMS 0x0000000707a00000, 0x0000000707a00000|
| 122|0x0000000707a00000, 0x0000000707b00000, 0x0000000707b00000|100%| O|  |TS  0|AC  0|TAMS 0x0000000707b00000, 0x0000000707b00000|
| 123|0x0000000707b00000, 0x0000000707c00000, 0x0000000707c00000|100%| O|  |TS  0|AC  0|TAMS 0x0000000707c00000, 0x0000000707c00000|
| 124|0x0000000707c00000, 0x0000000707cffff0, 0x0000000707d00000| 99%| O|  |TS  0|AC  0|TAMS 0x0000000707cffff0, 0x0000000707cffff0|
| 125|0x0000000707d00000, 0x0000000707dfee08, 0x0000000707e00000| 99%| O|  |TS  0|AC  0|TAMS 0x0000000707dfee08, 0x0000000707dfee08|
| 126|0x0000000707e00000, 0x0000000707effff0, 0x0000000707f00000| 99%| O|  |TS  0|AC  0|TAMS 0x0000000707effff0, 0x0000000707effff0|
| 127|0x0000000707f00000, 0x0000000708000000, 0x0000000708000000|100%|HS|  |TS  0|AC  0|TAMS 0x0000000708000000, 0x0000000708000000|
| 128|0x0000000708000000, 0x00000007080fff60, 0x0000000708100000| 99%| O|  |TS  0|AC  0|TAMS 0x00000007080fff60, 0x00000007080fff60|
| 129|0x0000000708100000, 0x00000007081ffff8, 0x0000000708200000| 99%| O|  |TS  0|AC  0|TAMS 0x00000007081ffff8, 0x00000007081ffff8|
| 130|0x0000000708200000, 0x0000000708300000, 0x0000000708300000|100%| O|  |TS  0|AC  0|TAMS 0x0000000708300000, 0x0000000708300000|
| 131|0x0000000708300000, 0x00000007083fffd0, 0x0000000708400000| 99%| O|  |TS  0|AC  0|TAMS 0x00000007083fffd0, 0x00000007083fffd0|
| 132|0x0000000708400000, 0x0000000708500000, 0x0000000708500000|100%| O|  |TS  0|AC  0|TAMS 0x0000000708500000, 0x0000000708500000|
| 133|0x0000000708500000, 0x00000007085fffd8, 0x0000000708600000| 99%| O|  |TS  0|AC  0|TAMS 0x00000007085fffd8, 0x00000007085fffd8|
| 134|0x0000000708600000, 0x00000007086fffe0, 0x0000000708700000| 99%| O|  |TS  0|AC  0|TAMS 0x00000007086fffe0, 0x00000007086fffe0|
| 135|0x0000000708700000, 0x00000007087fe1a8, 0x0000000708800000| 99%| O|  |TS  0|AC  0|TAMS 0x00000007087fe1a8, 0x00000007087fe1a8|
| 136|0x0000000708800000, 0x00000007088fff00, 0x0000000708900000| 99%| O|  |TS  0|AC  0|TAMS 0x00000007088fff00, 0x00000007088fff00|
| 137|0x0000000708900000, 0x00000007089ffff0, 0x0000000708a00000| 99%| O|  |TS  0|AC  0|TAMS 0x00000007089ffff0, 0x00000007089ffff0|
| 138|0x0000000708a00000, 0x0000000708affff8, 0x0000000708b00000| 99%| O|  |TS  0|AC  0|TAMS 0x0000000708affff8, 0x0000000708affff8|
| 139|0x0000000708b00000, 0x0000000708b347f8, 0x0000000708c00000| 20%| O|  |TS  0|AC  0|TAMS 0x0000000708b347f8, 0x0000000708b347f8|
| 140|0x0000000708c00000, 0x0000000708d00000, 0x0000000708d00000|100%|HS|  |TS  0|AC  0|TAMS 0x0000000708d00000, 0x0000000708d00000|
| 141|0x0000000708d00000, 0x0000000708e00000, 0x0000000708e00000|100%|HC|  |TS  0|AC  0|TAMS 0x0000000708e00000, 0x0000000708e00000|
| 142|0x0000000708e00000, 0x0000000708f00000, 0x0000000708f00000|100%|HC|  |TS  0|AC  0|TAMS 0x0000000708f00000, 0x0000000708f00000|
| 143|0x0000000708f00000, 0x0000000709000000, 0x0000000709000000|100%|HC|  |TS  0|AC  0|TAMS 0x0000000709000000, 0x0000000709000000|
| 144|0x0000000709000000, 0x0000000709100000, 0x0000000709100000|100%|HC|  |TS  0|AC  0|TAMS 0x0000000709100000, 0x0000000709100000|
| 145|0x0000000709100000, 0x0000000709200000, 0x0000000709200000|100%|HS|  |TS  0|AC  0|TAMS 0x0000000709200000, 0x0000000709200000|
| 146|0x0000000709200000, 0x0000000709300000, 0x0000000709300000|100%|HC|  |TS  0|AC  0|TAMS 0x0000000709300000, 0x0000000709300000|
| 147|0x0000000709300000, 0x0000000709400000, 0x0000000709400000|100%|HC|  |TS  0|AC  0|TAMS 0x0000000709400000, 0x0000000709400000|
| 148|0x0000000709400000, 0x0000000709500000, 0x0000000709500000|100%|HC|  |TS  0|AC  0|TAMS 0x0000000709500000, 0x0000000709500000|
| 149|0x0000000709500000, 0x0000000709600000, 0x0000000709600000|100%|HC|  |TS  0|AC  0|TAMS 0x0000000709600000, 0x0000000709600000|
| 150|0x0000000709600000, 0x0000000709700000, 0x0000000709700000|100%|HC|  |TS  0|AC  0|TAMS 0x0000000709700000, 0x0000000709700000|
| 151|0x0000000709700000, 0x0000000709800000, 0x0000000709800000|100%|HC|  |TS  0|AC  0|TAMS 0x0000000709800000, 0x0000000709800000|
| 152|0x0000000709800000, 0x0000000709900000, 0x0000000709900000|100%|HC|  |TS  0|AC  0|TAMS 0x0000000709900000, 0x0000000709900000|
| 153|0x0000000709900000, 0x0000000709a00000, 0x0000000709a00000|100%|HC|  |TS  0|AC  0|TAMS 0x0000000709a00000, 0x0000000709a00000|
| 154|0x0000000709a00000, 0x0000000709b00000, 0x0000000709b00000|100%|HC|  |TS  0|AC  0|TAMS 0x0000000709b00000, 0x0000000709b00000|
| 155|0x0000000709b00000, 0x0000000709c00000, 0x0000000709c00000|100%|HC|  |TS  0|AC  0|TAMS 0x0000000709c00000, 0x0000000709c00000|
| 156|0x0000000709c00000, 0x0000000709d00000, 0x0000000709d00000|100%|HC|  |TS  0|AC  0|TAMS 0x0000000709d00000, 0x0000000709d00000|
| 157|0x0000000709d00000, 0x0000000709e00000, 0x0000000709e00000|100%|HC|  |TS  0|AC  0|TAMS 0x0000000709e00000, 0x0000000709e00000|
| 158|0x0000000709e00000, 0x0000000709f00000, 0x0000000709f00000|100%|HC|  |TS  0|AC  0|TAMS 0x0000000709f00000, 0x0000000709f00000|
| 159|0x0000000709f00000, 0x000000070a000000, 0x000000070a000000|100%|HC|  |TS  0|AC  0|TAMS 0x000000070a000000, 0x000000070a000000|
| 160|0x000000070a000000, 0x000000070a100000, 0x000000070a100000|100%|HC|  |TS  0|AC  0|TAMS 0x000000070a100000, 0x000000070a100000|
| 161|0x000000070a100000, 0x000000070a200000, 0x000000070a200000|100%|HC|  |TS  0|AC  0|TAMS 0x000000070a200000, 0x000000070a200000|
| 162|0x000000070a200000, 0x000000070a200000, 0x000000070a300000|  0%| F|  |TS  0|AC  0|TAMS 0x000000070a200000, 0x000000070a200000|
| 163|0x000000070a300000, 0x000000070a300000, 0x000000070a400000|  0%| F|  |TS  0|AC  0|TAMS 0x000000070a300000, 0x000000070a300000|
| 164|0x000000070a400000, 0x000000070a400000, 0x000000070a500000|  0%| F|  |TS  0|AC  0|TAMS 0x000000070a400000, 0x000000070a400000|
| 165|0x000000070a500000, 0x000000070a500000, 0x000000070a600000|  0%| F|  |TS  0|AC  0|TAMS 0x000000070a500000, 0x000000070a500000|
| 166|0x000000070a600000, 0x000000070a600000, 0x000000070a700000|  0%| F|  |TS  0|AC  0|TAMS 0x000000070a600000, 0x000000070a600000|
| 167|0x000000070a700000, 0x000000070a700000, 0x000000070a800000|  0%| F|  |TS  0|AC  0|TAMS 0x000000070a700000, 0x000000070a700000|
| 168|0x000000070a800000, 0x000000070a800000, 0x000000070a900000|  0%| F|  |TS  0|AC  0|TAMS 0x000000070a800000, 0x000000070a800000|
| 169|0x000000070a900000, 0x000000070a900000, 0x000000070aa00000|  0%| F|  |TS  0|AC  0|TAMS 0x000000070a900000, 0x000000070a900000|
| 170|0x000000070aa00000, 0x000000070aa00000, 0x000000070ab00000|  0%| F|  |TS  0|AC  0|TAMS 0x000000070aa00000, 0x000000070aa00000|
| 171|0x000000070ab00000, 0x000000070ab00000, 0x000000070ac00000|  0%| F|  |TS  0|AC  0|TAMS 0x000000070ab00000, 0x000000070ab00000|
| 172|0x000000070ac00000, 0x000000070ac00000, 0x000000070ad00000|  0%| F|  |TS  0|AC  0|TAMS 0x000000070ac00000, 0x000000070ac00000|
| 173|0x000000070ad00000, 0x000000070ad00000, 0x000000070ae00000|  0%| F|  |TS  0|AC  0|TAMS 0x000000070ad00000, 0x000000070ad00000|
| 174|0x000000070ae00000, 0x000000070ae00000, 0x000000070af00000|  0%| F|  |TS  0|AC  0|TAMS 0x000000070ae00000, 0x000000070ae00000|
| 175|0x000000070af00000, 0x000000070af00000, 0x000000070b000000|  0%| F|  |TS  0|AC  0|TAMS 0x000000070af00000, 0x000000070af00000|
| 176|0x000000070b000000, 0x000000070b000000, 0x000000070b100000|  0%| F|  |TS  0|AC  0|TAMS 0x000000070b000000, 0x000000070b000000|
| 177|0x000000070b100000, 0x000000070b100000, 0x000000070b200000|  0%| F|  |TS  0|AC  0|TAMS 0x000000070b100000, 0x000000070b100000|
| 178|0x000000070b200000, 0x000000070b200000, 0x000000070b300000|  0%| F|  |TS  0|AC  0|TAMS 0x000000070b200000, 0x000000070b200000|
| 179|0x000000070b300000, 0x000000070b300000, 0x000000070b400000|  0%| F|  |TS  0|AC  0|TAMS 0x000000070b300000, 0x000000070b300000|
| 180|0x000000070b400000, 0x000000070b400000, 0x000000070b500000|  0%| F|  |TS  0|AC  0|TAMS 0x000000070b400000, 0x000000070b400000|
| 181|0x000000070b500000, 0x000000070b500000, 0x000000070b600000|  0%| F|  |TS  0|AC  0|TAMS 0x000000070b500000, 0x000000070b500000|
| 182|0x000000070b600000, 0x000000070b600000, 0x000000070b700000|  0%| F|  |TS  0|AC  0|TAMS 0x000000070b600000, 0x000000070b600000|
| 183|0x000000070b700000, 0x000000070b700000, 0x000000070b800000|  0%| F|  |TS  0|AC  0|TAMS 0x000000070b700000, 0x000000070b700000|
| 184|0x000000070b800000, 0x000000070b800000, 0x000000070b900000|  0%| F|  |TS  0|AC  0|TAMS 0x000000070b800000, 0x000000070b800000|
| 185|0x000000070b900000, 0x000000070b900000, 0x000000070ba00000|  0%| F|  |TS  0|AC  0|TAMS 0x000000070b900000, 0x000000070b900000|
| 186|0x000000070ba00000, 0x000000070ba00000, 0x000000070bb00000|  0%| F|  |TS  0|AC  0|TAMS 0x000000070ba00000, 0x000000070ba00000|
| 187|0x000000070bb00000, 0x000000070bb00000, 0x000000070bc00000|  0%| F|  |TS  0|AC  0|TAMS 0x000000070bb00000, 0x000000070bb00000|
| 188|0x000000070bc00000, 0x000000070bc00000, 0x000000070bd00000|  0%| F|  |TS  0|AC  0|TAMS 0x000000070bc00000, 0x000000070bc00000|
| 189|0x000000070bd00000, 0x000000070bd00000, 0x000000070be00000|  0%| F|  |TS  0|AC  0|TAMS 0x000000070bd00000, 0x000000070bd00000|
| 190|0x000000070be00000, 0x000000070be00000, 0x000000070bf00000|  0%| F|  |TS  0|AC  0|TAMS 0x000000070be00000, 0x000000070be00000|
| 191|0x000000070bf00000, 0x000000070bf00000, 0x000000070c000000|  0%| F|  |TS  0|AC  0|TAMS 0x000000070bf00000, 0x000000070bf00000|
| 192|0x000000070c000000, 0x000000070c000000, 0x000000070c100000|  0%| F|  |TS  0|AC  0|TAMS 0x000000070c000000, 0x000000070c000000|
| 193|0x000000070c100000, 0x000000070c100000, 0x000000070c200000|  0%| F|  |TS  0|AC  0|TAMS 0x000000070c100000, 0x000000070c100000|
| 194|0x000000070c200000, 0x000000070c200000, 0x000000070c300000|  0%| F|  |TS  0|AC  0|TAMS 0x000000070c200000, 0x000000070c200000|
| 195|0x000000070c300000, 0x000000070c300000, 0x000000070c400000|  0%| F|  |TS  0|AC  0|TAMS 0x000000070c300000, 0x000000070c300000|
| 196|0x000000070c400000, 0x000000070c400000, 0x000000070c500000|  0%| F|  |TS  0|AC  0|TAMS 0x000000070c400000, 0x000000070c400000|
| 197|0x000000070c500000, 0x000000070c500000, 0x000000070c600000|  0%| F|  |TS  0|AC  0|TAMS 0x000000070c500000, 0x000000070c500000|
| 198|0x000000070c600000, 0x000000070c600000, 0x000000070c700000|  0%| F|  |TS  0|AC  0|TAMS 0x000000070c600000, 0x000000070c600000|
| 199|0x000000070c700000, 0x000000070c700000, 0x000000070c800000|  0%| F|  |TS  0|AC  0|TAMS 0x000000070c700000, 0x000000070c700000|
| 200|0x000000070c800000, 0x000000070c800000, 0x000000070c900000|  0%| F|  |TS  0|AC  0|TAMS 0x000000070c800000, 0x000000070c800000|
| 201|0x000000070c900000, 0x000000070c900000, 0x000000070ca00000|  0%| F|  |TS  0|AC  0|TAMS 0x000000070c900000, 0x000000070c900000|
| 202|0x000000070ca00000, 0x000000070ca00000, 0x000000070cb00000|  0%| F|  |TS  0|AC  0|TAMS 0x000000070ca00000, 0x000000070ca00000|
| 203|0x000000070cb00000, 0x000000070cb00000, 0x000000070cc00000|  0%| F|  |TS  0|AC  0|TAMS 0x000000070cb00000, 0x000000070cb00000|
| 204|0x000000070cc00000, 0x000000070cc00000, 0x000000070cd00000|  0%| F|  |TS  0|AC  0|TAMS 0x000000070cc00000, 0x000000070cc00000|
| 205|0x000000070cd00000, 0x000000070cd00000, 0x000000070ce00000|  0%| F|  |TS  0|AC  0|TAMS 0x000000070cd00000, 0x000000070cd00000|
| 206|0x000000070ce00000, 0x000000070ce00000, 0x000000070cf00000|  0%| F|  |TS  0|AC  0|TAMS 0x000000070ce00000, 0x000000070ce00000|
| 207|0x000000070cf00000, 0x000000070cf00000, 0x000000070d000000|  0%| F|  |TS  0|AC  0|TAMS 0x000000070cf00000, 0x000000070cf00000|
| 208|0x000000070d000000, 0x000000070d000000, 0x000000070d100000|  0%| F|  |TS  0|AC  0|TAMS 0x000000070d000000, 0x000000070d000000|
| 209|0x000000070d100000, 0x000000070d100000, 0x000000070d200000|  0%| F|  |TS  0|AC  0|TAMS 0x000000070d100000, 0x000000070d100000|
| 210|0x000000070d200000, 0x000000070d200000, 0x000000070d300000|  0%| F|  |TS  0|AC  0|TAMS 0x000000070d200000, 0x000000070d200000|
| 211|0x000000070d300000, 0x000000070d300000, 0x000000070d400000|  0%| F|  |TS  0|AC  0|TAMS 0x000000070d300000, 0x000000070d300000|
| 212|0x000000070d400000, 0x000000070d400000, 0x000000070d500000|  0%| F|  |TS  0|AC  0|TAMS 0x000000070d400000, 0x000000070d400000|
| 213|0x000000070d500000, 0x000000070d500000, 0x000000070d600000|  0%| F|  |TS  0|AC  0|TAMS 0x000000070d500000, 0x000000070d500000|
| 214|0x000000070d600000, 0x000000070d600000, 0x000000070d700000|  0%| F|  |TS  0|AC  0|TAMS 0x000000070d600000, 0x000000070d600000|
| 215|0x000000070d700000, 0x000000070d700000, 0x000000070d800000|  0%| F|  |TS  0|AC  0|TAMS 0x000000070d700000, 0x000000070d700000|
| 216|0x000000070d800000, 0x000000070d800000, 0x000000070d900000|  0%| F|  |TS  0|AC  0|TAMS 0x000000070d800000, 0x000000070d800000|
| 217|0x000000070d900000, 0x000000070d900000, 0x000000070da00000|  0%| F|  |TS  0|AC  0|TAMS 0x000000070d900000, 0x000000070d900000|
| 218|0x000000070da00000, 0x000000070da00000, 0x000000070db00000|  0%| F|  |TS  0|AC  0|TAMS 0x000000070da00000, 0x000000070da00000|
| 219|0x000000070db00000, 0x000000070db00000, 0x000000070dc00000|  0%| F|  |TS  0|AC  0|TAMS 0x000000070db00000, 0x000000070db00000|
| 220|0x000000070dc00000, 0x000000070dc00000, 0x000000070dd00000|  0%| F|  |TS  0|AC  0|TAMS 0x000000070dc00000, 0x000000070dc00000|
| 221|0x000000070dd00000, 0x000000070dd00000, 0x000000070de00000|  0%| F|  |TS  0|AC  0|TAMS 0x000000070dd00000, 0x000000070dd00000|
| 222|0x000000070de00000, 0x000000070de00000, 0x000000070df00000|  0%| F|  |TS  0|AC  0|TAMS 0x000000070de00000, 0x000000070de00000|
| 223|0x000000070df00000, 0x000000070df00000, 0x000000070e000000|  0%| F|  |TS  0|AC  0|TAMS 0x000000070df00000, 0x000000070df00000|
| 224|0x000000070e000000, 0x000000070e000000, 0x000000070e100000|  0%| F|  |TS  0|AC  0|TAMS 0x000000070e000000, 0x000000070e000000|
| 225|0x000000070e100000, 0x000000070e100000, 0x000000070e200000|  0%| F|  |TS  0|AC  0|TAMS 0x000000070e100000, 0x000000070e100000|
| 226|0x000000070e200000, 0x000000070e200000, 0x000000070e300000|  0%| F|  |TS  0|AC  0|TAMS 0x000000070e200000, 0x000000070e200000|
| 227|0x000000070e300000, 0x000000070e300000, 0x000000070e400000|  0%| F|  |TS  0|AC  0|TAMS 0x000000070e300000, 0x000000070e300000|
| 228|0x000000070e400000, 0x000000070e400000, 0x000000070e500000|  0%| F|  |TS  0|AC  0|TAMS 0x000000070e400000, 0x000000070e400000|
| 229|0x000000070e500000, 0x000000070e500000, 0x000000070e600000|  0%| F|  |TS  0|AC  0|TAMS 0x000000070e500000, 0x000000070e500000|
| 230|0x000000070e600000, 0x000000070e600000, 0x000000070e700000|  0%| F|  |TS  0|AC  0|TAMS 0x000000070e600000, 0x000000070e600000|
| 231|0x000000070e700000, 0x000000070e700000, 0x000000070e800000|  0%| F|  |TS  0|AC  0|TAMS 0x000000070e700000, 0x000000070e700000|
| 232|0x000000070e800000, 0x000000070e800000, 0x000000070e900000|  0%| F|  |TS  0|AC  0|TAMS 0x000000070e800000, 0x000000070e800000|
| 233|0x000000070e900000, 0x000000070e900000, 0x000000070ea00000|  0%| F|  |TS  0|AC  0|TAMS 0x000000070e900000, 0x000000070e900000|
| 234|0x000000070ea00000, 0x000000070ea00000, 0x000000070eb00000|  0%| F|  |TS  0|AC  0|TAMS 0x000000070ea00000, 0x000000070ea00000|
| 235|0x000000070eb00000, 0x000000070eb00000, 0x000000070ec00000|  0%| F|  |TS  0|AC  0|TAMS 0x000000070eb00000, 0x000000070eb00000|
| 236|0x000000070ec00000, 0x000000070ec00000, 0x000000070ed00000|  0%| F|  |TS  0|AC  0|TAMS 0x000000070ec00000, 0x000000070ec00000|
| 237|0x000000070ed00000, 0x000000070ed00000, 0x000000070ee00000|  0%| F|  |TS  0|AC  0|TAMS 0x000000070ed00000, 0x000000070ed00000|
| 238|0x000000070ee00000, 0x000000070ee00000, 0x000000070ef00000|  0%| F|  |TS  0|AC  0|TAMS 0x000000070ee00000, 0x000000070ee00000|
| 239|0x000000070ef00000, 0x000000070ef00000, 0x000000070f000000|  0%| F|  |TS  0|AC  0|TAMS 0x000000070ef00000, 0x000000070ef00000|
| 240|0x000000070f000000, 0x000000070f08c130, 0x000000070f100000| 54%| S|CS|TS  0|AC  0|TAMS 0x000000070f000000, 0x000000070f000000|
| 241|0x000000070f100000, 0x000000070f100000, 0x000000070f200000|  0%| F|  |TS  0|AC  0|TAMS 0x000000070f100000, 0x000000070f100000|
| 242|0x000000070f200000, 0x000000070f200000, 0x000000070f300000|  0%| F|  |TS  0|AC  0|TAMS 0x000000070f200000, 0x000000070f200000|
| 243|0x000000070f300000, 0x000000070f300000, 0x000000070f400000|  0%| F|  |TS  0|AC  0|TAMS 0x000000070f300000, 0x000000070f300000|
| 244|0x000000070f400000, 0x000000070f400000, 0x000000070f500000|  0%| F|  |TS  0|AC  0|TAMS 0x000000070f400000, 0x000000070f400000|
| 245|0x000000070f500000, 0x000000070f500000, 0x000000070f600000|  0%| F|  |TS  0|AC  0|TAMS 0x000000070f500000, 0x000000070f500000|
| 246|0x000000070f600000, 0x000000070f600000, 0x000000070f700000|  0%| F|  |TS  0|AC  0|TAMS 0x000000070f600000, 0x000000070f600000|
| 247|0x000000070f700000, 0x000000070f748f80, 0x000000070f800000| 28%| E|  |TS  0|AC  0|TAMS 0x000000070f700000, 0x000000070f700000|
| 248|0x000000070f800000, 0x000000070f900000, 0x000000070f900000|100%| E|CS|TS  0|AC  0|TAMS 0x000000070f800000, 0x000000070f800000|
| 249|0x000000070f900000, 0x000000070fa00000, 0x000000070fa00000|100%| E|CS|TS  0|AC  0|TAMS 0x000000070f900000, 0x000000070f900000|
| 250|0x000000070fa00000, 0x000000070fb00000, 0x000000070fb00000|100%| E|CS|TS  0|AC  0|TAMS 0x000000070fa00000, 0x000000070fa00000|
| 251|0x000000070fb00000, 0x000000070fc00000, 0x000000070fc00000|100%| E|CS|TS  0|AC  0|TAMS 0x000000070fb00000, 0x000000070fb00000|
| 252|0x000000070fc00000, 0x000000070fd00000, 0x000000070fd00000|100%| E|CS|TS  0|AC  0|TAMS 0x000000070fc00000, 0x000000070fc00000|
| 253|0x000000070fd00000, 0x000000070fe00000, 0x000000070fe00000|100%| E|CS|TS  0|AC  0|TAMS 0x000000070fd00000, 0x000000070fd00000|
| 254|0x000000070fe00000, 0x000000070ff00000, 0x000000070ff00000|100%| E|CS|TS  0|AC  0|TAMS 0x000000070fe00000, 0x000000070fe00000|
| 255|0x000000070ff00000, 0x0000000710000000, 0x0000000710000000|100%| E|CS|TS  0|AC  0|TAMS 0x000000070ff00000, 0x000000070ff00000|
| 256|0x0000000710000000, 0x0000000710100000, 0x0000000710100000|100%| E|CS|TS  0|AC  0|TAMS 0x0000000710000000, 0x0000000710000000|
| 257|0x0000000710100000, 0x0000000710200000, 0x0000000710200000|100%| E|CS|TS  0|AC  0|TAMS 0x0000000710100000, 0x0000000710100000|
| 258|0x0000000710200000, 0x0000000710300000, 0x0000000710300000|100%| E|CS|TS  0|AC  0|TAMS 0x0000000710200000, 0x0000000710200000|
| 259|0x0000000710300000, 0x0000000710400000, 0x0000000710400000|100%| E|CS|TS  0|AC  0|TAMS 0x0000000710300000, 0x0000000710300000|
| 260|0x0000000710400000, 0x0000000710500000, 0x0000000710500000|100%| E|CS|TS  0|AC  0|TAMS 0x0000000710400000, 0x0000000710400000|
| 261|0x0000000710500000, 0x0000000710600000, 0x0000000710600000|100%| E|CS|TS  0|AC  0|TAMS 0x0000000710500000, 0x0000000710500000|
| 262|0x0000000710600000, 0x0000000710700000, 0x0000000710700000|100%| E|CS|TS  0|AC  0|TAMS 0x0000000710600000, 0x0000000710600000|
| 263|0x0000000710700000, 0x0000000710800000, 0x0000000710800000|100%| E|CS|TS  0|AC  0|TAMS 0x0000000710700000, 0x0000000710700000|
| 264|0x0000000710800000, 0x0000000710900000, 0x0000000710900000|100%| E|CS|TS  0|AC  0|TAMS 0x0000000710800000, 0x0000000710800000|
| 265|0x0000000710900000, 0x0000000710a00000, 0x0000000710a00000|100%| E|CS|TS  0|AC  0|TAMS 0x0000000710900000, 0x0000000710900000|
| 266|0x0000000710a00000, 0x0000000710b00000, 0x0000000710b00000|100%| E|CS|TS  0|AC  0|TAMS 0x0000000710a00000, 0x0000000710a00000|
| 267|0x0000000710b00000, 0x0000000710c00000, 0x0000000710c00000|100%| E|CS|TS  0|AC  0|TAMS 0x0000000710b00000, 0x0000000710b00000|
| 268|0x0000000710c00000, 0x0000000710d00000, 0x0000000710d00000|100%| E|CS|TS  0|AC  0|TAMS 0x0000000710c00000, 0x0000000710c00000|
| 269|0x0000000710d00000, 0x0000000710e00000, 0x0000000710e00000|100%| E|CS|TS  0|AC  0|TAMS 0x0000000710d00000, 0x0000000710d00000|
| 270|0x0000000710e00000, 0x0000000710f00000, 0x0000000710f00000|100%| E|CS|TS  0|AC  0|TAMS 0x0000000710e00000, 0x0000000710e00000|
| 271|0x0000000710f00000, 0x0000000711000000, 0x0000000711000000|100%| E|CS|TS  0|AC  0|TAMS 0x0000000710f00000, 0x0000000710f00000|
| 272|0x0000000711000000, 0x0000000711100000, 0x0000000711100000|100%| E|CS|TS  0|AC  0|TAMS 0x0000000711000000, 0x0000000711000000|
| 273|0x0000000711100000, 0x0000000711200000, 0x0000000711200000|100%| E|CS|TS  0|AC  0|TAMS 0x0000000711100000, 0x0000000711100000|
| 274|0x0000000711200000, 0x0000000711300000, 0x0000000711300000|100%| E|CS|TS  0|AC  0|TAMS 0x0000000711200000, 0x0000000711200000|
| 275|0x0000000711300000, 0x0000000711400000, 0x0000000711400000|100%| E|CS|TS  0|AC  0|TAMS 0x0000000711300000, 0x0000000711300000|
| 276|0x0000000711400000, 0x0000000711500000, 0x0000000711500000|100%| E|CS|TS  0|AC  0|TAMS 0x0000000711400000, 0x0000000711400000|
| 277|0x0000000711500000, 0x0000000711600000, 0x0000000711600000|100%| E|CS|TS  0|AC  0|TAMS 0x0000000711500000, 0x0000000711500000|
| 278|0x0000000711600000, 0x0000000711700000, 0x0000000711700000|100%| E|CS|TS  0|AC  0|TAMS 0x0000000711600000, 0x0000000711600000|
| 279|0x0000000711700000, 0x0000000711800000, 0x0000000711800000|100%| E|CS|TS  0|AC  0|TAMS 0x0000000711700000, 0x0000000711700000|
| 280|0x0000000711800000, 0x0000000711900000, 0x0000000711900000|100%| E|CS|TS  0|AC  0|TAMS 0x0000000711800000, 0x0000000711800000|
| 281|0x0000000711900000, 0x0000000711a00000, 0x0000000711a00000|100%| E|CS|TS  0|AC  0|TAMS 0x0000000711900000, 0x0000000711900000|
| 282|0x0000000711a00000, 0x0000000711b00000, 0x0000000711b00000|100%| E|CS|TS  0|AC  0|TAMS 0x0000000711a00000, 0x0000000711a00000|
| 283|0x0000000711b00000, 0x0000000711c00000, 0x0000000711c00000|100%| E|CS|TS  0|AC  0|TAMS 0x0000000711b00000, 0x0000000711b00000|
| 284|0x0000000711c00000, 0x0000000711d00000, 0x0000000711d00000|100%| E|CS|TS  0|AC  0|TAMS 0x0000000711c00000, 0x0000000711c00000|
| 285|0x0000000711d00000, 0x0000000711e00000, 0x0000000711e00000|100%| E|CS|TS  0|AC  0|TAMS 0x0000000711d00000, 0x0000000711d00000|
| 286|0x0000000711e00000, 0x0000000711f00000, 0x0000000711f00000|100%| E|CS|TS  0|AC  0|TAMS 0x0000000711e00000, 0x0000000711e00000|
| 287|0x0000000711f00000, 0x0000000712000000, 0x0000000712000000|100%| E|CS|TS  0|AC  0|TAMS 0x0000000711f00000, 0x0000000711f00000|
| 288|0x0000000712000000, 0x0000000712100000, 0x0000000712100000|100%| E|CS|TS  0|AC  0|TAMS 0x0000000712000000, 0x0000000712000000|
| 289|0x0000000712100000, 0x0000000712200000, 0x0000000712200000|100%| E|CS|TS  0|AC  0|TAMS 0x0000000712100000, 0x0000000712100000|
| 290|0x0000000712200000, 0x0000000712300000, 0x0000000712300000|100%| E|CS|TS  0|AC  0|TAMS 0x0000000712200000, 0x0000000712200000|
| 291|0x0000000712300000, 0x0000000712400000, 0x0000000712400000|100%| E|CS|TS  0|AC  0|TAMS 0x0000000712300000, 0x0000000712300000|
| 292|0x0000000712400000, 0x0000000712500000, 0x0000000712500000|100%| E|CS|TS  0|AC  0|TAMS 0x0000000712400000, 0x0000000712400000|
| 293|0x0000000712500000, 0x0000000712600000, 0x0000000712600000|100%| E|CS|TS  0|AC  0|TAMS 0x0000000712500000, 0x0000000712500000|
| 294|0x0000000712600000, 0x0000000712700000, 0x0000000712700000|100%| E|CS|TS  0|AC  0|TAMS 0x0000000712600000, 0x0000000712600000|
| 295|0x0000000712700000, 0x0000000712800000, 0x0000000712800000|100%| E|CS|TS  0|AC  0|TAMS 0x0000000712700000, 0x0000000712700000|
| 296|0x0000000712800000, 0x0000000712900000, 0x0000000712900000|100%| E|CS|TS  0|AC  0|TAMS 0x0000000712800000, 0x0000000712800000|
| 297|0x0000000712900000, 0x0000000712a00000, 0x0000000712a00000|100%| E|CS|TS  0|AC  0|TAMS 0x0000000712900000, 0x0000000712900000|
| 298|0x0000000712a00000, 0x0000000712b00000, 0x0000000712b00000|100%| E|CS|TS  0|AC  0|TAMS 0x0000000712a00000, 0x0000000712a00000|
| 299|0x0000000712b00000, 0x0000000712c00000, 0x0000000712c00000|100%| E|CS|TS  0|AC  0|TAMS 0x0000000712b00000, 0x0000000712b00000|
| 300|0x0000000712c00000, 0x0000000712d00000, 0x0000000712d00000|100%| E|CS|TS  0|AC  0|TAMS 0x0000000712c00000, 0x0000000712c00000|

Card table byte_map: [0x000001d7597b0000,0x000001d759db0000] byte_map_base: 0x000001d755fb0000

Marking Bits (Prev, Next): (CMBitMap*) 0x000001d75db786d8, (CMBitMap*) 0x000001d75db786a0
 Prev Bits: [0x000001d776c70000, 0x000001d779c70000)
 Next Bits: [0x000001d773c70000, 0x000001d776c70000)

Polling page: 0x000001d74f8b0000

CodeHeap 'non-profiled nmethods': size=120000Kb used=31032Kb max_used=31948Kb free=88967Kb
 bounds [0x000001d76c740000, 0x000001d76e680000, 0x000001d773c70000]
CodeHeap 'profiled nmethods': size=120000Kb used=46737Kb max_used=50759Kb free=73262Kb
 bounds [0x000001d765210000, 0x000001d768410000, 0x000001d76c740000]
CodeHeap 'non-nmethods': size=5760Kb used=1842Kb max_used=1891Kb free=3918Kb
 bounds [0x000001d764c70000, 0x000001d764ee0000, 0x000001d765210000]
 total_blobs=46010 nmethods=21787 adapters=1196
 compilation: enabled

Compilation events (10 events):
Event: 6327.955 Thread 0x000001d75d834000 30705       3       sun.awt.dnd.SunDropTargetContextPeer::access$402 (7 bytes)
Event: 6327.955 Thread 0x000001d75d834000 nmethod 30705 0x000001d765461110 code [0x000001d7654612c0, 0x000001d7654613f8]
Event: 6328.144 Thread 0x000001d75d602000 30706       4       java.lang.Throwable$WrappedPrintWriter::println (9 bytes)
Event: 6328.144 Thread 0x000001d75d600800 30707       4       java.lang.StackTraceElement::toString (322 bytes)
Event: 6328.154 Thread 0x000001d75d602000 nmethod 30706 0x000001d76de64190 code [0x000001d76de64360, 0x000001d76de64b58]
Event: 6328.241 Thread 0x000001d75d600800 nmethod 30707 0x000001d76e158810 code [0x000001d76e158b00, 0x000001d76e15bcb0]
Event: 6329.231 Thread 0x000001d75d834000 30708       3       sun.util.locale.provider.NumberFormatProviderImpl::getInstance (105 bytes)
Event: 6329.232 Thread 0x000001d75d834000 nmethod 30708 0x000001d7657a4e90 code [0x000001d7657a50e0, 0x000001d7657a5900]
Event: 6329.232 Thread 0x000001d75d834000 30709       3       java.text.DecimalFormat::<init> (141 bytes)
Event: 6329.234 Thread 0x000001d75d834000 nmethod 30709 0x000001d76588ec90 code [0x000001d76588eee0, 0x000001d76588f9c0]

GC Heap History (10 events):
Event: 6320.608 GC heap before
{Heap before GC invocations=1498 (full 446):
 garbage-first heap   total 308224K, used 225290K [0x0000000700000000, 0x0000000700100968, 0x00000007c0000000)
  region size 1024K, 60 young (61440K), 1 survivors (1024K)
 Metaspace       used 92233K, capacity 95161K, committed 101068K, reserved 1136640K
  class space    used 12408K, capacity 13003K, committed 14284K, reserved 1048576K
}
Event: 6320.611 GC heap after
{Heap after GC invocations=1499 (full 446):
 garbage-first heap   total 308224K, used 164808K [0x0000000700000000, 0x0000000700100968, 0x00000007c0000000)
  region size 1024K, 1 young (1024K), 1 survivors (1024K)
 Metaspace       used 92233K, capacity 95161K, committed 101068K, reserved 1136640K
  class space    used 12408K, capacity 13003K, committed 14284K, reserved 1048576K
}
Event: 6320.954 GC heap before
{Heap before GC invocations=1500 (full 446):
 garbage-first heap   total 308224K, used 225224K [0x0000000700000000, 0x0000000700100968, 0x00000007c0000000)
  region size 1024K, 60 young (61440K), 1 survivors (1024K)
 Metaspace       used 92233K, capacity 95161K, committed 101068K, reserved 1136640K
  class space    used 12408K, capacity 13003K, committed 14284K, reserved 1048576K
}
Event: 6320.960 GC heap after
{Heap after GC invocations=1501 (full 446):
 garbage-first heap   total 308224K, used 164843K [0x0000000700000000, 0x0000000700100968, 0x00000007c0000000)
  region size 1024K, 1 young (1024K), 1 survivors (1024K)
 Metaspace       used 92233K, capacity 95161K, committed 101068K, reserved 1136640K
  class space    used 12408K, capacity 13003K, committed 14284K, reserved 1048576K
}
Event: 6324.052 GC heap before
{Heap before GC invocations=1501 (full 446):
 garbage-first heap   total 308224K, used 225259K [0x0000000700000000, 0x0000000700100968, 0x00000007c0000000)
  region size 1024K, 60 young (61440K), 1 survivors (1024K)
 Metaspace       used 92233K, capacity 95161K, committed 101068K, reserved 1136640K
  class space    used 12408K, capacity 13003K, committed 14284K, reserved 1048576K
}
Event: 6324.056 GC heap after
{Heap after GC invocations=1502 (full 446):
 garbage-first heap   total 308224K, used 164985K [0x0000000700000000, 0x0000000700100968, 0x00000007c0000000)
  region size 1024K, 1 young (1024K), 1 survivors (1024K)
 Metaspace       used 92233K, capacity 95161K, committed 101068K, reserved 1136640K
  class space    used 12408K, capacity 13003K, committed 14284K, reserved 1048576K
}
Event: 6326.617 GC heap before
{Heap before GC invocations=1503 (full 446):
 garbage-first heap   total 308224K, used 225401K [0x0000000700000000, 0x0000000700100968, 0x00000007c0000000)
  region size 1024K, 60 young (61440K), 1 survivors (1024K)
 Metaspace       used 92235K, capacity 95161K, committed 101068K, reserved 1136640K
  class space    used 12408K, capacity 13003K, committed 14284K, reserved 1048576K
}
Event: 6326.620 GC heap after
{Heap after GC invocations=1504 (full 446):
 garbage-first heap   total 308224K, used 165086K [0x0000000700000000, 0x0000000700100968, 0x00000007c0000000)
  region size 1024K, 1 young (1024K), 1 survivors (1024K)
 Metaspace       used 92235K, capacity 95161K, committed 101068K, reserved 1136640K
  class space    used 12408K, capacity 13003K, committed 14284K, reserved 1048576K
}
Event: 6328.176 GC heap before
{Heap before GC invocations=1504 (full 446):
 garbage-first heap   total 308224K, used 225502K [0x0000000700000000, 0x0000000700100968, 0x00000007c0000000)
  region size 1024K, 60 young (61440K), 1 survivors (1024K)
 Metaspace       used 92235K, capacity 95161K, committed 101068K, reserved 1136640K
  class space    used 12408K, capacity 13003K, committed 14284K, reserved 1048576K
}
Event: 6328.185 GC heap after
{Heap after GC invocations=1505 (full 446):
 garbage-first heap   total 308224K, used 165060K [0x0000000700000000, 0x0000000700100968, 0x00000007c0000000)
  region size 1024K, 1 young (1024K), 1 survivors (1024K)
 Metaspace       used 92235K, capacity 95161K, committed 101068K, reserved 1136640K
  class space    used 12408K, capacity 13003K, committed 14284K, reserved 1048576K
}

Deoptimization events (10 events):
Event: 5454.762 Thread 0x000001d77ce0e000 Uncommon trap: reason=bimorphic_or_optimized_type_check action=maybe_recompile pc=0x000001d76df253b0 method=de.javasoft.plaf.synthetica.styles.ListStyle.getColor(Ljavax/swing/plaf/synth/SynthContext;Ljavax/swing/plaf/synth/ColorType;)Ljava/awt/Color; @ 13
Event: 5454.762 Thread 0x000001d77ce0e000 Uncommon trap: reason=class_check action=maybe_recompile pc=0x000001d76dbf3c7c method=javax.swing.plaf.basic.BasicListUI.paintImpl(Ljava/awt/Graphics;Ljavax/swing/JComponent;)V @ 106 c2
Event: 5581.058 Thread 0x000001d77ce0e000 Uncommon trap: reason=unstable_if action=reinterpret pc=0x000001d76e5b98a8 method=javax.swing.RepaintManager.addDirtyRegion0(Ljava/awt/Container;IIII)V @ 19 c2
Event: 5581.220 Thread 0x000001d77ce0e000 Uncommon trap: reason=unstable_if action=reinterpret pc=0x000001d76e5b6b20 method=javax.swing.RepaintManager.addDirtyRegion0(Ljava/awt/Container;IIII)V @ 19 c2
Event: 5598.031 Thread 0x000001d77ce0e000 Uncommon trap: reason=unstable_if action=reinterpret pc=0x000001d76e140f00 method=java.awt.TexturePaintContext$Int.setRaster(IIIIIIIIIIIIIIII)V @ 65 c2
Event: 5632.572 Thread 0x000001d77ce0e000 Uncommon trap: reason=unstable_if action=reinterpret pc=0x000001d76dfa6168 method=javax.swing.text.FieldView.adjustAllocation(Ljava/awt/Shape;)Ljava/awt/Shape; @ 134 c2
Event: 5745.685 Thread 0x000001d77ce0e000 Uncommon trap: reason=unstable_if action=reinterpret pc=0x000001d76e364dfc method=java.awt.datatransfer.DataFlavor.equals(Ljava/awt/datatransfer/DataFlavor;)Z @ 71 c2
Event: 6061.032 Thread 0x000001d77ce0e000 Uncommon trap: reason=unstable_if action=reinterpret pc=0x000001d76d6c2aec method=javax.swing.plaf.synth.SynthButtonUI.getIcon(Ljavax/swing/AbstractButton;)Ljavax/swing/Icon; @ 44 c2
Event: 6105.327 Thread 0x000001d708a11000 Uncommon trap: reason=unstable_if action=reinterpret pc=0x000001d76e208120 method=java.io.BufferedInputStream.getBufIfOpen()[B @ 6 c2
Event: 6136.554 Thread 0x000001d77ce0e000 Uncommon trap: reason=bimorphic_or_optimized_type_check action=maybe_recompile pc=0x000001d76e027744 method=com.jidesoft.plaf.basic.BasicJideTabbedPaneUI.setVisibleComponent(Ljava/awt/Component;)V @ 50 c2

Classes redefined (0 events):
No events

Internal exceptions (10 events):
Event: 5432.610 Thread 0x000001d77ce0e000 Exception <a 'java/lang/NoSuchMethodError'{0x0000000711f20a68}: java.lang.invoke.DirectMethodHandle$Holder.invokeSpecial(Ljava/lang/Object;Ljava/lang/Object;IILjava/lang/Object;Ljava/lang/Object;Ljava/lang/Object;I)Ljava/lang/Object;> (0x0000000711f20a68)
Event: 5432.610 Thread 0x000001d77ce0e000 Exception <a 'java/lang/NoSuchMethodError'{0x0000000711f24318}: java.lang.invoke.DelegatingMethodHandle$Holder.reinvoke_L(Ljava/lang/Object;IILjava/lang/Object;Ljava/lang/Object;Ljava/lang/Object;I)Ljava/lang/Object;> (0x0000000711f24318) thrown at [t:/wo
Event: 5432.612 Thread 0x000001d77ce0e000 Exception <a 'java/lang/NoSuchMethodError'{0x0000000711f6cb98}: java.lang.invoke.DirectMethodHandle$Holder.invokeSpecial(Ljava/lang/Object;Ljava/lang/Object;Ljava/lang/Object;Ljava/lang/Object;Ljava/lang/Object;I)Ljava/lang/Object;> (0x0000000711f6cb98) t
Event: 5436.561 Thread 0x000001d77ce0e000 Exception <a 'java/lang/NoSuchMethodError'{0x00000007109c16c8}: java.lang.invoke.DelegatingMethodHandle$Holder.reinvoke_L(Ljava/lang/Object;IIILjava/lang/Object;Ljava/lang/Object;Ljava/lang/Object;Ljava/lang/Object;)Ljava/lang/Object;> (0x00000007109c16c8
Event: 5440.776 Thread 0x000001d77ce0e000 Implicit null exception at 0x000001d76d348de8 to 0x000001d76d3490cd
Event: 5455.729 Thread 0x000001d77ce0e000 Exception <a 'java/lang/NoSuchMethodError'{0x000000070fe326e8}: java.lang.invoke.DelegatingMethodHandle$Holder.reinvoke_L(Ljava/lang/Object;IILjava/lang/Object;Ljava/lang/Object;I)Ljava/lang/Object;> (0x000000070fe326e8) thrown at [t:/workspace/hotspot/sr
Event: 5593.908 Thread 0x000001d708a15000 Exception <a 'java/lang/InterruptedException'{0x0000000712400350}: sleep interrupted> (0x0000000712400350) thrown at [t:/workspace/hotspot/src/share/vm/prims/jvm.cpp, line 2984]
Event: 5823.304 Thread 0x000001d708a0f800 Exception <a 'java/lang/InterruptedException'{0x0000000712711cd0}: sleep interrupted> (0x0000000712711cd0) thrown at [t:/workspace/hotspot/src/share/vm/prims/jvm.cpp, line 2984]
Event: 6071.242 Thread 0x000001d708a0f800 Exception <a 'java/lang/InterruptedException'{0x0000000712c8edf0}: sleep interrupted> (0x0000000712c8edf0) thrown at [t:/workspace/hotspot/src/share/vm/prims/jvm.cpp, line 2984]
Event: 6105.326 Thread 0x000001d708a11000 Exception <a 'java/lang/InterruptedException'{0x0000000712785020}: sleep interrupted> (0x0000000712785020) thrown at [t:/workspace/hotspot/src/share/vm/prims/jvm.cpp, line 2984]

Events (10 events):
Event: 6328.476 Executing VM operation: RevokeBias done
Event: 6328.590 Thread 0x000001d708a0d800 Thread added: 0x000001d708a0d800
Event: 6328.594 Thread 0x000001d708a0d800 Thread exited: 0x000001d708a0d800
Event: 6329.251 Thread 0x000001d708a0e000 Thread added: 0x000001d708a0e000
Event: 6329.254 Executing VM operation: RevokeBias
Event: 6329.256 Executing VM operation: RevokeBias done
Event: 6329.258 Executing VM operation: RevokeBias
Event: 6329.258 Executing VM operation: RevokeBias done
Event: 6329.516 Thread 0x000001d708a11000 Thread added: 0x000001d708a11000
Event: 6329.524 Thread 0x000001d708a11000 Thread exited: 0x000001d708a11000


Dynamic libraries:
0x00007ff725d80000 - 0x00007ff725db0000 	C:\Xilinx\Vivado\2019.1\bin\unwrapped\win64.o\vivado.exe
0x00007ffd90b80000 - 0x00007ffd90d89000 	C:\WINDOWS\SYSTEM32\ntdll.dll
0x00007ffd8f390000 - 0x00007ffd8f44d000 	C:\WINDOWS\System32\KERNEL32.DLL
0x00007ffd8e3b0000 - 0x00007ffd8e72d000 	C:\WINDOWS\System32\KERNELBASE.dll
0x00007ffd8e8c0000 - 0x00007ffd8e9d1000 	C:\WINDOWS\System32\ucrtbase.dll
0x00007ffd39510000 - 0x00007ffd3a3f2000 	C:\Xilinx\Vivado\2019.1\lib\win64.o\librdi_common.dll
0x00007ffd783b0000 - 0x00007ffd783c4000 	C:\Xilinx\Vivado\2019.1\lib\win64.o\libboost_signals.dll
0x00007ffd1e810000 - 0x00007ffd1e89d000 	C:\WINDOWS\SYSTEM32\MSVCP140.dll
0x00007ffd78390000 - 0x00007ffd783a4000 	C:\Xilinx\Vivado\2019.1\lib\win64.o\librdi_commonmain.dll
0x00007ffd8f590000 - 0x00007ffd8f73d000 	C:\WINDOWS\System32\USER32.dll
0x00007ffd6d340000 - 0x00007ffd6d35b000 	C:\WINDOWS\SYSTEM32\VCRUNTIME140.dll
0x00007ffd8e210000 - 0x00007ffd8e236000 	C:\WINDOWS\System32\win32u.dll
0x00007ffd909e0000 - 0x00007ffd90a09000 	C:\WINDOWS\System32\GDI32.dll
0x00007ffd391a0000 - 0x00007ffd3950e000 	C:\Xilinx\Vivado\2019.1\lib\win64.o\libCOIN-all.dll
0x00007ffd76b80000 - 0x00007ffd76b94000 	C:\Xilinx\Vivado\2019.1\lib\win64.o\libboost_date_time.dll
0x00007ffd8e0f0000 - 0x00007ffd8e208000 	C:\WINDOWS\System32\gdi32full.dll
0x00007ffd768a0000 - 0x00007ffd768c6000 	C:\Xilinx\Vivado\2019.1\lib\win64.o\libboost_filesystem.dll
0x00007ffd8f2e0000 - 0x00007ffd8f38e000 	C:\WINDOWS\System32\ADVAPI32.dll
0x00007ffd8e730000 - 0x00007ffd8e7cd000 	C:\WINDOWS\System32\msvcp_win.dll
0x00007ffd90900000 - 0x00007ffd909a3000 	C:\WINDOWS\System32\msvcrt.dll
0x00007ffd737f0000 - 0x00007ffd7386f000 	C:\Xilinx\Vivado\2019.1\lib\win64.o\libboost_program_options.dll
0x00007ffd8f740000 - 0x00007ffd8fef8000 	C:\WINDOWS\System32\SHELL32.dll
0x00007ffd60de0000 - 0x00007ffd60ef4000 	C:\Xilinx\Vivado\2019.1\lib\win64.o\libboost_regex.dll
0x00007ffd8ffe0000 - 0x00007ffd9007e000 	C:\WINDOWS\System32\sechost.dll
0x00007ffd901d0000 - 0x00007ffd902f0000 	C:\WINDOWS\System32\RPCRT4.dll
0x00007ffd80dd0000 - 0x00007ffd80ddb000 	C:\Xilinx\Vivado\2019.1\lib\win64.o\libboost_system.dll
0x00007ffd76870000 - 0x00007ffd76891000 	C:\Xilinx\Vivado\2019.1\lib\win64.o\libboost_thread.dll
0x00007ffd7fdd0000 - 0x00007ffd7fddf000 	C:\Xilinx\Vivado\2019.1\lib\win64.o\libboost_xilinx.dll
0x00007ffd60d50000 - 0x00007ffd60dd2000 	C:\Xilinx\Vivado\2019.1\lib\win64.o\libhdlpsolve.dll
0x00007ffd60ca0000 - 0x00007ffd60d45000 	C:\Xilinx\Vivado\2019.1\lib\win64.o\libhdxml.dll
0x00007ffd385f0000 - 0x00007ffd3919f400 	C:\Xilinx\Vivado\2019.1\lib\win64.o\libisl_iostreams.dll
0x00007ffd76030000 - 0x00007ffd7605e000 	C:\Xilinx\Vivado\2019.1\lib\win64.o\libisl_sysinfo.dll
0x00007ffd8ff00000 - 0x00007ffd8ff6f000 	C:\WINDOWS\System32\WS2_32.dll
0x00007ffd76170000 - 0x00007ffd7618a000 	C:\Xilinx\Vivado\2019.1\lib\win64.o\pthreadVC2.dll
0x00007ffd6b4e0000 - 0x00007ffd6b545000 	C:\Xilinx\Vivado\2019.1\lib\win64.o\liblmx6.0.dll
0x00007ffd5c320000 - 0x00007ffd5c32c000 	C:\WINDOWS\SYSTEM32\VCRUNTIME140_1.dll
0x00007ffd65240000 - 0x00007ffd65361000 	C:\Xilinx\Vivado\2019.1\lib\win64.o\librdi_commonxillic.dll
0x00007ffd73df0000 - 0x00007ffd73e0c000 	C:\Xilinx\Vivado\2019.1\lib\win64.o\librdiconfig.dll
0x00007ffd73dc0000 - 0x00007ffd73de1000 	C:\Xilinx\Vivado\2019.1\lib\win64.o\librdizlib.dll
0x0000000067e10000 - 0x0000000067f3b000 	C:\Xilinx\Vivado\2019.1\lib\win64.o\tcl85t.dll
0x0000000012000000 - 0x0000000012270000 	C:\Xilinx\Vivado\2019.1\lib\win64.o\xerces-c_3_1.dll
0x00007ffd83250000 - 0x00007ffd8325a000 	C:\Xilinx\Vivado\2019.1\lib\win64.o\librdi_commonversion.dll
0x00007ffd76ff0000 - 0x00007ffd774ea000 	C:\WINDOWS\SYSTEM32\WININET.dll
0x00007ffd84c50000 - 0x00007ffd84d5c000 	C:\WINDOWS\SYSTEM32\WINHTTP.dll
0x00007ffd78360000 - 0x00007ffd7837a000 	C:\WINDOWS\SYSTEM32\NETAPI32.dll
0x00007ffd82790000 - 0x00007ffd8297f000 	C:\WINDOWS\SYSTEM32\urlmon.dll
0x00007ffd73b80000 - 0x00007ffd73bad000 	C:\WINDOWS\SYSTEM32\VCOMP140.DLL
0x00007ffd76a00000 - 0x00007ffd76a09000 	C:\WINDOWS\SYSTEM32\WSOCK32.dll
0x00007ffd1c1c0000 - 0x00007ffd1d051000 	C:\Xilinx\Vivado\2019.1\lib\win64.o\gurobi65.dll
0x00007ffd7a130000 - 0x00007ffd7a13d000 	C:\Xilinx\Vivado\2019.1\lib\win64.o\libboost_chrono.dll
0x00007ffd737c0000 - 0x00007ffd737e5000 	C:\Xilinx\Vivado\2019.1\lib\win64.o\libisl_iosutils.dll
0x00007ffd73ac0000 - 0x00007ffd73adb000 	C:\Xilinx\Vivado\2019.1\lib\win64.o\libboost_iostreams.dll
0x00007ffd4f780000 - 0x00007ffd4fa58000 	C:\Xilinx\Vivado\2019.1\lib\win64.o\libXil_lmgr11.dll
0x00007ffd824d0000 - 0x00007ffd82783000 	C:\WINDOWS\SYSTEM32\iertutil.dll
0x00007ffd824a0000 - 0x00007ffd824c8000 	C:\WINDOWS\SYSTEM32\srvcli.dll
0x00007ffd90a10000 - 0x00007ffd90afc000 	C:\WINDOWS\System32\COMDLG32.dll
0x00007ffd8cd00000 - 0x00007ffd8cd0c000 	C:\WINDOWS\SYSTEM32\netutils.dll
0x00007ffd902f0000 - 0x00007ffd90669000 	C:\WINDOWS\System32\combase.dll
0x00007ffd8f170000 - 0x00007ffd8f25a000 	C:\WINDOWS\System32\shcore.dll
0x00007ffd90670000 - 0x00007ffd906cd000 	C:\WINDOWS\System32\SHLWAPI.dll
0x00007ffd8f4b0000 - 0x00007ffd8f586000 	C:\WINDOWS\System32\OLEAUT32.dll
0x00007ffd64e80000 - 0x00007ffd64f32000 	C:\WINDOWS\WinSxS\amd64_microsoft.windows.common-controls_6595b64144ccf1df_5.82.22000.1_none_271a8fad6a2d1b1e\COMCTL32.dll
0x00007ffd90760000 - 0x00007ffd908fa000 	C:\WINDOWS\System32\ole32.dll
0x00007ffd8e7d0000 - 0x00007ffd8e837000 	C:\WINDOWS\System32\WINTRUST.dll
0x00007ffd8e240000 - 0x00007ffd8e3a2000 	C:\WINDOWS\System32\CRYPT32.dll
0x00007ffd83c70000 - 0x00007ffd83c8e000 	C:\WINDOWS\SYSTEM32\dhcpcsvc.DLL
0x00007ffd8ee60000 - 0x00007ffd8ee91000 	C:\WINDOWS\System32\IMM32.DLL
0x00007ffd8d8f0000 - 0x00007ffd8d902000 	C:\WINDOWS\SYSTEM32\MSASN1.dll
0x00007ffd8d1f0000 - 0x00007ffd8d208000 	C:\WINDOWS\SYSTEM32\kernel.appcore.dll
0x00007ffd2ddf0000 - 0x00007ffd2e307000 	C:\Xilinx\Vivado\2019.1\lib\win64.o\librdi_commontasks.dll
0x00007ffd80350000 - 0x00007ffd8035a000 	C:\WINDOWS\SYSTEM32\VERSION.dll
0x00000000673e0000 - 0x0000000067e05000 	C:\Xilinx\Vivado\2019.1\tps\win64\jre9.0.4\bin\server\jvm.dll
0x00007ffd48150000 - 0x00007ffd483d6000 	C:\Xilinx\Vivado\2019.1\lib\win64.o\librdi_sio.dll
0x00007ffd90b00000 - 0x00007ffd90b08000 	C:\WINDOWS\System32\PSAPI.DLL
0x00007ffd83090000 - 0x00007ffd830c3000 	C:\WINDOWS\SYSTEM32\WINMM.dll
0x00007ffd8cd10000 - 0x00007ffd8cd3d000 	C:\WINDOWS\SYSTEM32\IPHLPAPI.DLL
0x00007ffd54e70000 - 0x00007ffd54f5f000 	C:\WINDOWS\SYSTEM32\MSVCR120.dll
0x00007ffd8d650000 - 0x00007ffd8d6b7000 	C:\WINDOWS\SYSTEM32\MSWSOCK.DLL
0x00007ffd8c170000 - 0x00007ffd8c9d8000 	C:\WINDOWS\SYSTEM32\windows.storage.dll
0x00007ffd8c000000 - 0x00007ffd8c166000 	C:\WINDOWS\SYSTEM32\wintypes.dll
0x00007ffd19d00000 - 0x00007ffd1c1bc000 	C:\Xilinx\Vivado\2019.1\lib\win64.o\librdi_tcltasks.dll
0x00007ffd2d9e0000 - 0x00007ffd2dde8000 	C:\Xilinx\Vivado\2019.1\lib\win64.o\librdi_bitstream.dll
0x00007ffd50220000 - 0x00007ffd503b1000 	C:\Xilinx\Vivado\2019.1\lib\win64.o\librdi_board.dll
0x00007ffd651c0000 - 0x00007ffd65238000 	C:\Xilinx\Vivado\2019.1\lib\win64.o\librdi_boarddep.dll
0x00007ffd506e0000 - 0x00007ffd507cb000 	C:\Xilinx\Vivado\2019.1\lib\win64.o\librdi_chipscope.dll
0x00007ffd38430000 - 0x00007ffd385ed000 	C:\Xilinx\Vivado\2019.1\lib\win64.o\librdi_chipscopeimpl.dll
0x00007ffd49cc0000 - 0x00007ffd49e16000 	C:\Xilinx\Vivado\2019.1\lib\win64.o\librdi_containers.dll
0x00007ffd096e0000 - 0x00007ffd0b0ca000 	C:\Xilinx\Vivado\2019.1\lib\win64.o\librdi_constraints.dll
0x00007ffd07820000 - 0x00007ffd096d1000 	C:\Xilinx\Vivado\2019.1\lib\win64.o\librdi_coregen.dll
0x00007ffd19620000 - 0x00007ffd19cfa000 	C:\Xilinx\Vivado\2019.1\lib\win64.o\librdi_coregenipxact.dll
0x00007ffd037d0000 - 0x00007ffd07813000 	C:\Xilinx\Vivado\2019.1\lib\win64.o\librdi_designutils.dll
0x00007ffcf13a0000 - 0x00007ffd037cc000 	C:\Xilinx\Vivado\2019.1\lib\win64.o\librdi_device.dll
0x00007ffd2ce10000 - 0x00007ffd2d12e000 	C:\Xilinx\Vivado\2019.1\lib\win64.o\librdi_dlyest.dll
0x00007ffd0e6c0000 - 0x00007ffd0ec5a000 	C:\Xilinx\Vivado\2019.1\lib\win64.o\librdi_drc.dll
0x00007ffd54da0000 - 0x00007ffd54e64000 	C:\Xilinx\Vivado\2019.1\lib\win64.o\librdi_dsp.dll
0x00007ffd0e070000 - 0x00007ffd0e6bd000 	C:\Xilinx\Vivado\2019.1\lib\win64.o\librdi_filemgmt.dll
0x00007ffd37c60000 - 0x00007ffd37f43000 	C:\Xilinx\Vivado\2019.1\lib\win64.o\librdi_guitools.dll
0x00007ffd653f0000 - 0x00007ffd65455000 	C:\Xilinx\Vivado\2019.1\lib\win64.o\librdi_hdf.dll
0x00007ffcefde0000 - 0x00007ffcf13a0000 	C:\Xilinx\Vivado\2019.1\lib\win64.o\librdi_implflow.dll
0x00007ffcef7c0000 - 0x00007ffcefdd5000 	C:\Xilinx\Vivado\2019.1\lib\win64.o\librdi_memdata.dll
0x00007ffd52d60000 - 0x00007ffd52dd3000 	C:\Xilinx\Vivado\2019.1\lib\win64.o\librdi_memoryarray.dll
0x00007ffcec420000 - 0x00007ffcef106000 	C:\Xilinx\Vivado\2019.1\lib\win64.o\librdi_mig.dll
0x00007ffcef110000 - 0x00007ffcef7b2000 	C:\Xilinx\Vivado\2019.1\lib\win64.o\librdi_netlist.dll
0x00007ffd710b0000 - 0x00007ffd710fb000 	C:\Xilinx\Vivado\2019.1\lib\win64.o\librdi_pfi.dll
0x00007ffce9da0000 - 0x00007ffcec416000 	C:\Xilinx\Vivado\2019.1\lib\win64.o\librdi_place.dll
0x00007ffd19310000 - 0x00007ffd1961f000 	C:\Xilinx\Vivado\2019.1\lib\win64.o\librdi_platform.dll
0x00007ffce9650000 - 0x00007ffce9d9a000 	C:\Xilinx\Vivado\2019.1\lib\win64.o\librdi_power.dll
0x00007ffce90d0000 - 0x00007ffce964f000 	C:\Xilinx\Vivado\2019.1\lib\win64.o\librdi_project.dll
0x00007ffce89c0000 - 0x00007ffce90c9000 	C:\Xilinx\Vivado\2019.1\lib\win64.o\librdi_psta.dll
0x00007ffce82b0000 - 0x00007ffce89b6000 	C:\Xilinx\Vivado\2019.1\lib\win64.o\librdi_rsb.dll
0x00007ffd0dc70000 - 0x00007ffd0e061000 	C:\Xilinx\Vivado\2019.1\lib\win64.o\librdi_runs.dll
0x00007ffd4e9e0000 - 0x00007ffd4eada000 	C:\Xilinx\Vivado\2019.1\lib\win64.o\librdi_runsbase.dll
0x00007ffd1df30000 - 0x00007ffd1e186000 	C:\Xilinx\Vivado\2019.1\lib\win64.o\librdi_simdata.dll
0x00007ffce7490000 - 0x00007ffce82a1000 	C:\Xilinx\Vivado\2019.1\lib\win64.o\librdi_timing.dll
0x00007ffd379c0000 - 0x00007ffd37b32000 	C:\Xilinx\Vivado\2019.1\lib\win64.o\librdi_advchipscopeimpl.dll
0x00007ffd68d50000 - 0x00007ffd68d9c000 	C:\Xilinx\Vivado\2019.1\lib\win64.o\libboost_serialization.dll
0x00007ffd485b0000 - 0x00007ffd48672000 	C:\Xilinx\Vivado\2019.1\lib\win64.o\librdi_ipconfig_readwrite.dll
0x00007ffd1d600000 - 0x00007ffd1d79f000 	C:\Xilinx\Vivado\2019.1\lib\win64.o\librdi_hip_devdesign.dll
0x00007ffd60c50000 - 0x00007ffd60c93000 	C:\Xilinx\Vivado\2019.1\lib\win64.o\librdi_noc_frameworks.dll
0x00007ffce63f0000 - 0x00007ffce6f37000 	C:\Xilinx\Vivado\2019.1\lib\win64.o\libverific.dll
0x00007ffd3a4f0000 - 0x00007ffd3a58e000 	C:\Xilinx\Vivado\2019.1\lib\win64.o\libise.dll
0x00007ffd0d690000 - 0x00007ffd0da75000 	C:\Xilinx\Vivado\2019.1\lib\win64.o\librdi_hip_config.dll
0x00007ffce6f40000 - 0x00007ffce748e000 	C:\Xilinx\Vivado\2019.1\lib\win64.o\librdi_xdm.dll
0x00007ffce5df0000 - 0x00007ffce63ec000 	C:\Xilinx\Vivado\2019.1\lib\win64.o\librdi_wavedata.dll
0x00007ffd69ea0000 - 0x00007ffd69ee0000 	C:\Xilinx\Vivado\2019.1\lib\win64.o\librdi_wavedata_SimpleApi.dll
0x00007ffd383a0000 - 0x00007ffd38428000 	C:\Xilinx\Vivado\2019.1\lib\win64.o\librdi_meir_core.dll
0x00007ffd115b0000 - 0x00007ffd11809000 	C:\Xilinx\Vivado\2019.1\lib\win64.o\librdi_hsm.dll
0x00007ffd65490000 - 0x00007ffd654cf000 	C:\Xilinx\Vivado\2019.1\lib\win64.o\librdi_schedmon.dll

VM Arguments:
jvm_args: -Dsun.java2d.pmoffscreen=false -Dsun.java2d.xrender=false -Dsun.java2d.d3d=false -Dsun.awt.nopixfmt=true -Dsun.java2d.dpiaware=true -Dsun.java2d.uiScale.enabled=false -Xverify:none -Dswing.aatext=true -XX:-UsePerfData -Djdk.map.althashing.threshold=512 -XX:StringTableSize=4072 --add-opens=java.base/java.nio=ALL-UNNAMED --add-opens=java.desktop/sun.swing=ALL-UNNAMED --add-opens=java.desktop/javax.swing=ALL-UNNAMED --add-opens=java.desktop/javax.swing.tree=ALL-UNNAMED --add-opens=java.desktop/javax.swing.plaf.basic=ALL-UNNAMED --add-opens=java.desktop/javax.swing.plaf.synth=ALL-UNNAMED --add-opens=java.desktop/com.sun.awt=ALL-UNNAMED -XX:NewSize=60m -XX:MaxNewSize=60m -Xms128m -Xmx3072m -Xss5m 
java_command: <unknown>
java_class_path (initial): C:/Xilinx/Vivado/2019.1\lib\classes\alloy.jar;C:/Xilinx/Vivado/2019.1\lib\classes\autopilot.scelaborator.jar;C:/Xilinx/Vivado/2019.1\lib\classes\autopilot.sourceprocessor.jar;C:/Xilinx/Vivado/2019.1\lib\classes\autopilot.tbprocessor.jar;C:/Xilinx/Vivado/2019.1\lib\classes\batik-anim.jar;C:/Xilinx/Vivado/2019.1\lib\classes\batik-awt-util.jar;C:/Xilinx/Vivado/2019.1\lib\classes\batik-bridge.jar;C:/Xilinx/Vivado/2019.1\lib\classes\batik-codec.jar;C:/Xilinx/Vivado/2019.1\lib\classes\batik-css.jar;C:/Xilinx/Vivado/2019.1\lib\classes\batik-dom.jar;C:/Xilinx/Vivado/2019.1\lib\classes\batik-ext.jar;C:/Xilinx/Vivado/2019.1\lib\classes\batik-gui-util.jar;C:/Xilinx/Vivado/2019.1\lib\classes\batik-gvt.jar;C:/Xilinx/Vivado/2019.1\lib\classes\batik-parser.jar;C:/Xilinx/Vivado/2019.1\lib\classes\batik-script.jar;C:/Xilinx/Vivado/2019.1\lib\classes\batik-svg-dom.jar;C:/Xilinx/Vivado/2019.1\lib\classes\batik-swing.jar;C:/Xilinx/Vivado/2019.1\lib\classes\batik-transcoder.jar;C:/Xilinx/Vivado/2019.1\lib\classes\batik-util.jar;C:/Xilinx/Vivado/2019.1\lib\classes\batik-xml.jar;C:/Xilinx/Vivado/2019.1\lib\classes\com.google.gson_2.7.0.v20170129-0911.jar;C:/Xilinx/Vivado/2019.1\lib\classes\com.google.guava_21.0.0.v20170206-1425.jar;C:/Xilinx/Vivado/2019.1\lib\classes\com.google.inject_3.0.0.v201605172100.jar;C:/Xilinx/Vivado/2019.1\lib\classes\com.ibm.icu_4.4.2.v20110208.jar;C:/Xilinx/Vivado/2019.1\lib\classes\com.sigasi.hdt.annotations.runtime_4.3.0.201903071210.jar;C:/Xilinx/Vivado/2019.1\lib\classes\com.sigasi.hdt.blockdiagram.model_4.3.0.201903071210.jar;C:/Xilinx/Vivado/2019.1\lib\classes\com.sigasi.hdt.connection_4.3.0.201903071210.jar;C:/Xilinx/Vivado/2019.1\lib\classes\com.sigasi.hdt.dependencies.model_4.3.0.201903071210.jar;C:/Xilinx/Vivado/2019.1\lib\classes\com.sigasi.hdt.epl_4.3.0.201903071210.jar;C:/Xilinx/Vivado/2019.1\lib\classes\com.sigasi.hdt.graphics.model_4.3.0.201903071210.jar;C:/Xilinx/Vivado/2019.1\lib\classes\com.sigasi.hdt.project_4.3.0
Launcher Type: generic

Logging:
Log output configuration:
#0: stdout all=warning uptime,level,tags
#1: stderr all=off uptime,level,tags

Environment Variables:
PATH=C:/Xilinx/Vivado/2019.1/bin;C:/Xilinx/Vivado/2019.1/lib/win64.o;C:/Xilinx/Vivado/2019.1/tps/win64/jre9.0.4/bin/server;C:/Xilinx/Vivado/2019.1/tps/win64/jre9.0.4/bin;C:/Xilinx/Vivado/2019.1/ids_lite/ISE/bin/nt64;C:/Xilinx/Vivado/2019.1/ids_lite/ISE/lib/nt64;C:\Program Files (x86)\Common Files\Intel\Shared Libraries\redist\intel64\compiler;C:\ProgramData\Oracle\Java\javapath;C:\WINDOWS\system32;C:\WINDOWS;C:\WINDOWS\System32\Wbem;C:\WINDOWS\System32\WindowsPowerShell\v1.0\;C:\WINDOWS\System32\OpenSSH\;C:\Program Files\Polyspace\R2019a\runtime\win64;C:\Program Files\Polyspace\R2019a\bin;C:\Program Files\Polyspace\R2019a\polyspace\bin;C:\Program Files\Git\cmd;C:\Users\carlo\AppData\Local\Microsoft\WindowsApps;C:\Users\carlo\.dotnet\tools;C:\Program Files\Graphviz\bin;C:\Users\carlo\AppData\Local\GitHubDesktop\bin;C:/Xilinx/Vivado/2019.1\tps\mingw\6.2.0\win64.o\nt\bin;C:/Xilinx/Vivado/2019.1\tps\mingw\6.2.0\win64.o\nt\libexec\gcc\x86_64-w64-mingw32\6.2.0;C:/Xilinx/Vivado/2019.1\tps\win64\python-2.7.5;C:/Xilinx/Vivado/2019.1\tps\win64\python-2.7.5\lib;C:/Xilinx/Vivado/2019.1\tps\win64\python-2.7.5\Lib\lib-tk;C:/Xilinx/Vivado/2019.1\tps\win64\python-2.7.5\lib\site-packages
USERNAME=Andrey
OS=Windows_NT
PROCESSOR_IDENTIFIER=Intel64 Family 6 Model 142 Stepping 12, GenuineIntel



---------------  S Y S T E M  ---------------

OS: Windows 10 , 64 bit Build 22000 (10.0.22000.708)

CPU:total 8 (initial active 8) (4 cores per cpu, 2 threads per core) family 6 model 142 stepping 12, cmov, cx8, fxsr, mmx, sse, sse2, sse3, ssse3, sse4.1, sse4.2, popcnt, avx, avx2, aes, clmul, erms, 3dnowpref, lzcnt, ht, tsc, tscinvbit, bmi1, bmi2, adx, fma

Memory: 4k page, physical 8193768k(2291512k free), swap 19938984k(8341384k free)

vm_info: Java HotSpot(TM) 64-Bit Server VM (9.0.4+11) for windows-amd64 JRE (9.0.4+11), built on Dec 20 2017 02:18:54 by "mach5one" with MS VC++ 12.0 (VS2013)

END.
