#
# A fatal error has been detected by the Java Runtime Environment:
#
#  EXCEPTION_ACCESS_VIOLATION (0xc0000005) at pc=0x00007ffce6213370, pid=18300, tid=988
#
# JRE version: Java(TM) SE Runtime Environment (9.0+11) (build 9.0.4+11)
# Java VM: Java HotSpot(TM) 64-Bit Server VM (9.0.4+11, mixed mode, tiered, compressed oops, g1 gc, windows-amd64)
# Problematic frame:
# C  [librdi_wavedata.dll+0x453370]
#
# No core dump will be written. Minidumps are not enabled by default on client versions of Windows
#
# If you would like to submit a bug report, please visit:
#   http://bugreport.java.com/bugreport/crash.jsp
# The crash happened outside the Java Virtual Machine in native code.
# See problematic frame for where to report the bug.
#

---------------  S U M M A R Y ------------

Command Line: -Dsun.java2d.pmoffscreen=false -Dsun.java2d.xrender=false -Dsun.java2d.d3d=false -Dsun.awt.nopixfmt=true -Dsun.java2d.dpiaware=true -Dsun.java2d.uiScale.enabled=false -Xverify:none -Dswing.aatext=true -XX:-UsePerfData -Djdk.map.althashing.threshold=512 -XX:StringTableSize=4072 --add-opens=java.base/java.nio=ALL-UNNAMED --add-opens=java.desktop/sun.swing=ALL-UNNAMED --add-opens=java.desktop/javax.swing=ALL-UNNAMED --add-opens=java.desktop/javax.swing.tree=ALL-UNNAMED --add-opens=java.desktop/javax.swing.plaf.basic=ALL-UNNAMED --add-opens=java.desktop/javax.swing.plaf.synth=ALL-UNNAMED --add-opens=java.desktop/com.sun.awt=ALL-UNNAMED -XX:NewSize=60m -XX:MaxNewSize=60m -Xms128m -Xmx3072m -Xss5m 

Host: Intel(R) Core(TM) i5-10210U CPU @ 1.60GHz, 8 cores, 7G,  Windows 10 , 64 bit Build 22000 (10.0.22000.708)
Time: Sat Sep 03 21:35:00 2022 Hora estándar, América Central elapsed time: 8072 seconds (0d 2h 14m 32s)

---------------  T H R E A D  ---------------

Current thread (0x00000273f0dea800):  JavaThread "AWT-EventQueue-1" [_thread_in_native, id=988, stack(0x000000f101900000,0x000000f101e00000)]

Stack: [0x000000f101900000,0x000000f101e00000],  sp=0x000000f101df3f08,  free space=5071k
Native frames: (J=compiled Java code, j=interpreted, Vv=VM code, C=native code)
C  [librdi_wavedata.dll+0x453370]

Java frames: (J=compiled Java code, j=interpreted, Vv=VM code)
J 24789  ui.views.waveform.waveformi.WVExecutive_getGraphicsDataSize(J)J (0 bytes) @ 0x00000273e0fa0b21 [0x00000273e0fa0ae0+0x0000000000000041]
J 24788 c1 ui.views.waveform.executive.a.gEt()Ljava/io/ByteArrayInputStream; (93 bytes) @ 0x00000273d9fd2dac [0x00000273d9fd2cc0+0x00000000000000ec]
J 24787 c1 ui.views.waveform.b.a.gEf()V (142 bytes) @ 0x00000273da07c4b4 [0x00000273da07c3a0+0x0000000000000114]
J 21921 c1 ui.views.waveform.w.cRi()V (38 bytes) @ 0x00000273dbdd6d64 [0x00000273dbdd6580+0x00000000000007e4]
J 21436 c1 ui.views.waveform.c.b.j(Lui/frmwork/b/i;)V (603 bytes) @ 0x00000273dbc50344 [0x00000273dbc469a0+0x00000000000099a4]
J 21435 c1 ui.views.waveform.w.a(Lui/frmwork/b/i;)V (17 bytes) @ 0x00000273dbc45514 [0x00000273dbc45440+0x00000000000000d4]
J 25263 c2 ui.frmwork.b.l.d(Lui/frmwork/b/i;)V (61 bytes) @ 0x00000273e1fa4a64 [0x00000273e1fa47c0+0x00000000000002a4]
J 24304 c2 ui.frmwork.HTclEventBroker.i(JZ)V (471 bytes) @ 0x00000273e210841c [0x00000273e2106f00+0x000000000000151c]
J 25262 c2 ui.frmwork.HTclEventBroker.fireTclEvent(J)I (113 bytes) @ 0x00000273e21b4734 [0x00000273e21b3bc0+0x0000000000000b74]
v  ~StubRoutines::call_stub
J 26177  ui.views.waveform.waveformi.WVExecutive_processModelEvent(JJ)V (0 bytes) @ 0x00000273e2321524 [0x00000273e23214e0+0x0000000000000044]
J 25578 c1 ui.views.waveform.c.b.eD(J)V (109 bytes) @ 0x00000273daeffac4 [0x00000273daeff980+0x0000000000000144]
J 21436 c1 ui.views.waveform.c.b.j(Lui/frmwork/b/i;)V (603 bytes) @ 0x00000273dbc511c4 [0x00000273dbc469a0+0x000000000000a824]
J 21435 c1 ui.views.waveform.w.a(Lui/frmwork/b/i;)V (17 bytes) @ 0x00000273dbc45514 [0x00000273dbc45440+0x00000000000000d4]
J 25263 c2 ui.frmwork.b.l.d(Lui/frmwork/b/i;)V (61 bytes) @ 0x00000273e1fa4a64 [0x00000273e1fa47c0+0x00000000000002a4]
J 24304 c2 ui.frmwork.HTclEventBroker.i(JZ)V (471 bytes) @ 0x00000273e210841c [0x00000273e2106f00+0x000000000000151c]
J 25262 c2 ui.frmwork.HTclEventBroker.fireTclEvent(J)I (113 bytes) @ 0x00000273e21b4734 [0x00000273e21b3bc0+0x0000000000000b74]
v  ~StubRoutines::call_stub
J 26177  ui.views.waveform.waveformi.WVExecutive_processModelEvent(JJ)V (0 bytes) @ 0x00000273e2321524 [0x00000273e23214e0+0x0000000000000044]
J 25578 c1 ui.views.waveform.c.b.eD(J)V (109 bytes) @ 0x00000273daeffac4 [0x00000273daeff980+0x0000000000000144]
j  ui.views.waveform.c.e.actionPerformed(Ljava/awt/event/ActionEvent;)V+8
J 19612 c2 javax.swing.Timer.fireActionPerformed(Ljava/awt/event/ActionEvent;)V java.desktop@9.0.4 (46 bytes) @ 0x00000273e1099ad8 [0x00000273e10999c0+0x0000000000000118]
J 19607 c2 javax.swing.Timer$DoPostEvent.run()V java.desktop@9.0.4 (82 bytes) @ 0x00000273e10a5aec [0x00000273e10a57e0+0x000000000000030c]
J 15213 c2 java.awt.EventQueue$3.run()Ljava/lang/Object; java.desktop@9.0.4 (5 bytes) @ 0x00000273e16198a4 [0x00000273e16197a0+0x0000000000000104]
v  ~StubRoutines::call_stub
J 3823  java.security.AccessController.doPrivileged(Ljava/security/PrivilegedAction;Ljava/security/AccessControlContext;)Ljava/lang/Object; java.base@9.0.4 (0 bytes) @ 0x00000273e0bdd746 [0x00000273e0bdd6e0+0x0000000000000066]
J 15150 c2 ui.frmwork.b.d.dispatchEvent(Ljava/awt/AWTEvent;)V (34 bytes) @ 0x00000273e15fe3a4 [0x00000273e15fdd80+0x0000000000000624]
J 18988 c2 java.awt.EventDispatchThread.pumpOneEventForFilters(I)V java.desktop@9.0.4 (218 bytes) @ 0x00000273e1a83f5c [0x00000273e1a83c00+0x000000000000035c]
J 23335 c2 java.awt.EventDispatchThread.pumpEventsForFilter(ILjava/awt/Conditional;Ljava/awt/EventFilter;)V java.desktop@9.0.4 (47 bytes) @ 0x00000273e203c90c [0x00000273e203c760+0x00000000000001ac]
j  java.awt.EventDispatchThread.pumpEventsForFilter(Ljava/awt/Conditional;Ljava/awt/EventFilter;)V+4 java.desktop@9.0.4
j  java.awt.WaitDispatchSupport$2.run()V+59 java.desktop@9.0.4
j  java.awt.WaitDispatchSupport$4.run()Ljava/lang/Void;+4 java.desktop@9.0.4
j  java.awt.WaitDispatchSupport$4.run()Ljava/lang/Object;+1 java.desktop@9.0.4
v  ~StubRoutines::call_stub
J 1044  java.security.AccessController.doPrivileged(Ljava/security/PrivilegedAction;)Ljava/lang/Object; java.base@9.0.4 (0 bytes) @ 0x00000273e0a2b1b2 [0x00000273e0a2b160+0x0000000000000052]
j  java.awt.WaitDispatchSupport.enter()Z+260 java.desktop@9.0.4
j  java.awt.Dialog.show()V+225 java.desktop@9.0.4
J 27971 c1 ui.b.c.g.setVisible(Z)V (15 bytes) @ 0x00000273d9fb3bcc [0x00000273d9fb3920+0x00000000000002ac]
j  ui.b.c.by.showDialog()V+64
j  ui.b.c.bF.actionPerformed(Ljava/awt/event/ActionEvent;)V+8
j  ui.b.c.by.cJI()V+396
j  ui.views.c.t.b.a.run()V+60
j  ui.frmwork.a.dWF()Z+66
j  ui.frmwork.V.dYl()V+42
j  ui.bk.actionPerformed(Ljava/awt/event/ActionEvent;)V+25
J 28915 c1 javax.swing.AbstractButton.fireActionPerformed(Ljava/awt/event/ActionEvent;)V java.desktop@9.0.4 (96 bytes) @ 0x00000273d98b632c [0x00000273d98b5ac0+0x000000000000086c]
j  ui.utils.o.b.B.fireActionPerformed(Ljava/awt/event/ActionEvent;)V+7
J 28914 c1 javax.swing.AbstractButton$Handler.actionPerformed(Ljava/awt/event/ActionEvent;)V java.desktop@9.0.4 (9 bytes) @ 0x00000273d959e344 [0x00000273d959e240+0x0000000000000104]
J 28382 c1 javax.swing.DefaultButtonModel.fireActionPerformed(Ljava/awt/event/ActionEvent;)V java.desktop@9.0.4 (46 bytes) @ 0x00000273d96f1e14 [0x00000273d96f1b60+0x00000000000002b4]
J 25622 c1 javax.swing.DefaultButtonModel.setPressed(Z)V java.desktop@9.0.4 (125 bytes) @ 0x00000273db007644 [0x00000273db006780+0x0000000000000ec4]
J 29367 c1 javax.swing.plaf.basic.BasicButtonListener.mouseReleased(Ljava/awt/event/MouseEvent;)V java.desktop@9.0.4 (48 bytes) @ 0x00000273da6f35ac [0x00000273da6f3180+0x000000000000042c]
j  com.jidesoft.plaf.basic.BasicJideButtonListener.mouseReleased(Ljava/awt/event/MouseEvent;)V+61
J 21437 c1 java.awt.AWTEventMulticaster.mouseReleased(Ljava/awt/event/MouseEvent;)V java.desktop@9.0.4 (27 bytes) @ 0x00000273dbc57e0c [0x00000273dbc57c00+0x000000000000020c]
J 21437 c1 java.awt.AWTEventMulticaster.mouseReleased(Ljava/awt/event/MouseEvent;)V java.desktop@9.0.4 (27 bytes) @ 0x00000273dbc57e0c [0x00000273dbc57c00+0x000000000000020c]
J 21437 c1 java.awt.AWTEventMulticaster.mouseReleased(Ljava/awt/event/MouseEvent;)V java.desktop@9.0.4 (27 bytes) @ 0x00000273dbc57e0c [0x00000273dbc57c00+0x000000000000020c]
J 25793 c2 javax.swing.JComponent.processMouseEvent(Ljava/awt/event/MouseEvent;)V java.desktop@9.0.4 (27 bytes) @ 0x00000273e22cba90 [0x00000273e22cb8a0+0x00000000000001f0]
J 13906 c2 java.awt.Container.processEvent(Ljava/awt/AWTEvent;)V java.desktop@9.0.4 (22 bytes) @ 0x00000273e0d6a240 [0x00000273e0d6a120+0x0000000000000120]
J 29860 c1 java.awt.Component.dispatchEventImpl(Ljava/awt/AWTEvent;)V java.desktop@9.0.4 (739 bytes) @ 0x00000273db972354 [0x00000273db96e540+0x0000000000003e14]
J 18977 c2 java.awt.Container.dispatchEventImpl(Ljava/awt/AWTEvent;)V java.desktop@9.0.4 (129 bytes) @ 0x00000273e1a81198 [0x00000273e1a81140+0x0000000000000058]
J 22368 c2 java.awt.LightweightDispatcher.retargetMouseEvent(Ljava/awt/Component;ILjava/awt/event/MouseEvent;)V java.desktop@9.0.4 (350 bytes) @ 0x00000273e1e60c50 [0x00000273e1e606a0+0x00000000000005b0]
J 18977 c2 java.awt.Container.dispatchEventImpl(Ljava/awt/AWTEvent;)V java.desktop@9.0.4 (129 bytes) @ 0x00000273e1a816a8 [0x00000273e1a81140+0x0000000000000568]
J 18683 c2 java.awt.Window.dispatchEventImpl(Ljava/awt/AWTEvent;)V java.desktop@9.0.4 (23 bytes) @ 0x00000273e19e9e0c [0x00000273e19e9dc0+0x000000000000004c]
J 15213 c2 java.awt.EventQueue$3.run()Ljava/lang/Object; java.desktop@9.0.4 (5 bytes) @ 0x00000273e1619948 [0x00000273e16197a0+0x00000000000001a8]
v  ~StubRoutines::call_stub
J 3823  java.security.AccessController.doPrivileged(Ljava/security/PrivilegedAction;Ljava/security/AccessControlContext;)Ljava/lang/Object; java.base@9.0.4 (0 bytes) @ 0x00000273e0bdd746 [0x00000273e0bdd6e0+0x0000000000000066]
J 18320 c2 java.awt.EventQueue$4.run()Ljava/lang/Object; java.desktop@9.0.4 (5 bytes) @ 0x00000273e0ccb040 [0x00000273e0ccade0+0x0000000000000260]
v  ~StubRoutines::call_stub
J 3823  java.security.AccessController.doPrivileged(Ljava/security/PrivilegedAction;Ljava/security/AccessControlContext;)Ljava/lang/Object; java.base@9.0.4 (0 bytes) @ 0x00000273e0bdd746 [0x00000273e0bdd6e0+0x0000000000000066]
J 15150 c2 ui.frmwork.b.d.dispatchEvent(Ljava/awt/AWTEvent;)V (34 bytes) @ 0x00000273e15fe1cc [0x00000273e15fdd80+0x000000000000044c]
J 18988 c2 java.awt.EventDispatchThread.pumpOneEventForFilters(I)V java.desktop@9.0.4 (218 bytes) @ 0x00000273e1a83f5c [0x00000273e1a83c00+0x000000000000035c]
J 23117% c2 java.awt.EventDispatchThread.pumpEventsForFilter(ILjava/awt/Conditional;Ljava/awt/EventFilter;)V java.desktop@9.0.4 (47 bytes) @ 0x00000273e1ff4158 [0x00000273e1ff4040+0x0000000000000118]
j  java.awt.EventDispatchThread.pumpEventsForHierarchy(ILjava/awt/Conditional;Ljava/awt/Component;)V+11 java.desktop@9.0.4
j  java.awt.EventDispatchThread.pumpEvents(ILjava/awt/Conditional;)V+4 java.desktop@9.0.4
j  java.awt.EventDispatchThread.pumpEvents(Ljava/awt/Conditional;)V+3 java.desktop@9.0.4
j  java.awt.EventDispatchThread.run()V+9 java.desktop@9.0.4
v  ~StubRoutines::call_stub

siginfo: EXCEPTION_ACCESS_VIOLATION (0xc0000005), data execution prevention violation at address 0x00007ffce6213370


Register to memory mapping:

RIP=0x00007ffce6213370 librdi_wavedata.dll
RAX=0x00007ffce61b85e0 librdi_wavedata.dll
RBX=0x000000f101df4070 is pointing into the stack for thread: 0x00000273f0dea800
RCX=0x0000027401e1e020 is an unknown value
RDX=0x000002740375c7c0 is an unknown value
RSP=0x000000f101df3f08 is pointing into the stack for thread: 0x00000273f0dea800
RBP=0x000000f101df4030 is pointing into the stack for thread: 0x00000273f0dea800
RSI=0x000002740375c7c0 is an unknown value
RDI=0x0000027401e1e020 is an unknown value
R8 =0x000000f101df4030 is pointing into the stack for thread: 0x00000273f0dea800
R9 =0x000000f101df4070 is pointing into the stack for thread: 0x00000273f0dea800
R10=0x000002740375c7d0 is an unknown value
R11=0xd5df0b7af20e920d is an unknown value
R12=0x0000000000000000 is an unknown value
R13=0x0000000000000000 is an unknown value
R14=0x000002740375c7c0 is an unknown value
R15=0x0000000000000001 is an unknown value


Registers:
RAX=0x00007ffce61b85e0, RBX=0x000000f101df4070, RCX=0x0000027401e1e020, RDX=0x000002740375c7c0
RSP=0x000000f101df3f08, RBP=0x000000f101df4030, RSI=0x000002740375c7c0, RDI=0x0000027401e1e020
R8 =0x000000f101df4030, R9 =0x000000f101df4070, R10=0x000002740375c7d0, R11=0xd5df0b7af20e920d
R12=0x0000000000000000, R13=0x0000000000000000, R14=0x000002740375c7c0, R15=0x0000000000000001
RIP=0x00007ffce6213370, EFLAGS=0x0000000000010206

Top of Stack: (sp=0x000000f101df3f08)
0x000000f101df3f08:   00007ffce5eeeedc 000001a7000001a4
0x000000f101df3f18:   000001a7000001a4 000001a700000000
0x000000f101df3f28:   00000273c55857c0 000001a700000101
0x000000f101df3f38:   000000f101df4070 000000f101df4030
0x000000f101df3f48:   000002740375c7c0 fffffffffffffffe
0x000000f101df3f58:   000001a7000001a4 000001a7000001a4
0x000000f101df3f68:   0000000000000008 0000000000000000
0x000000f101df3f78:   0000000000000010 0000000000000000
0x000000f101df3f88:   0000000000000001 0000000000000000
0x000000f101df3f98:   000000f101df4049 00000273c55d0000
0x000000f101df3fa8:   00007ffd90ba901a 00000273c5580000
0x000000f101df3fb8:   000001a700000002 0000ecbcef28f042
0x000000f101df3fc8:   000001a700000000 000001a7000001a4
0x000000f101df3fd8:   000000f101df4148 00000273f2f9fa60
0x000000f101df3fe8:   000000f101df4079 000000f101df4130
0x000000f101df3ff8:   00007ffce5ee5fc7 000000000000004f 

Instructions: (pc=0x00007ffce6213370)
0x00007ffce6213350:   00 00 00 00 ff ff ff ff 00 00 00 00 40 00 00 00
0x00007ffce6213360:   20 33 45 00 00 00 00 00 00 00 00 00 00 00 00 00
0x00007ffce6213370:   01 00 00 00 00 00 00 00 00 00 00 00 10 8a 58 00
0x00007ffce6213380:   98 33 45 00 70 33 45 00 00 00 00 00 00 00 00 00 



---------------  P R O C E S S  ---------------

Java Threads: ( => current thread )
  0x00000273f90a4000 JavaThread "Relaunch Simulation" [_thread_blocked, id=19288, stack(0x000000f107b00000,0x000000f108000000)]
  0x00000273f90a2800 JavaThread "Monitor File Timestamp Swing Worker" [_thread_blocked, id=14196, stack(0x000000f107600000,0x000000f107b00000)]
  0x00000273f909e800 JavaThread "Timer-4" [_thread_blocked, id=11908, stack(0x000000f106a00000,0x000000f106f00000)]
  0x00000273f90a9000 JavaThread "Monitor File Timestamp Swing Worker" [_thread_blocked, id=11272, stack(0x000000f106200000,0x000000f106700000)]
  0x00000273f90a8800 JavaThread "Timer-3" [_thread_blocked, id=15556, stack(0x000000f105300000,0x000000f105800000)]
  0x00000273f909e000 JavaThread "Monitor File Timestamp Swing Worker" [_thread_blocked, id=12692, stack(0x000000f105d00000,0x000000f106200000)]
  0x00000273f90a1000 JavaThread "Timer-2" [_thread_blocked, id=14776, stack(0x000000f104e00000,0x000000f105300000)]
  0x00000273f90a5800 JavaThread "Image Animator 0" daemon [_thread_blocked, id=15788, stack(0x000000f107100000,0x000000f107600000)]
  0x00000273f909c800 JavaThread "SyntheticaAnimation 50" daemon [_thread_blocked, id=2676, stack(0x000000f104900000,0x000000f104e00000)]
  0x00000273f909f800 JavaThread "Update Runs Swing Worker" [_thread_blocked, id=5864, stack(0x000000f105800000,0x000000f105d00000)]
  0x00000273f319e800 JavaThread "hw_ila_monitor" [_thread_blocked, id=3492, stack(0x000000f104400000,0x000000f104900000)]
  0x00000273f319e000 JavaThread "Refresh Filesets Swing Worker" [_thread_blocked, id=9488, stack(0x000000f103f00000,0x000000f104400000)]
  0x00000273f319a000 JavaThread "SyntheticaAnimation 70" daemon [_thread_blocked, id=8356, stack(0x000000f103a00000,0x000000f103f00000)]
  0x00000273f319b800 JavaThread "SyntheticaAnimation 25" daemon [_thread_blocked, id=2208, stack(0x000000f103500000,0x000000f103a00000)]
  0x00000273f319b000 JavaThread "SyntheticaAnimation 50" daemon [_thread_blocked, id=14708, stack(0x000000f103000000,0x000000f103500000)]
  0x00000273f31a0000 JavaThread "Monitor HEventQueue" [_thread_blocked, id=19896, stack(0x000000f102b00000,0x000000f103000000)]
  0x00000273f3199800 JavaThread "SyntheticaCleanerThread" daemon [_thread_blocked, id=14456, stack(0x000000f102300000,0x000000f102800000)]
  0x00000273f319d000 JavaThread "Batik CleanerThread" daemon [_thread_blocked, id=14016, stack(0x000000f100f00000,0x000000f101400000)]
=>0x00000273f0dea800 JavaThread "AWT-EventQueue-1" [_thread_in_native, id=988, stack(0x000000f101900000,0x000000f101e00000)]
  0x00000273f0de9800 JavaThread "Process Messages" [_thread_blocked, id=20376, stack(0x000000f101400000,0x000000f101900000)]
  0x00000273f12d0000 JavaThread "Thread-1" [_thread_in_native, id=13844, stack(0x000000f179f00000,0x000000f17b300000)]
  0x00000273f1335000 JavaThread "TimerQueue" daemon [_thread_blocked, id=18964, stack(0x000000f100500000,0x000000f100a00000)]
  0x00000273f0cb5800 JavaThread "AWT-Windows" daemon [_thread_in_native, id=9836, stack(0x000000f100000000,0x000000f100500000)]
  0x00000273f0c70800 JavaThread "AWT-Shutdown" [_thread_blocked, id=7976, stack(0x000000f17f800000,0x000000f17fd00000)]
  0x00000273f0e81800 JavaThread "Java2D Disposer" daemon [_thread_blocked, id=11596, stack(0x000000f17f300000,0x000000f17f800000)]
  0x00000273c9f13800 JavaThread "Service Thread" daemon [_thread_blocked, id=18284, stack(0x000000f17ed00000,0x000000f17f200000)]
  0x00000273d188e800 JavaThread "Common-Cleaner" daemon [_thread_blocked, id=19172, stack(0x000000f17e800000,0x000000f17ed00000)]
  0x00000273d1881000 JavaThread "Sweeper thread" daemon [_thread_blocked, id=5932, stack(0x000000f17e300000,0x000000f17e800000)]
  0x00000273d1880800 JavaThread "C1 CompilerThread3" daemon [_thread_blocked, id=2028, stack(0x000000f17e200000,0x000000f17e300000)]
  0x00000273d187f000 JavaThread "C2 CompilerThread2" daemon [_thread_blocked, id=5960, stack(0x000000f17e100000,0x000000f17e200000)]
  0x00000273d187a800 JavaThread "C2 CompilerThread1" daemon [_thread_blocked, id=2388, stack(0x000000f17e000000,0x000000f17e100000)]
  0x00000273d1ede800 JavaThread "C2 CompilerThread0" daemon [_thread_blocked, id=18940, stack(0x000000f17df00000,0x000000f17e000000)]
  0x00000273d1ede000 JavaThread "Attach Listener" daemon [_thread_blocked, id=4484, stack(0x000000f17da00000,0x000000f17df00000)]
  0x00000273d1edd000 JavaThread "Signal Dispatcher" daemon [_thread_blocked, id=17788, stack(0x000000f17d500000,0x000000f17da00000)]
  0x00000273c9cc0800 JavaThread "Finalizer" daemon [_thread_blocked, id=9740, stack(0x000000f17d000000,0x000000f17d500000)]
  0x00000273ccfeb800 JavaThread "Reference Handler" daemon [_thread_blocked, id=16028, stack(0x000000f17cb00000,0x000000f17d000000)]
  0x00000273d16d1800 JavaThread "main" [_thread_blocked, id=6400, stack(0x000000f179e00000,0x000000f179f00000)]

Other Threads:
  0x00000273ccfeb000 VMThread "VM Thread" [stack: 0x000000f17ca00000,0x000000f17cb00000] [id=13452]
  0x00000273ce4ab000 WatcherThread [stack: 0x000000f17f200000,0x000000f17f300000] [id=15252]
  0x00000273cf064800 GCTaskThread "GC Thread#0" [stack: 0x000000f17b600000,0x000000f17b700000] [id=19832]
  0x00000273d14cf800 GCTaskThread "GC Thread#1" [stack: 0x000000f17b700000,0x000000f17b800000] [id=9624]
  0x00000273cd2a3800 GCTaskThread "GC Thread#2" [stack: 0x000000f17b800000,0x000000f17b900000] [id=912]
  0x00000273ce411800 GCTaskThread "GC Thread#3" [stack: 0x000000f17b900000,0x000000f17ba00000] [id=7084]
  0x00000273cafa8000 GCTaskThread "GC Thread#4" [stack: 0x000000f17ba00000,0x000000f17bb00000] [id=14280]
  0x00000273cd129000 GCTaskThread "GC Thread#5" [stack: 0x000000f17bb00000,0x000000f17bc00000] [id=19920]
  0x00000273ceca6800 GCTaskThread "GC Thread#6" [stack: 0x000000f17bc00000,0x000000f17bd00000] [id=20124]
  0x00000273ceda4800 GCTaskThread "GC Thread#7" [stack: 0x000000f17bd00000,0x000000f17be00000] [id=18796]
  0x00000273d1db7000 ConcurrentGCThread "G1 Main Marker" [stack: 0x000000f17c700000,0x000000f17c800000] [id=13432]
  0x00000273cd324000 ConcurrentGCThread "G1 Marker#0" [stack: 0x000000f17c800000,0x000000f17c900000] [id=11096]
  0x00000273c9c21800 ConcurrentGCThread "G1 Marker#1" [stack: 0x000000f17c900000,0x000000f17ca00000] [id=18984]
  0x00000273cd31d000 ConcurrentGCThread "G1 Refine#0" [stack: 0x000000f17c500000,0x000000f17c600000] [id=1868]
  0x00000273d1ac1000 ConcurrentGCThread "G1 Refine#1" [stack: 0x000000f17c400000,0x000000f17c500000] [id=2324]
  0x00000273d1abe800 ConcurrentGCThread "G1 Refine#2" [stack: 0x000000f17c300000,0x000000f17c400000] [id=3364]
  0x00000273d1abe000 ConcurrentGCThread "G1 Refine#3" [stack: 0x000000f17c200000,0x000000f17c300000] [id=11100]
  0x00000273d1abd000 ConcurrentGCThread "G1 Refine#4" [stack: 0x000000f17c100000,0x000000f17c200000] [id=15312]
  0x00000273d1770800 ConcurrentGCThread "G1 Refine#5" [stack: 0x000000f17c000000,0x000000f17c100000] [id=14728]
  0x00000273ceaad800 ConcurrentGCThread "G1 Refine#6" [stack: 0x000000f17bf00000,0x000000f17c000000] [id=11448]
  0x00000273ceaac800 ConcurrentGCThread "G1 Refine#7" [stack: 0x000000f17be00000,0x000000f17bf00000] [id=12268]
  0x00000273d1da9000 ConcurrentGCThread "G1 Young RemSet Sampling" [stack: 0x000000f17c600000,0x000000f17c700000] [id=188]

Threads with active compile tasks:

VM state:not at safepoint (normal execution)

VM Mutex/Monitor currently owned by a thread: None

Heap address: 0x0000000700000000, size: 3072 MB, Compressed Oops mode: Zero based, Oop shift amount: 3
Narrow klass base: 0x0000000000000000, Narrow klass shift: 3
Compressed class space size: 1073741824 Address: 0x00000007c0000000

Heap:
 garbage-first heap   total 335872K, used 198678K [0x0000000700000000, 0x0000000700100a40, 0x00000007c0000000)
  region size 1024K, 55 young (56320K), 1 survivors (1024K)
 Metaspace       used 89040K, capacity 90853K, committed 98124K, reserved 1134592K
  class space    used 11243K, capacity 11653K, committed 13132K, reserved 1048576K
Heap Regions: E=young(eden), S=young(survivor), O=old, HS=humongous(starts), HC=humongous(continues), CS=collection set, F=free, A=archive, TS=gc time stamp, AC=allocation context, TAMS=top-at-mark-start (previous, next)
|   0|0x0000000700000000, 0x00000007000e9430, 0x0000000700100000| 91%| O|  |TS  0|AC  0|TAMS 0x00000007000e9430, 0x00000007000e9430|
|   1|0x0000000700100000, 0x0000000700200000, 0x0000000700200000|100%|HS|  |TS  0|AC  0|TAMS 0x0000000700200000, 0x0000000700200000|
|   2|0x0000000700200000, 0x0000000700300000, 0x0000000700300000|100%|HC|  |TS  0|AC  0|TAMS 0x0000000700300000, 0x0000000700300000|
|   3|0x0000000700300000, 0x0000000700400000, 0x0000000700400000|100%|HS|  |TS  0|AC  0|TAMS 0x0000000700400000, 0x0000000700400000|
|   4|0x0000000700400000, 0x00000007004ff3c8, 0x0000000700500000| 99%| O|  |TS  0|AC  0|TAMS 0x00000007004ff3c8, 0x00000007004ff3c8|
|   5|0x0000000700500000, 0x00000007005f6310, 0x0000000700600000| 96%| O|  |TS  0|AC  0|TAMS 0x00000007005f6310, 0x00000007005f6310|
|   6|0x0000000700600000, 0x0000000700700000, 0x0000000700700000|100%| O|  |TS  0|AC  0|TAMS 0x0000000700700000, 0x0000000700700000|
|   7|0x0000000700700000, 0x00000007007fffd0, 0x0000000700800000| 99%| O|  |TS  0|AC  0|TAMS 0x00000007007fffd0, 0x00000007007fffd0|
|   8|0x0000000700800000, 0x00000007008ffff0, 0x0000000700900000| 99%| O|  |TS  0|AC  0|TAMS 0x00000007008ffff0, 0x00000007008ffff0|
|   9|0x0000000700900000, 0x00000007009f9ae0, 0x0000000700a00000| 97%| O|  |TS  0|AC  0|TAMS 0x00000007009f9ae0, 0x00000007009f9ae0|
|  10|0x0000000700a00000, 0x0000000700affff0, 0x0000000700b00000| 99%| O|  |TS  0|AC  0|TAMS 0x0000000700affff0, 0x0000000700affff0|
|  11|0x0000000700b00000, 0x0000000700bf83a8, 0x0000000700c00000| 96%| O|  |TS  0|AC  0|TAMS 0x0000000700bf83a8, 0x0000000700bf83a8|
|  12|0x0000000700c00000, 0x0000000700d00000, 0x0000000700d00000|100%|HS|  |TS  0|AC  0|TAMS 0x0000000700d00000, 0x0000000700d00000|
|  13|0x0000000700d00000, 0x0000000700dfe1e0, 0x0000000700e00000| 99%| O|  |TS  0|AC  0|TAMS 0x0000000700dfe1e0, 0x0000000700dfe1e0|
|  14|0x0000000700e00000, 0x0000000700ef6dc8, 0x0000000700f00000| 96%| O|  |TS  0|AC  0|TAMS 0x0000000700ef6dc8, 0x0000000700ef6dc8|
|  15|0x0000000700f00000, 0x0000000700fd7c70, 0x0000000701000000| 84%| O|  |TS  0|AC  0|TAMS 0x0000000700fd7c70, 0x0000000700fd7c70|
|  16|0x0000000701000000, 0x00000007010dfff0, 0x0000000701100000| 87%| O|  |TS  0|AC  0|TAMS 0x00000007010dfff0, 0x00000007010dfff0|
|  17|0x0000000701100000, 0x00000007011fffe8, 0x0000000701200000| 99%| O|  |TS  0|AC  0|TAMS 0x00000007011fffe8, 0x00000007011fffe8|
|  18|0x0000000701200000, 0x00000007012fff90, 0x0000000701300000| 99%| O|  |TS  0|AC  0|TAMS 0x00000007012fff90, 0x00000007012fff90|
|  19|0x0000000701300000, 0x0000000701400000, 0x0000000701400000|100%| O|  |TS  0|AC  0|TAMS 0x0000000701400000, 0x0000000701400000|
|  20|0x0000000701400000, 0x00000007014fffe8, 0x0000000701500000| 99%| O|  |TS  0|AC  0|TAMS 0x00000007014fffe8, 0x00000007014fffe8|
|  21|0x0000000701500000, 0x0000000701600000, 0x0000000701600000|100%|HS|  |TS  0|AC  0|TAMS 0x0000000701600000, 0x0000000701600000|
|  22|0x0000000701600000, 0x0000000701700000, 0x0000000701700000|100%|HC|  |TS  0|AC  0|TAMS 0x0000000701700000, 0x0000000701700000|
|  23|0x0000000701700000, 0x0000000701800000, 0x0000000701800000|100%|HS|  |TS  0|AC  0|TAMS 0x0000000701800000, 0x0000000701800000|
|  24|0x0000000701800000, 0x0000000701900000, 0x0000000701900000|100%|HC|  |TS  0|AC  0|TAMS 0x0000000701900000, 0x0000000701900000|
|  25|0x0000000701900000, 0x00000007019ffff0, 0x0000000701a00000| 99%| O|  |TS  0|AC  0|TAMS 0x00000007019ffff0, 0x00000007019ffff0|
|  26|0x0000000701a00000, 0x0000000701affff0, 0x0000000701b00000| 99%| O|  |TS  0|AC  0|TAMS 0x0000000701affff0, 0x0000000701affff0|
|  27|0x0000000701b00000, 0x0000000701bfffd0, 0x0000000701c00000| 99%| O|  |TS  0|AC  0|TAMS 0x0000000701bfffd0, 0x0000000701bfffd0|
|  28|0x0000000701c00000, 0x0000000701cffff8, 0x0000000701d00000| 99%| O|  |TS  0|AC  0|TAMS 0x0000000701cffff8, 0x0000000701cffff8|
|  29|0x0000000701d00000, 0x0000000701dffbd0, 0x0000000701e00000| 99%| O|  |TS  0|AC  0|TAMS 0x0000000701dffbd0, 0x0000000701dffbd0|
|  30|0x0000000701e00000, 0x0000000701f00000, 0x0000000701f00000|100%| O|  |TS  0|AC  0|TAMS 0x0000000701f00000, 0x0000000701f00000|
|  31|0x0000000701f00000, 0x0000000702000000, 0x0000000702000000|100%| O|  |TS  0|AC  0|TAMS 0x0000000702000000, 0x0000000702000000|
|  32|0x0000000702000000, 0x0000000702100000, 0x0000000702100000|100%| O|  |TS  0|AC  0|TAMS 0x0000000702100000, 0x0000000702100000|
|  33|0x0000000702100000, 0x0000000702200000, 0x0000000702200000|100%| O|  |TS  0|AC  0|TAMS 0x0000000702200000, 0x0000000702200000|
|  34|0x0000000702200000, 0x00000007022fffe8, 0x0000000702300000| 99%| O|  |TS  0|AC  0|TAMS 0x00000007022fffe8, 0x00000007022fffe8|
|  35|0x0000000702300000, 0x00000007023ffff8, 0x0000000702400000| 99%| O|  |TS  0|AC  0|TAMS 0x00000007023ffff8, 0x00000007023ffff8|
|  36|0x0000000702400000, 0x00000007024ffff0, 0x0000000702500000| 99%| O|  |TS  0|AC  0|TAMS 0x00000007024ffff0, 0x00000007024ffff0|
|  37|0x0000000702500000, 0x00000007025ffff8, 0x0000000702600000| 99%| O|  |TS  0|AC  0|TAMS 0x00000007025ffff8, 0x00000007025ffff8|
|  38|0x0000000702600000, 0x00000007026ffe68, 0x0000000702700000| 99%| O|  |TS  0|AC  0|TAMS 0x00000007026ffe68, 0x00000007026ffe68|
|  39|0x0000000702700000, 0x0000000702800000, 0x0000000702800000|100%| O|  |TS  0|AC  0|TAMS 0x0000000702800000, 0x0000000702800000|
|  40|0x0000000702800000, 0x0000000702900000, 0x0000000702900000|100%| O|  |TS  0|AC  0|TAMS 0x0000000702900000, 0x0000000702900000|
|  41|0x0000000702900000, 0x00000007029fffe8, 0x0000000702a00000| 99%| O|  |TS  0|AC  0|TAMS 0x00000007029fffe8, 0x00000007029fffe8|
|  42|0x0000000702a00000, 0x0000000702affff0, 0x0000000702b00000| 99%| O|  |TS  0|AC  0|TAMS 0x0000000702affff0, 0x0000000702affff0|
|  43|0x0000000702b00000, 0x0000000702bfd9b8, 0x0000000702c00000| 99%| O|  |TS  0|AC  0|TAMS 0x0000000702bfd9b8, 0x0000000702bfd9b8|
|  44|0x0000000702c00000, 0x0000000702cffaf0, 0x0000000702d00000| 99%| O|  |TS  0|AC  0|TAMS 0x0000000702cffaf0, 0x0000000702cffaf0|
|  45|0x0000000702d00000, 0x0000000702dfe730, 0x0000000702e00000| 99%| O|  |TS  0|AC  0|TAMS 0x0000000702dfe730, 0x0000000702dfe730|
|  46|0x0000000702e00000, 0x0000000702effff8, 0x0000000702f00000| 99%| O|  |TS  0|AC  0|TAMS 0x0000000702effff8, 0x0000000702effff8|
|  47|0x0000000702f00000, 0x0000000703000000, 0x0000000703000000|100%| O|  |TS  0|AC  0|TAMS 0x0000000703000000, 0x0000000703000000|
|  48|0x0000000703000000, 0x00000007030ffff0, 0x0000000703100000| 99%| O|  |TS  0|AC  0|TAMS 0x00000007030ffff0, 0x00000007030ffff0|
|  49|0x0000000703100000, 0x00000007031ffff0, 0x0000000703200000| 99%| O|  |TS  0|AC  0|TAMS 0x00000007031ffff0, 0x00000007031ffff0|
|  50|0x0000000703200000, 0x00000007032ffb08, 0x0000000703300000| 99%| O|  |TS  0|AC  0|TAMS 0x00000007032ffb08, 0x00000007032ffb08|
|  51|0x0000000703300000, 0x00000007033fffc0, 0x0000000703400000| 99%| O|  |TS  0|AC  0|TAMS 0x00000007033fffc0, 0x00000007033fffc0|
|  52|0x0000000703400000, 0x0000000703500000, 0x0000000703500000|100%|HS|  |TS  0|AC  0|TAMS 0x0000000703500000, 0x0000000703500000|
|  53|0x0000000703500000, 0x0000000703600000, 0x0000000703600000|100%|HC|  |TS  0|AC  0|TAMS 0x0000000703600000, 0x0000000703600000|
|  54|0x0000000703600000, 0x0000000703700000, 0x0000000703700000|100%|HC|  |TS  0|AC  0|TAMS 0x0000000703700000, 0x0000000703700000|
|  55|0x0000000703700000, 0x0000000703800000, 0x0000000703800000|100%|HC|  |TS  0|AC  0|TAMS 0x0000000703800000, 0x0000000703800000|
|  56|0x0000000703800000, 0x0000000703900000, 0x0000000703900000|100%|HC|  |TS  0|AC  0|TAMS 0x0000000703900000, 0x0000000703900000|
|  57|0x0000000703900000, 0x0000000703a00000, 0x0000000703a00000|100%|HC|  |TS  0|AC  0|TAMS 0x0000000703a00000, 0x0000000703a00000|
|  58|0x0000000703a00000, 0x0000000703b00000, 0x0000000703b00000|100%|HC|  |TS  0|AC  0|TAMS 0x0000000703b00000, 0x0000000703b00000|
|  59|0x0000000703b00000, 0x0000000703c00000, 0x0000000703c00000|100%|HC|  |TS  0|AC  0|TAMS 0x0000000703c00000, 0x0000000703c00000|
|  60|0x0000000703c00000, 0x0000000703d00000, 0x0000000703d00000|100%|HC|  |TS  0|AC  0|TAMS 0x0000000703d00000, 0x0000000703d00000|
|  61|0x0000000703d00000, 0x0000000703e00000, 0x0000000703e00000|100%|HC|  |TS  0|AC  0|TAMS 0x0000000703e00000, 0x0000000703e00000|
|  62|0x0000000703e00000, 0x0000000703f00000, 0x0000000703f00000|100%|HC|  |TS  0|AC  0|TAMS 0x0000000703f00000, 0x0000000703f00000|
|  63|0x0000000703f00000, 0x0000000704000000, 0x0000000704000000|100%|HC|  |TS  0|AC  0|TAMS 0x0000000704000000, 0x0000000704000000|
|  64|0x0000000704000000, 0x0000000704100000, 0x0000000704100000|100%|HC|  |TS  0|AC  0|TAMS 0x0000000704100000, 0x0000000704100000|
|  65|0x0000000704100000, 0x0000000704200000, 0x0000000704200000|100%|HC|  |TS  0|AC  0|TAMS 0x0000000704200000, 0x0000000704200000|
|  66|0x0000000704200000, 0x0000000704300000, 0x0000000704300000|100%|HC|  |TS  0|AC  0|TAMS 0x0000000704300000, 0x0000000704300000|
|  67|0x0000000704300000, 0x0000000704400000, 0x0000000704400000|100%|HC|  |TS  0|AC  0|TAMS 0x0000000704400000, 0x0000000704400000|
|  68|0x0000000704400000, 0x0000000704500000, 0x0000000704500000|100%|HC|  |TS  0|AC  0|TAMS 0x0000000704500000, 0x0000000704500000|
|  69|0x0000000704500000, 0x00000007045ffff0, 0x0000000704600000| 99%| O|  |TS  0|AC  0|TAMS 0x00000007045ffff0, 0x00000007045ffff0|
|  70|0x0000000704600000, 0x00000007046fff18, 0x0000000704700000| 99%| O|  |TS  0|AC  0|TAMS 0x00000007046fff18, 0x00000007046fff18|
|  71|0x0000000704700000, 0x00000007047ffff0, 0x0000000704800000| 99%| O|  |TS  0|AC  0|TAMS 0x00000007047ffff0, 0x00000007047ffff0|
|  72|0x0000000704800000, 0x00000007048ffbb0, 0x0000000704900000| 99%| O|  |TS  0|AC  0|TAMS 0x00000007048ffbb0, 0x00000007048ffbb0|
|  73|0x0000000704900000, 0x0000000704a00000, 0x0000000704a00000|100%| O|  |TS  0|AC  0|TAMS 0x0000000704a00000, 0x0000000704a00000|
|  74|0x0000000704a00000, 0x0000000704affee0, 0x0000000704b00000| 99%| O|  |TS  0|AC  0|TAMS 0x0000000704affee0, 0x0000000704affee0|
|  75|0x0000000704b00000, 0x0000000704c00000, 0x0000000704c00000|100%|HS|  |TS  0|AC  0|TAMS 0x0000000704c00000, 0x0000000704c00000|
|  76|0x0000000704c00000, 0x0000000704cfff58, 0x0000000704d00000| 99%| O|  |TS  0|AC  0|TAMS 0x0000000704cfff58, 0x0000000704cfff58|
|  77|0x0000000704d00000, 0x0000000704dff640, 0x0000000704e00000| 99%| O|  |TS  0|AC  0|TAMS 0x0000000704dff640, 0x0000000704dff640|
|  78|0x0000000704e00000, 0x0000000704f00000, 0x0000000704f00000|100%|HS|  |TS  0|AC  0|TAMS 0x0000000704f00000, 0x0000000704f00000|
|  79|0x0000000704f00000, 0x0000000704ffffe8, 0x0000000705000000| 99%| O|  |TS  0|AC  0|TAMS 0x0000000704ffffe8, 0x0000000704ffffe8|
|  80|0x0000000705000000, 0x00000007050fffd0, 0x0000000705100000| 99%| O|  |TS  0|AC  0|TAMS 0x00000007050fffd0, 0x00000007050fffd0|
|  81|0x0000000705100000, 0x00000007051ffff0, 0x0000000705200000| 99%| O|  |TS  0|AC  0|TAMS 0x00000007051ffff0, 0x00000007051ffff0|
|  82|0x0000000705200000, 0x00000007052ffe90, 0x0000000705300000| 99%| O|  |TS  0|AC  0|TAMS 0x00000007052ffe90, 0x00000007052ffe90|
|  83|0x0000000705300000, 0x00000007053ffe58, 0x0000000705400000| 99%| O|  |TS  0|AC  0|TAMS 0x00000007053ffe58, 0x00000007053ffe58|
|  84|0x0000000705400000, 0x00000007054fff98, 0x0000000705500000| 99%| O|  |TS  0|AC  0|TAMS 0x00000007054fff98, 0x00000007054fff98|
|  85|0x0000000705500000, 0x00000007055fffe8, 0x0000000705600000| 99%| O|  |TS  0|AC  0|TAMS 0x00000007055fffe8, 0x00000007055fffe8|
|  86|0x0000000705600000, 0x00000007056fffe8, 0x0000000705700000| 99%| O|  |TS  0|AC  0|TAMS 0x00000007056fffe8, 0x00000007056fffe8|
|  87|0x0000000705700000, 0x0000000705800000, 0x0000000705800000|100%| O|  |TS  0|AC  0|TAMS 0x0000000705800000, 0x0000000705800000|
|  88|0x0000000705800000, 0x0000000705900000, 0x0000000705900000|100%| O|  |TS  0|AC  0|TAMS 0x0000000705900000, 0x0000000705900000|
|  89|0x0000000705900000, 0x00000007059ffff0, 0x0000000705a00000| 99%| O|  |TS  0|AC  0|TAMS 0x00000007059ffff0, 0x00000007059ffff0|
|  90|0x0000000705a00000, 0x0000000705b00000, 0x0000000705b00000|100%| O|  |TS  0|AC  0|TAMS 0x0000000705b00000, 0x0000000705b00000|
|  91|0x0000000705b00000, 0x0000000705bffff8, 0x0000000705c00000| 99%| O|  |TS  0|AC  0|TAMS 0x0000000705bffff8, 0x0000000705bffff8|
|  92|0x0000000705c00000, 0x0000000705cfff30, 0x0000000705d00000| 99%| O|  |TS  0|AC  0|TAMS 0x0000000705cfff30, 0x0000000705cfff30|
|  93|0x0000000705d00000, 0x0000000705dffd70, 0x0000000705e00000| 99%| O|  |TS  0|AC  0|TAMS 0x0000000705dffd70, 0x0000000705dffd70|
|  94|0x0000000705e00000, 0x0000000705efffb8, 0x0000000705f00000| 99%| O|  |TS  0|AC  0|TAMS 0x0000000705efffb8, 0x0000000705efffb8|
|  95|0x0000000705f00000, 0x0000000706000000, 0x0000000706000000|100%| O|  |TS  0|AC  0|TAMS 0x0000000706000000, 0x0000000706000000|
|  96|0x0000000706000000, 0x00000007060fffe8, 0x0000000706100000| 99%| O|  |TS  0|AC  0|TAMS 0x00000007060fffe8, 0x00000007060fffe8|
|  97|0x0000000706100000, 0x00000007061fffe8, 0x0000000706200000| 99%| O|  |TS  0|AC  0|TAMS 0x00000007061fffe8, 0x00000007061fffe8|
|  98|0x0000000706200000, 0x00000007062ffff8, 0x0000000706300000| 99%| O|  |TS  0|AC  0|TAMS 0x00000007062ffff8, 0x00000007062ffff8|
|  99|0x0000000706300000, 0x0000000706400000, 0x0000000706400000|100%| O|  |TS  0|AC  0|TAMS 0x0000000706400000, 0x0000000706400000|
| 100|0x0000000706400000, 0x00000007064ffff8, 0x0000000706500000| 99%| O|  |TS  0|AC  0|TAMS 0x00000007064ffff8, 0x00000007064ffff8|
| 101|0x0000000706500000, 0x0000000706600000, 0x0000000706600000|100%| O|  |TS  0|AC  0|TAMS 0x0000000706600000, 0x0000000706600000|
| 102|0x0000000706600000, 0x00000007066ffab8, 0x0000000706700000| 99%| O|  |TS  0|AC  0|TAMS 0x00000007066ffab8, 0x00000007066ffab8|
| 103|0x0000000706700000, 0x00000007067fffe8, 0x0000000706800000| 99%| O|  |TS  0|AC  0|TAMS 0x00000007067fffe8, 0x00000007067fffe8|
| 104|0x0000000706800000, 0x0000000706900000, 0x0000000706900000|100%| O|  |TS  0|AC  0|TAMS 0x0000000706900000, 0x0000000706900000|
| 105|0x0000000706900000, 0x0000000706a00000, 0x0000000706a00000|100%| O|  |TS  0|AC  0|TAMS 0x0000000706a00000, 0x0000000706a00000|
| 106|0x0000000706a00000, 0x0000000706b00000, 0x0000000706b00000|100%| O|  |TS  0|AC  0|TAMS 0x0000000706b00000, 0x0000000706b00000|
| 107|0x0000000706b00000, 0x0000000706c00000, 0x0000000706c00000|100%| O|  |TS  0|AC  0|TAMS 0x0000000706c00000, 0x0000000706c00000|
| 108|0x0000000706c00000, 0x0000000706cffff0, 0x0000000706d00000| 99%| O|  |TS  0|AC  0|TAMS 0x0000000706cffff0, 0x0000000706cffff0|
| 109|0x0000000706d00000, 0x0000000706e00000, 0x0000000706e00000|100%| O|  |TS  0|AC  0|TAMS 0x0000000706e00000, 0x0000000706e00000|
| 110|0x0000000706e00000, 0x0000000706f00000, 0x0000000706f00000|100%|HS|  |TS  0|AC  0|TAMS 0x0000000706f00000, 0x0000000706f00000|
| 111|0x0000000706f00000, 0x0000000706ffffb0, 0x0000000707000000| 99%| O|  |TS  0|AC  0|TAMS 0x0000000706ffffb0, 0x0000000706ffffb0|
| 112|0x0000000707000000, 0x00000007070ffff8, 0x0000000707100000| 99%| O|  |TS  0|AC  0|TAMS 0x00000007070ffff8, 0x00000007070ffff8|
| 113|0x0000000707100000, 0x00000007071ffeb8, 0x0000000707200000| 99%| O|  |TS  0|AC  0|TAMS 0x00000007071ffeb8, 0x00000007071ffeb8|
| 114|0x0000000707200000, 0x00000007072fff28, 0x0000000707300000| 99%| O|  |TS  0|AC  0|TAMS 0x00000007072fff28, 0x00000007072fff28|
| 115|0x0000000707300000, 0x00000007073fe070, 0x0000000707400000| 99%| O|  |TS  0|AC  0|TAMS 0x00000007073fe070, 0x00000007073fe070|
| 116|0x0000000707400000, 0x00000007074ffff8, 0x0000000707500000| 99%| O|  |TS  0|AC  0|TAMS 0x00000007074ffff8, 0x00000007074ffff8|
| 117|0x0000000707500000, 0x0000000707600000, 0x0000000707600000|100%|HS|  |TS  0|AC  0|TAMS 0x0000000707600000, 0x0000000707600000|
| 118|0x0000000707600000, 0x00000007076fffe8, 0x0000000707700000| 99%| O|  |TS  0|AC  0|TAMS 0x00000007076fffe8, 0x00000007076fffe8|
| 119|0x0000000707700000, 0x0000000707800000, 0x0000000707800000|100%| O|  |TS  0|AC  0|TAMS 0x0000000707800000, 0x0000000707800000|
| 120|0x0000000707800000, 0x00000007078ffff0, 0x0000000707900000| 99%| O|  |TS  0|AC  0|TAMS 0x00000007078ffff0, 0x00000007078ffff0|
| 121|0x0000000707900000, 0x00000007079ff880, 0x0000000707a00000| 99%| O|  |TS  0|AC  0|TAMS 0x00000007079ff880, 0x00000007079ff880|
| 122|0x0000000707a00000, 0x0000000707affff8, 0x0000000707b00000| 99%| O|  |TS  0|AC  0|TAMS 0x0000000707affff8, 0x0000000707affff8|
| 123|0x0000000707b00000, 0x0000000707bffff8, 0x0000000707c00000| 99%| O|  |TS  0|AC  0|TAMS 0x0000000707bffff8, 0x0000000707bffff8|
| 124|0x0000000707c00000, 0x0000000707cfffd8, 0x0000000707d00000| 99%| O|  |TS  0|AC  0|TAMS 0x0000000707cfffd8, 0x0000000707cfffd8|
| 125|0x0000000707d00000, 0x0000000707dffc48, 0x0000000707e00000| 99%| O|  |TS  0|AC  0|TAMS 0x0000000707dffc48, 0x0000000707dffc48|
| 126|0x0000000707e00000, 0x0000000707efffe0, 0x0000000707f00000| 99%| O|  |TS  0|AC  0|TAMS 0x0000000707efffe0, 0x0000000707efffe0|
| 127|0x0000000707f00000, 0x0000000707fff6f0, 0x0000000708000000| 99%| O|  |TS  0|AC  0|TAMS 0x0000000707fff6f0, 0x0000000707fff6f0|
| 128|0x0000000708000000, 0x00000007080fffe0, 0x0000000708100000| 99%| O|  |TS  0|AC  0|TAMS 0x00000007080fffe0, 0x00000007080fffe0|
| 129|0x0000000708100000, 0x00000007081fffc0, 0x0000000708200000| 99%| O|  |TS  0|AC  0|TAMS 0x00000007081fffc0, 0x00000007081fffc0|
| 130|0x0000000708200000, 0x00000007082fffe8, 0x0000000708300000| 99%| O|  |TS  0|AC  0|TAMS 0x00000007082fffe8, 0x00000007082fffe8|
| 131|0x0000000708300000, 0x00000007083ffe58, 0x0000000708400000| 99%| O|  |TS  0|AC  0|TAMS 0x00000007083ffe58, 0x00000007083ffe58|
| 132|0x0000000708400000, 0x0000000708500000, 0x0000000708500000|100%| O|  |TS  0|AC  0|TAMS 0x0000000708500000, 0x0000000708500000|
| 133|0x0000000708500000, 0x00000007085fed48, 0x0000000708600000| 99%| O|  |TS  0|AC  0|TAMS 0x00000007085fed48, 0x00000007085fed48|
| 134|0x0000000708600000, 0x00000007086ffff0, 0x0000000708700000| 99%| O|  |TS  0|AC  0|TAMS 0x00000007086ffff0, 0x00000007086ffff0|
| 135|0x0000000708700000, 0x00000007087ffff8, 0x0000000708800000| 99%| O|  |TS  0|AC  0|TAMS 0x00000007087ffff8, 0x00000007087ffff8|
| 136|0x0000000708800000, 0x00000007088e2bb0, 0x0000000708900000| 88%| O|  |TS  0|AC  0|TAMS 0x00000007088e2bb0, 0x00000007088e2bb0|
| 137|0x0000000708900000, 0x0000000708900000, 0x0000000708a00000|  0%| F|  |TS  0|AC  0|TAMS 0x0000000708900000, 0x0000000708900000|
| 138|0x0000000708a00000, 0x0000000708a00000, 0x0000000708b00000|  0%| F|  |TS  1|AC  0|TAMS 0x0000000708a00000, 0x0000000708a00000|
| 139|0x0000000708b00000, 0x0000000708b00000, 0x0000000708c00000|  0%| F|  |TS  1|AC  0|TAMS 0x0000000708b00000, 0x0000000708b00000|
| 140|0x0000000708c00000, 0x0000000708c00000, 0x0000000708d00000|  0%| F|  |TS  1|AC  0|TAMS 0x0000000708c00000, 0x0000000708c00000|
| 141|0x0000000708d00000, 0x0000000708d00000, 0x0000000708e00000|  0%| F|  |TS  1|AC  0|TAMS 0x0000000708d00000, 0x0000000708d00000|
| 142|0x0000000708e00000, 0x0000000708e00000, 0x0000000708f00000|  0%| F|  |TS  3|AC  0|TAMS 0x0000000708e00000, 0x0000000708e00000|
| 143|0x0000000708f00000, 0x0000000708f00000, 0x0000000709000000|  0%| F|  |TS  3|AC  0|TAMS 0x0000000708f00000, 0x0000000708f00000|
| 144|0x0000000709000000, 0x0000000709000000, 0x0000000709100000|  0%| F|  |TS  3|AC  0|TAMS 0x0000000709000000, 0x0000000709000000|
| 145|0x0000000709100000, 0x0000000709100000, 0x0000000709200000|  0%| F|  |TS  3|AC  0|TAMS 0x0000000709100000, 0x0000000709100000|
| 146|0x0000000709200000, 0x0000000709300000, 0x0000000709300000|100%|HS|  |TS  0|AC  0|TAMS 0x0000000709200000, 0x0000000709200000|
| 147|0x0000000709300000, 0x0000000709400000, 0x0000000709400000|100%|HC|  |TS  0|AC  0|TAMS 0x0000000709300000, 0x0000000709300000|
| 148|0x0000000709400000, 0x0000000709500000, 0x0000000709500000|100%|HC|  |TS  0|AC  0|TAMS 0x0000000709400000, 0x0000000709400000|
| 149|0x0000000709500000, 0x0000000709600000, 0x0000000709600000|100%|HC|  |TS  0|AC  0|TAMS 0x0000000709500000, 0x0000000709500000|
| 150|0x0000000709600000, 0x0000000709600000, 0x0000000709700000|  0%| F|  |TS  0|AC  0|TAMS 0x0000000709600000, 0x0000000709600000|
| 151|0x0000000709700000, 0x0000000709700000, 0x0000000709800000|  0%| F|  |TS  0|AC  0|TAMS 0x0000000709700000, 0x0000000709700000|
| 152|0x0000000709800000, 0x0000000709800000, 0x0000000709900000|  0%| F|  |TS  0|AC  0|TAMS 0x0000000709800000, 0x0000000709800000|
| 153|0x0000000709900000, 0x0000000709900000, 0x0000000709a00000|  0%| F|  |TS  0|AC  0|TAMS 0x0000000709900000, 0x0000000709900000|
| 154|0x0000000709a00000, 0x0000000709a00000, 0x0000000709b00000|  0%| F|  |TS  0|AC  0|TAMS 0x0000000709a00000, 0x0000000709a00000|
| 155|0x0000000709b00000, 0x0000000709b00000, 0x0000000709c00000|  0%| F|  |TS  0|AC  0|TAMS 0x0000000709b00000, 0x0000000709b00000|
| 156|0x0000000709c00000, 0x0000000709c00000, 0x0000000709d00000|  0%| F|  |TS  0|AC  0|TAMS 0x0000000709c00000, 0x0000000709c00000|
| 157|0x0000000709d00000, 0x0000000709d00000, 0x0000000709e00000|  0%| F|  |TS  0|AC  0|TAMS 0x0000000709d00000, 0x0000000709d00000|
| 158|0x0000000709e00000, 0x0000000709e00000, 0x0000000709f00000|  0%| F|  |TS  0|AC  0|TAMS 0x0000000709e00000, 0x0000000709e00000|
| 159|0x0000000709f00000, 0x0000000709f00000, 0x000000070a000000|  0%| F|  |TS  0|AC  0|TAMS 0x0000000709f00000, 0x0000000709f00000|
| 160|0x000000070a000000, 0x000000070a000000, 0x000000070a100000|  0%| F|  |TS  0|AC  0|TAMS 0x000000070a000000, 0x000000070a000000|
| 161|0x000000070a100000, 0x000000070a100000, 0x000000070a200000|  0%| F|  |TS  0|AC  0|TAMS 0x000000070a100000, 0x000000070a100000|
| 162|0x000000070a200000, 0x000000070a200000, 0x000000070a300000|  0%| F|  |TS  0|AC  0|TAMS 0x000000070a200000, 0x000000070a200000|
| 163|0x000000070a300000, 0x000000070a300000, 0x000000070a400000|  0%| F|  |TS  0|AC  0|TAMS 0x000000070a300000, 0x000000070a300000|
| 164|0x000000070a400000, 0x000000070a400000, 0x000000070a500000|  0%| F|  |TS  0|AC  0|TAMS 0x000000070a400000, 0x000000070a400000|
| 165|0x000000070a500000, 0x000000070a500000, 0x000000070a600000|  0%| F|  |TS  0|AC  0|TAMS 0x000000070a500000, 0x000000070a500000|
| 166|0x000000070a600000, 0x000000070a600000, 0x000000070a700000|  0%| F|  |TS  0|AC  0|TAMS 0x000000070a600000, 0x000000070a600000|
| 167|0x000000070a700000, 0x000000070a700000, 0x000000070a800000|  0%| F|  |TS  0|AC  0|TAMS 0x000000070a700000, 0x000000070a700000|
| 168|0x000000070a800000, 0x000000070a800000, 0x000000070a900000|  0%| F|  |TS  0|AC  0|TAMS 0x000000070a800000, 0x000000070a800000|
| 169|0x000000070a900000, 0x000000070a900000, 0x000000070aa00000|  0%| F|  |TS  0|AC  0|TAMS 0x000000070a900000, 0x000000070a900000|
| 170|0x000000070aa00000, 0x000000070aa00000, 0x000000070ab00000|  0%| F|  |TS  0|AC  0|TAMS 0x000000070aa00000, 0x000000070aa00000|
| 171|0x000000070ab00000, 0x000000070ab00000, 0x000000070ac00000|  0%| F|  |TS  0|AC  0|TAMS 0x000000070ab00000, 0x000000070ab00000|
| 172|0x000000070ac00000, 0x000000070ac00000, 0x000000070ad00000|  0%| F|  |TS  0|AC  0|TAMS 0x000000070ac00000, 0x000000070ac00000|
| 173|0x000000070ad00000, 0x000000070ad00000, 0x000000070ae00000|  0%| F|  |TS  0|AC  0|TAMS 0x000000070ad00000, 0x000000070ad00000|
| 174|0x000000070ae00000, 0x000000070ae00000, 0x000000070af00000|  0%| F|  |TS  0|AC  0|TAMS 0x000000070ae00000, 0x000000070ae00000|
| 175|0x000000070af00000, 0x000000070af00000, 0x000000070b000000|  0%| F|  |TS  0|AC  0|TAMS 0x000000070af00000, 0x000000070af00000|
| 176|0x000000070b000000, 0x000000070b000000, 0x000000070b100000|  0%| F|  |TS  0|AC  0|TAMS 0x000000070b000000, 0x000000070b000000|
| 177|0x000000070b100000, 0x000000070b100000, 0x000000070b200000|  0%| F|  |TS  0|AC  0|TAMS 0x000000070b100000, 0x000000070b100000|
| 178|0x000000070b200000, 0x000000070b200000, 0x000000070b300000|  0%| F|  |TS  0|AC  0|TAMS 0x000000070b200000, 0x000000070b200000|
| 179|0x000000070b300000, 0x000000070b300000, 0x000000070b400000|  0%| F|  |TS  0|AC  0|TAMS 0x000000070b300000, 0x000000070b300000|
| 180|0x000000070b400000, 0x000000070b400000, 0x000000070b500000|  0%| F|  |TS  0|AC  0|TAMS 0x000000070b400000, 0x000000070b400000|
| 181|0x000000070b500000, 0x000000070b500000, 0x000000070b600000|  0%| F|  |TS  0|AC  0|TAMS 0x000000070b500000, 0x000000070b500000|
| 182|0x000000070b600000, 0x000000070b600000, 0x000000070b700000|  0%| F|  |TS  0|AC  0|TAMS 0x000000070b600000, 0x000000070b600000|
| 183|0x000000070b700000, 0x000000070b700000, 0x000000070b800000|  0%| F|  |TS  0|AC  0|TAMS 0x000000070b700000, 0x000000070b700000|
| 184|0x000000070b800000, 0x000000070b800000, 0x000000070b900000|  0%| F|  |TS  0|AC  0|TAMS 0x000000070b800000, 0x000000070b800000|
| 185|0x000000070b900000, 0x000000070b900000, 0x000000070ba00000|  0%| F|  |TS  0|AC  0|TAMS 0x000000070b900000, 0x000000070b900000|
| 186|0x000000070ba00000, 0x000000070ba00000, 0x000000070bb00000|  0%| F|  |TS  0|AC  0|TAMS 0x000000070ba00000, 0x000000070ba00000|
| 187|0x000000070bb00000, 0x000000070bb00000, 0x000000070bc00000|  0%| F|  |TS  0|AC  0|TAMS 0x000000070bb00000, 0x000000070bb00000|
| 188|0x000000070bc00000, 0x000000070bc00000, 0x000000070bd00000|  0%| F|  |TS  0|AC  0|TAMS 0x000000070bc00000, 0x000000070bc00000|
| 189|0x000000070bd00000, 0x000000070bd00000, 0x000000070be00000|  0%| F|  |TS  0|AC  0|TAMS 0x000000070bd00000, 0x000000070bd00000|
| 190|0x000000070be00000, 0x000000070be00000, 0x000000070bf00000|  0%| F|  |TS  0|AC  0|TAMS 0x000000070be00000, 0x000000070be00000|
| 191|0x000000070bf00000, 0x000000070bf00000, 0x000000070c000000|  0%| F|  |TS  0|AC  0|TAMS 0x000000070bf00000, 0x000000070bf00000|
| 192|0x000000070c000000, 0x000000070c000000, 0x000000070c100000|  0%| F|  |TS  0|AC  0|TAMS 0x000000070c000000, 0x000000070c000000|
| 193|0x000000070c100000, 0x000000070c100000, 0x000000070c200000|  0%| F|  |TS  0|AC  0|TAMS 0x000000070c100000, 0x000000070c100000|
| 194|0x000000070c200000, 0x000000070c200000, 0x000000070c300000|  0%| F|  |TS  0|AC  0|TAMS 0x000000070c200000, 0x000000070c200000|
| 195|0x000000070c300000, 0x000000070c300000, 0x000000070c400000|  0%| F|  |TS  0|AC  0|TAMS 0x000000070c300000, 0x000000070c300000|
| 196|0x000000070c400000, 0x000000070c400000, 0x000000070c500000|  0%| F|  |TS  0|AC  0|TAMS 0x000000070c400000, 0x000000070c400000|
| 197|0x000000070c500000, 0x000000070c500000, 0x000000070c600000|  0%| F|  |TS  0|AC  0|TAMS 0x000000070c500000, 0x000000070c500000|
| 198|0x000000070c600000, 0x000000070c600000, 0x000000070c700000|  0%| F|  |TS  0|AC  0|TAMS 0x000000070c600000, 0x000000070c600000|
| 199|0x000000070c700000, 0x000000070c700000, 0x000000070c800000|  0%| F|  |TS  0|AC  0|TAMS 0x000000070c700000, 0x000000070c700000|
| 200|0x000000070c800000, 0x000000070c800000, 0x000000070c900000|  0%| F|  |TS  0|AC  0|TAMS 0x000000070c800000, 0x000000070c800000|
| 201|0x000000070c900000, 0x000000070c900000, 0x000000070ca00000|  0%| F|  |TS  0|AC  0|TAMS 0x000000070c900000, 0x000000070c900000|
| 202|0x000000070ca00000, 0x000000070ca00000, 0x000000070cb00000|  0%| F|  |TS  0|AC  0|TAMS 0x000000070ca00000, 0x000000070ca00000|
| 203|0x000000070cb00000, 0x000000070cb00000, 0x000000070cc00000|  0%| F|  |TS  0|AC  0|TAMS 0x000000070cb00000, 0x000000070cb00000|
| 204|0x000000070cc00000, 0x000000070cc00000, 0x000000070cd00000|  0%| F|  |TS  0|AC  0|TAMS 0x000000070cc00000, 0x000000070cc00000|
| 205|0x000000070cd00000, 0x000000070cd00000, 0x000000070ce00000|  0%| F|  |TS  0|AC  0|TAMS 0x000000070cd00000, 0x000000070cd00000|
| 206|0x000000070ce00000, 0x000000070ce00000, 0x000000070cf00000|  0%| F|  |TS  0|AC  0|TAMS 0x000000070ce00000, 0x000000070ce00000|
| 207|0x000000070cf00000, 0x000000070cf00000, 0x000000070d000000|  0%| F|  |TS  0|AC  0|TAMS 0x000000070cf00000, 0x000000070cf00000|
| 208|0x000000070d000000, 0x000000070d000000, 0x000000070d100000|  0%| F|  |TS  0|AC  0|TAMS 0x000000070d000000, 0x000000070d000000|
| 209|0x000000070d100000, 0x000000070d100000, 0x000000070d200000|  0%| F|  |TS  0|AC  0|TAMS 0x000000070d100000, 0x000000070d100000|
| 210|0x000000070d200000, 0x000000070d200000, 0x000000070d300000|  0%| F|  |TS  0|AC  0|TAMS 0x000000070d200000, 0x000000070d200000|
| 211|0x000000070d300000, 0x000000070d300000, 0x000000070d400000|  0%| F|  |TS  0|AC  0|TAMS 0x000000070d300000, 0x000000070d300000|
| 212|0x000000070d400000, 0x000000070d400000, 0x000000070d500000|  0%| F|  |TS  0|AC  0|TAMS 0x000000070d400000, 0x000000070d400000|
| 213|0x000000070d500000, 0x000000070d500000, 0x000000070d600000|  0%| F|  |TS  0|AC  0|TAMS 0x000000070d500000, 0x000000070d500000|
| 214|0x000000070d600000, 0x000000070d600000, 0x000000070d700000|  0%| F|  |TS  0|AC  0|TAMS 0x000000070d600000, 0x000000070d600000|
| 215|0x000000070d700000, 0x000000070d700000, 0x000000070d800000|  0%| F|  |TS  0|AC  0|TAMS 0x000000070d700000, 0x000000070d700000|
| 216|0x000000070d800000, 0x000000070d800000, 0x000000070d900000|  0%| F|  |TS  0|AC  0|TAMS 0x000000070d800000, 0x000000070d800000|
| 217|0x000000070d900000, 0x000000070d900000, 0x000000070da00000|  0%| F|  |TS  0|AC  0|TAMS 0x000000070d900000, 0x000000070d900000|
| 218|0x000000070da00000, 0x000000070da00000, 0x000000070db00000|  0%| F|  |TS  0|AC  0|TAMS 0x000000070da00000, 0x000000070da00000|
| 219|0x000000070db00000, 0x000000070db00000, 0x000000070dc00000|  0%| F|  |TS  0|AC  0|TAMS 0x000000070db00000, 0x000000070db00000|
| 220|0x000000070dc00000, 0x000000070dc00000, 0x000000070dd00000|  0%| F|  |TS  0|AC  0|TAMS 0x000000070dc00000, 0x000000070dc00000|
| 221|0x000000070dd00000, 0x000000070dd00000, 0x000000070de00000|  0%| F|  |TS  0|AC  0|TAMS 0x000000070dd00000, 0x000000070dd00000|
| 222|0x000000070de00000, 0x000000070de00000, 0x000000070df00000|  0%| F|  |TS  0|AC  0|TAMS 0x000000070de00000, 0x000000070de00000|
| 223|0x000000070df00000, 0x000000070df00000, 0x000000070e000000|  0%| F|  |TS  0|AC  0|TAMS 0x000000070df00000, 0x000000070df00000|
| 224|0x000000070e000000, 0x000000070e000000, 0x000000070e100000|  0%| F|  |TS  0|AC  0|TAMS 0x000000070e000000, 0x000000070e000000|
| 225|0x000000070e100000, 0x000000070e100000, 0x000000070e200000|  0%| F|  |TS  0|AC  0|TAMS 0x000000070e100000, 0x000000070e100000|
| 226|0x000000070e200000, 0x000000070e200000, 0x000000070e300000|  0%| F|  |TS  0|AC  0|TAMS 0x000000070e200000, 0x000000070e200000|
| 227|0x000000070e300000, 0x000000070e300000, 0x000000070e400000|  0%| F|  |TS  0|AC  0|TAMS 0x000000070e300000, 0x000000070e300000|
| 228|0x000000070e400000, 0x000000070e400000, 0x000000070e500000|  0%| F|  |TS  0|AC  0|TAMS 0x000000070e400000, 0x000000070e400000|
| 229|0x000000070e500000, 0x000000070e500000, 0x000000070e600000|  0%| F|  |TS  0|AC  0|TAMS 0x000000070e500000, 0x000000070e500000|
| 230|0x000000070e600000, 0x000000070e600000, 0x000000070e700000|  0%| F|  |TS  0|AC  0|TAMS 0x000000070e600000, 0x000000070e600000|
| 231|0x000000070e700000, 0x000000070e700000, 0x000000070e800000|  0%| F|  |TS  0|AC  0|TAMS 0x000000070e700000, 0x000000070e700000|
| 232|0x000000070e800000, 0x000000070e800000, 0x000000070e900000|  0%| F|  |TS  0|AC  0|TAMS 0x000000070e800000, 0x000000070e800000|
| 233|0x000000070e900000, 0x000000070e900000, 0x000000070ea00000|  0%| F|  |TS  0|AC  0|TAMS 0x000000070e900000, 0x000000070e900000|
| 234|0x000000070ea00000, 0x000000070ea00000, 0x000000070eb00000|  0%| F|  |TS  0|AC  0|TAMS 0x000000070ea00000, 0x000000070ea00000|
| 235|0x000000070eb00000, 0x000000070eb00000, 0x000000070ec00000|  0%| F|  |TS  0|AC  0|TAMS 0x000000070eb00000, 0x000000070eb00000|
| 236|0x000000070ec00000, 0x000000070ec00000, 0x000000070ed00000|  0%| F|  |TS  0|AC  0|TAMS 0x000000070ec00000, 0x000000070ec00000|
| 237|0x000000070ed00000, 0x000000070ed00000, 0x000000070ee00000|  0%| F|  |TS  0|AC  0|TAMS 0x000000070ed00000, 0x000000070ed00000|
| 238|0x000000070ee00000, 0x000000070ee00000, 0x000000070ef00000|  0%| F|  |TS  0|AC  0|TAMS 0x000000070ee00000, 0x000000070ee00000|
| 239|0x000000070ef00000, 0x000000070ef00000, 0x000000070f000000|  0%| F|  |TS  0|AC  0|TAMS 0x000000070ef00000, 0x000000070ef00000|
| 240|0x000000070f000000, 0x000000070f000000, 0x000000070f100000|  0%| F|  |TS  0|AC  0|TAMS 0x000000070f000000, 0x000000070f000000|
| 241|0x000000070f100000, 0x000000070f100000, 0x000000070f200000|  0%| F|  |TS  0|AC  0|TAMS 0x000000070f100000, 0x000000070f100000|
| 242|0x000000070f200000, 0x000000070f200000, 0x000000070f300000|  0%| F|  |TS  0|AC  0|TAMS 0x000000070f200000, 0x000000070f200000|
| 243|0x000000070f300000, 0x000000070f300000, 0x000000070f400000|  0%| F|  |TS  0|AC  0|TAMS 0x000000070f300000, 0x000000070f300000|
| 244|0x000000070f400000, 0x000000070f400000, 0x000000070f500000|  0%| F|  |TS  0|AC  0|TAMS 0x000000070f400000, 0x000000070f400000|
| 245|0x000000070f500000, 0x000000070f500000, 0x000000070f600000|  0%| F|  |TS  0|AC  0|TAMS 0x000000070f500000, 0x000000070f500000|
| 246|0x000000070f600000, 0x000000070f600000, 0x000000070f700000|  0%| F|  |TS  0|AC  0|TAMS 0x000000070f600000, 0x000000070f600000|
| 247|0x000000070f700000, 0x000000070f700000, 0x000000070f800000|  0%| F|  |TS  0|AC  0|TAMS 0x000000070f700000, 0x000000070f700000|
| 248|0x000000070f800000, 0x000000070f800000, 0x000000070f900000|  0%| F|  |TS  0|AC  0|TAMS 0x000000070f800000, 0x000000070f800000|
| 249|0x000000070f900000, 0x000000070f900000, 0x000000070fa00000|  0%| F|  |TS  0|AC  0|TAMS 0x000000070f900000, 0x000000070f900000|
| 250|0x000000070fa00000, 0x000000070fa00000, 0x000000070fb00000|  0%| F|  |TS  0|AC  0|TAMS 0x000000070fa00000, 0x000000070fa00000|
| 251|0x000000070fb00000, 0x000000070fb00000, 0x000000070fc00000|  0%| F|  |TS  0|AC  0|TAMS 0x000000070fb00000, 0x000000070fb00000|
| 252|0x000000070fc00000, 0x000000070fc00000, 0x000000070fd00000|  0%| F|  |TS  0|AC  0|TAMS 0x000000070fc00000, 0x000000070fc00000|
| 253|0x000000070fd00000, 0x000000070fd00000, 0x000000070fe00000|  0%| F|  |TS  0|AC  0|TAMS 0x000000070fd00000, 0x000000070fd00000|
| 254|0x000000070fe00000, 0x000000070fe00000, 0x000000070ff00000|  0%| F|  |TS  0|AC  0|TAMS 0x000000070fe00000, 0x000000070fe00000|
| 255|0x000000070ff00000, 0x000000070ff00000, 0x0000000710000000|  0%| F|  |TS  0|AC  0|TAMS 0x000000070ff00000, 0x000000070ff00000|
| 256|0x0000000710000000, 0x0000000710000000, 0x0000000710100000|  0%| F|  |TS  0|AC  0|TAMS 0x0000000710000000, 0x0000000710000000|
| 257|0x0000000710100000, 0x0000000710100000, 0x0000000710200000|  0%| F|  |TS  0|AC  0|TAMS 0x0000000710100000, 0x0000000710100000|
| 258|0x0000000710200000, 0x0000000710200000, 0x0000000710300000|  0%| F|  |TS  0|AC  0|TAMS 0x0000000710200000, 0x0000000710200000|
| 259|0x0000000710300000, 0x0000000710300000, 0x0000000710400000|  0%| F|  |TS  0|AC  0|TAMS 0x0000000710300000, 0x0000000710300000|
| 260|0x0000000710400000, 0x0000000710400000, 0x0000000710500000|  0%| F|  |TS  0|AC  0|TAMS 0x0000000710400000, 0x0000000710400000|
| 261|0x0000000710500000, 0x0000000710500000, 0x0000000710600000|  0%| F|  |TS  0|AC  0|TAMS 0x0000000710500000, 0x0000000710500000|
| 262|0x0000000710600000, 0x0000000710600000, 0x0000000710700000|  0%| F|  |TS  0|AC  0|TAMS 0x0000000710600000, 0x0000000710600000|
| 263|0x0000000710700000, 0x0000000710700000, 0x0000000710800000|  0%| F|  |TS  0|AC  0|TAMS 0x0000000710700000, 0x0000000710700000|
| 264|0x0000000710800000, 0x0000000710800000, 0x0000000710900000|  0%| F|  |TS  0|AC  0|TAMS 0x0000000710800000, 0x0000000710800000|
| 265|0x0000000710900000, 0x0000000710900000, 0x0000000710a00000|  0%| F|  |TS  0|AC  0|TAMS 0x0000000710900000, 0x0000000710900000|
| 266|0x0000000710a00000, 0x0000000710a00000, 0x0000000710b00000|  0%| F|  |TS  0|AC  0|TAMS 0x0000000710a00000, 0x0000000710a00000|
| 267|0x0000000710b00000, 0x0000000710bb1528, 0x0000000710c00000| 69%| S|CS|TS  9|AC  0|TAMS 0x0000000710b00000, 0x0000000710b00000|
| 268|0x0000000710c00000, 0x0000000710c00000, 0x0000000710d00000|  0%| F|  |TS  9|AC  0|TAMS 0x0000000710c00000, 0x0000000710c00000|
| 269|0x0000000710d00000, 0x0000000710d00000, 0x0000000710e00000|  0%| F|  |TS  9|AC  0|TAMS 0x0000000710d00000, 0x0000000710d00000|
| 270|0x0000000710e00000, 0x0000000710e00000, 0x0000000710f00000|  0%| F|  |TS  9|AC  0|TAMS 0x0000000710e00000, 0x0000000710e00000|
| 271|0x0000000710f00000, 0x0000000710f00000, 0x0000000711000000|  0%| F|  |TS  9|AC  0|TAMS 0x0000000710f00000, 0x0000000710f00000|
| 272|0x0000000711000000, 0x0000000711000000, 0x0000000711100000|  0%| F|  |TS  9|AC  0|TAMS 0x0000000711000000, 0x0000000711000000|
| 273|0x0000000711100000, 0x0000000711100000, 0x0000000711200000|  0%| F|  |TS  9|AC  0|TAMS 0x0000000711100000, 0x0000000711100000|
| 274|0x0000000711200000, 0x00000007112b0c60, 0x0000000711300000| 69%| E|  |TS  9|AC  0|TAMS 0x0000000711200000, 0x0000000711200000|
| 275|0x0000000711300000, 0x0000000711400000, 0x0000000711400000|100%| E|CS|TS  9|AC  0|TAMS 0x0000000711300000, 0x0000000711300000|
| 276|0x0000000711400000, 0x0000000711500000, 0x0000000711500000|100%| E|CS|TS  9|AC  0|TAMS 0x0000000711400000, 0x0000000711400000|
| 277|0x0000000711500000, 0x0000000711600000, 0x0000000711600000|100%| E|CS|TS  9|AC  0|TAMS 0x0000000711500000, 0x0000000711500000|
| 278|0x0000000711600000, 0x0000000711700000, 0x0000000711700000|100%| E|CS|TS  9|AC  0|TAMS 0x0000000711600000, 0x0000000711600000|
| 279|0x0000000711700000, 0x0000000711800000, 0x0000000711800000|100%| E|CS|TS  9|AC  0|TAMS 0x0000000711700000, 0x0000000711700000|
| 280|0x0000000711800000, 0x0000000711900000, 0x0000000711900000|100%| E|CS|TS  9|AC  0|TAMS 0x0000000711800000, 0x0000000711800000|
| 281|0x0000000711900000, 0x0000000711a00000, 0x0000000711a00000|100%| E|CS|TS  9|AC  0|TAMS 0x0000000711900000, 0x0000000711900000|
| 282|0x0000000711a00000, 0x0000000711b00000, 0x0000000711b00000|100%| E|CS|TS  9|AC  0|TAMS 0x0000000711a00000, 0x0000000711a00000|
| 283|0x0000000711b00000, 0x0000000711c00000, 0x0000000711c00000|100%| E|CS|TS  9|AC  0|TAMS 0x0000000711b00000, 0x0000000711b00000|
| 284|0x0000000711c00000, 0x0000000711d00000, 0x0000000711d00000|100%| E|CS|TS  9|AC  0|TAMS 0x0000000711c00000, 0x0000000711c00000|
| 285|0x0000000711d00000, 0x0000000711e00000, 0x0000000711e00000|100%| E|CS|TS  9|AC  0|TAMS 0x0000000711d00000, 0x0000000711d00000|
| 286|0x0000000711e00000, 0x0000000711f00000, 0x0000000711f00000|100%| E|CS|TS  9|AC  0|TAMS 0x0000000711e00000, 0x0000000711e00000|
| 287|0x0000000711f00000, 0x0000000712000000, 0x0000000712000000|100%| E|CS|TS  9|AC  0|TAMS 0x0000000711f00000, 0x0000000711f00000|
| 288|0x0000000712000000, 0x0000000712100000, 0x0000000712100000|100%| E|CS|TS  9|AC  0|TAMS 0x0000000712000000, 0x0000000712000000|
| 289|0x0000000712100000, 0x0000000712200000, 0x0000000712200000|100%| E|CS|TS  9|AC  0|TAMS 0x0000000712100000, 0x0000000712100000|
| 290|0x0000000712200000, 0x0000000712300000, 0x0000000712300000|100%| E|CS|TS  9|AC  0|TAMS 0x0000000712200000, 0x0000000712200000|
| 291|0x0000000712300000, 0x0000000712400000, 0x0000000712400000|100%| E|CS|TS  9|AC  0|TAMS 0x0000000712300000, 0x0000000712300000|
| 292|0x0000000712400000, 0x0000000712500000, 0x0000000712500000|100%| E|CS|TS  9|AC  0|TAMS 0x0000000712400000, 0x0000000712400000|
| 293|0x0000000712500000, 0x0000000712600000, 0x0000000712600000|100%| E|CS|TS  9|AC  0|TAMS 0x0000000712500000, 0x0000000712500000|
| 294|0x0000000712600000, 0x0000000712700000, 0x0000000712700000|100%| E|CS|TS  9|AC  0|TAMS 0x0000000712600000, 0x0000000712600000|
| 295|0x0000000712700000, 0x0000000712800000, 0x0000000712800000|100%| E|CS|TS  9|AC  0|TAMS 0x0000000712700000, 0x0000000712700000|
| 296|0x0000000712800000, 0x0000000712900000, 0x0000000712900000|100%| E|CS|TS  9|AC  0|TAMS 0x0000000712800000, 0x0000000712800000|
| 297|0x0000000712900000, 0x0000000712a00000, 0x0000000712a00000|100%| E|CS|TS  9|AC  0|TAMS 0x0000000712900000, 0x0000000712900000|
| 298|0x0000000712a00000, 0x0000000712b00000, 0x0000000712b00000|100%| E|CS|TS  9|AC  0|TAMS 0x0000000712a00000, 0x0000000712a00000|
| 299|0x0000000712b00000, 0x0000000712c00000, 0x0000000712c00000|100%| E|CS|TS  9|AC  0|TAMS 0x0000000712b00000, 0x0000000712b00000|
| 300|0x0000000712c00000, 0x0000000712d00000, 0x0000000712d00000|100%| E|CS|TS  9|AC  0|TAMS 0x0000000712c00000, 0x0000000712c00000|
| 301|0x0000000712d00000, 0x0000000712e00000, 0x0000000712e00000|100%| E|CS|TS  9|AC  0|TAMS 0x0000000712d00000, 0x0000000712d00000|
| 302|0x0000000712e00000, 0x0000000712f00000, 0x0000000712f00000|100%| E|CS|TS  9|AC  0|TAMS 0x0000000712e00000, 0x0000000712e00000|
| 303|0x0000000712f00000, 0x0000000713000000, 0x0000000713000000|100%| E|CS|TS  9|AC  0|TAMS 0x0000000712f00000, 0x0000000712f00000|
| 304|0x0000000713000000, 0x0000000713100000, 0x0000000713100000|100%| E|CS|TS  9|AC  0|TAMS 0x0000000713000000, 0x0000000713000000|
| 305|0x0000000713100000, 0x0000000713200000, 0x0000000713200000|100%| E|CS|TS  9|AC  0|TAMS 0x0000000713100000, 0x0000000713100000|
| 306|0x0000000713200000, 0x0000000713300000, 0x0000000713300000|100%| E|CS|TS  9|AC  0|TAMS 0x0000000713200000, 0x0000000713200000|
| 307|0x0000000713300000, 0x0000000713400000, 0x0000000713400000|100%| E|CS|TS  9|AC  0|TAMS 0x0000000713300000, 0x0000000713300000|
| 308|0x0000000713400000, 0x0000000713500000, 0x0000000713500000|100%| E|CS|TS  9|AC  0|TAMS 0x0000000713400000, 0x0000000713400000|
| 309|0x0000000713500000, 0x0000000713600000, 0x0000000713600000|100%| E|CS|TS  9|AC  0|TAMS 0x0000000713500000, 0x0000000713500000|
| 310|0x0000000713600000, 0x0000000713700000, 0x0000000713700000|100%| E|CS|TS  9|AC  0|TAMS 0x0000000713600000, 0x0000000713600000|
| 311|0x0000000713700000, 0x0000000713800000, 0x0000000713800000|100%| E|CS|TS  9|AC  0|TAMS 0x0000000713700000, 0x0000000713700000|
| 312|0x0000000713800000, 0x0000000713900000, 0x0000000713900000|100%| E|CS|TS  9|AC  0|TAMS 0x0000000713800000, 0x0000000713800000|
| 313|0x0000000713900000, 0x0000000713a00000, 0x0000000713a00000|100%| E|CS|TS  9|AC  0|TAMS 0x0000000713900000, 0x0000000713900000|
| 314|0x0000000713a00000, 0x0000000713b00000, 0x0000000713b00000|100%| E|CS|TS  9|AC  0|TAMS 0x0000000713a00000, 0x0000000713a00000|
| 315|0x0000000713b00000, 0x0000000713c00000, 0x0000000713c00000|100%| E|CS|TS  9|AC  0|TAMS 0x0000000713b00000, 0x0000000713b00000|
| 316|0x0000000713c00000, 0x0000000713d00000, 0x0000000713d00000|100%| E|CS|TS  9|AC  0|TAMS 0x0000000713c00000, 0x0000000713c00000|
| 317|0x0000000713d00000, 0x0000000713e00000, 0x0000000713e00000|100%| E|CS|TS  9|AC  0|TAMS 0x0000000713d00000, 0x0000000713d00000|
| 318|0x0000000713e00000, 0x0000000713f00000, 0x0000000713f00000|100%| E|CS|TS  9|AC  0|TAMS 0x0000000713e00000, 0x0000000713e00000|
| 319|0x0000000713f00000, 0x0000000714000000, 0x0000000714000000|100%| E|CS|TS  9|AC  0|TAMS 0x0000000713f00000, 0x0000000713f00000|
| 320|0x0000000714000000, 0x0000000714100000, 0x0000000714100000|100%| E|CS|TS  9|AC  0|TAMS 0x0000000714000000, 0x0000000714000000|
| 321|0x0000000714100000, 0x0000000714200000, 0x0000000714200000|100%| E|CS|TS  9|AC  0|TAMS 0x0000000714100000, 0x0000000714100000|
| 322|0x0000000714200000, 0x0000000714300000, 0x0000000714300000|100%| E|CS|TS  9|AC  0|TAMS 0x0000000714200000, 0x0000000714200000|
| 323|0x0000000714300000, 0x0000000714400000, 0x0000000714400000|100%| E|CS|TS  9|AC  0|TAMS 0x0000000714300000, 0x0000000714300000|
| 324|0x0000000714400000, 0x0000000714500000, 0x0000000714500000|100%| E|CS|TS  9|AC  0|TAMS 0x0000000714400000, 0x0000000714400000|
| 325|0x0000000714500000, 0x0000000714600000, 0x0000000714600000|100%| E|CS|TS  9|AC  0|TAMS 0x0000000714500000, 0x0000000714500000|
| 326|0x0000000714600000, 0x0000000714700000, 0x0000000714700000|100%| E|CS|TS  9|AC  0|TAMS 0x0000000714600000, 0x0000000714600000|
| 327|0x0000000714700000, 0x0000000714800000, 0x0000000714800000|100%| E|CS|TS  9|AC  0|TAMS 0x0000000714700000, 0x0000000714700000|

Card table byte_map: [0x00000273cfe90000,0x00000273d0490000] byte_map_base: 0x00000273cc690000

Marking Bits (Prev, Next): (CMBitMap*) 0x00000273d1c713e0, (CMBitMap*) 0x00000273d1c71418
 Prev Bits: [0x00000273e7ef0000, 0x00000273eaef0000)
 Next Bits: [0x00000273eaef0000, 0x00000273edef0000)

Polling page: 0x00000273c7110000

CodeHeap 'non-profiled nmethods': size=120000Kb used=31781Kb max_used=31781Kb free=88219Kb
 bounds [0x00000273e09c0000, 0x00000273e28d0000, 0x00000273e7ef0000]
CodeHeap 'profiled nmethods': size=120000Kb used=45612Kb max_used=48862Kb free=74387Kb
 bounds [0x00000273d9490000, 0x00000273dc520000, 0x00000273e09c0000]
CodeHeap 'non-nmethods': size=5760Kb used=1830Kb max_used=1873Kb free=3929Kb
 bounds [0x00000273d8ef0000, 0x00000273d9160000, 0x00000273d9490000]
 total_blobs=44581 nmethods=21599 adapters=1177
 compilation: enabled

Compilation events (10 events):
Event: 8065.708 Thread 0x00000273d187f000 29883       4       com.google.protobuf.UnknownFieldSet$Builder::addField (79 bytes)
Event: 8065.711 Thread 0x00000273d187f000 nmethod 29883 0x00000273e28cd590 code [0x00000273e28cd760, 0x00000273e28cdb48]
Event: 8070.427 Thread 0x00000273d1880800 29884       3       javax.swing.plaf.basic.DragRecognitionSupport::mouseDragged (9 bytes)
Event: 8070.427 Thread 0x00000273d1880800 nmethod 29884 0x00000273d9f32190 code [0x00000273d9f32360, 0x00000273d9f32520]
Event: 8070.427 Thread 0x00000273d1880800 29885       3       javax.swing.plaf.basic.DragRecognitionSupport::mouseDraggedImpl (134 bytes)
Event: 8070.427 Thread 0x00000273d1880800 nmethod 29885 0x00000273dac5d110 code [0x00000273dac5d3a0, 0x00000273dac5e3b0]
Event: 8070.445 Thread 0x00000273d1880800 29886       3       sun.awt.SunToolkit::getLightweightFrame (35 bytes)
Event: 8070.445 Thread 0x00000273d1880800 nmethod 29886 0x00000273da2b0110 code [0x00000273da2b0300, 0x00000273da2b0910]
Event: 8071.624 Thread 0x00000273d187a800 29887       4       java.awt.AWTEventMulticaster::mousePressed (27 bytes)
Event: 8071.628 Thread 0x00000273d187a800 nmethod 29887 0x00000273e28cdd90 code [0x00000273e28cdf40, 0x00000273e28ce0d8]

GC Heap History (10 events):
Event: 8062.300 GC heap before
{Heap before GC invocations=1773 (full 408):
 garbage-first heap   total 335872K, used 212534K [0x0000000700000000, 0x0000000700100a40, 0x00000007c0000000)
  region size 1024K, 60 young (61440K), 1 survivors (1024K)
 Metaspace       used 89037K, capacity 90853K, committed 98124K, reserved 1134592K
  class space    used 11243K, capacity 11653K, committed 13132K, reserved 1048576K
}
Event: 8062.304 GC heap after
{Heap after GC invocations=1774 (full 408):
 garbage-first heap   total 335872K, used 148463K [0x0000000700000000, 0x0000000700100a40, 0x00000007c0000000)
  region size 1024K, 1 young (1024K), 1 survivors (1024K)
 Metaspace       used 89037K, capacity 90853K, committed 98124K, reserved 1134592K
  class space    used 11243K, capacity 11653K, committed 13132K, reserved 1048576K
}
Event: 8063.393 GC heap before
{Heap before GC invocations=1774 (full 408):
 garbage-first heap   total 335872K, used 208879K [0x0000000700000000, 0x0000000700100a40, 0x00000007c0000000)
  region size 1024K, 60 young (61440K), 1 survivors (1024K)
 Metaspace       used 89037K, capacity 90853K, committed 98124K, reserved 1134592K
  class space    used 11243K, capacity 11653K, committed 13132K, reserved 1048576K
}
Event: 8063.396 GC heap after
{Heap after GC invocations=1775 (full 408):
 garbage-first heap   total 335872K, used 144327K [0x0000000700000000, 0x0000000700100a40, 0x00000007c0000000)
  region size 1024K, 1 young (1024K), 1 survivors (1024K)
 Metaspace       used 89037K, capacity 90853K, committed 98124K, reserved 1134592K
  class space    used 11243K, capacity 11653K, committed 13132K, reserved 1048576K
}
Event: 8066.274 GC heap before
{Heap before GC invocations=1775 (full 408):
 garbage-first heap   total 335872K, used 204743K [0x0000000700000000, 0x0000000700100a40, 0x00000007c0000000)
  region size 1024K, 60 young (61440K), 1 survivors (1024K)
 Metaspace       used 89037K, capacity 90853K, committed 98124K, reserved 1134592K
  class space    used 11243K, capacity 11653K, committed 13132K, reserved 1048576K
}
Event: 8066.277 GC heap after
{Heap after GC invocations=1776 (full 408):
 garbage-first heap   total 335872K, used 144307K [0x0000000700000000, 0x0000000700100a40, 0x00000007c0000000)
  region size 1024K, 1 young (1024K), 1 survivors (1024K)
 Metaspace       used 89037K, capacity 90853K, committed 98124K, reserved 1134592K
  class space    used 11243K, capacity 11653K, committed 13132K, reserved 1048576K
}
Event: 8069.226 GC heap before
{Heap before GC invocations=1776 (full 408):
 garbage-first heap   total 335872K, used 204723K [0x0000000700000000, 0x0000000700100a40, 0x00000007c0000000)
  region size 1024K, 60 young (61440K), 1 survivors (1024K)
 Metaspace       used 89037K, capacity 90853K, committed 98124K, reserved 1134592K
  class space    used 11243K, capacity 11653K, committed 13132K, reserved 1048576K
}
Event: 8069.228 GC heap after
{Heap after GC invocations=1777 (full 408):
 garbage-first heap   total 335872K, used 144235K [0x0000000700000000, 0x0000000700100a40, 0x00000007c0000000)
  region size 1024K, 1 young (1024K), 1 survivors (1024K)
 Metaspace       used 89037K, capacity 90853K, committed 98124K, reserved 1134592K
  class space    used 11243K, capacity 11653K, committed 13132K, reserved 1048576K
}
Event: 8070.714 GC heap before
{Heap before GC invocations=1777 (full 408):
 garbage-first heap   total 335872K, used 204651K [0x0000000700000000, 0x0000000700100a40, 0x00000007c0000000)
  region size 1024K, 60 young (61440K), 1 survivors (1024K)
 Metaspace       used 89040K, capacity 90853K, committed 98124K, reserved 1134592K
  class space    used 11243K, capacity 11653K, committed 13132K, reserved 1048576K
}
Event: 8070.717 GC heap after
{Heap after GC invocations=1778 (full 408):
 garbage-first heap   total 335872K, used 144406K [0x0000000700000000, 0x0000000700100a40, 0x00000007c0000000)
  region size 1024K, 1 young (1024K), 1 survivors (1024K)
 Metaspace       used 89040K, capacity 90853K, committed 98124K, reserved 1134592K
  class space    used 11243K, capacity 11653K, committed 13132K, reserved 1048576K
}

Deoptimization events (10 events):
Event: 7336.521 Thread 0x00000273f0dea800 Uncommon trap: reason=unstable_if action=reinterpret pc=0x00000273e1775f7c method=ui.utils.o.ag.eHH()Ljava/awt/Point; @ 5 c2
Event: 7878.203 Thread 0x00000273f0dea800 Uncommon trap: reason=class_check action=maybe_recompile pc=0x00000273e0d5c67c method=sun.awt.windows.WComponentPeer.handleEvent(Ljava/awt/AWTEvent;)V @ 152 c2
Event: 8023.672 Thread 0x00000273f0dea800 Uncommon trap: reason=unstable_if action=reinterpret pc=0x00000273e1cf1800 method=javax.swing.plaf.basic.BasicTreeUI$NodeDimensionsHandler.getNodeDimensions(Ljava/lang/Object;IIZLjava/awt/Rectangle;)Ljava/awt/Rectangle; @ 7 c2
Event: 8023.673 Thread 0x00000273f0dea800 Uncommon trap: reason=unstable_if action=reinterpret pc=0x00000273e22bc54c method=javax.swing.plaf.basic.BasicTreeUI.completeEditing()V @ 14 c2
Event: 8023.674 Thread 0x00000273f0dea800 Uncommon trap: reason=class_check action=maybe_recompile pc=0x00000273e17d18a8 method=javax.swing.SwingUtilities.convertPointFromScreen(Ljava/awt/Point;Ljava/awt/Component;)V @ 29 c2
Event: 8023.675 Thread 0x00000273f0dea800 Uncommon trap: reason=class_check action=maybe_recompile pc=0x00000273e17d18a8 method=javax.swing.SwingUtilities.convertPointFromScreen(Ljava/awt/Point;Ljava/awt/Component;)V @ 29 c2
Event: 8023.792 Thread 0x00000273f0dea800 Uncommon trap: reason=unstable_if action=reinterpret pc=0x00000273e17d1698 method=javax.swing.SwingUtilities.convertPointFromScreen(Ljava/awt/Point;Ljava/awt/Component;)V @ 128 c2
Event: 8023.792 Thread 0x00000273f0dea800 Uncommon trap: reason=unstable_if action=reinterpret pc=0x00000273e15314c4 method=java.awt.Component.dispatchEventImpl(Ljava/awt/AWTEvent;)V @ 302 c2
Event: 8023.793 Thread 0x00000273f0dea800 Uncommon trap: reason=unstable_if action=reinterpret pc=0x00000273e17ab57c method=sun.awt.im.InputContext.getComponentWindow(Ljava/awt/Component;)Ljava/awt/Window; @ 1 c2
Event: 8023.793 Thread 0x00000273f0dea800 Uncommon trap: reason=null_check action=make_not_entrant pc=0x00000273e19d2338 method=sun.awt.im.InputContext.dispatchEvent(Ljava/awt/AWTEvent;)V @ 31 c2

Classes redefined (0 events):
No events

Internal exceptions (10 events):
Event: 5979.334 Thread 0x00000273f0dea800 Exception <a 'java/lang/NoSuchMethodError'{0x000000070dc37ba8}: method resolution failed> (0x000000070dc37ba8) thrown at [t:/workspace/hotspot/src/share/vm/prims/methodHandles.cpp, line 1256]
Event: 5979.335 Thread 0x00000273f0dea800 Exception <a 'java/lang/NoSuchMethodError'{0x000000070dc3db70}: java.lang.invoke.DirectMethodHandle$Holder.invokeStatic(Ljava/lang/Object;Ljava/lang/Object;IILjava/lang/Object;)Ljava/lang/Object;> (0x000000070dc3db70) thrown at [t:/workspace/hotspot/src/s
Event: 5979.335 Thread 0x00000273f0dea800 Exception <a 'java/lang/NoSuchMethodError'{0x000000070dc417a8}: java.lang.invoke.DirectMethodHandle$Holder.invokeSpecial(Ljava/lang/Object;Ljava/lang/Object;Ljava/lang/Object;IILjava/lang/Object;)Ljava/lang/Object;> (0x000000070dc417a8) thrown at [t:/work
Event: 6062.813 Thread 0x00000273f909d000 Exception <a 'java/lang/InterruptedException'{0x0000000710a04e78}: sleep interrupted> (0x0000000710a04e78) thrown at [t:/workspace/hotspot/src/share/vm/prims/jvm.cpp, line 2984]
Event: 6255.276 Thread 0x00000273f90a4000 Exception <a 'java/lang/InterruptedException'{0x00000007141019f8}: sleep interrupted> (0x00000007141019f8) thrown at [t:/workspace/hotspot/src/share/vm/prims/jvm.cpp, line 2984]
Event: 6845.290 Thread 0x00000273f90a4000 Exception <a 'java/lang/InterruptedException'{0x0000000714684a28}: sleep interrupted> (0x0000000714684a28) thrown at [t:/workspace/hotspot/src/share/vm/prims/jvm.cpp, line 2984]
Event: 7336.362 Thread 0x00000273f0dea800 Implicit null exception at 0x00000273e0e4dd1c to 0x00000273e0e4e609
Event: 7336.521 Thread 0x00000273f0dea800 Implicit null exception at 0x00000273e1774548 to 0x00000273e1775f5d
Event: 8023.792 Thread 0x00000273f0dea800 Implicit null exception at 0x00000273e152f5e4 to 0x00000273e15314a9
Event: 8023.793 Thread 0x00000273f0dea800 Implicit null exception at 0x00000273e19d19fc to 0x00000273e19d232d

Events (10 events):
Event: 8070.829 Executing VM operation: RevokeBias done
Event: 8071.388 Thread 0x00000273f90a1800 Thread added: 0x00000273f90a1800
Event: 8071.393 Thread 0x00000273f90a1800 Thread exited: 0x00000273f90a1800
Event: 8071.702 Thread 0x00000273f90a4000 Thread added: 0x00000273f90a4000
Event: 8071.704 Executing VM operation: RevokeBias
Event: 8071.707 Executing VM operation: RevokeBias done
Event: 8071.708 Executing VM operation: RevokeBias
Event: 8071.708 Executing VM operation: RevokeBias done
Event: 8072.385 Thread 0x00000273f90a1800 Thread added: 0x00000273f90a1800
Event: 8072.389 Thread 0x00000273f90a1800 Thread exited: 0x00000273f90a1800


Dynamic libraries:
0x00007ff725d80000 - 0x00007ff725db0000 	C:\Xilinx\Vivado\2019.1\bin\unwrapped\win64.o\vivado.exe
0x00007ffd90b80000 - 0x00007ffd90d89000 	C:\WINDOWS\SYSTEM32\ntdll.dll
0x00007ffd8f390000 - 0x00007ffd8f44d000 	C:\WINDOWS\System32\KERNEL32.DLL
0x00007ffd8e3b0000 - 0x00007ffd8e72d000 	C:\WINDOWS\System32\KERNELBASE.dll
0x00007ffd8e8c0000 - 0x00007ffd8e9d1000 	C:\WINDOWS\System32\ucrtbase.dll
0x00007ffd394d0000 - 0x00007ffd3a3b2000 	C:\Xilinx\Vivado\2019.1\lib\win64.o\librdi_common.dll
0x00007ffd1e810000 - 0x00007ffd1e89d000 	C:\WINDOWS\SYSTEM32\MSVCP140.dll
0x00007ffd3a3c0000 - 0x00007ffd3a3d4000 	C:\Xilinx\Vivado\2019.1\lib\win64.o\libboost_signals.dll
0x00007ffd394b0000 - 0x00007ffd394c4000 	C:\Xilinx\Vivado\2019.1\lib\win64.o\librdi_commonmain.dll
0x00007ffd8f590000 - 0x00007ffd8f73d000 	C:\WINDOWS\System32\USER32.dll
0x00007ffd6d340000 - 0x00007ffd6d35b000 	C:\WINDOWS\SYSTEM32\VCRUNTIME140.dll
0x00007ffd8e210000 - 0x00007ffd8e236000 	C:\WINDOWS\System32\win32u.dll
0x00007ffd5c320000 - 0x00007ffd5c32c000 	C:\WINDOWS\SYSTEM32\VCRUNTIME140_1.dll
0x00007ffd38bd0000 - 0x00007ffd38f3e000 	C:\Xilinx\Vivado\2019.1\lib\win64.o\libCOIN-all.dll
0x00007ffd909e0000 - 0x00007ffd90a09000 	C:\WINDOWS\System32\GDI32.dll
0x00007ffd8e0f0000 - 0x00007ffd8e208000 	C:\WINDOWS\System32\gdi32full.dll
0x00007ffd38bb0000 - 0x00007ffd38bc4000 	C:\Xilinx\Vivado\2019.1\lib\win64.o\libboost_date_time.dll
0x00007ffd8e730000 - 0x00007ffd8e7cd000 	C:\WINDOWS\System32\msvcp_win.dll
0x00007ffd39480000 - 0x00007ffd394a6000 	C:\Xilinx\Vivado\2019.1\lib\win64.o\libboost_filesystem.dll
0x00007ffd38b30000 - 0x00007ffd38baf000 	C:\Xilinx\Vivado\2019.1\lib\win64.o\libboost_program_options.dll
0x00007ffd8f2e0000 - 0x00007ffd8f38e000 	C:\WINDOWS\System32\ADVAPI32.dll
0x00007ffd38f40000 - 0x00007ffd39054000 	C:\Xilinx\Vivado\2019.1\lib\win64.o\libboost_regex.dll
0x00007ffd90900000 - 0x00007ffd909a3000 	C:\WINDOWS\System32\msvcrt.dll
0x00007ffd8ffe0000 - 0x00007ffd9007e000 	C:\WINDOWS\System32\sechost.dll
0x00007ffd38af0000 - 0x00007ffd38b11000 	C:\Xilinx\Vivado\2019.1\lib\win64.o\libboost_thread.dll
0x00007ffd901d0000 - 0x00007ffd902f0000 	C:\WINDOWS\System32\RPCRT4.dll
0x00007ffd38b20000 - 0x00007ffd38b2f000 	C:\Xilinx\Vivado\2019.1\lib\win64.o\libboost_xilinx.dll
0x00007ffd39340000 - 0x00007ffd3934b000 	C:\Xilinx\Vivado\2019.1\lib\win64.o\libboost_system.dll
0x00007ffd38a60000 - 0x00007ffd38ae2000 	C:\Xilinx\Vivado\2019.1\lib\win64.o\libhdlpsolve.dll
0x00007ffd8f740000 - 0x00007ffd8fef8000 	C:\WINDOWS\System32\SHELL32.dll
0x00007ffd389b0000 - 0x00007ffd38a55000 	C:\Xilinx\Vivado\2019.1\lib\win64.o\libhdxml.dll
0x00007ffd38980000 - 0x00007ffd389ae000 	C:\Xilinx\Vivado\2019.1\lib\win64.o\libisl_sysinfo.dll
0x00007ffd0a520000 - 0x00007ffd0b0cf400 	C:\Xilinx\Vivado\2019.1\lib\win64.o\libisl_iostreams.dll
0x00007ffd8ff00000 - 0x00007ffd8ff6f000 	C:\WINDOWS\System32\WS2_32.dll
0x00007ffd38910000 - 0x00007ffd38975000 	C:\Xilinx\Vivado\2019.1\lib\win64.o\liblmx6.0.dll
0x00007ffd388f0000 - 0x00007ffd3890a000 	C:\Xilinx\Vivado\2019.1\lib\win64.o\pthreadVC2.dll
0x00007ffd39350000 - 0x00007ffd39471000 	C:\Xilinx\Vivado\2019.1\lib\win64.o\librdi_commonxillic.dll
0x00007ffd388d0000 - 0x00007ffd388ec000 	C:\Xilinx\Vivado\2019.1\lib\win64.o\librdiconfig.dll
0x00007ffd388a0000 - 0x00007ffd388c1000 	C:\Xilinx\Vivado\2019.1\lib\win64.o\librdizlib.dll
0x00000000673e0000 - 0x000000006750b000 	C:\Xilinx\Vivado\2019.1\lib\win64.o\tcl85t.dll
0x0000000012000000 - 0x0000000012270000 	C:\Xilinx\Vivado\2019.1\lib\win64.o\xerces-c_3_1.dll
0x00007ffd3cd70000 - 0x00007ffd3cd7a000 	C:\Xilinx\Vivado\2019.1\lib\win64.o\librdi_commonversion.dll
0x00007ffd78360000 - 0x00007ffd7837a000 	C:\WINDOWS\SYSTEM32\NETAPI32.dll
0x00007ffd76ff0000 - 0x00007ffd774ea000 	C:\WINDOWS\SYSTEM32\WININET.dll
0x00007ffd38860000 - 0x00007ffd3886d000 	C:\Xilinx\Vivado\2019.1\lib\win64.o\libboost_chrono.dll
0x00007ffd84c50000 - 0x00007ffd84d5c000 	C:\WINDOWS\SYSTEM32\WINHTTP.dll
0x00007ffd82790000 - 0x00007ffd8297f000 	C:\WINDOWS\SYSTEM32\urlmon.dll
0x00007ffd76a00000 - 0x00007ffd76a09000 	C:\WINDOWS\SYSTEM32\WSOCK32.dll
0x00007ffd09680000 - 0x00007ffd0a511000 	C:\Xilinx\Vivado\2019.1\lib\win64.o\gurobi65.dll
0x00007ffd38870000 - 0x00007ffd3889d000 	C:\WINDOWS\SYSTEM32\VCOMP140.DLL
0x00007ffd38810000 - 0x00007ffd38835000 	C:\Xilinx\Vivado\2019.1\lib\win64.o\libisl_iosutils.dll
0x00007ffd38840000 - 0x00007ffd3885b000 	C:\Xilinx\Vivado\2019.1\lib\win64.o\libboost_iostreams.dll
0x00007ffd39060000 - 0x00007ffd39338000 	C:\Xilinx\Vivado\2019.1\lib\win64.o\libXil_lmgr11.dll
0x00007ffd90a10000 - 0x00007ffd90afc000 	C:\WINDOWS\System32\COMDLG32.dll
0x00007ffd824d0000 - 0x00007ffd82783000 	C:\WINDOWS\SYSTEM32\iertutil.dll
0x00007ffd824a0000 - 0x00007ffd824c8000 	C:\WINDOWS\SYSTEM32\srvcli.dll
0x00007ffd8cd00000 - 0x00007ffd8cd0c000 	C:\WINDOWS\SYSTEM32\netutils.dll
0x00007ffd902f0000 - 0x00007ffd90669000 	C:\WINDOWS\System32\combase.dll
0x00007ffd8f170000 - 0x00007ffd8f25a000 	C:\WINDOWS\System32\shcore.dll
0x00007ffd90670000 - 0x00007ffd906cd000 	C:\WINDOWS\System32\SHLWAPI.dll
0x00007ffd8f4b0000 - 0x00007ffd8f586000 	C:\WINDOWS\System32\OLEAUT32.dll
0x00007ffd64e80000 - 0x00007ffd64f32000 	C:\WINDOWS\WinSxS\amd64_microsoft.windows.common-controls_6595b64144ccf1df_5.82.22000.1_none_271a8fad6a2d1b1e\COMCTL32.dll
0x00007ffd90760000 - 0x00007ffd908fa000 	C:\WINDOWS\System32\ole32.dll
0x00007ffd8e7d0000 - 0x00007ffd8e837000 	C:\WINDOWS\System32\WINTRUST.dll
0x00007ffd83c70000 - 0x00007ffd83c8e000 	C:\WINDOWS\SYSTEM32\dhcpcsvc.DLL
0x00007ffd8e240000 - 0x00007ffd8e3a2000 	C:\WINDOWS\System32\CRYPT32.dll
0x00007ffd8ee60000 - 0x00007ffd8ee91000 	C:\WINDOWS\System32\IMM32.DLL
0x00007ffd8d8f0000 - 0x00007ffd8d902000 	C:\WINDOWS\SYSTEM32\MSASN1.dll
0x00007ffd8d1f0000 - 0x00007ffd8d208000 	C:\WINDOWS\SYSTEM32\kernel.appcore.dll
0x00007ffd2ddf0000 - 0x00007ffd2e307000 	C:\Xilinx\Vivado\2019.1\lib\win64.o\librdi_commontasks.dll
0x00007ffd80350000 - 0x00007ffd8035a000 	C:\WINDOWS\SYSTEM32\VERSION.dll
0x00007ffd384e0000 - 0x00007ffd38766000 	C:\Xilinx\Vivado\2019.1\lib\win64.o\librdi_sio.dll
0x0000000067510000 - 0x0000000067f35000 	C:\Xilinx\Vivado\2019.1\tps\win64\jre9.0.4\bin\server\jvm.dll
0x00007ffd90b00000 - 0x00007ffd90b08000 	C:\WINDOWS\System32\PSAPI.DLL
0x00007ffd8cd10000 - 0x00007ffd8cd3d000 	C:\WINDOWS\SYSTEM32\IPHLPAPI.DLL
0x00007ffd83090000 - 0x00007ffd830c3000 	C:\WINDOWS\SYSTEM32\WINMM.dll
0x00007ffd383f0000 - 0x00007ffd384df000 	C:\WINDOWS\SYSTEM32\MSVCR120.dll
0x00007ffd8d650000 - 0x00007ffd8d6b7000 	C:\WINDOWS\SYSTEM32\MSWSOCK.DLL
0x00007ffd8c170000 - 0x00007ffd8c9d8000 	C:\WINDOWS\SYSTEM32\windows.storage.dll
0x00007ffd8c000000 - 0x00007ffd8c166000 	C:\WINDOWS\SYSTEM32\wintypes.dll
0x00007ffd071c0000 - 0x00007ffd0967c000 	C:\Xilinx\Vivado\2019.1\lib\win64.o\librdi_tcltasks.dll
0x00007ffd38370000 - 0x00007ffd383e8000 	C:\Xilinx\Vivado\2019.1\lib\win64.o\librdi_boarddep.dll
0x00007ffd2d9e0000 - 0x00007ffd2dde8000 	C:\Xilinx\Vivado\2019.1\lib\win64.o\librdi_bitstream.dll
0x00007ffd2f510000 - 0x00007ffd2f5fb000 	C:\Xilinx\Vivado\2019.1\lib\win64.o\librdi_chipscope.dll
0x00007ffd651d0000 - 0x00007ffd65361000 	C:\Xilinx\Vivado\2019.1\lib\win64.o\librdi_board.dll
0x00007ffd54da0000 - 0x00007ffd54f5d000 	C:\Xilinx\Vivado\2019.1\lib\win64.o\librdi_chipscopeimpl.dll
0x00007ffd1b670000 - 0x00007ffd1d05a000 	C:\Xilinx\Vivado\2019.1\lib\win64.o\librdi_constraints.dll
0x00007ffd197b0000 - 0x00007ffd1b661000 	C:\Xilinx\Vivado\2019.1\lib\win64.o\librdi_coregen.dll
0x00007ffd2d880000 - 0x00007ffd2d9d6000 	C:\Xilinx\Vivado\2019.1\lib\win64.o\librdi_containers.dll
0x00007ffd190d0000 - 0x00007ffd197aa000 	C:\Xilinx\Vivado\2019.1\lib\win64.o\librdi_coregenipxact.dll
0x00007ffd03170000 - 0x00007ffd071b3000 	C:\Xilinx\Vivado\2019.1\lib\win64.o\librdi_designutils.dll
0x00007ffcf0d40000 - 0x00007ffd0316c000 	C:\Xilinx\Vivado\2019.1\lib\win64.o\librdi_device.dll
0x00007ffd4f740000 - 0x00007ffd4fa5e000 	C:\Xilinx\Vivado\2019.1\lib\win64.o\librdi_dlyest.dll
0x00007ffcf07a0000 - 0x00007ffcf0d3a000 	C:\Xilinx\Vivado\2019.1\lib\win64.o\librdi_drc.dll
0x00007ffd2f330000 - 0x00007ffd2f3f4000 	C:\Xilinx\Vivado\2019.1\lib\win64.o\librdi_dsp.dll
0x00007ffcf0150000 - 0x00007ffcf079d000 	C:\Xilinx\Vivado\2019.1\lib\win64.o\librdi_filemgmt.dll
0x00007ffd480f0000 - 0x00007ffd483d3000 	C:\Xilinx\Vivado\2019.1\lib\win64.o\librdi_guitools.dll
0x00007ffd38300000 - 0x00007ffd38365000 	C:\Xilinx\Vivado\2019.1\lib\win64.o\librdi_hdf.dll
0x00007ffceeb90000 - 0x00007ffcf0150000 	C:\Xilinx\Vivado\2019.1\lib\win64.o\librdi_implflow.dll
0x00007ffd0e640000 - 0x00007ffd0ec55000 	C:\Xilinx\Vivado\2019.1\lib\win64.o\librdi_memdata.dll
0x00007ffd737f0000 - 0x00007ffd73863000 	C:\Xilinx\Vivado\2019.1\lib\win64.o\librdi_memoryarray.dll
0x00007ffcebea0000 - 0x00007ffceeb86000 	C:\Xilinx\Vivado\2019.1\lib\win64.o\librdi_mig.dll
0x00007ffd0df90000 - 0x00007ffd0e632000 	C:\Xilinx\Vivado\2019.1\lib\win64.o\librdi_netlist.dll
0x00007ffd76880000 - 0x00007ffd768cb000 	C:\Xilinx\Vivado\2019.1\lib\win64.o\librdi_pfi.dll
0x00007ffce9820000 - 0x00007ffcebe96000 	C:\Xilinx\Vivado\2019.1\lib\win64.o\librdi_place.dll
0x00007ffd37c40000 - 0x00007ffd37f4f000 	C:\Xilinx\Vivado\2019.1\lib\win64.o\librdi_platform.dll
0x00007ffce90d0000 - 0x00007ffce981a000 	C:\Xilinx\Vivado\2019.1\lib\win64.o\librdi_power.dll
0x00007ffce8b50000 - 0x00007ffce90cf000 	C:\Xilinx\Vivado\2019.1\lib\win64.o\librdi_project.dll
0x00007ffce8440000 - 0x00007ffce8b49000 	C:\Xilinx\Vivado\2019.1\lib\win64.o\librdi_psta.dll
0x00007ffce7d30000 - 0x00007ffce8436000 	C:\Xilinx\Vivado\2019.1\lib\win64.o\librdi_rsb.dll
0x00007ffd2cd30000 - 0x00007ffd2d121000 	C:\Xilinx\Vivado\2019.1\lib\win64.o\librdi_runs.dll
0x00007ffd60df0000 - 0x00007ffd60eea000 	C:\Xilinx\Vivado\2019.1\lib\win64.o\librdi_runsbase.dll
0x00007ffd1df30000 - 0x00007ffd1e186000 	C:\Xilinx\Vivado\2019.1\lib\win64.o\librdi_simdata.dll
0x00007ffce6f10000 - 0x00007ffce7d21000 	C:\Xilinx\Vivado\2019.1\lib\win64.o\librdi_timing.dll
0x00007ffd60c70000 - 0x00007ffd60de2000 	C:\Xilinx\Vivado\2019.1\lib\win64.o\librdi_advchipscopeimpl.dll
0x00007ffd50220000 - 0x00007ffd503bf000 	C:\Xilinx\Vivado\2019.1\lib\win64.o\librdi_hip_devdesign.dll
0x00007ffd50700000 - 0x00007ffd507c2000 	C:\Xilinx\Vivado\2019.1\lib\win64.o\librdi_ipconfig_readwrite.dll
0x00007ffd73dc0000 - 0x00007ffd73e0c000 	C:\Xilinx\Vivado\2019.1\lib\win64.o\libboost_serialization.dll
0x00007ffd6b500000 - 0x00007ffd6b543000 	C:\Xilinx\Vivado\2019.1\lib\win64.o\librdi_noc_frameworks.dll
0x00007ffce63c0000 - 0x00007ffce6f07000 	C:\Xilinx\Vivado\2019.1\lib\win64.o\libverific.dll
0x00007ffd0d690000 - 0x00007ffd0da75000 	C:\Xilinx\Vivado\2019.1\lib\win64.o\librdi_hip_config.dll
0x00007ffce1f20000 - 0x00007ffce246e000 	C:\Xilinx\Vivado\2019.1\lib\win64.o\librdi_xdm.dll
0x00007ffd52d40000 - 0x00007ffd52dde000 	C:\Xilinx\Vivado\2019.1\lib\win64.o\libise.dll
0x00007ffd73b70000 - 0x00007ffd73bb0000 	C:\Xilinx\Vivado\2019.1\lib\win64.o\librdi_wavedata_SimpleApi.dll
0x00007ffce5dc0000 - 0x00007ffce63bc000 	C:\Xilinx\Vivado\2019.1\lib\win64.o\librdi_wavedata.dll
0x00007ffce4c30000 - 0x00007ffce5dbd000 	C:\Xilinx\Vivado\2019.1\lib\win64.o\librdi_route.dll
0x00007ffd737b0000 - 0x00007ffd737ef000 	C:\Xilinx\Vivado\2019.1\lib\win64.o\librdi_schedmon.dll
0x00007ffce2c60000 - 0x00007ffce4c2d000 	C:\Xilinx\Vivado\2019.1\lib\win64.o\librdi_synth.dll

VM Arguments:
jvm_args: -Dsun.java2d.pmoffscreen=false -Dsun.java2d.xrender=false -Dsun.java2d.d3d=false -Dsun.awt.nopixfmt=true -Dsun.java2d.dpiaware=true -Dsun.java2d.uiScale.enabled=false -Xverify:none -Dswing.aatext=true -XX:-UsePerfData -Djdk.map.althashing.threshold=512 -XX:StringTableSize=4072 --add-opens=java.base/java.nio=ALL-UNNAMED --add-opens=java.desktop/sun.swing=ALL-UNNAMED --add-opens=java.desktop/javax.swing=ALL-UNNAMED --add-opens=java.desktop/javax.swing.tree=ALL-UNNAMED --add-opens=java.desktop/javax.swing.plaf.basic=ALL-UNNAMED --add-opens=java.desktop/javax.swing.plaf.synth=ALL-UNNAMED --add-opens=java.desktop/com.sun.awt=ALL-UNNAMED -XX:NewSize=60m -XX:MaxNewSize=60m -Xms128m -Xmx3072m -Xss5m 
java_command: <unknown>
java_class_path (initial): C:/Xilinx/Vivado/2019.1\lib\classes\alloy.jar;C:/Xilinx/Vivado/2019.1\lib\classes\autopilot.scelaborator.jar;C:/Xilinx/Vivado/2019.1\lib\classes\autopilot.sourceprocessor.jar;C:/Xilinx/Vivado/2019.1\lib\classes\autopilot.tbprocessor.jar;C:/Xilinx/Vivado/2019.1\lib\classes\batik-anim.jar;C:/Xilinx/Vivado/2019.1\lib\classes\batik-awt-util.jar;C:/Xilinx/Vivado/2019.1\lib\classes\batik-bridge.jar;C:/Xilinx/Vivado/2019.1\lib\classes\batik-codec.jar;C:/Xilinx/Vivado/2019.1\lib\classes\batik-css.jar;C:/Xilinx/Vivado/2019.1\lib\classes\batik-dom.jar;C:/Xilinx/Vivado/2019.1\lib\classes\batik-ext.jar;C:/Xilinx/Vivado/2019.1\lib\classes\batik-gui-util.jar;C:/Xilinx/Vivado/2019.1\lib\classes\batik-gvt.jar;C:/Xilinx/Vivado/2019.1\lib\classes\batik-parser.jar;C:/Xilinx/Vivado/2019.1\lib\classes\batik-script.jar;C:/Xilinx/Vivado/2019.1\lib\classes\batik-svg-dom.jar;C:/Xilinx/Vivado/2019.1\lib\classes\batik-swing.jar;C:/Xilinx/Vivado/2019.1\lib\classes\batik-transcoder.jar;C:/Xilinx/Vivado/2019.1\lib\classes\batik-util.jar;C:/Xilinx/Vivado/2019.1\lib\classes\batik-xml.jar;C:/Xilinx/Vivado/2019.1\lib\classes\com.google.gson_2.7.0.v20170129-0911.jar;C:/Xilinx/Vivado/2019.1\lib\classes\com.google.guava_21.0.0.v20170206-1425.jar;C:/Xilinx/Vivado/2019.1\lib\classes\com.google.inject_3.0.0.v201605172100.jar;C:/Xilinx/Vivado/2019.1\lib\classes\com.ibm.icu_4.4.2.v20110208.jar;C:/Xilinx/Vivado/2019.1\lib\classes\com.sigasi.hdt.annotations.runtime_4.3.0.201903071210.jar;C:/Xilinx/Vivado/2019.1\lib\classes\com.sigasi.hdt.blockdiagram.model_4.3.0.201903071210.jar;C:/Xilinx/Vivado/2019.1\lib\classes\com.sigasi.hdt.connection_4.3.0.201903071210.jar;C:/Xilinx/Vivado/2019.1\lib\classes\com.sigasi.hdt.dependencies.model_4.3.0.201903071210.jar;C:/Xilinx/Vivado/2019.1\lib\classes\com.sigasi.hdt.epl_4.3.0.201903071210.jar;C:/Xilinx/Vivado/2019.1\lib\classes\com.sigasi.hdt.graphics.model_4.3.0.201903071210.jar;C:/Xilinx/Vivado/2019.1\lib\classes\com.sigasi.hdt.project_4.3.0
Launcher Type: generic

Logging:
Log output configuration:
#0: stdout all=warning uptime,level,tags
#1: stderr all=off uptime,level,tags

Environment Variables:
PATH=C:/Xilinx/Vivado/2019.1/bin;C:/Xilinx/Vivado/2019.1/lib/win64.o;C:/Xilinx/Vivado/2019.1/tps/win64/jre9.0.4/bin/server;C:/Xilinx/Vivado/2019.1/tps/win64/jre9.0.4/bin;C:/Xilinx/Vivado/2019.1/ids_lite/ISE/bin/nt64;C:/Xilinx/Vivado/2019.1/ids_lite/ISE/lib/nt64;C:\Program Files (x86)\Common Files\Intel\Shared Libraries\redist\intel64\compiler;C:\ProgramData\Oracle\Java\javapath;C:\WINDOWS\system32;C:\WINDOWS;C:\WINDOWS\System32\Wbem;C:\WINDOWS\System32\WindowsPowerShell\v1.0\;C:\WINDOWS\System32\OpenSSH\;C:\Program Files\Polyspace\R2019a\runtime\win64;C:\Program Files\Polyspace\R2019a\bin;C:\Program Files\Polyspace\R2019a\polyspace\bin;C:\Program Files\Git\cmd;C:\Users\carlo\AppData\Local\Microsoft\WindowsApps;C:\Users\carlo\.dotnet\tools;C:\Program Files\Graphviz\bin;C:\Users\carlo\AppData\Local\GitHubDesktop\bin;C:/Xilinx/Vivado/2019.1\tps\mingw\6.2.0\win64.o\nt\bin;C:/Xilinx/Vivado/2019.1\tps\mingw\6.2.0\win64.o\nt\libexec\gcc\x86_64-w64-mingw32\6.2.0;C:/Xilinx/Vivado/2019.1\tps\win64\python-2.7.5;C:/Xilinx/Vivado/2019.1\tps\win64\python-2.7.5\lib;C:/Xilinx/Vivado/2019.1\tps\win64\python-2.7.5\Lib\lib-tk;C:/Xilinx/Vivado/2019.1\tps\win64\python-2.7.5\lib\site-packages
USERNAME=Andrey
OS=Windows_NT
PROCESSOR_IDENTIFIER=Intel64 Family 6 Model 142 Stepping 12, GenuineIntel



---------------  S Y S T E M  ---------------

OS: Windows 10 , 64 bit Build 22000 (10.0.22000.708)

CPU:total 8 (initial active 8) (4 cores per cpu, 2 threads per core) family 6 model 142 stepping 12, cmov, cx8, fxsr, mmx, sse, sse2, sse3, ssse3, sse4.1, sse4.2, popcnt, avx, avx2, aes, clmul, erms, 3dnowpref, lzcnt, ht, tsc, tscinvbit, bmi1, bmi2, adx, fma

Memory: 4k page, physical 8193768k(2452500k free), swap 18611328k(3984756k free)

vm_info: Java HotSpot(TM) 64-Bit Server VM (9.0.4+11) for windows-amd64 JRE (9.0.4+11), built on Dec 20 2017 02:18:54 by "mach5one" with MS VC++ 12.0 (VS2013)

END.
