#
# A fatal error has been detected by the Java Runtime Environment:
#
#  EXCEPTION_ACCESS_VIOLATION (0xc0000005) at pc=0x00007ffd3968a1a5, pid=17684, tid=20004
#
# JRE version: Java(TM) SE Runtime Environment (9.0+11) (build 9.0.4+11)
# Java VM: Java HotSpot(TM) 64-Bit Server VM (9.0.4+11, mixed mode, tiered, compressed oops, g1 gc, windows-amd64)
# Problematic frame:
# C  [librdi_common.dll+0x17a1a5]
#
# No core dump will be written. Minidumps are not enabled by default on client versions of Windows
#
# If you would like to submit a bug report, please visit:
#   http://bugreport.java.com/bugreport/crash.jsp
# The crash happened outside the Java Virtual Machine in native code.
# See problematic frame for where to report the bug.
#

---------------  S U M M A R Y ------------

Command Line: -Dsun.java2d.pmoffscreen=false -Dsun.java2d.xrender=false -Dsun.java2d.d3d=false -Dsun.awt.nopixfmt=true -Dsun.java2d.dpiaware=true -Dsun.java2d.uiScale.enabled=false -Xverify:none -Dswing.aatext=true -XX:-UsePerfData -Djdk.map.althashing.threshold=512 -XX:StringTableSize=4072 --add-opens=java.base/java.nio=ALL-UNNAMED --add-opens=java.desktop/sun.swing=ALL-UNNAMED --add-opens=java.desktop/javax.swing=ALL-UNNAMED --add-opens=java.desktop/javax.swing.tree=ALL-UNNAMED --add-opens=java.desktop/javax.swing.plaf.basic=ALL-UNNAMED --add-opens=java.desktop/javax.swing.plaf.synth=ALL-UNNAMED --add-opens=java.desktop/com.sun.awt=ALL-UNNAMED -XX:NewSize=60m -XX:MaxNewSize=60m -Xms128m -Xmx3072m -Xss5m 

Host: Intel(R) Core(TM) i5-10210U CPU @ 1.60GHz, 8 cores, 7G,  Windows 10 , 64 bit Build 22000 (10.0.22000.708)
Time: Sun Sep 04 11:30:42 2022 Hora estándar, América Central elapsed time: 64 seconds (0d 0h 1m 4s)

---------------  T H R E A D  ---------------

Current thread (0x00000212cc557000):  JavaThread "AWT-EventQueue-1" [_thread_in_native, id=20004, stack(0x000000ad3f500000,0x000000ad3fa00000)]

Stack: [0x000000ad3f500000,0x000000ad3fa00000],  sp=0x000000ad3f9f45c0,  free space=5073k
Native frames: (J=compiled Java code, j=interpreted, Vv=VM code, C=native code)
C  [librdi_common.dll+0x17a1a5]
C  [librdi_common.dll+0x16ee15]
C  [librdi_common.dll+0x1386da]
C  [librdi_wavedata.dll+0x1e1eff]
C  [librdi_wavedata.dll+0x2424d5]
C  [librdi_wavedata.dll+0x26f073]
C  [librdi_wavedata.dll+0x26f89f]
C  [librdi_wavedata.dll+0x242ea0]
C  [librdi_wavedata.dll+0x242f1d]
C  [librdi_wavedata.dll+0x242fc1]
C  [librdi_wavedata.dll+0x23a750]
C  [librdi_wavedata.dll+0x2773cf]
C  0x00000212b460921c

Java frames: (J=compiled Java code, j=interpreted, Vv=VM code)
j  ui.views.waveform.waveformi.WVExecutive_getValueDataSize(J)J+0
j  ui.views.waveform.executive.a.gFJ()Lui/views/waveform/executive/protobuf/WVNameValue$WVValueTreeMessage;+4
j  ui.views.waveform.f.w.gGB()[Ljava/lang/String;+7
j  ui.views.waveform.f.w.cRi()V+22
j  ui.views.waveform.f.m.cRi()V+4
j  ui.views.waveform.m.gDp()V+8
j  ui.views.waveform.m.cRi()V+19
j  ui.views.waveform.w.cRi()V+29
j  ui.views.waveform.c.b.j(Lui/frmwork/b/i;)V+92
j  ui.views.waveform.w.a(Lui/frmwork/b/i;)V+13
J 13187 c1 ui.frmwork.b.l.d(Lui/frmwork/b/i;)V (61 bytes) @ 0x00000212b547711c [0x00000212b54768c0+0x000000000000085c]
J 13170 c1 ui.frmwork.HTclEventBroker.i(JZ)V (471 bytes) @ 0x00000212b54cea2c [0x00000212b54ca240+0x00000000000047ec]
J 13174 c1 ui.frmwork.HTclEventBroker.fireTclEvent(J)I (113 bytes) @ 0x00000212b5486acc [0x00000212b54862c0+0x000000000000080c]
v  ~StubRoutines::call_stub
j  ui.views.waveform.waveformi.WVExecutive_processModelEvent(JJ)V+0
j  ui.views.waveform.executive.a.eE(J)V+5
j  ui.views.waveform.c.b.eD(J)V+8
j  ui.views.waveform.c.b.j(Lui/frmwork/b/i;)V+133
j  ui.views.waveform.w.a(Lui/frmwork/b/i;)V+13
J 13187 c1 ui.frmwork.b.l.d(Lui/frmwork/b/i;)V (61 bytes) @ 0x00000212b547711c [0x00000212b54768c0+0x000000000000085c]
J 13170 c1 ui.frmwork.HTclEventBroker.i(JZ)V (471 bytes) @ 0x00000212b54cea2c [0x00000212b54ca240+0x00000000000047ec]
J 13174 c1 ui.frmwork.HTclEventBroker.fireTclEvent(J)I (113 bytes) @ 0x00000212b5486acc [0x00000212b54862c0+0x000000000000080c]
v  ~StubRoutines::call_stub
j  ui.views.waveform.waveformi.WVExecutive_processModelEvent(JJ)V+0
j  ui.views.waveform.executive.a.eE(J)V+5
j  ui.views.waveform.c.b.eD(J)V+8
j  ui.views.waveform.c.e.actionPerformed(Ljava/awt/event/ActionEvent;)V+8
J 13307 c1 javax.swing.Timer.fireActionPerformed(Ljava/awt/event/ActionEvent;)V java.desktop@9.0.4 (46 bytes) @ 0x00000212b56440c4 [0x00000212b5643e00+0x00000000000002c4]
J 14272 c1 javax.swing.Timer$DoPostEvent.run()V java.desktop@9.0.4 (82 bytes) @ 0x00000212b6d7b84c [0x00000212b6d7b000+0x000000000000084c]
J 16524 c2 java.awt.EventQueue$3.run()Ljava/lang/Object; java.desktop@9.0.4 (5 bytes) @ 0x00000212bce19d84 [0x00000212bce19c80+0x0000000000000104]
v  ~StubRoutines::call_stub
J 3838  java.security.AccessController.doPrivileged(Ljava/security/PrivilegedAction;Ljava/security/AccessControlContext;)Ljava/lang/Object; java.base@9.0.4 (0 bytes) @ 0x00000212bc2da8c6 [0x00000212bc2da860+0x0000000000000066]
J 15832 c2 ui.frmwork.b.d.dispatchEvent(Ljava/awt/AWTEvent;)V (34 bytes) @ 0x00000212bcd12a10 [0x00000212bcd12420+0x00000000000005f0]
J 16484 c1 java.awt.EventDispatchThread.pumpOneEventForFilters(I)V java.desktop@9.0.4 (218 bytes) @ 0x00000212b5064414 [0x00000212b5063040+0x00000000000013d4]
j  java.awt.EventDispatchThread.pumpEventsForFilter(ILjava/awt/Conditional;Ljava/awt/EventFilter;)V+35 java.desktop@9.0.4
j  java.awt.EventDispatchThread.pumpEventsForFilter(Ljava/awt/Conditional;Ljava/awt/EventFilter;)V+4 java.desktop@9.0.4
j  java.awt.WaitDispatchSupport$2.run()V+59 java.desktop@9.0.4
j  java.awt.WaitDispatchSupport$4.run()Ljava/lang/Void;+4 java.desktop@9.0.4
j  java.awt.WaitDispatchSupport$4.run()Ljava/lang/Object;+1 java.desktop@9.0.4
v  ~StubRoutines::call_stub
J 1037  java.security.AccessController.doPrivileged(Ljava/security/PrivilegedAction;)Ljava/lang/Object; java.base@9.0.4 (0 bytes) @ 0x00000212bc122e32 [0x00000212bc122de0+0x0000000000000052]
j  java.awt.WaitDispatchSupport.enter()Z+260 java.desktop@9.0.4
j  java.awt.Dialog.show()V+225 java.desktop@9.0.4
J 9831 c1 java.awt.Component.setVisible(Z)V java.desktop@9.0.4 (6 bytes) @ 0x00000212b658facc [0x00000212b658f8e0+0x00000000000001ec]
j  java.awt.Window.setVisible(Z)V+2 java.desktop@9.0.4
j  java.awt.Dialog.setVisible(Z)V+2 java.desktop@9.0.4
j  ui.b.c.g.setVisible(Z)V+2
j  ui.b.c.by.showDialog()V+64
j  ui.b.c.bF.actionPerformed(Ljava/awt/event/ActionEvent;)V+8
j  ui.b.c.by.cJI()V+396
j  ui.views.c.t.b.a.run()V+60
j  ui.frmwork.a.dWF()Z+66
j  ui.frmwork.V.dYl()V+42
j  ui.bk.actionPerformed(Ljava/awt/event/ActionEvent;)V+25
j  javax.swing.AbstractButton.fireActionPerformed(Ljava/awt/event/ActionEvent;)V+84 java.desktop@9.0.4
j  ui.utils.o.b.B.fireActionPerformed(Ljava/awt/event/ActionEvent;)V+7
j  javax.swing.AbstractButton$Handler.actionPerformed(Ljava/awt/event/ActionEvent;)V+5 java.desktop@9.0.4
j  javax.swing.DefaultButtonModel.fireActionPerformed(Ljava/awt/event/ActionEvent;)V+34 java.desktop@9.0.4
j  javax.swing.DefaultButtonModel.setPressed(Z)V+117 java.desktop@9.0.4
j  javax.swing.plaf.basic.BasicButtonListener.mouseReleased(Ljava/awt/event/MouseEvent;)V+35 java.desktop@9.0.4
j  com.jidesoft.plaf.basic.BasicJideButtonListener.mouseReleased(Ljava/awt/event/MouseEvent;)V+61
j  java.awt.AWTEventMulticaster.mouseReleased(Ljava/awt/event/MouseEvent;)V+8 java.desktop@9.0.4
j  java.awt.AWTEventMulticaster.mouseReleased(Ljava/awt/event/MouseEvent;)V+8 java.desktop@9.0.4
j  java.awt.AWTEventMulticaster.mouseReleased(Ljava/awt/event/MouseEvent;)V+8 java.desktop@9.0.4
j  java.awt.AWTEventMulticaster.mouseReleased(Ljava/awt/event/MouseEvent;)V+8 java.desktop@9.0.4
J 16560 c1 java.awt.Component.processMouseEvent(Ljava/awt/event/MouseEvent;)V java.desktop@9.0.4 (100 bytes) @ 0x00000212b53cebb4 [0x00000212b53ce820+0x0000000000000394]
J 16565 c1 javax.swing.JComponent.processMouseEvent(Ljava/awt/event/MouseEvent;)V java.desktop@9.0.4 (27 bytes) @ 0x00000212b534a0ec [0x00000212b5349ee0+0x000000000000020c]
J 13848 c2 java.awt.Container.processEvent(Ljava/awt/AWTEvent;)V java.desktop@9.0.4 (22 bytes) @ 0x00000212bcbf7040 [0x00000212bcbf6f20+0x0000000000000120]
J 16550 c1 java.awt.Component.dispatchEventImpl(Ljava/awt/AWTEvent;)V java.desktop@9.0.4 (739 bytes) @ 0x00000212b62f8d14 [0x00000212b62f4ee0+0x0000000000003e34]
J 16525 c2 java.awt.Container.dispatchEventImpl(Ljava/awt/AWTEvent;)V java.desktop@9.0.4 (129 bytes) @ 0x00000212bce1dbd8 [0x00000212bce1db80+0x0000000000000058]
J 16493 c2 java.awt.LightweightDispatcher.retargetMouseEvent(Ljava/awt/Component;ILjava/awt/event/MouseEvent;)V java.desktop@9.0.4 (350 bytes) @ 0x00000212bca1b64c [0x00000212bca1b060+0x00000000000005ec]
J 16525 c2 java.awt.Container.dispatchEventImpl(Ljava/awt/AWTEvent;)V java.desktop@9.0.4 (129 bytes) @ 0x00000212bce1e0b0 [0x00000212bce1db80+0x0000000000000530]
J 14956 c1 java.awt.Window.dispatchEventImpl(Ljava/awt/AWTEvent;)V java.desktop@9.0.4 (23 bytes) @ 0x00000212b5719b74 [0x00000212b57195a0+0x00000000000005d4]
J 16524 c2 java.awt.EventQueue$3.run()Ljava/lang/Object; java.desktop@9.0.4 (5 bytes) @ 0x00000212bce19e3c [0x00000212bce19c80+0x00000000000001bc]
v  ~StubRoutines::call_stub
J 3838  java.security.AccessController.doPrivileged(Ljava/security/PrivilegedAction;Ljava/security/AccessControlContext;)Ljava/lang/Object; java.base@9.0.4 (0 bytes) @ 0x00000212bc2da8c6 [0x00000212bc2da860+0x0000000000000066]
J 12361 c1 java.awt.EventQueue$4.run()Ljava/lang/Object; java.desktop@9.0.4 (5 bytes) @ 0x00000212b6a64ffc [0x00000212b6a64c40+0x00000000000003bc]
v  ~StubRoutines::call_stub
J 3838  java.security.AccessController.doPrivileged(Ljava/security/PrivilegedAction;Ljava/security/AccessControlContext;)Ljava/lang/Object; java.base@9.0.4 (0 bytes) @ 0x00000212bc2da8c6 [0x00000212bc2da860+0x0000000000000066]
J 15832 c2 ui.frmwork.b.d.dispatchEvent(Ljava/awt/AWTEvent;)V (34 bytes) @ 0x00000212bcd12838 [0x00000212bcd12420+0x0000000000000418]
J 16484 c1 java.awt.EventDispatchThread.pumpOneEventForFilters(I)V java.desktop@9.0.4 (218 bytes) @ 0x00000212b5064414 [0x00000212b5063040+0x00000000000013d4]
j  java.awt.EventDispatchThread.pumpEventsForFilter(ILjava/awt/Conditional;Ljava/awt/EventFilter;)V+35 java.desktop@9.0.4
j  java.awt.EventDispatchThread.pumpEventsForHierarchy(ILjava/awt/Conditional;Ljava/awt/Component;)V+11 java.desktop@9.0.4
j  java.awt.EventDispatchThread.pumpEvents(ILjava/awt/Conditional;)V+4 java.desktop@9.0.4
j  java.awt.EventDispatchThread.pumpEvents(Ljava/awt/Conditional;)V+3 java.desktop@9.0.4
j  java.awt.EventDispatchThread.run()V+9 java.desktop@9.0.4
v  ~StubRoutines::call_stub

siginfo: EXCEPTION_ACCESS_VIOLATION (0xc0000005), reading address 0xffffffffffffffff


Register to memory mapping:

RIP=0x00007ffd3968a1a5 librdi_common.dll
RAX=0x00000212a315c301 is an unknown value
RBX=0x9004fa12230b017d is an unknown value
RCX=0x00000212a315c3a0 is an unknown value
RDX=0x9004fa12230b017d is an unknown value
RSP=0x000000ad3f9f45c0 is pointing into the stack for thread: 0x00000212cc557000
RBP=0x000000ad3f9f46f0 is pointing into the stack for thread: 0x00000212cc557000
RSI=0x00000212d292d690 is an unknown value
RDI=0x000000ad3f9f47d8 is pointing into the stack for thread: 0x00000212cc557000
R8 =0x000000ad3f9f47d8 is pointing into the stack for thread: 0x00000212cc557000
R9 =0x0000000000000000 is an unknown value
R10=0x00007ffd6d340000 VCRUNTIME140.dll
R11=0x030c409804070022 is an unknown value
R12=0x000000ad3f9f47d8 is pointing into the stack for thread: 0x00000212cc557000
R13=0x0000000000000000 is an unknown value
R14=0x00000212a09a9e70 is an unknown value
R15=0x9004fa12230b017d is an unknown value


Registers:
RAX=0x00000212a315c301, RBX=0x9004fa12230b017d, RCX=0x00000212a315c3a0, RDX=0x9004fa12230b017d
RSP=0x000000ad3f9f45c0, RBP=0x000000ad3f9f46f0, RSI=0x00000212d292d690, RDI=0x000000ad3f9f47d8
R8 =0x000000ad3f9f47d8, R9 =0x0000000000000000, R10=0x00007ffd6d340000, R11=0x030c409804070022
R12=0x000000ad3f9f47d8, R13=0x0000000000000000, R14=0x00000212a09a9e70, R15=0x9004fa12230b017d
RIP=0x00007ffd3968a1a5, EFLAGS=0x0000000000010202

Top of Stack: (sp=0x000000ad3f9f45c0)
0x000000ad3f9f45c0:   000000ad3f9f4a30 00007ffd1e823107
0x000000ad3f9f45d0:   000000ad00000000 9004fa12230b017d
0x000000ad3f9f45e0:   9004fa12230b017d 00007ffd3967ee15
0x000000ad3f9f45f0:   000000055636c350 00007ffd1e82336f
0x000000ad3f9f4600:   000016e5571bcc81 0000000000000000
0x000000ad3f9f4610:   00000212d1c51aa0 00000212d94d2570
0x000000ad3f9f4620:   0000000000000002 00007ffd396e8985
0x000000ad3f9f4630:   00000212d2d3f990 00000212d94d2578
0x000000ad3f9f4640:   00000212d94d25b8 00000212d94d2570
0x000000ad3f9f4650:   fffffffffffffffe 00007ffd39c56a6d
0x000000ad3f9f4660:   fffffffffffffffe 00007ffd3a343fe0
0x000000ad3f9f4670:   00000212d94d2570 00000212a095f7a8
0x000000ad3f9f4680:   000000ad3f9f47d8 00007ffd396e7c76
0x000000ad3f9f4690:   00000212d94d2570 000000ad3f9f47d8
0x000000ad3f9f46a0:   0000021200000002 0000000000000000
0x000000ad3f9f46b0:   fffffffffffffffe 000000000000000f 

Instructions: (pc=0x00007ffd3968a1a5)
0x00007ffd3968a185:   20 48 8b d9 e8 22 c4 04 00 48 8b c8 48 8b d3 e8
0x00007ffd3968a195:   27 0d 05 00 84 c0 75 08 33 c0 48 83 c4 20 5b c3
0x00007ffd3968a1a5:   48 8b 4b 50 48 85 c9 74 0a 48 83 c4 20 5b e9 68
0x00007ffd3968a1b5:   e2 04 00 48 8b d3 48 8d 0d 26 fc 73 00 e8 59 b7 



---------------  P R O C E S S  ---------------

Java Threads: ( => current thread )
  0x00000212d2999000 JavaThread "Relaunch Simulation" [_thread_blocked, id=16152, stack(0x000000ad43400000,0x000000ad43900000)]
  0x00000212d299a800 JavaThread "SyntheticaAnimation 50" daemon [_thread_blocked, id=16076, stack(0x000000ad42500000,0x000000ad42a00000)]
  0x00000212d299c000 JavaThread "Update Runs Swing Worker" [_thread_blocked, id=16848, stack(0x000000ad42f00000,0x000000ad43400000)]
  0x00000212cc535000 JavaThread "hw_ila_monitor" [_thread_blocked, id=108, stack(0x000000ad41b00000,0x000000ad42000000)]
  0x00000212cc534800 JavaThread "Refresh Filesets Swing Worker" [_thread_blocked, id=20200, stack(0x000000ad41600000,0x000000ad41b00000)]
  0x00000212cc533800 JavaThread "SyntheticaAnimation 70" daemon [_thread_blocked, id=5472, stack(0x000000ad3fa00000,0x000000ad3ff00000)]
  0x00000212cc536000 JavaThread "SyntheticaAnimation 25" daemon [_thread_blocked, id=10104, stack(0x000000ad41100000,0x000000ad41600000)]
  0x00000212cc539000 JavaThread "SyntheticaAnimation 50" daemon [_thread_blocked, id=15904, stack(0x000000ad40c00000,0x000000ad41100000)]
  0x00000212cc537000 JavaThread "Monitor HEventQueue" [_thread_blocked, id=6788, stack(0x000000ad40700000,0x000000ad40c00000)]
  0x00000212cc53a000 JavaThread "SyntheticaCleanerThread" daemon [_thread_blocked, id=2184, stack(0x000000ad3ff00000,0x000000ad40400000)]
  0x00000212cc537800 JavaThread "Batik CleanerThread" daemon [_thread_blocked, id=8812, stack(0x000000ad3eb00000,0x000000ad3f000000)]
=>0x00000212cc557000 JavaThread "AWT-EventQueue-1" [_thread_in_native, id=20004, stack(0x000000ad3f500000,0x000000ad3fa00000)]
  0x00000212cc5fa000 JavaThread "Process Messages" [_thread_blocked, id=19108, stack(0x000000ad3f000000,0x000000ad3f500000)]
  0x00000212cc678800 JavaThread "Thread-1" [_thread_in_native, id=7956, stack(0x000000ad37e00000,0x000000ad39200000)]
  0x00000212cbea2000 JavaThread "TimerQueue" daemon [_thread_blocked, id=14700, stack(0x000000ad3e100000,0x000000ad3e600000)]
  0x00000212cbe89000 JavaThread "AWT-Windows" daemon [_thread_in_native, id=6924, stack(0x000000ad3dc00000,0x000000ad3e100000)]
  0x00000212cb99e000 JavaThread "AWT-Shutdown" [_thread_blocked, id=17088, stack(0x000000ad3d700000,0x000000ad3dc00000)]
  0x00000212cb99d000 JavaThread "Java2D Disposer" daemon [_thread_blocked, id=8696, stack(0x000000ad3d200000,0x000000ad3d700000)]
  0x00000212a8d0e800 JavaThread "Service Thread" daemon [_thread_blocked, id=16956, stack(0x000000ad3cc00000,0x000000ad3d100000)]
  0x00000212aa0c3000 JavaThread "Common-Cleaner" daemon [_thread_blocked, id=18328, stack(0x000000ad3c700000,0x000000ad3cc00000)]
  0x00000212aa0af000 JavaThread "Sweeper thread" daemon [_thread_blocked, id=11920, stack(0x000000ad3c200000,0x000000ad3c700000)]
  0x00000212aa0ad000 JavaThread "C1 CompilerThread3" daemon [_thread_blocked, id=14128, stack(0x000000ad3c100000,0x000000ad3c200000)]
  0x00000212aa0ac800 JavaThread "C2 CompilerThread2" daemon [_thread_blocked, id=11584, stack(0x000000ad3c000000,0x000000ad3c100000)]
  0x00000212aa0a9800 JavaThread "C2 CompilerThread1" daemon [_thread_blocked, id=7272, stack(0x000000ad3bf00000,0x000000ad3c000000)]
  0x00000212aa0a9000 JavaThread "C2 CompilerThread0" daemon [_thread_blocked, id=7188, stack(0x000000ad3be00000,0x000000ad3bf00000)]
  0x00000212aa0a8000 JavaThread "Attach Listener" daemon [_thread_blocked, id=14116, stack(0x000000ad3b900000,0x000000ad3be00000)]
  0x00000212ad1fd800 JavaThread "Signal Dispatcher" daemon [_thread_blocked, id=15796, stack(0x000000ad3b400000,0x000000ad3b900000)]
  0x00000212ad1fa000 JavaThread "Finalizer" daemon [_thread_blocked, id=11928, stack(0x000000ad3af00000,0x000000ad3b400000)]
  0x00000212ad1f9800 JavaThread "Reference Handler" daemon [_thread_blocked, id=332, stack(0x000000ad3aa00000,0x000000ad3af00000)]
  0x00000212acb47000 JavaThread "main" [_thread_blocked, id=19652, stack(0x000000ad37d00000,0x000000ad37e00000)]

Other Threads:
  0x00000212a882a800 VMThread "VM Thread" [stack: 0x000000ad3a900000,0x000000ad3aa00000] [id=4408]
  0x00000212a8a63000 WatcherThread [stack: 0x000000ad3d100000,0x000000ad3d200000] [id=9780]
  0x00000212aa779800 GCTaskThread "GC Thread#0" [stack: 0x000000ad39500000,0x000000ad39600000] [id=10320]
  0x00000212ad355000 GCTaskThread "GC Thread#1" [stack: 0x000000ad39600000,0x000000ad39700000] [id=17976]
  0x00000212ad353800 GCTaskThread "GC Thread#2" [stack: 0x000000ad39700000,0x000000ad39800000] [id=8260]
  0x00000212ad353000 GCTaskThread "GC Thread#3" [stack: 0x000000ad39800000,0x000000ad39900000] [id=5552]
  0x00000212ad355800 GCTaskThread "GC Thread#4" [stack: 0x000000ad39900000,0x000000ad39a00000] [id=4404]
  0x00000212ad358800 GCTaskThread "GC Thread#5" [stack: 0x000000ad39a00000,0x000000ad39b00000] [id=5056]
  0x00000212ad359000 GCTaskThread "GC Thread#6" [stack: 0x000000ad39b00000,0x000000ad39c00000] [id=20016]
  0x00000212ad354000 GCTaskThread "GC Thread#7" [stack: 0x000000ad39c00000,0x000000ad39d00000] [id=13732]
  0x00000212ad0db800 ConcurrentGCThread "G1 Main Marker" [stack: 0x000000ad3a600000,0x000000ad3a700000] [id=20184]
  0x00000212ad352800 ConcurrentGCThread "G1 Marker#0" [stack: 0x000000ad3a700000,0x000000ad3a800000] [id=19328]
  0x00000212ad356000 ConcurrentGCThread "G1 Marker#1" [stack: 0x000000ad3a800000,0x000000ad3a900000] [id=10664]
  0x00000212ad01e800 ConcurrentGCThread "G1 Refine#0" [stack: 0x000000ad3a400000,0x000000ad3a500000] [id=19248]
  0x00000212ad01c800 ConcurrentGCThread "G1 Refine#1" [stack: 0x000000ad3a300000,0x000000ad3a400000] [id=14380]
  0x00000212ad01b000 ConcurrentGCThread "G1 Refine#2" [stack: 0x000000ad3a200000,0x000000ad3a300000] [id=2700]
  0x00000212ad01a000 ConcurrentGCThread "G1 Refine#3" [stack: 0x000000ad3a100000,0x000000ad3a200000] [id=10280]
  0x00000212ad018000 ConcurrentGCThread "G1 Refine#4" [stack: 0x000000ad3a000000,0x000000ad3a100000] [id=3484]
  0x00000212a8724000 ConcurrentGCThread "G1 Refine#5" [stack: 0x000000ad39f00000,0x000000ad3a000000] [id=17672]
  0x00000212a8720000 ConcurrentGCThread "G1 Refine#6" [stack: 0x000000ad39e00000,0x000000ad39f00000] [id=14956]
  0x00000212a871f800 ConcurrentGCThread "G1 Refine#7" [stack: 0x000000ad39d00000,0x000000ad39e00000] [id=18892]
  0x00000212ad0d2000 ConcurrentGCThread "G1 Young RemSet Sampling" [stack: 0x000000ad3a500000,0x000000ad3a600000] [id=14368]

Threads with active compile tasks:

VM state:not at safepoint (normal execution)

VM Mutex/Monitor currently owned by a thread: None

Heap address: 0x0000000700000000, size: 3072 MB, Compressed Oops mode: Zero based, Oop shift amount: 3
Narrow klass base: 0x0000000000000000, Narrow klass shift: 3
Compressed class space size: 1073741824 Address: 0x00000007c0000000

Heap:
 garbage-first heap   total 249856K, used 121256K [0x0000000700000000, 0x00000007001007a0, 0x00000007c0000000)
  region size 1024K, 41 young (41984K), 3 survivors (3072K)
 Metaspace       used 79917K, capacity 85219K, committed 85456K, reserved 1122304K
  class space    used 10986K, capacity 11916K, committed 12028K, reserved 1048576K
Heap Regions: E=young(eden), S=young(survivor), O=old, HS=humongous(starts), HC=humongous(continues), CS=collection set, F=free, A=archive, TS=gc time stamp, AC=allocation context, TAMS=top-at-mark-start (previous, next)
|   0|0x0000000700000000, 0x00000007000d7a98, 0x0000000700100000| 84%| O|  |TS  0|AC  0|TAMS 0x0000000700000000, 0x0000000700000000|
|   1|0x0000000700100000, 0x0000000700200000, 0x0000000700200000|100%|HS|  |TS  0|AC  0|TAMS 0x0000000700100000, 0x0000000700100000|
|   2|0x0000000700200000, 0x0000000700300000, 0x0000000700300000|100%|HC|  |TS  0|AC  0|TAMS 0x0000000700200000, 0x0000000700200000|
|   3|0x0000000700300000, 0x0000000700400000, 0x0000000700400000|100%|HS|  |TS  0|AC  0|TAMS 0x0000000700300000, 0x0000000700300000|
|   4|0x0000000700400000, 0x00000007004ff8a8, 0x0000000700500000| 99%| O|  |TS  0|AC  0|TAMS 0x0000000700400000, 0x0000000700400000|
|   5|0x0000000700500000, 0x00000007005fec00, 0x0000000700600000| 99%| O|  |TS  0|AC  0|TAMS 0x0000000700500000, 0x0000000700500000|
|   6|0x0000000700600000, 0x00000007006f0568, 0x0000000700700000| 93%| O|  |TS  0|AC  0|TAMS 0x0000000700600000, 0x0000000700600000|
|   7|0x0000000700700000, 0x0000000700800000, 0x0000000700800000|100%| O|  |TS  0|AC  0|TAMS 0x0000000700700000, 0x0000000700700000|
|   8|0x0000000700800000, 0x00000007008ffff0, 0x0000000700900000| 99%| O|  |TS  0|AC  0|TAMS 0x0000000700800000, 0x0000000700800000|
|   9|0x0000000700900000, 0x00000007009fffe8, 0x0000000700a00000| 99%| O|  |TS  0|AC  0|TAMS 0x0000000700900000, 0x0000000700900000|
|  10|0x0000000700a00000, 0x0000000700afff90, 0x0000000700b00000| 99%| O|  |TS  0|AC  0|TAMS 0x0000000700a00000, 0x0000000700a00000|
|  11|0x0000000700b00000, 0x0000000700bf6938, 0x0000000700c00000| 96%| O|  |TS  0|AC  0|TAMS 0x0000000700b00000, 0x0000000700b00000|
|  12|0x0000000700c00000, 0x0000000700cff4c0, 0x0000000700d00000| 99%| O|  |TS  0|AC  0|TAMS 0x0000000700c00000, 0x0000000700c00000|
|  13|0x0000000700d00000, 0x0000000700dee820, 0x0000000700e00000| 93%| O|  |TS  0|AC  0|TAMS 0x0000000700d00000, 0x0000000700d00000|
|  14|0x0000000700e00000, 0x0000000700efd1d8, 0x0000000700f00000| 98%| O|  |TS  0|AC  0|TAMS 0x0000000700e00000, 0x0000000700e00000|
|  15|0x0000000700f00000, 0x0000000700ffa998, 0x0000000701000000| 97%| O|  |TS  0|AC  0|TAMS 0x0000000700f00000, 0x0000000700f00000|
|  16|0x0000000701000000, 0x00000007010ffff8, 0x0000000701100000| 99%| O|  |TS  0|AC  0|TAMS 0x0000000701000000, 0x0000000701000000|
|  17|0x0000000701100000, 0x00000007011ffff0, 0x0000000701200000| 99%| O|  |TS  0|AC  0|TAMS 0x0000000701100000, 0x0000000701100000|
|  18|0x0000000701200000, 0x00000007012ffff8, 0x0000000701300000| 99%| O|  |TS  0|AC  0|TAMS 0x0000000701200000, 0x0000000701200000|
|  19|0x0000000701300000, 0x00000007013fe428, 0x0000000701400000| 99%| O|  |TS  0|AC  0|TAMS 0x0000000701300000, 0x0000000701300000|
|  20|0x0000000701400000, 0x00000007014ffd38, 0x0000000701500000| 99%| O|  |TS  0|AC  0|TAMS 0x0000000701400000, 0x0000000701400000|
|  21|0x0000000701500000, 0x0000000701600000, 0x0000000701600000|100%|HS|  |TS  0|AC  0|TAMS 0x0000000701500000, 0x0000000701500000|
|  22|0x0000000701600000, 0x0000000701700000, 0x0000000701700000|100%|HC|  |TS  0|AC  0|TAMS 0x0000000701600000, 0x0000000701600000|
|  23|0x0000000701700000, 0x0000000701800000, 0x0000000701800000|100%|HS|  |TS  0|AC  0|TAMS 0x0000000701700000, 0x0000000701700000|
|  24|0x0000000701800000, 0x0000000701900000, 0x0000000701900000|100%|HC|  |TS  0|AC  0|TAMS 0x0000000701800000, 0x0000000701800000|
|  25|0x0000000701900000, 0x0000000701a00000, 0x0000000701a00000|100%|HS|  |TS  0|AC  0|TAMS 0x0000000701900000, 0x0000000701900000|
|  26|0x0000000701a00000, 0x0000000701b00000, 0x0000000701b00000|100%|HS|  |TS  0|AC  0|TAMS 0x0000000701a00000, 0x0000000701a00000|
|  27|0x0000000701b00000, 0x0000000701bffc20, 0x0000000701c00000| 99%| O|  |TS  0|AC  0|TAMS 0x0000000701b00000, 0x0000000701b00000|
|  28|0x0000000701c00000, 0x0000000701cffff8, 0x0000000701d00000| 99%| O|  |TS  0|AC  0|TAMS 0x0000000701c00000, 0x0000000701c00000|
|  29|0x0000000701d00000, 0x0000000701dffff8, 0x0000000701e00000| 99%| O|  |TS  0|AC  0|TAMS 0x0000000701d00000, 0x0000000701d00000|
|  30|0x0000000701e00000, 0x0000000701effff8, 0x0000000701f00000| 99%| O|  |TS  0|AC  0|TAMS 0x0000000701e00000, 0x0000000701e00000|
|  31|0x0000000701f00000, 0x0000000701fffff8, 0x0000000702000000| 99%| O|  |TS  0|AC  0|TAMS 0x0000000701f00000, 0x0000000701f00000|
|  32|0x0000000702000000, 0x0000000702100000, 0x0000000702100000|100%| O|  |TS  0|AC  0|TAMS 0x0000000702000000, 0x0000000702000000|
|  33|0x0000000702100000, 0x00000007021ffff8, 0x0000000702200000| 99%| O|  |TS  0|AC  0|TAMS 0x0000000702100000, 0x0000000702100000|
|  34|0x0000000702200000, 0x00000007022fffe0, 0x0000000702300000| 99%| O|  |TS  0|AC  0|TAMS 0x0000000702200000, 0x0000000702200000|
|  35|0x0000000702300000, 0x0000000702400000, 0x0000000702400000|100%| O|  |TS  0|AC  0|TAMS 0x0000000702300000, 0x0000000702300000|
|  36|0x0000000702400000, 0x00000007024ffff8, 0x0000000702500000| 99%| O|  |TS  0|AC  0|TAMS 0x0000000702400000, 0x0000000702400000|
|  37|0x0000000702500000, 0x00000007025ffe30, 0x0000000702600000| 99%| O|  |TS  0|AC  0|TAMS 0x0000000702500000, 0x0000000702500000|
|  38|0x0000000702600000, 0x0000000702700000, 0x0000000702700000|100%| O|  |TS  0|AC  0|TAMS 0x0000000702600000, 0x0000000702600000|
|  39|0x0000000702700000, 0x0000000702800000, 0x0000000702800000|100%| O|  |TS  0|AC  0|TAMS 0x0000000702700000, 0x0000000702700000|
|  40|0x0000000702800000, 0x00000007028fffd0, 0x0000000702900000| 99%| O|  |TS  0|AC  0|TAMS 0x0000000702800000, 0x0000000702800000|
|  41|0x0000000702900000, 0x00000007029ffff8, 0x0000000702a00000| 99%| O|  |TS  0|AC  0|TAMS 0x0000000702900000, 0x0000000702900000|
|  42|0x0000000702a00000, 0x0000000702afffa8, 0x0000000702b00000| 99%| O|  |TS  0|AC  0|TAMS 0x0000000702a00000, 0x0000000702a00000|
|  43|0x0000000702b00000, 0x0000000702bffcb8, 0x0000000702c00000| 99%| O|  |TS  0|AC  0|TAMS 0x0000000702b00000, 0x0000000702b00000|
|  44|0x0000000702c00000, 0x0000000702cfffe8, 0x0000000702d00000| 99%| O|  |TS  0|AC  0|TAMS 0x0000000702c00000, 0x0000000702c00000|
|  45|0x0000000702d00000, 0x0000000702dfffb8, 0x0000000702e00000| 99%| O|  |TS  0|AC  0|TAMS 0x0000000702d00000, 0x0000000702d00000|
|  46|0x0000000702e00000, 0x0000000702efff58, 0x0000000702f00000| 99%| O|  |TS  0|AC  0|TAMS 0x0000000702e00000, 0x0000000702e00000|
|  47|0x0000000702f00000, 0x0000000702fffff0, 0x0000000703000000| 99%| O|  |TS  0|AC  0|TAMS 0x0000000702f00000, 0x0000000702f00000|
|  48|0x0000000703000000, 0x00000007030ffff0, 0x0000000703100000| 99%| O|  |TS  0|AC  0|TAMS 0x0000000703000000, 0x0000000703000000|
|  49|0x0000000703100000, 0x00000007031ffff0, 0x0000000703200000| 99%| O|  |TS  0|AC  0|TAMS 0x0000000703100000, 0x0000000703100000|
|  50|0x0000000703200000, 0x0000000703300000, 0x0000000703300000|100%| O|  |TS  0|AC  0|TAMS 0x0000000703200000, 0x0000000703200000|
|  51|0x0000000703300000, 0x0000000703400000, 0x0000000703400000|100%|HS|  |TS  0|AC  0|TAMS 0x0000000703300000, 0x0000000703300000|
|  52|0x0000000703400000, 0x0000000703500000, 0x0000000703500000|100%|HC|  |TS  0|AC  0|TAMS 0x0000000703400000, 0x0000000703400000|
|  53|0x0000000703500000, 0x0000000703600000, 0x0000000703600000|100%|HC|  |TS  0|AC  0|TAMS 0x0000000703500000, 0x0000000703500000|
|  54|0x0000000703600000, 0x0000000703700000, 0x0000000703700000|100%|HC|  |TS  0|AC  0|TAMS 0x0000000703600000, 0x0000000703600000|
|  55|0x0000000703700000, 0x0000000703800000, 0x0000000703800000|100%|HC|  |TS  0|AC  0|TAMS 0x0000000703700000, 0x0000000703700000|
|  56|0x0000000703800000, 0x0000000703900000, 0x0000000703900000|100%|HC|  |TS  0|AC  0|TAMS 0x0000000703800000, 0x0000000703800000|
|  57|0x0000000703900000, 0x0000000703a00000, 0x0000000703a00000|100%|HC|  |TS  0|AC  0|TAMS 0x0000000703900000, 0x0000000703900000|
|  58|0x0000000703a00000, 0x0000000703b00000, 0x0000000703b00000|100%|HC|  |TS  0|AC  0|TAMS 0x0000000703a00000, 0x0000000703a00000|
|  59|0x0000000703b00000, 0x0000000703c00000, 0x0000000703c00000|100%|HC|  |TS  0|AC  0|TAMS 0x0000000703b00000, 0x0000000703b00000|
|  60|0x0000000703c00000, 0x0000000703d00000, 0x0000000703d00000|100%|HC|  |TS  0|AC  0|TAMS 0x0000000703c00000, 0x0000000703c00000|
|  61|0x0000000703d00000, 0x0000000703e00000, 0x0000000703e00000|100%|HC|  |TS  0|AC  0|TAMS 0x0000000703d00000, 0x0000000703d00000|
|  62|0x0000000703e00000, 0x0000000703f00000, 0x0000000703f00000|100%|HC|  |TS  0|AC  0|TAMS 0x0000000703e00000, 0x0000000703e00000|
|  63|0x0000000703f00000, 0x0000000704000000, 0x0000000704000000|100%|HC|  |TS  0|AC  0|TAMS 0x0000000703f00000, 0x0000000703f00000|
|  64|0x0000000704000000, 0x0000000704100000, 0x0000000704100000|100%|HC|  |TS  0|AC  0|TAMS 0x0000000704000000, 0x0000000704000000|
|  65|0x0000000704100000, 0x0000000704200000, 0x0000000704200000|100%|HC|  |TS  0|AC  0|TAMS 0x0000000704100000, 0x0000000704100000|
|  66|0x0000000704200000, 0x0000000704300000, 0x0000000704300000|100%|HC|  |TS  0|AC  0|TAMS 0x0000000704200000, 0x0000000704200000|
|  67|0x0000000704300000, 0x0000000704400000, 0x0000000704400000|100%|HC|  |TS  0|AC  0|TAMS 0x0000000704300000, 0x0000000704300000|
|  68|0x0000000704400000, 0x00000007044ffff8, 0x0000000704500000| 99%| O|  |TS  0|AC  0|TAMS 0x0000000704400000, 0x0000000704400000|
|  69|0x0000000704500000, 0x00000007045fffe8, 0x0000000704600000| 99%| O|  |TS  0|AC  0|TAMS 0x0000000704500000, 0x0000000704500000|
|  70|0x0000000704600000, 0x00000007046ffec8, 0x0000000704700000| 99%| O|  |TS  0|AC  0|TAMS 0x0000000704600000, 0x0000000704600000|
|  71|0x0000000704700000, 0x00000007047ffff8, 0x0000000704800000| 99%| O|  |TS  0|AC  0|TAMS 0x0000000704700000, 0x0000000704700000|
|  72|0x0000000704800000, 0x0000000704900000, 0x0000000704900000|100%| O|  |TS  0|AC  0|TAMS 0x0000000704800000, 0x0000000704800000|
|  73|0x0000000704900000, 0x0000000704a00000, 0x0000000704a00000|100%|HS|  |TS  0|AC  0|TAMS 0x0000000704900000, 0x0000000704900000|
|  74|0x0000000704a00000, 0x0000000704b00000, 0x0000000704b00000|100%| O|  |TS  0|AC  0|TAMS 0x0000000704a00000, 0x0000000704a00000|
|  75|0x0000000704b00000, 0x0000000704bc1aa8, 0x0000000704c00000| 75%| O|  |TS  0|AC  0|TAMS 0x0000000704b00000, 0x0000000704b00000|
|  76|0x0000000704c00000, 0x0000000704c00000, 0x0000000704d00000|  0%| F|  |TS  0|AC  0|TAMS 0x0000000704c00000, 0x0000000704c00000|
|  77|0x0000000704d00000, 0x0000000704d00000, 0x0000000704e00000|  0%| F|  |TS  0|AC  0|TAMS 0x0000000704d00000, 0x0000000704d00000|
|  78|0x0000000704e00000, 0x0000000704e00000, 0x0000000704f00000|  0%| F|  |TS  0|AC  0|TAMS 0x0000000704e00000, 0x0000000704e00000|
|  79|0x0000000704f00000, 0x0000000704f00000, 0x0000000705000000|  0%| F|  |TS  0|AC  0|TAMS 0x0000000704f00000, 0x0000000704f00000|
|  80|0x0000000705000000, 0x0000000705000000, 0x0000000705100000|  0%| F|  |TS  0|AC  0|TAMS 0x0000000705000000, 0x0000000705000000|
|  81|0x0000000705100000, 0x0000000705100000, 0x0000000705200000|  0%| F|  |TS  0|AC  0|TAMS 0x0000000705100000, 0x0000000705100000|
|  82|0x0000000705200000, 0x0000000705300000, 0x0000000705300000|100%|HS|  |TS  0|AC  0|TAMS 0x0000000705200000, 0x0000000705200000|
|  83|0x0000000705300000, 0x0000000705400000, 0x0000000705400000|100%|HC|  |TS  0|AC  0|TAMS 0x0000000705300000, 0x0000000705300000|
|  84|0x0000000705400000, 0x0000000705500000, 0x0000000705500000|100%|HC|  |TS  0|AC  0|TAMS 0x0000000705400000, 0x0000000705400000|
|  85|0x0000000705500000, 0x0000000705600000, 0x0000000705600000|100%|HC|  |TS  0|AC  0|TAMS 0x0000000705500000, 0x0000000705500000|
|  86|0x0000000705600000, 0x0000000705600000, 0x0000000705700000|  0%| F|  |TS  0|AC  0|TAMS 0x0000000705600000, 0x0000000705600000|
|  87|0x0000000705700000, 0x0000000705700000, 0x0000000705800000|  0%| F|  |TS  0|AC  0|TAMS 0x0000000705700000, 0x0000000705700000|
|  88|0x0000000705800000, 0x0000000705800000, 0x0000000705900000|  0%| F|  |TS  0|AC  0|TAMS 0x0000000705800000, 0x0000000705800000|
|  89|0x0000000705900000, 0x0000000705900000, 0x0000000705a00000|  0%| F|  |TS  0|AC  0|TAMS 0x0000000705900000, 0x0000000705900000|
|  90|0x0000000705a00000, 0x0000000705a00000, 0x0000000705b00000|  0%| F|  |TS  0|AC  0|TAMS 0x0000000705a00000, 0x0000000705a00000|
|  91|0x0000000705b00000, 0x0000000705b00000, 0x0000000705c00000|  0%| F|  |TS  0|AC  0|TAMS 0x0000000705b00000, 0x0000000705b00000|
|  92|0x0000000705c00000, 0x0000000705c00000, 0x0000000705d00000|  0%| F|  |TS  0|AC  0|TAMS 0x0000000705c00000, 0x0000000705c00000|
|  93|0x0000000705d00000, 0x0000000705d00000, 0x0000000705e00000|  0%| F|  |TS  0|AC  0|TAMS 0x0000000705d00000, 0x0000000705d00000|
|  94|0x0000000705e00000, 0x0000000705e00000, 0x0000000705f00000|  0%| F|  |TS  0|AC  0|TAMS 0x0000000705e00000, 0x0000000705e00000|
|  95|0x0000000705f00000, 0x0000000705f00000, 0x0000000706000000|  0%| F|  |TS  0|AC  0|TAMS 0x0000000705f00000, 0x0000000705f00000|
|  96|0x0000000706000000, 0x0000000706000000, 0x0000000706100000|  0%| F|  |TS  0|AC  0|TAMS 0x0000000706000000, 0x0000000706000000|
|  97|0x0000000706100000, 0x0000000706100000, 0x0000000706200000|  0%| F|  |TS  0|AC  0|TAMS 0x0000000706100000, 0x0000000706100000|
|  98|0x0000000706200000, 0x0000000706200000, 0x0000000706300000|  0%| F|  |TS  0|AC  0|TAMS 0x0000000706200000, 0x0000000706200000|
|  99|0x0000000706300000, 0x0000000706300000, 0x0000000706400000|  0%| F|  |TS  0|AC  0|TAMS 0x0000000706300000, 0x0000000706300000|
| 100|0x0000000706400000, 0x0000000706400000, 0x0000000706500000|  0%| F|  |TS  0|AC  0|TAMS 0x0000000706400000, 0x0000000706400000|
| 101|0x0000000706500000, 0x0000000706500000, 0x0000000706600000|  0%| F|  |TS  0|AC  0|TAMS 0x0000000706500000, 0x0000000706500000|
| 102|0x0000000706600000, 0x0000000706600000, 0x0000000706700000|  0%| F|  |TS  0|AC  0|TAMS 0x0000000706600000, 0x0000000706600000|
| 103|0x0000000706700000, 0x0000000706700000, 0x0000000706800000|  0%| F|  |TS  0|AC  0|TAMS 0x0000000706700000, 0x0000000706700000|
| 104|0x0000000706800000, 0x0000000706800000, 0x0000000706900000|  0%| F|  |TS  0|AC  0|TAMS 0x0000000706800000, 0x0000000706800000|
| 105|0x0000000706900000, 0x0000000706900000, 0x0000000706a00000|  0%| F|  |TS  0|AC  0|TAMS 0x0000000706900000, 0x0000000706900000|
| 106|0x0000000706a00000, 0x0000000706a00000, 0x0000000706b00000|  0%| F|  |TS  0|AC  0|TAMS 0x0000000706a00000, 0x0000000706a00000|
| 107|0x0000000706b00000, 0x0000000706b00000, 0x0000000706c00000|  0%| F|  |TS  0|AC  0|TAMS 0x0000000706b00000, 0x0000000706b00000|
| 108|0x0000000706c00000, 0x0000000706c00000, 0x0000000706d00000|  0%| F|  |TS  0|AC  0|TAMS 0x0000000706c00000, 0x0000000706c00000|
| 109|0x0000000706d00000, 0x0000000706d00000, 0x0000000706e00000|  0%| F|  |TS  0|AC  0|TAMS 0x0000000706d00000, 0x0000000706d00000|
| 110|0x0000000706e00000, 0x0000000706e00000, 0x0000000706f00000|  0%| F|  |TS  0|AC  0|TAMS 0x0000000706e00000, 0x0000000706e00000|
| 111|0x0000000706f00000, 0x0000000706f00000, 0x0000000707000000|  0%| F|  |TS  0|AC  0|TAMS 0x0000000706f00000, 0x0000000706f00000|
| 112|0x0000000707000000, 0x0000000707000000, 0x0000000707100000|  0%| F|  |TS  0|AC  0|TAMS 0x0000000707000000, 0x0000000707000000|
| 113|0x0000000707100000, 0x0000000707100000, 0x0000000707200000|  0%| F|  |TS  0|AC  0|TAMS 0x0000000707100000, 0x0000000707100000|
| 114|0x0000000707200000, 0x0000000707200000, 0x0000000707300000|  0%| F|  |TS  0|AC  0|TAMS 0x0000000707200000, 0x0000000707200000|
| 115|0x0000000707300000, 0x0000000707300000, 0x0000000707400000|  0%| F|  |TS  0|AC  0|TAMS 0x0000000707300000, 0x0000000707300000|
| 116|0x0000000707400000, 0x0000000707400000, 0x0000000707500000|  0%| F|  |TS  0|AC  0|TAMS 0x0000000707400000, 0x0000000707400000|
| 117|0x0000000707500000, 0x0000000707500000, 0x0000000707600000|  0%| F|  |TS  0|AC  0|TAMS 0x0000000707500000, 0x0000000707500000|
| 118|0x0000000707600000, 0x0000000707600000, 0x0000000707700000|  0%| F|  |TS  0|AC  0|TAMS 0x0000000707600000, 0x0000000707600000|
| 119|0x0000000707700000, 0x0000000707700000, 0x0000000707800000|  0%| F|  |TS  0|AC  0|TAMS 0x0000000707700000, 0x0000000707700000|
| 120|0x0000000707800000, 0x0000000707800000, 0x0000000707900000|  0%| F|  |TS  0|AC  0|TAMS 0x0000000707800000, 0x0000000707800000|
| 121|0x0000000707900000, 0x0000000707900000, 0x0000000707a00000|  0%| F|  |TS  0|AC  0|TAMS 0x0000000707900000, 0x0000000707900000|
| 122|0x0000000707a00000, 0x0000000707a00000, 0x0000000707b00000|  0%| F|  |TS  0|AC  0|TAMS 0x0000000707a00000, 0x0000000707a00000|
| 123|0x0000000707b00000, 0x0000000707b00000, 0x0000000707c00000|  0%| F|  |TS  0|AC  0|TAMS 0x0000000707b00000, 0x0000000707b00000|
| 124|0x0000000707c00000, 0x0000000707c00000, 0x0000000707d00000|  0%| F|  |TS  0|AC  0|TAMS 0x0000000707c00000, 0x0000000707c00000|
| 125|0x0000000707d00000, 0x0000000707d00000, 0x0000000707e00000|  0%| F|  |TS  0|AC  0|TAMS 0x0000000707d00000, 0x0000000707d00000|
| 126|0x0000000707e00000, 0x0000000707e00000, 0x0000000707f00000|  0%| F|  |TS  0|AC  0|TAMS 0x0000000707e00000, 0x0000000707e00000|
| 127|0x0000000707f00000, 0x0000000707f00000, 0x0000000708000000|  0%| F|  |TS  0|AC  0|TAMS 0x0000000707f00000, 0x0000000707f00000|
| 128|0x0000000708000000, 0x0000000708000000, 0x0000000708100000|  0%| F|  |TS  0|AC  0|TAMS 0x0000000708000000, 0x0000000708000000|
| 129|0x0000000708100000, 0x0000000708100000, 0x0000000708200000|  0%| F|  |TS  0|AC  0|TAMS 0x0000000708100000, 0x0000000708100000|
| 130|0x0000000708200000, 0x0000000708200000, 0x0000000708300000|  0%| F|  |TS  0|AC  0|TAMS 0x0000000708200000, 0x0000000708200000|
| 131|0x0000000708300000, 0x0000000708300000, 0x0000000708400000|  0%| F|  |TS  0|AC  0|TAMS 0x0000000708300000, 0x0000000708300000|
| 132|0x0000000708400000, 0x0000000708400000, 0x0000000708500000|  0%| F|  |TS  0|AC  0|TAMS 0x0000000708400000, 0x0000000708400000|
| 133|0x0000000708500000, 0x0000000708500000, 0x0000000708600000|  0%| F|  |TS  0|AC  0|TAMS 0x0000000708500000, 0x0000000708500000|
| 134|0x0000000708600000, 0x0000000708600000, 0x0000000708700000|  0%| F|  |TS  0|AC  0|TAMS 0x0000000708600000, 0x0000000708600000|
| 135|0x0000000708700000, 0x0000000708700000, 0x0000000708800000|  0%| F|  |TS  0|AC  0|TAMS 0x0000000708700000, 0x0000000708700000|
| 136|0x0000000708800000, 0x0000000708800000, 0x0000000708900000|  0%| F|  |TS  0|AC  0|TAMS 0x0000000708800000, 0x0000000708800000|
| 137|0x0000000708900000, 0x0000000708900000, 0x0000000708a00000|  0%| F|  |TS  0|AC  0|TAMS 0x0000000708900000, 0x0000000708900000|
| 138|0x0000000708a00000, 0x0000000708a00000, 0x0000000708b00000|  0%| F|  |TS  0|AC  0|TAMS 0x0000000708a00000, 0x0000000708a00000|
| 139|0x0000000708b00000, 0x0000000708b00000, 0x0000000708c00000|  0%| F|  |TS  0|AC  0|TAMS 0x0000000708b00000, 0x0000000708b00000|
| 140|0x0000000708c00000, 0x0000000708c00000, 0x0000000708d00000|  0%| F|  |TS  0|AC  0|TAMS 0x0000000708c00000, 0x0000000708c00000|
| 141|0x0000000708d00000, 0x0000000708d00000, 0x0000000708e00000|  0%| F|  |TS  0|AC  0|TAMS 0x0000000708d00000, 0x0000000708d00000|
| 142|0x0000000708e00000, 0x0000000708e00000, 0x0000000708f00000|  0%| F|  |TS  0|AC  0|TAMS 0x0000000708e00000, 0x0000000708e00000|
| 143|0x0000000708f00000, 0x0000000708f00000, 0x0000000709000000|  0%| F|  |TS  0|AC  0|TAMS 0x0000000708f00000, 0x0000000708f00000|
| 144|0x0000000709000000, 0x0000000709000000, 0x0000000709100000|  0%| F|  |TS  0|AC  0|TAMS 0x0000000709000000, 0x0000000709000000|
| 145|0x0000000709100000, 0x0000000709100000, 0x0000000709200000|  0%| F|  |TS  0|AC  0|TAMS 0x0000000709100000, 0x0000000709100000|
| 146|0x0000000709200000, 0x0000000709200000, 0x0000000709300000|  0%| F|  |TS  0|AC  0|TAMS 0x0000000709200000, 0x0000000709200000|
| 147|0x0000000709300000, 0x0000000709300000, 0x0000000709400000|  0%| F|  |TS  0|AC  0|TAMS 0x0000000709300000, 0x0000000709300000|
| 148|0x0000000709400000, 0x0000000709400000, 0x0000000709500000|  0%| F|  |TS  0|AC  0|TAMS 0x0000000709400000, 0x0000000709400000|
| 149|0x0000000709500000, 0x0000000709500000, 0x0000000709600000|  0%| F|  |TS  0|AC  0|TAMS 0x0000000709500000, 0x0000000709500000|
| 150|0x0000000709600000, 0x0000000709600000, 0x0000000709700000|  0%| F|  |TS  0|AC  0|TAMS 0x0000000709600000, 0x0000000709600000|
| 151|0x0000000709700000, 0x0000000709700000, 0x0000000709800000|  0%| F|  |TS  0|AC  0|TAMS 0x0000000709700000, 0x0000000709700000|
| 152|0x0000000709800000, 0x0000000709800000, 0x0000000709900000|  0%| F|  |TS  0|AC  0|TAMS 0x0000000709800000, 0x0000000709800000|
| 153|0x0000000709900000, 0x0000000709900000, 0x0000000709a00000|  0%| F|  |TS  0|AC  0|TAMS 0x0000000709900000, 0x0000000709900000|
| 154|0x0000000709a00000, 0x0000000709a00000, 0x0000000709b00000|  0%| F|  |TS  0|AC  0|TAMS 0x0000000709a00000, 0x0000000709a00000|
| 155|0x0000000709b00000, 0x0000000709b00000, 0x0000000709c00000|  0%| F|  |TS  0|AC  0|TAMS 0x0000000709b00000, 0x0000000709b00000|
| 156|0x0000000709c00000, 0x0000000709c00000, 0x0000000709d00000|  0%| F|  |TS  0|AC  0|TAMS 0x0000000709c00000, 0x0000000709c00000|
| 157|0x0000000709d00000, 0x0000000709d00000, 0x0000000709e00000|  0%| F|  |TS  0|AC  0|TAMS 0x0000000709d00000, 0x0000000709d00000|
| 158|0x0000000709e00000, 0x0000000709e00000, 0x0000000709f00000|  0%| F|  |TS  0|AC  0|TAMS 0x0000000709e00000, 0x0000000709e00000|
| 159|0x0000000709f00000, 0x0000000709f00000, 0x000000070a000000|  0%| F|  |TS  0|AC  0|TAMS 0x0000000709f00000, 0x0000000709f00000|
| 160|0x000000070a000000, 0x000000070a000000, 0x000000070a100000|  0%| F|  |TS  0|AC  0|TAMS 0x000000070a000000, 0x000000070a000000|
| 161|0x000000070a100000, 0x000000070a100000, 0x000000070a200000|  0%| F|  |TS  0|AC  0|TAMS 0x000000070a100000, 0x000000070a100000|
| 162|0x000000070a200000, 0x000000070a200000, 0x000000070a300000|  0%| F|  |TS  0|AC  0|TAMS 0x000000070a200000, 0x000000070a200000|
| 163|0x000000070a300000, 0x000000070a300000, 0x000000070a400000|  0%| F|  |TS  0|AC  0|TAMS 0x000000070a300000, 0x000000070a300000|
| 164|0x000000070a400000, 0x000000070a400000, 0x000000070a500000|  0%| F|  |TS  0|AC  0|TAMS 0x000000070a400000, 0x000000070a400000|
| 165|0x000000070a500000, 0x000000070a500000, 0x000000070a600000|  0%| F|  |TS  0|AC  0|TAMS 0x000000070a500000, 0x000000070a500000|
| 166|0x000000070a600000, 0x000000070a600000, 0x000000070a700000|  0%| F|  |TS  0|AC  0|TAMS 0x000000070a600000, 0x000000070a600000|
| 167|0x000000070a700000, 0x000000070a700000, 0x000000070a800000|  0%| F|  |TS  0|AC  0|TAMS 0x000000070a700000, 0x000000070a700000|
| 168|0x000000070a800000, 0x000000070a800000, 0x000000070a900000|  0%| F|  |TS  0|AC  0|TAMS 0x000000070a800000, 0x000000070a800000|
| 169|0x000000070a900000, 0x000000070a900000, 0x000000070aa00000|  0%| F|  |TS  0|AC  0|TAMS 0x000000070a900000, 0x000000070a900000|
| 170|0x000000070aa00000, 0x000000070aa00000, 0x000000070ab00000|  0%| F|  |TS  0|AC  0|TAMS 0x000000070aa00000, 0x000000070aa00000|
| 171|0x000000070ab00000, 0x000000070ab00000, 0x000000070ac00000|  0%| F|  |TS  0|AC  0|TAMS 0x000000070ab00000, 0x000000070ab00000|
| 172|0x000000070ac00000, 0x000000070ac00000, 0x000000070ad00000|  0%| F|  |TS  0|AC  0|TAMS 0x000000070ac00000, 0x000000070ac00000|
| 173|0x000000070ad00000, 0x000000070ad00000, 0x000000070ae00000|  0%| F|  |TS  0|AC  0|TAMS 0x000000070ad00000, 0x000000070ad00000|
| 174|0x000000070ae00000, 0x000000070ae00000, 0x000000070af00000|  0%| F|  |TS  0|AC  0|TAMS 0x000000070ae00000, 0x000000070ae00000|
| 175|0x000000070af00000, 0x000000070af00000, 0x000000070b000000|  0%| F|  |TS  0|AC  0|TAMS 0x000000070af00000, 0x000000070af00000|
| 176|0x000000070b000000, 0x000000070b000000, 0x000000070b100000|  0%| F|  |TS  0|AC  0|TAMS 0x000000070b000000, 0x000000070b000000|
| 177|0x000000070b100000, 0x000000070b100000, 0x000000070b200000|  0%| F|  |TS  0|AC  0|TAMS 0x000000070b100000, 0x000000070b100000|
| 178|0x000000070b200000, 0x000000070b200000, 0x000000070b300000|  0%| F|  |TS  0|AC  0|TAMS 0x000000070b200000, 0x000000070b200000|
| 179|0x000000070b300000, 0x000000070b300000, 0x000000070b400000|  0%| F|  |TS  0|AC  0|TAMS 0x000000070b300000, 0x000000070b300000|
| 180|0x000000070b400000, 0x000000070b400000, 0x000000070b500000|  0%| F|  |TS  0|AC  0|TAMS 0x000000070b400000, 0x000000070b400000|
| 181|0x000000070b500000, 0x000000070b500000, 0x000000070b600000|  0%| F|  |TS  5|AC  0|TAMS 0x000000070b500000, 0x000000070b500000|
| 182|0x000000070b600000, 0x000000070b600000, 0x000000070b700000|  0%| F|  |TS  5|AC  0|TAMS 0x000000070b600000, 0x000000070b600000|
| 183|0x000000070b700000, 0x000000070b708b00, 0x000000070b800000|  3%| S|CS|TS  5|AC  0|TAMS 0x000000070b700000, 0x000000070b700000|
| 184|0x000000070b800000, 0x000000070b900000, 0x000000070b900000|100%| S|CS|TS  5|AC  0|TAMS 0x000000070b800000, 0x000000070b800000|
| 185|0x000000070b900000, 0x000000070ba00000, 0x000000070ba00000|100%| S|CS|TS  5|AC  0|TAMS 0x000000070b900000, 0x000000070b900000|
| 186|0x000000070ba00000, 0x000000070ba00000, 0x000000070bb00000|  0%| F|  |TS  5|AC  0|TAMS 0x000000070ba00000, 0x000000070ba00000|
| 187|0x000000070bb00000, 0x000000070bb00000, 0x000000070bc00000|  0%| F|  |TS  5|AC  0|TAMS 0x000000070bb00000, 0x000000070bb00000|
| 188|0x000000070bc00000, 0x000000070bc00000, 0x000000070bd00000|  0%| F|  |TS  5|AC  0|TAMS 0x000000070bc00000, 0x000000070bc00000|
| 189|0x000000070bd00000, 0x000000070bd00000, 0x000000070be00000|  0%| F|  |TS  5|AC  0|TAMS 0x000000070bd00000, 0x000000070bd00000|
| 190|0x000000070be00000, 0x000000070be00000, 0x000000070bf00000|  0%| F|  |TS  5|AC  0|TAMS 0x000000070be00000, 0x000000070be00000|
| 191|0x000000070bf00000, 0x000000070bf00000, 0x000000070c000000|  0%| F|  |TS  5|AC  0|TAMS 0x000000070bf00000, 0x000000070bf00000|
| 192|0x000000070c000000, 0x000000070c000000, 0x000000070c100000|  0%| F|  |TS  5|AC  0|TAMS 0x000000070c000000, 0x000000070c000000|
| 193|0x000000070c100000, 0x000000070c100000, 0x000000070c200000|  0%| F|  |TS  5|AC  0|TAMS 0x000000070c100000, 0x000000070c100000|
| 194|0x000000070c200000, 0x000000070c200000, 0x000000070c300000|  0%| F|  |TS  5|AC  0|TAMS 0x000000070c200000, 0x000000070c200000|
| 195|0x000000070c300000, 0x000000070c300000, 0x000000070c400000|  0%| F|  |TS  5|AC  0|TAMS 0x000000070c300000, 0x000000070c300000|
| 196|0x000000070c400000, 0x000000070c400000, 0x000000070c500000|  0%| F|  |TS  5|AC  0|TAMS 0x000000070c400000, 0x000000070c400000|
| 197|0x000000070c500000, 0x000000070c500000, 0x000000070c600000|  0%| F|  |TS  5|AC  0|TAMS 0x000000070c500000, 0x000000070c500000|
| 198|0x000000070c600000, 0x000000070c600000, 0x000000070c700000|  0%| F|  |TS  5|AC  0|TAMS 0x000000070c600000, 0x000000070c600000|
| 199|0x000000070c700000, 0x000000070c700000, 0x000000070c800000|  0%| F|  |TS  5|AC  0|TAMS 0x000000070c700000, 0x000000070c700000|
| 200|0x000000070c800000, 0x000000070c800000, 0x000000070c900000|  0%| F|  |TS  5|AC  0|TAMS 0x000000070c800000, 0x000000070c800000|
| 201|0x000000070c900000, 0x000000070c900000, 0x000000070ca00000|  0%| F|  |TS  5|AC  0|TAMS 0x000000070c900000, 0x000000070c900000|
| 202|0x000000070ca00000, 0x000000070ca00000, 0x000000070cb00000|  0%| F|  |TS  5|AC  0|TAMS 0x000000070ca00000, 0x000000070ca00000|
| 203|0x000000070cb00000, 0x000000070cb00000, 0x000000070cc00000|  0%| F|  |TS  5|AC  0|TAMS 0x000000070cb00000, 0x000000070cb00000|
| 204|0x000000070cc00000, 0x000000070cc00000, 0x000000070cd00000|  0%| F|  |TS  5|AC  0|TAMS 0x000000070cc00000, 0x000000070cc00000|
| 205|0x000000070cd00000, 0x000000070cd00000, 0x000000070ce00000|  0%| F|  |TS  5|AC  0|TAMS 0x000000070cd00000, 0x000000070cd00000|
| 206|0x000000070ce00000, 0x000000070ce31668, 0x000000070cf00000| 19%| E|  |TS  5|AC  0|TAMS 0x000000070ce00000, 0x000000070ce00000|
| 207|0x000000070cf00000, 0x000000070d000000, 0x000000070d000000|100%| E|CS|TS  5|AC  0|TAMS 0x000000070cf00000, 0x000000070cf00000|
| 208|0x000000070d000000, 0x000000070d100000, 0x000000070d100000|100%| E|CS|TS  5|AC  0|TAMS 0x000000070d000000, 0x000000070d000000|
| 209|0x000000070d100000, 0x000000070d200000, 0x000000070d200000|100%| E|CS|TS  5|AC  0|TAMS 0x000000070d100000, 0x000000070d100000|
| 210|0x000000070d200000, 0x000000070d300000, 0x000000070d300000|100%| E|CS|TS  5|AC  0|TAMS 0x000000070d200000, 0x000000070d200000|
| 211|0x000000070d300000, 0x000000070d400000, 0x000000070d400000|100%| E|CS|TS  5|AC  0|TAMS 0x000000070d300000, 0x000000070d300000|
| 212|0x000000070d400000, 0x000000070d500000, 0x000000070d500000|100%| E|CS|TS  5|AC  0|TAMS 0x000000070d400000, 0x000000070d400000|
| 213|0x000000070d500000, 0x000000070d600000, 0x000000070d600000|100%| E|CS|TS  5|AC  0|TAMS 0x000000070d500000, 0x000000070d500000|
| 214|0x000000070d600000, 0x000000070d700000, 0x000000070d700000|100%| E|CS|TS  5|AC  0|TAMS 0x000000070d600000, 0x000000070d600000|
| 215|0x000000070d700000, 0x000000070d800000, 0x000000070d800000|100%| E|CS|TS  5|AC  0|TAMS 0x000000070d700000, 0x000000070d700000|
| 216|0x000000070d800000, 0x000000070d900000, 0x000000070d900000|100%| E|CS|TS  5|AC  0|TAMS 0x000000070d800000, 0x000000070d800000|
| 217|0x000000070d900000, 0x000000070da00000, 0x000000070da00000|100%| E|CS|TS  5|AC  0|TAMS 0x000000070d900000, 0x000000070d900000|
| 218|0x000000070da00000, 0x000000070db00000, 0x000000070db00000|100%| E|CS|TS  5|AC  0|TAMS 0x000000070da00000, 0x000000070da00000|
| 219|0x000000070db00000, 0x000000070dc00000, 0x000000070dc00000|100%| E|CS|TS  5|AC  0|TAMS 0x000000070db00000, 0x000000070db00000|
| 220|0x000000070dc00000, 0x000000070dd00000, 0x000000070dd00000|100%| E|CS|TS  5|AC  0|TAMS 0x000000070dc00000, 0x000000070dc00000|
| 221|0x000000070dd00000, 0x000000070de00000, 0x000000070de00000|100%| E|CS|TS  5|AC  0|TAMS 0x000000070dd00000, 0x000000070dd00000|
| 222|0x000000070de00000, 0x000000070df00000, 0x000000070df00000|100%| E|CS|TS  5|AC  0|TAMS 0x000000070de00000, 0x000000070de00000|
| 223|0x000000070df00000, 0x000000070e000000, 0x000000070e000000|100%| E|CS|TS  5|AC  0|TAMS 0x000000070df00000, 0x000000070df00000|
| 224|0x000000070e000000, 0x000000070e100000, 0x000000070e100000|100%| E|CS|TS  5|AC  0|TAMS 0x000000070e000000, 0x000000070e000000|
| 225|0x000000070e100000, 0x000000070e200000, 0x000000070e200000|100%| E|CS|TS  5|AC  0|TAMS 0x000000070e100000, 0x000000070e100000|
| 226|0x000000070e200000, 0x000000070e300000, 0x000000070e300000|100%| E|CS|TS  5|AC  0|TAMS 0x000000070e200000, 0x000000070e200000|
| 227|0x000000070e300000, 0x000000070e400000, 0x000000070e400000|100%| E|CS|TS  5|AC  0|TAMS 0x000000070e300000, 0x000000070e300000|
| 228|0x000000070e400000, 0x000000070e500000, 0x000000070e500000|100%| E|CS|TS  5|AC  0|TAMS 0x000000070e400000, 0x000000070e400000|
| 229|0x000000070e500000, 0x000000070e600000, 0x000000070e600000|100%| E|CS|TS  5|AC  0|TAMS 0x000000070e500000, 0x000000070e500000|
| 230|0x000000070e600000, 0x000000070e700000, 0x000000070e700000|100%| E|CS|TS  5|AC  0|TAMS 0x000000070e600000, 0x000000070e600000|
| 231|0x000000070e700000, 0x000000070e800000, 0x000000070e800000|100%| E|CS|TS  5|AC  0|TAMS 0x000000070e700000, 0x000000070e700000|
| 232|0x000000070e800000, 0x000000070e900000, 0x000000070e900000|100%| E|CS|TS  5|AC  0|TAMS 0x000000070e800000, 0x000000070e800000|
| 233|0x000000070e900000, 0x000000070ea00000, 0x000000070ea00000|100%| E|CS|TS  5|AC  0|TAMS 0x000000070e900000, 0x000000070e900000|
| 234|0x000000070ea00000, 0x000000070eb00000, 0x000000070eb00000|100%| E|CS|TS  5|AC  0|TAMS 0x000000070ea00000, 0x000000070ea00000|
| 235|0x000000070eb00000, 0x000000070ec00000, 0x000000070ec00000|100%| E|CS|TS  5|AC  0|TAMS 0x000000070eb00000, 0x000000070eb00000|
| 236|0x000000070ec00000, 0x000000070ed00000, 0x000000070ed00000|100%| E|CS|TS  5|AC  0|TAMS 0x000000070ec00000, 0x000000070ec00000|
| 237|0x000000070ed00000, 0x000000070ee00000, 0x000000070ee00000|100%| E|CS|TS  5|AC  0|TAMS 0x000000070ed00000, 0x000000070ed00000|
| 238|0x000000070ee00000, 0x000000070ef00000, 0x000000070ef00000|100%| E|CS|TS  5|AC  0|TAMS 0x000000070ee00000, 0x000000070ee00000|
| 239|0x000000070ef00000, 0x000000070f000000, 0x000000070f000000|100%| E|CS|TS  5|AC  0|TAMS 0x000000070ef00000, 0x000000070ef00000|
| 240|0x000000070f000000, 0x000000070f100000, 0x000000070f100000|100%| E|CS|TS  5|AC  0|TAMS 0x000000070f000000, 0x000000070f000000|
| 241|0x000000070f100000, 0x000000070f200000, 0x000000070f200000|100%| E|CS|TS  5|AC  0|TAMS 0x000000070f100000, 0x000000070f100000|
| 242|0x000000070f200000, 0x000000070f300000, 0x000000070f300000|100%| E|CS|TS  5|AC  0|TAMS 0x000000070f200000, 0x000000070f200000|
| 243|0x000000070f300000, 0x000000070f400000, 0x000000070f400000|100%| E|CS|TS  5|AC  0|TAMS 0x000000070f300000, 0x000000070f300000|

Card table byte_map: [0x00000212ab580000,0x00000212abb80000] byte_map_base: 0x00000212a7d80000

Marking Bits (Prev, Next): (CMBitMap*) 0x00000212a878da28, (CMBitMap*) 0x00000212a878d9f0
 Prev Bits: [0x00000212c65f0000, 0x00000212c95f0000)
 Next Bits: [0x00000212c35f0000, 0x00000212c65f0000)

Polling page: 0x00000212a2690000

CodeHeap 'non-profiled nmethods': size=120000Kb used=13871Kb max_used=13871Kb free=106128Kb
 bounds [0x00000212bc0c0000, 0x00000212bce50000, 0x00000212c35f0000]
CodeHeap 'profiled nmethods': size=120000Kb used=34813Kb max_used=36101Kb free=85186Kb
 bounds [0x00000212b4b90000, 0x00000212b6f00000, 0x00000212bc0c0000]
CodeHeap 'non-nmethods': size=5760Kb used=1770Kb max_used=1842Kb free=3989Kb
 bounds [0x00000212b45f0000, 0x00000212b4860000, 0x00000212b4b90000]
 total_blobs=23582 nmethods=13656 adapters=1099
 compilation: enabled

Compilation events (10 events):
Event: 63.593 Thread 0x00000212aa0ad000 16587       3       de.javasoft.plaf.synthetica.painter.TablePainter::paintTableHeaderCellBackground (137 bytes)
Event: 63.594 Thread 0x00000212aa0ad000 nmethod 16587 0x00000212b584e490 code [0x00000212b584e7a0, 0x00000212b584fa30]
Event: 63.594 Thread 0x00000212aa0ad000 16588       3       sun.swing.table.DefaultTableCellHeaderRenderer::paintComponent (102 bytes)
Event: 63.594 Thread 0x00000212aa0ad000 nmethod 16588 0x00000212b561b110 code [0x00000212b561b360, 0x00000212b561bd40]
Event: 63.943 Thread 0x00000212aa0ad000 16589       3       com.jidesoft.editor.CodeEditor::getContentSize (5 bytes)
Event: 63.944 Thread 0x00000212aa0ad000 nmethod 16589 0x00000212b5515d90 code [0x00000212b5515fa0, 0x00000212b5516700]
Event: 63.944 Thread 0x00000212aa0ad000 16590       3       com.jidesoft.editor.CodeEditor::recalculateContentSize (32 bytes)
Event: 63.944 Thread 0x00000212aa0ad000 nmethod 16590 0x00000212b55a9f90 code [0x00000212b55aa1a0, 0x00000212b55aa800]
Event: 63.945 Thread 0x00000212aa0ad000 16591       3       com.jidesoft.editor.CodeEditor::viewToModelLine (17 bytes)
Event: 63.945 Thread 0x00000212aa0ad000 nmethod 16591 0x00000212b5425410 code [0x00000212b54255e0, 0x00000212b5425910]

GC Heap History (10 events):
Event: 49.555 GC heap before
{Heap before GC invocations=56 (full 3):
 garbage-first heap   total 249856K, used 91426K [0x0000000700000000, 0x00000007001007a0, 0x00000007c0000000)
  region size 1024K, 11 young (11264K), 0 survivors (0K)
 Metaspace       used 77725K, capacity 82483K, committed 82768K, reserved 1120256K
  class space    used 10734K, capacity 11564K, committed 11644K, reserved 1048576K
}
Event: 49.707 GC heap after
{Heap after GC invocations=57 (full 4):
 garbage-first heap   total 249856K, used 81047K [0x0000000700000000, 0x00000007001007a0, 0x00000007c0000000)
  region size 1024K, 0 young (0K), 0 survivors (0K)
 Metaspace       used 77725K, capacity 82483K, committed 82768K, reserved 1120256K
  class space    used 10734K, capacity 11564K, committed 11644K, reserved 1048576K
}
Event: 51.583 GC heap before
{Heap before GC invocations=57 (full 4):
 garbage-first heap   total 249856K, used 98455K [0x0000000700000000, 0x00000007001007a0, 0x00000007c0000000)
  region size 1024K, 18 young (18432K), 0 survivors (0K)
 Metaspace       used 77786K, capacity 82483K, committed 82768K, reserved 1120256K
  class space    used 10734K, capacity 11564K, committed 11644K, reserved 1048576K
}
Event: 51.731 GC heap after
{Heap after GC invocations=58 (full 5):
 garbage-first heap   total 249856K, used 81285K [0x0000000700000000, 0x00000007001007a0, 0x00000007c0000000)
  region size 1024K, 0 young (0K), 0 survivors (0K)
 Metaspace       used 77786K, capacity 82483K, committed 82768K, reserved 1120256K
  class space    used 10734K, capacity 11564K, committed 11644K, reserved 1048576K
}
Event: 53.611 GC heap before
{Heap before GC invocations=58 (full 5):
 garbage-first heap   total 249856K, used 142725K [0x0000000700000000, 0x00000007001007a0, 0x00000007c0000000)
  region size 1024K, 60 young (61440K), 0 survivors (0K)
 Metaspace       used 78297K, capacity 83529K, committed 83792K, reserved 1122304K
  class space    used 10841K, capacity 11781K, committed 11900K, reserved 1048576K
}
Event: 53.614 GC heap after
{Heap after GC invocations=59 (full 5):
 garbage-first heap   total 249856K, used 82144K [0x0000000700000000, 0x00000007001007a0, 0x00000007c0000000)
  region size 1024K, 1 young (1024K), 1 survivors (1024K)
 Metaspace       used 78297K, capacity 83529K, committed 83792K, reserved 1122304K
  class space    used 10841K, capacity 11781K, committed 11900K, reserved 1048576K
}
Event: 60.510 GC heap before
{Heap before GC invocations=59 (full 5):
 garbage-first heap   total 249856K, used 142560K [0x0000000700000000, 0x00000007001007a0, 0x00000007c0000000)
  region size 1024K, 61 young (62464K), 1 survivors (1024K)
 Metaspace       used 78576K, capacity 83865K, committed 84048K, reserved 1122304K
  class space    used 10847K, capacity 11785K, committed 11900K, reserved 1048576K
}
Event: 60.513 GC heap after
{Heap after GC invocations=60 (full 5):
 garbage-first heap   total 249856K, used 82680K [0x0000000700000000, 0x00000007001007a0, 0x00000007c0000000)
  region size 1024K, 2 young (2048K), 2 survivors (2048K)
 Metaspace       used 78576K, capacity 83865K, committed 84048K, reserved 1122304K
  class space    used 10847K, capacity 11785K, committed 11900K, reserved 1048576K
}
Event: 62.498 GC heap before
{Heap before GC invocations=60 (full 5):
 garbage-first heap   total 249856K, used 142072K [0x0000000700000000, 0x00000007001007a0, 0x00000007c0000000)
  region size 1024K, 60 young (61440K), 2 survivors (2048K)
 Metaspace       used 79856K, capacity 85155K, committed 85456K, reserved 1122304K
  class space    used 10978K, capacity 11916K, committed 12028K, reserved 1048576K
}
Event: 62.500 GC heap after
{Heap after GC invocations=61 (full 5):
 garbage-first heap   total 249856K, used 83368K [0x0000000700000000, 0x00000007001007a0, 0x00000007c0000000)
  region size 1024K, 3 young (3072K), 3 survivors (3072K)
 Metaspace       used 79856K, capacity 85155K, committed 85456K, reserved 1122304K
  class space    used 10978K, capacity 11916K, committed 12028K, reserved 1048576K
}

Deoptimization events (10 events):
Event: 62.148 Thread 0x00000212cc557000 Uncommon trap: reason=class_check action=maybe_recompile pc=0x00000212bcb87194 method=java.awt.Container.dispatchEventImpl(Ljava/awt/AWTEvent;)V @ 19 c2
Event: 62.148 Thread 0x00000212cc557000 Uncommon trap: reason=class_check action=maybe_recompile pc=0x00000212bcd1630c method=java.awt.AWTEvent.dispatched()V @ 11 c2
Event: 62.154 Thread 0x00000212cc557000 Uncommon trap: reason=class_check action=maybe_recompile pc=0x00000212bcd6d138 method=java.awt.EventQueue.coalesceEvent(Ljava/awt/AWTEvent;I)Z @ 77 c2
Event: 62.162 Thread 0x00000212cc557000 Uncommon trap: reason=class_check action=maybe_recompile pc=0x00000212bc54e604 method=java.awt.EventQueue.coalesceEvent(Ljava/awt/AWTEvent;I)Z @ 77 c2
Event: 62.478 Thread 0x00000212cc557000 Uncommon trap: reason=array_check action=maybe_recompile pc=0x00000212bce02cfc method=java.util.TimSort.reverseRange([Ljava/lang/Object;II)V @ 27 c2
Event: 62.609 Thread 0x00000212cc557000 Uncommon trap: reason=array_check action=maybe_recompile pc=0x00000212bce02cfc method=java.util.TimSort.reverseRange([Ljava/lang/Object;II)V @ 27 c2
Event: 63.539 Thread 0x00000212cc557000 Uncommon trap: reason=class_check action=maybe_recompile pc=0x00000212bc125620 method=java.awt.Component.addNotify()V @ 200 c2
Event: 63.540 Thread 0x00000212cc557000 Uncommon trap: reason=speculate_class_check action=maybe_recompile pc=0x00000212bcc316d8 method=java.awt.Component.reshape(IIII)V @ 222 c2
Event: 63.541 Thread 0x00000212cc557000 Uncommon trap: reason=speculate_class_check action=maybe_recompile pc=0x00000212bcc316d8 method=java.awt.Component.reshape(IIII)V @ 222 c2
Event: 63.552 Thread 0x00000212cc557000 Uncommon trap: reason=bimorphic_or_optimized_type_check action=maybe_recompile pc=0x00000212bcbe774c method=java.awt.DefaultKeyboardFocusManager.dispatchEvent(Ljava/awt/AWTEvent;)Z @ 1467 c2

Classes redefined (0 events):
No events

Internal exceptions (10 events):
Event: 53.410 Thread 0x00000212cc557000 Exception <a 'java/lang/NoSuchMethodError'{0x000000070de41828}: method resolution failed> (0x000000070de41828) thrown at [t:/workspace/hotspot/src/share/vm/prims/methodHandles.cpp, line 1256]
Event: 53.410 Thread 0x00000212cc557000 Exception <a 'java/lang/NoSuchMethodError'{0x000000070de46a50}: java.lang.invoke.DelegatingMethodHandle$Holder.reinvoke_L(Ljava/lang/Object;Ljava/lang/Object;Ljava/lang/Object;Ljava/lang/Object;Ljava/lang/Object;IILjava/lang/Object;Ljava/lang/Object;IILja
Event: 53.533 Thread 0x00000212cc557000 Exception <a 'java/lang/NoSuchMethodError'{0x000000070bf3bed8}: method resolution failed> (0x000000070bf3bed8) thrown at [t:/workspace/hotspot/src/share/vm/prims/methodHandles.cpp, line 1256]
Event: 53.533 Thread 0x00000212cc557000 Exception <a 'java/lang/NoSuchMethodError'{0x000000070bf3ff08}: java.lang.invoke.DelegatingMethodHandle$Holder.reinvoke_L(Ljava/lang/Object;Ljava/lang/Object;IILjava/lang/Object;Ljava/lang/Object;ILjava/lang/Object;II)Ljava/lang/Object;> (0x000000070bf3ff
Event: 53.535 Thread 0x00000212cc557000 Exception <a 'java/lang/NoSuchMethodError'{0x000000070bfab7b8}: java.lang.invoke.DirectMethodHandle$Holder.invokeSpecial(Ljava/lang/Object;Ljava/lang/Object;IIILjava/lang/Object;Ljava/lang/Object;ILjava/lang/Object;II)Ljava/lang/Object;> (0x000000070bfab7
Event: 53.535 Thread 0x00000212cc557000 Exception <a 'java/lang/NoSuchMethodError'{0x000000070bfaf1d8}: java.lang.invoke.DelegatingMethodHandle$Holder.reinvoke_L(Ljava/lang/Object;IIILjava/lang/Object;Ljava/lang/Object;ILjava/lang/Object;II)Ljava/lang/Object;> (0x000000070bfaf1d8) thrown at [t:
Event: 53.535 Thread 0x00000212cc557000 Exception <a 'java/lang/NoSuchMethodError'{0x000000070bfccf70}: method resolution failed> (0x000000070bfccf70) thrown at [t:/workspace/hotspot/src/share/vm/prims/methodHandles.cpp, line 1256]
Event: 53.627 Thread 0x00000212cc557000 Exception <a 'java/lang/NoSuchMethodError'{0x000000070f3ba078}: java.lang.invoke.DirectMethodHandle$Holder.invokeSpecial(Ljava/lang/Object;Ljava/lang/Object;ILjava/lang/Object;)V> (0x000000070f3ba078) thrown at [t:/workspace/hotspot/src/share/vm/interpret
Event: 53.627 Thread 0x00000212cc557000 Exception <a 'java/lang/NoSuchMethodError'{0x000000070f3bf940}: java.lang.invoke.DirectMethodHandle$Holder.invokeStatic(Ljava/lang/Object;Ljava/lang/Object;ILjava/lang/Object;)Ljava/lang/Object;> (0x000000070f3bf940) thrown at [t:/workspace/hotspot/src/sh
Event: 58.764 Thread 0x00000212cc557000 Implicit null exception at 0x00000212bcda8686 to 0x00000212bcda934d

Events (10 events):
Event: 63.552 Thread 0x00000212cc557000 DEOPT PACKING pc=0x00000212bcbe774c sp=0x000000ad3f9f29a0
Event: 63.552 Thread 0x00000212cc557000 DEOPT UNPACKING pc=0x00000212b463df29 sp=0x000000ad3f9f2960 mode 2
Event: 63.554 loading class com/jidesoft/grid/TableUtils$ColumnSelectionRow
Event: 63.554 loading class com/jidesoft/grid/TableUtils$ColumnSelectionRow done
Event: 64.033 Thread 0x00000212d299c800 Thread added: 0x00000212d299c800
Event: 64.036 Thread 0x00000212d299c800 Thread exited: 0x00000212d299c800
Event: 64.187 Thread 0x00000212d2999800 Thread added: 0x00000212d2999800
Event: 64.194 Executing VM operation: RevokeBias
Event: 64.194 Executing VM operation: RevokeBias done
Event: 64.194 Thread 0x00000212d2999800 Thread exited: 0x00000212d2999800


Dynamic libraries:
0x00007ff725d80000 - 0x00007ff725db0000 	C:\Xilinx\Vivado\2019.1\bin\unwrapped\win64.o\vivado.exe
0x00007ffd90b80000 - 0x00007ffd90d89000 	C:\WINDOWS\SYSTEM32\ntdll.dll
0x00007ffd8f390000 - 0x00007ffd8f44d000 	C:\WINDOWS\System32\KERNEL32.DLL
0x00007ffd8e3b0000 - 0x00007ffd8e72d000 	C:\WINDOWS\System32\KERNELBASE.dll
0x00007ffd8e8c0000 - 0x00007ffd8e9d1000 	C:\WINDOWS\System32\ucrtbase.dll
0x00007ffd783b0000 - 0x00007ffd783c4000 	C:\Xilinx\Vivado\2019.1\lib\win64.o\libboost_signals.dll
0x00007ffd39510000 - 0x00007ffd3a3f2000 	C:\Xilinx\Vivado\2019.1\lib\win64.o\librdi_common.dll
0x00007ffd1e810000 - 0x00007ffd1e89d000 	C:\WINDOWS\SYSTEM32\MSVCP140.dll
0x00007ffd78390000 - 0x00007ffd783a4000 	C:\Xilinx\Vivado\2019.1\lib\win64.o\librdi_commonmain.dll
0x00007ffd8f590000 - 0x00007ffd8f73d000 	C:\WINDOWS\System32\USER32.dll
0x00007ffd6d340000 - 0x00007ffd6d35b000 	C:\WINDOWS\SYSTEM32\VCRUNTIME140.dll
0x00007ffd8e210000 - 0x00007ffd8e236000 	C:\WINDOWS\System32\win32u.dll
0x00007ffd909e0000 - 0x00007ffd90a09000 	C:\WINDOWS\System32\GDI32.dll
0x00007ffd391a0000 - 0x00007ffd3950e000 	C:\Xilinx\Vivado\2019.1\lib\win64.o\libCOIN-all.dll
0x00007ffd8e0f0000 - 0x00007ffd8e208000 	C:\WINDOWS\System32\gdi32full.dll
0x00007ffd8e730000 - 0x00007ffd8e7cd000 	C:\WINDOWS\System32\msvcp_win.dll
0x00007ffd768a0000 - 0x00007ffd768c6000 	C:\Xilinx\Vivado\2019.1\lib\win64.o\libboost_filesystem.dll
0x00007ffd76b80000 - 0x00007ffd76b94000 	C:\Xilinx\Vivado\2019.1\lib\win64.o\libboost_date_time.dll
0x00007ffd8f2e0000 - 0x00007ffd8f38e000 	C:\WINDOWS\System32\ADVAPI32.dll
0x00007ffd737f0000 - 0x00007ffd7386f000 	C:\Xilinx\Vivado\2019.1\lib\win64.o\libboost_program_options.dll
0x00007ffd8f740000 - 0x00007ffd8fef8000 	C:\WINDOWS\System32\SHELL32.dll
0x00007ffd90900000 - 0x00007ffd909a3000 	C:\WINDOWS\System32\msvcrt.dll
0x00007ffd60de0000 - 0x00007ffd60ef4000 	C:\Xilinx\Vivado\2019.1\lib\win64.o\libboost_regex.dll
0x00007ffd80dd0000 - 0x00007ffd80ddb000 	C:\Xilinx\Vivado\2019.1\lib\win64.o\libboost_system.dll
0x00007ffd8ffe0000 - 0x00007ffd9007e000 	C:\WINDOWS\System32\sechost.dll
0x00007ffd76870000 - 0x00007ffd76891000 	C:\Xilinx\Vivado\2019.1\lib\win64.o\libboost_thread.dll
0x00007ffd901d0000 - 0x00007ffd902f0000 	C:\WINDOWS\System32\RPCRT4.dll
0x00007ffd7fdd0000 - 0x00007ffd7fddf000 	C:\Xilinx\Vivado\2019.1\lib\win64.o\libboost_xilinx.dll
0x00007ffd60d50000 - 0x00007ffd60dd2000 	C:\Xilinx\Vivado\2019.1\lib\win64.o\libhdlpsolve.dll
0x00007ffd60ca0000 - 0x00007ffd60d45000 	C:\Xilinx\Vivado\2019.1\lib\win64.o\libhdxml.dll
0x00007ffd5c320000 - 0x00007ffd5c32c000 	C:\WINDOWS\SYSTEM32\VCRUNTIME140_1.dll
0x00007ffd385f0000 - 0x00007ffd3919f400 	C:\Xilinx\Vivado\2019.1\lib\win64.o\libisl_iostreams.dll
0x00007ffd6b4e0000 - 0x00007ffd6b545000 	C:\Xilinx\Vivado\2019.1\lib\win64.o\liblmx6.0.dll
0x00007ffd76030000 - 0x00007ffd7605e000 	C:\Xilinx\Vivado\2019.1\lib\win64.o\libisl_sysinfo.dll
0x00007ffd8ff00000 - 0x00007ffd8ff6f000 	C:\WINDOWS\System32\WS2_32.dll
0x00007ffd65240000 - 0x00007ffd65361000 	C:\Xilinx\Vivado\2019.1\lib\win64.o\librdi_commonxillic.dll
0x00007ffd76170000 - 0x00007ffd7618a000 	C:\Xilinx\Vivado\2019.1\lib\win64.o\pthreadVC2.dll
0x00007ffd73df0000 - 0x00007ffd73e0c000 	C:\Xilinx\Vivado\2019.1\lib\win64.o\librdiconfig.dll
0x00007ffd73dc0000 - 0x00007ffd73de1000 	C:\Xilinx\Vivado\2019.1\lib\win64.o\librdizlib.dll
0x0000000067e10000 - 0x0000000067f3b000 	C:\Xilinx\Vivado\2019.1\lib\win64.o\tcl85t.dll
0x0000000012000000 - 0x0000000012270000 	C:\Xilinx\Vivado\2019.1\lib\win64.o\xerces-c_3_1.dll
0x00007ffd83250000 - 0x00007ffd8325a000 	C:\Xilinx\Vivado\2019.1\lib\win64.o\librdi_commonversion.dll
0x00007ffd78360000 - 0x00007ffd7837a000 	C:\WINDOWS\SYSTEM32\NETAPI32.dll
0x00007ffd82790000 - 0x00007ffd8297f000 	C:\WINDOWS\SYSTEM32\urlmon.dll
0x00007ffd76ff0000 - 0x00007ffd774ea000 	C:\WINDOWS\SYSTEM32\WININET.dll
0x00007ffd84c50000 - 0x00007ffd84d5c000 	C:\WINDOWS\SYSTEM32\WINHTTP.dll
0x00007ffd76a00000 - 0x00007ffd76a09000 	C:\WINDOWS\SYSTEM32\WSOCK32.dll
0x00007ffd73b80000 - 0x00007ffd73bad000 	C:\WINDOWS\SYSTEM32\VCOMP140.DLL
0x00007ffd1c1c0000 - 0x00007ffd1d051000 	C:\Xilinx\Vivado\2019.1\lib\win64.o\gurobi65.dll
0x00007ffd7a130000 - 0x00007ffd7a13d000 	C:\Xilinx\Vivado\2019.1\lib\win64.o\libboost_chrono.dll
0x00007ffd73ac0000 - 0x00007ffd73adb000 	C:\Xilinx\Vivado\2019.1\lib\win64.o\libboost_iostreams.dll
0x00007ffd737c0000 - 0x00007ffd737e5000 	C:\Xilinx\Vivado\2019.1\lib\win64.o\libisl_iosutils.dll
0x00007ffd4f780000 - 0x00007ffd4fa58000 	C:\Xilinx\Vivado\2019.1\lib\win64.o\libXil_lmgr11.dll
0x00007ffd824d0000 - 0x00007ffd82783000 	C:\WINDOWS\SYSTEM32\iertutil.dll
0x00007ffd90a10000 - 0x00007ffd90afc000 	C:\WINDOWS\System32\COMDLG32.dll
0x00007ffd824a0000 - 0x00007ffd824c8000 	C:\WINDOWS\SYSTEM32\srvcli.dll
0x00007ffd8cd00000 - 0x00007ffd8cd0c000 	C:\WINDOWS\SYSTEM32\netutils.dll
0x00007ffd902f0000 - 0x00007ffd90669000 	C:\WINDOWS\System32\combase.dll
0x00007ffd8f170000 - 0x00007ffd8f25a000 	C:\WINDOWS\System32\shcore.dll
0x00007ffd90670000 - 0x00007ffd906cd000 	C:\WINDOWS\System32\SHLWAPI.dll
0x00007ffd8f4b0000 - 0x00007ffd8f586000 	C:\WINDOWS\System32\OLEAUT32.dll
0x00007ffd64e80000 - 0x00007ffd64f32000 	C:\WINDOWS\WinSxS\amd64_microsoft.windows.common-controls_6595b64144ccf1df_5.82.22000.1_none_271a8fad6a2d1b1e\COMCTL32.dll
0x00007ffd90760000 - 0x00007ffd908fa000 	C:\WINDOWS\System32\ole32.dll
0x00007ffd8e7d0000 - 0x00007ffd8e837000 	C:\WINDOWS\System32\WINTRUST.dll
0x00007ffd8e240000 - 0x00007ffd8e3a2000 	C:\WINDOWS\System32\CRYPT32.dll
0x00007ffd83c70000 - 0x00007ffd83c8e000 	C:\WINDOWS\SYSTEM32\dhcpcsvc.DLL
0x00007ffd8ee60000 - 0x00007ffd8ee91000 	C:\WINDOWS\System32\IMM32.DLL
0x00007ffd8d8f0000 - 0x00007ffd8d902000 	C:\WINDOWS\SYSTEM32\MSASN1.dll
0x00007ffd8d1f0000 - 0x00007ffd8d208000 	C:\WINDOWS\SYSTEM32\kernel.appcore.dll
0x00007ffd2ddf0000 - 0x00007ffd2e307000 	C:\Xilinx\Vivado\2019.1\lib\win64.o\librdi_commontasks.dll
0x00007ffd80350000 - 0x00007ffd8035a000 	C:\WINDOWS\SYSTEM32\VERSION.dll
0x00007ffd48150000 - 0x00007ffd483d6000 	C:\Xilinx\Vivado\2019.1\lib\win64.o\librdi_sio.dll
0x00000000673e0000 - 0x0000000067e05000 	C:\Xilinx\Vivado\2019.1\tps\win64\jre9.0.4\bin\server\jvm.dll
0x00007ffd90b00000 - 0x00007ffd90b08000 	C:\WINDOWS\System32\PSAPI.DLL
0x00007ffd8cd10000 - 0x00007ffd8cd3d000 	C:\WINDOWS\SYSTEM32\IPHLPAPI.DLL
0x00007ffd83090000 - 0x00007ffd830c3000 	C:\WINDOWS\SYSTEM32\WINMM.dll
0x00007ffd54e70000 - 0x00007ffd54f5f000 	C:\WINDOWS\SYSTEM32\MSVCR120.dll
0x00007ffd8d650000 - 0x00007ffd8d6b7000 	C:\WINDOWS\SYSTEM32\MSWSOCK.DLL
0x00007ffd8c170000 - 0x00007ffd8c9d8000 	C:\WINDOWS\SYSTEM32\windows.storage.dll
0x00007ffd8c000000 - 0x00007ffd8c166000 	C:\WINDOWS\SYSTEM32\wintypes.dll
0x00007ffd19d00000 - 0x00007ffd1c1bc000 	C:\Xilinx\Vivado\2019.1\lib\win64.o\librdi_tcltasks.dll
0x00007ffd2d9e0000 - 0x00007ffd2dde8000 	C:\Xilinx\Vivado\2019.1\lib\win64.o\librdi_bitstream.dll
0x00007ffd651c0000 - 0x00007ffd65238000 	C:\Xilinx\Vivado\2019.1\lib\win64.o\librdi_boarddep.dll
0x00007ffd50220000 - 0x00007ffd503b1000 	C:\Xilinx\Vivado\2019.1\lib\win64.o\librdi_board.dll
0x00007ffd506e0000 - 0x00007ffd507cb000 	C:\Xilinx\Vivado\2019.1\lib\win64.o\librdi_chipscope.dll
0x00007ffd38430000 - 0x00007ffd385ed000 	C:\Xilinx\Vivado\2019.1\lib\win64.o\librdi_chipscopeimpl.dll
0x00007ffd096e0000 - 0x00007ffd0b0ca000 	C:\Xilinx\Vivado\2019.1\lib\win64.o\librdi_constraints.dll
0x00007ffd49cc0000 - 0x00007ffd49e16000 	C:\Xilinx\Vivado\2019.1\lib\win64.o\librdi_containers.dll
0x00007ffd19620000 - 0x00007ffd19cfa000 	C:\Xilinx\Vivado\2019.1\lib\win64.o\librdi_coregenipxact.dll
0x00007ffd07820000 - 0x00007ffd096d1000 	C:\Xilinx\Vivado\2019.1\lib\win64.o\librdi_coregen.dll
0x00007ffd037d0000 - 0x00007ffd07813000 	C:\Xilinx\Vivado\2019.1\lib\win64.o\librdi_designutils.dll
0x00007ffcf13a0000 - 0x00007ffd037cc000 	C:\Xilinx\Vivado\2019.1\lib\win64.o\librdi_device.dll
0x00007ffd2ce10000 - 0x00007ffd2d12e000 	C:\Xilinx\Vivado\2019.1\lib\win64.o\librdi_dlyest.dll
0x00007ffd0e6c0000 - 0x00007ffd0ec5a000 	C:\Xilinx\Vivado\2019.1\lib\win64.o\librdi_drc.dll
0x00007ffd54da0000 - 0x00007ffd54e64000 	C:\Xilinx\Vivado\2019.1\lib\win64.o\librdi_dsp.dll
0x00007ffd37c60000 - 0x00007ffd37f43000 	C:\Xilinx\Vivado\2019.1\lib\win64.o\librdi_guitools.dll
0x00007ffd0e070000 - 0x00007ffd0e6bd000 	C:\Xilinx\Vivado\2019.1\lib\win64.o\librdi_filemgmt.dll
0x00007ffd653f0000 - 0x00007ffd65455000 	C:\Xilinx\Vivado\2019.1\lib\win64.o\librdi_hdf.dll
0x00007ffcefde0000 - 0x00007ffcf13a0000 	C:\Xilinx\Vivado\2019.1\lib\win64.o\librdi_implflow.dll
0x00007ffcef7c0000 - 0x00007ffcefdd5000 	C:\Xilinx\Vivado\2019.1\lib\win64.o\librdi_memdata.dll
0x00007ffcec420000 - 0x00007ffcef106000 	C:\Xilinx\Vivado\2019.1\lib\win64.o\librdi_mig.dll
0x00007ffd52d60000 - 0x00007ffd52dd3000 	C:\Xilinx\Vivado\2019.1\lib\win64.o\librdi_memoryarray.dll
0x00007ffcef110000 - 0x00007ffcef7b2000 	C:\Xilinx\Vivado\2019.1\lib\win64.o\librdi_netlist.dll
0x00007ffd710b0000 - 0x00007ffd710fb000 	C:\Xilinx\Vivado\2019.1\lib\win64.o\librdi_pfi.dll
0x00007ffd19310000 - 0x00007ffd1961f000 	C:\Xilinx\Vivado\2019.1\lib\win64.o\librdi_platform.dll
0x00007ffce9da0000 - 0x00007ffcec416000 	C:\Xilinx\Vivado\2019.1\lib\win64.o\librdi_place.dll
0x00007ffce90d0000 - 0x00007ffce964f000 	C:\Xilinx\Vivado\2019.1\lib\win64.o\librdi_project.dll
0x00007ffce9650000 - 0x00007ffce9d9a000 	C:\Xilinx\Vivado\2019.1\lib\win64.o\librdi_power.dll
0x00007ffce89c0000 - 0x00007ffce90c9000 	C:\Xilinx\Vivado\2019.1\lib\win64.o\librdi_psta.dll
0x00007ffce82b0000 - 0x00007ffce89b6000 	C:\Xilinx\Vivado\2019.1\lib\win64.o\librdi_rsb.dll
0x00007ffd0dc70000 - 0x00007ffd0e061000 	C:\Xilinx\Vivado\2019.1\lib\win64.o\librdi_runs.dll
0x00007ffd4e9e0000 - 0x00007ffd4eada000 	C:\Xilinx\Vivado\2019.1\lib\win64.o\librdi_runsbase.dll
0x00007ffd1df30000 - 0x00007ffd1e186000 	C:\Xilinx\Vivado\2019.1\lib\win64.o\librdi_simdata.dll
0x00007ffce7490000 - 0x00007ffce82a1000 	C:\Xilinx\Vivado\2019.1\lib\win64.o\librdi_timing.dll
0x00007ffd379c0000 - 0x00007ffd37b32000 	C:\Xilinx\Vivado\2019.1\lib\win64.o\librdi_advchipscopeimpl.dll
0x00007ffd68d50000 - 0x00007ffd68d9c000 	C:\Xilinx\Vivado\2019.1\lib\win64.o\libboost_serialization.dll
0x00007ffd1d600000 - 0x00007ffd1d79f000 	C:\Xilinx\Vivado\2019.1\lib\win64.o\librdi_hip_devdesign.dll
0x00007ffd485b0000 - 0x00007ffd48672000 	C:\Xilinx\Vivado\2019.1\lib\win64.o\librdi_ipconfig_readwrite.dll
0x00007ffd60c50000 - 0x00007ffd60c93000 	C:\Xilinx\Vivado\2019.1\lib\win64.o\librdi_noc_frameworks.dll
0x00007ffce63f0000 - 0x00007ffce6f37000 	C:\Xilinx\Vivado\2019.1\lib\win64.o\libverific.dll
0x00007ffd0d690000 - 0x00007ffd0da75000 	C:\Xilinx\Vivado\2019.1\lib\win64.o\librdi_hip_config.dll
0x00007ffce6f40000 - 0x00007ffce748e000 	C:\Xilinx\Vivado\2019.1\lib\win64.o\librdi_xdm.dll
0x00007ffd3a4f0000 - 0x00007ffd3a58e000 	C:\Xilinx\Vivado\2019.1\lib\win64.o\libise.dll
0x00007ffd69ea0000 - 0x00007ffd69ee0000 	C:\Xilinx\Vivado\2019.1\lib\win64.o\librdi_wavedata_SimpleApi.dll
0x00007ffce5df0000 - 0x00007ffce63ec000 	C:\Xilinx\Vivado\2019.1\lib\win64.o\librdi_wavedata.dll
0x00007ffd65490000 - 0x00007ffd654cf000 	C:\Xilinx\Vivado\2019.1\lib\win64.o\librdi_schedmon.dll
0x00007ffce4c60000 - 0x00007ffce5ded000 	C:\Xilinx\Vivado\2019.1\lib\win64.o\librdi_route.dll
0x00007ffce2c90000 - 0x00007ffce4c5d000 	C:\Xilinx\Vivado\2019.1\lib\win64.o\librdi_synth.dll

VM Arguments:
jvm_args: -Dsun.java2d.pmoffscreen=false -Dsun.java2d.xrender=false -Dsun.java2d.d3d=false -Dsun.awt.nopixfmt=true -Dsun.java2d.dpiaware=true -Dsun.java2d.uiScale.enabled=false -Xverify:none -Dswing.aatext=true -XX:-UsePerfData -Djdk.map.althashing.threshold=512 -XX:StringTableSize=4072 --add-opens=java.base/java.nio=ALL-UNNAMED --add-opens=java.desktop/sun.swing=ALL-UNNAMED --add-opens=java.desktop/javax.swing=ALL-UNNAMED --add-opens=java.desktop/javax.swing.tree=ALL-UNNAMED --add-opens=java.desktop/javax.swing.plaf.basic=ALL-UNNAMED --add-opens=java.desktop/javax.swing.plaf.synth=ALL-UNNAMED --add-opens=java.desktop/com.sun.awt=ALL-UNNAMED -XX:NewSize=60m -XX:MaxNewSize=60m -Xms128m -Xmx3072m -Xss5m 
java_command: <unknown>
java_class_path (initial): C:/Xilinx/Vivado/2019.1\lib\classes\alloy.jar;C:/Xilinx/Vivado/2019.1\lib\classes\autopilot.scelaborator.jar;C:/Xilinx/Vivado/2019.1\lib\classes\autopilot.sourceprocessor.jar;C:/Xilinx/Vivado/2019.1\lib\classes\autopilot.tbprocessor.jar;C:/Xilinx/Vivado/2019.1\lib\classes\batik-anim.jar;C:/Xilinx/Vivado/2019.1\lib\classes\batik-awt-util.jar;C:/Xilinx/Vivado/2019.1\lib\classes\batik-bridge.jar;C:/Xilinx/Vivado/2019.1\lib\classes\batik-codec.jar;C:/Xilinx/Vivado/2019.1\lib\classes\batik-css.jar;C:/Xilinx/Vivado/2019.1\lib\classes\batik-dom.jar;C:/Xilinx/Vivado/2019.1\lib\classes\batik-ext.jar;C:/Xilinx/Vivado/2019.1\lib\classes\batik-gui-util.jar;C:/Xilinx/Vivado/2019.1\lib\classes\batik-gvt.jar;C:/Xilinx/Vivado/2019.1\lib\classes\batik-parser.jar;C:/Xilinx/Vivado/2019.1\lib\classes\batik-script.jar;C:/Xilinx/Vivado/2019.1\lib\classes\batik-svg-dom.jar;C:/Xilinx/Vivado/2019.1\lib\classes\batik-swing.jar;C:/Xilinx/Vivado/2019.1\lib\classes\batik-transcoder.jar;C:/Xilinx/Vivado/2019.1\lib\classes\batik-util.jar;C:/Xilinx/Vivado/2019.1\lib\classes\batik-xml.jar;C:/Xilinx/Vivado/2019.1\lib\classes\com.google.gson_2.7.0.v20170129-0911.jar;C:/Xilinx/Vivado/2019.1\lib\classes\com.google.guava_21.0.0.v20170206-1425.jar;C:/Xilinx/Vivado/2019.1\lib\classes\com.google.inject_3.0.0.v201605172100.jar;C:/Xilinx/Vivado/2019.1\lib\classes\com.ibm.icu_4.4.2.v20110208.jar;C:/Xilinx/Vivado/2019.1\lib\classes\com.sigasi.hdt.annotations.runtime_4.3.0.201903071210.jar;C:/Xilinx/Vivado/2019.1\lib\classes\com.sigasi.hdt.blockdiagram.model_4.3.0.201903071210.jar;C:/Xilinx/Vivado/2019.1\lib\classes\com.sigasi.hdt.connection_4.3.0.201903071210.jar;C:/Xilinx/Vivado/2019.1\lib\classes\com.sigasi.hdt.dependencies.model_4.3.0.201903071210.jar;C:/Xilinx/Vivado/2019.1\lib\classes\com.sigasi.hdt.epl_4.3.0.201903071210.jar;C:/Xilinx/Vivado/2019.1\lib\classes\com.sigasi.hdt.graphics.model_4.3.0.201903071210.jar;C:/Xilinx/Vivado/2019.1\lib\classes\com.sigasi.hdt.project_4.3.0
Launcher Type: generic

Logging:
Log output configuration:
#0: stdout all=warning uptime,level,tags
#1: stderr all=off uptime,level,tags

Environment Variables:
PATH=C:/Xilinx/Vivado/2019.1/bin;C:/Xilinx/Vivado/2019.1/lib/win64.o;C:/Xilinx/Vivado/2019.1/tps/win64/jre9.0.4/bin/server;C:/Xilinx/Vivado/2019.1/tps/win64/jre9.0.4/bin;C:/Xilinx/Vivado/2019.1/ids_lite/ISE/bin/nt64;C:/Xilinx/Vivado/2019.1/ids_lite/ISE/lib/nt64;C:\Program Files (x86)\Common Files\Intel\Shared Libraries\redist\intel64\compiler;C:\ProgramData\Oracle\Java\javapath;C:\WINDOWS\system32;C:\WINDOWS;C:\WINDOWS\System32\Wbem;C:\WINDOWS\System32\WindowsPowerShell\v1.0\;C:\WINDOWS\System32\OpenSSH\;C:\Program Files\Polyspace\R2019a\runtime\win64;C:\Program Files\Polyspace\R2019a\bin;C:\Program Files\Polyspace\R2019a\polyspace\bin;C:\Program Files\Git\cmd;C:\Users\carlo\AppData\Local\Microsoft\WindowsApps;C:\Users\carlo\.dotnet\tools;C:\Program Files\Graphviz\bin;C:\Users\carlo\AppData\Local\GitHubDesktop\bin;C:/Xilinx/Vivado/2019.1\tps\mingw\6.2.0\win64.o\nt\bin;C:/Xilinx/Vivado/2019.1\tps\mingw\6.2.0\win64.o\nt\libexec\gcc\x86_64-w64-mingw32\6.2.0;C:/Xilinx/Vivado/2019.1\tps\win64\python-2.7.5;C:/Xilinx/Vivado/2019.1\tps\win64\python-2.7.5\lib;C:/Xilinx/Vivado/2019.1\tps\win64\python-2.7.5\Lib\lib-tk;C:/Xilinx/Vivado/2019.1\tps\win64\python-2.7.5\lib\site-packages
USERNAME=Andrey
OS=Windows_NT
PROCESSOR_IDENTIFIER=Intel64 Family 6 Model 142 Stepping 12, GenuineIntel



---------------  S Y S T E M  ---------------

OS: Windows 10 , 64 bit Build 22000 (10.0.22000.708)

CPU:total 8 (initial active 8) (4 cores per cpu, 2 threads per core) family 6 model 142 stepping 12, cmov, cx8, fxsr, mmx, sse, sse2, sse3, ssse3, sse4.1, sse4.2, popcnt, avx, avx2, aes, clmul, erms, 3dnowpref, lzcnt, ht, tsc, tscinvbit, bmi1, bmi2, adx, fma

Memory: 4k page, physical 8193768k(1834388k free), swap 19938984k(10768248k free)

vm_info: Java HotSpot(TM) 64-Bit Server VM (9.0.4+11) for windows-amd64 JRE (9.0.4+11), built on Dec 20 2017 02:18:54 by "mach5one" with MS VC++ 12.0 (VS2013)

END.
